2025-03-06 03:02:18,510 - INFO - --------------------------------------------------------------------------------
2025-03-06 03:02:18,510 - INFO - Starting training: efficientnet_b0_optuna_20250305_232525_trial_7
2025-03-06 03:02:18,510 - INFO - Total epochs: 15
2025-03-06 03:02:18,510 - INFO - Training batches per epoch: 1213
2025-03-06 03:02:18,510 - INFO - Validation batches per epoch: 260
2025-03-06 03:02:18,510 - INFO - --------------------------------------------------------------------------------
2025-03-06 03:02:18,510 - INFO - Training model: efficientnet_b0_optuna_20250305_232525_trial_7_v1
2025-03-06 03:02:18,510 - INFO - Epoch 1/15
2025-03-06 03:02:18,510 - INFO - ----------------------------------------
2025-03-06 03:02:42,998 - INFO - [TRAIN] Epoch: 1/15 | Batch: 0/1213 (0.1%) | Loss: 3.6768 | Batch time: 0.20s
2025-03-06 03:02:48,212 - INFO - [TRAIN] Epoch: 1/15 | Batch: 121/1213 (10.1%) | Loss: 3.7120 | Batch time: 0.04s
2025-03-06 03:02:53,336 - INFO - [TRAIN] Epoch: 1/15 | Batch: 242/1213 (20.0%) | Loss: 3.5026 | Batch time: 0.04s
2025-03-06 03:02:58,478 - INFO - [TRAIN] Epoch: 1/15 | Batch: 363/1213 (30.0%) | Loss: 3.2432 | Batch time: 0.04s
2025-03-06 03:03:03,617 - INFO - [TRAIN] Epoch: 1/15 | Batch: 484/1213 (40.0%) | Loss: 3.1446 | Batch time: 0.04s
2025-03-06 03:03:08,764 - INFO - [TRAIN] Epoch: 1/15 | Batch: 605/1213 (50.0%) | Loss: 3.0760 | Batch time: 0.04s
2025-03-06 03:03:13,955 - INFO - [TRAIN] Epoch: 1/15 | Batch: 726/1213 (59.9%) | Loss: 3.0091 | Batch time: 0.04s
2025-03-06 03:03:19,199 - INFO - [TRAIN] Epoch: 1/15 | Batch: 847/1213 (69.9%) | Loss: 3.0084 | Batch time: 0.04s
2025-03-06 03:03:24,592 - INFO - [TRAIN] Epoch: 1/15 | Batch: 968/1213 (79.9%) | Loss: 2.7948 | Batch time: 0.04s
2025-03-06 03:03:30,091 - INFO - [TRAIN] Epoch: 1/15 | Batch: 1089/1213 (89.9%) | Loss: 2.7185 | Batch time: 0.05s
2025-03-06 03:03:35,557 - INFO - [TRAIN] Epoch: 1/15 | Batch: 1210/1213 (99.8%) | Loss: 2.8492 | Batch time: 0.04s
2025-03-06 03:03:35,658 - INFO - [TRAIN] Epoch: 1/15 | Batch: 1212/1213 (100.0%) | Loss: 2.6806 | Batch time: 0.06s
2025-03-06 03:04:00,696 - INFO - [VAL] Epoch: 1/15 | Batch: 0/260 (0.4%) | Loss: 2.5164 | Batch time: 0.43s
2025-03-06 03:04:01,561 - INFO - [VAL] Epoch: 1/15 | Batch: 26/260 (10.4%) | Loss: 2.4291 | Batch time: 0.03s
2025-03-06 03:04:02,430 - INFO - [VAL] Epoch: 1/15 | Batch: 52/260 (20.4%) | Loss: 2.6696 | Batch time: 0.03s
2025-03-06 03:04:03,296 - INFO - [VAL] Epoch: 1/15 | Batch: 78/260 (30.4%) | Loss: 2.6758 | Batch time: 0.03s
2025-03-06 03:04:04,168 - INFO - [VAL] Epoch: 1/15 | Batch: 104/260 (40.4%) | Loss: 2.5582 | Batch time: 0.03s
2025-03-06 03:04:05,032 - INFO - [VAL] Epoch: 1/15 | Batch: 130/260 (50.4%) | Loss: 2.5503 | Batch time: 0.03s
2025-03-06 03:04:05,909 - INFO - [VAL] Epoch: 1/15 | Batch: 156/260 (60.4%) | Loss: 2.6164 | Batch time: 0.03s
2025-03-06 03:04:06,772 - INFO - [VAL] Epoch: 1/15 | Batch: 182/260 (70.4%) | Loss: 2.7503 | Batch time: 0.03s
2025-03-06 03:04:07,654 - INFO - [VAL] Epoch: 1/15 | Batch: 208/260 (80.4%) | Loss: 2.5476 | Batch time: 0.03s
2025-03-06 03:04:08,503 - INFO - [VAL] Epoch: 1/15 | Batch: 234/260 (90.4%) | Loss: 2.5446 | Batch time: 0.03s
2025-03-06 03:04:09,365 - INFO - [VAL] Epoch: 1/15 | Batch: 259/260 (100.0%) | Loss: 2.4285 | Batch time: 0.07s
2025-03-06 03:04:09,518 - INFO - Checkpoint saved: efficientnet_b0_optuna_20250305_232525_trial_7_v1_best.pth (Epoch 1)
2025-03-06 03:04:09,523 - INFO - --------------------------------------------------------------------------------
2025-03-06 03:04:09,523 - INFO - Epoch 1/15 completed in 111.01s
2025-03-06 03:04:09,523 - INFO - Training   - Loss: 3.1748, Accuracy: 0.3291, F1: 0.3475
2025-03-06 03:04:09,523 - INFO - Validation - Loss: 2.5180, Accuracy: 0.6602, F1: 0.6537
2025-03-06 03:04:09,523 - INFO - --------------------------------------------------------------------------------
2025-03-06 03:04:09,523 - INFO - Epoch 2/15
2025-03-06 03:04:09,523 - INFO - ----------------------------------------
2025-03-06 03:04:09,826 - INFO - [TRAIN] Epoch: 2/15 | Batch: 0/1213 (0.1%) | Loss: 2.7918 | Batch time: 0.06s
2025-03-06 03:04:15,144 - INFO - [TRAIN] Epoch: 2/15 | Batch: 121/1213 (10.1%) | Loss: 2.8655 | Batch time: 0.04s
2025-03-06 03:04:20,479 - INFO - [TRAIN] Epoch: 2/15 | Batch: 242/1213 (20.0%) | Loss: 3.0277 | Batch time: 0.04s
2025-03-06 03:04:25,990 - INFO - [TRAIN] Epoch: 2/15 | Batch: 363/1213 (30.0%) | Loss: 2.5624 | Batch time: 0.05s
2025-03-06 03:04:31,616 - INFO - [TRAIN] Epoch: 2/15 | Batch: 484/1213 (40.0%) | Loss: 2.5906 | Batch time: 0.05s
2025-03-06 03:04:37,318 - INFO - [TRAIN] Epoch: 2/15 | Batch: 605/1213 (50.0%) | Loss: 2.3892 | Batch time: 0.05s
2025-03-06 03:04:42,982 - INFO - [TRAIN] Epoch: 2/15 | Batch: 726/1213 (59.9%) | Loss: 2.1404 | Batch time: 0.05s
2025-03-06 03:04:48,579 - INFO - [TRAIN] Epoch: 2/15 | Batch: 847/1213 (69.9%) | Loss: 2.1298 | Batch time: 0.05s
2025-03-06 03:04:54,132 - INFO - [TRAIN] Epoch: 2/15 | Batch: 968/1213 (79.9%) | Loss: 2.5915 | Batch time: 0.05s
2025-03-06 03:04:59,732 - INFO - [TRAIN] Epoch: 2/15 | Batch: 1089/1213 (89.9%) | Loss: 2.0622 | Batch time: 0.05s
2025-03-06 03:05:05,181 - INFO - [TRAIN] Epoch: 2/15 | Batch: 1210/1213 (99.8%) | Loss: 2.2775 | Batch time: 0.04s
2025-03-06 03:05:05,293 - INFO - [TRAIN] Epoch: 2/15 | Batch: 1212/1213 (100.0%) | Loss: 2.0503 | Batch time: 0.07s
2025-03-06 03:05:05,418 - INFO - [VAL] Epoch: 2/15 | Batch: 0/260 (0.4%) | Loss: 1.9769 | Batch time: 0.04s
2025-03-06 03:05:06,379 - INFO - [VAL] Epoch: 2/15 | Batch: 26/260 (10.4%) | Loss: 1.7970 | Batch time: 0.03s
2025-03-06 03:05:07,300 - INFO - [VAL] Epoch: 2/15 | Batch: 52/260 (20.4%) | Loss: 2.1745 | Batch time: 0.04s
2025-03-06 03:05:08,222 - INFO - [VAL] Epoch: 2/15 | Batch: 78/260 (30.4%) | Loss: 2.1875 | Batch time: 0.03s
2025-03-06 03:05:09,133 - INFO - [VAL] Epoch: 2/15 | Batch: 104/260 (40.4%) | Loss: 2.0165 | Batch time: 0.04s
2025-03-06 03:05:10,035 - INFO - [VAL] Epoch: 2/15 | Batch: 130/260 (50.4%) | Loss: 2.0710 | Batch time: 0.03s
2025-03-06 03:05:10,951 - INFO - [VAL] Epoch: 2/15 | Batch: 156/260 (60.4%) | Loss: 2.0875 | Batch time: 0.03s
2025-03-06 03:05:11,841 - INFO - [VAL] Epoch: 2/15 | Batch: 182/260 (70.4%) | Loss: 2.2811 | Batch time: 0.03s
2025-03-06 03:05:12,742 - INFO - [VAL] Epoch: 2/15 | Batch: 208/260 (80.4%) | Loss: 2.0068 | Batch time: 0.03s
2025-03-06 03:05:13,627 - INFO - [VAL] Epoch: 2/15 | Batch: 234/260 (90.4%) | Loss: 1.9598 | Batch time: 0.03s
2025-03-06 03:05:14,482 - INFO - [VAL] Epoch: 2/15 | Batch: 259/260 (100.0%) | Loss: 1.9199 | Batch time: 0.06s
2025-03-06 03:05:14,611 - INFO - Checkpoint saved: efficientnet_b0_optuna_20250305_232525_trial_7_v1_best.pth (Epoch 2)
2025-03-06 03:05:14,615 - INFO - --------------------------------------------------------------------------------
2025-03-06 03:05:14,615 - INFO - Epoch 2/15 completed in 65.09s
2025-03-06 03:05:14,615 - INFO - Training   - Loss: 2.4380, Accuracy: 0.5580, F1: 0.5600
2025-03-06 03:05:14,615 - INFO - Validation - Loss: 1.9531, Accuracy: 0.6704, F1: 0.6683
2025-03-06 03:05:14,615 - INFO - Validation F1 improved from 0.6537 to 0.6683
2025-03-06 03:05:14,615 - INFO - --------------------------------------------------------------------------------
2025-03-06 03:05:14,615 - INFO - Epoch 3/15
2025-03-06 03:05:14,615 - INFO - ----------------------------------------
2025-03-06 03:05:14,941 - INFO - [TRAIN] Epoch: 3/15 | Batch: 0/1213 (0.1%) | Loss: 2.1226 | Batch time: 0.06s
2025-03-06 03:05:20,394 - INFO - [TRAIN] Epoch: 3/15 | Batch: 121/1213 (10.1%) | Loss: 2.1753 | Batch time: 0.04s
2025-03-06 03:05:25,756 - INFO - [TRAIN] Epoch: 3/15 | Batch: 242/1213 (20.0%) | Loss: 1.8865 | Batch time: 0.04s
2025-03-06 03:05:31,117 - INFO - [TRAIN] Epoch: 3/15 | Batch: 363/1213 (30.0%) | Loss: 1.8970 | Batch time: 0.04s
2025-03-06 03:05:36,458 - INFO - [TRAIN] Epoch: 3/15 | Batch: 484/1213 (40.0%) | Loss: 1.8432 | Batch time: 0.04s
2025-03-06 03:05:41,789 - INFO - [TRAIN] Epoch: 3/15 | Batch: 605/1213 (50.0%) | Loss: 1.9382 | Batch time: 0.04s
2025-03-06 03:05:47,117 - INFO - [TRAIN] Epoch: 3/15 | Batch: 726/1213 (59.9%) | Loss: 1.6431 | Batch time: 0.04s
2025-03-06 03:05:52,443 - INFO - [TRAIN] Epoch: 3/15 | Batch: 847/1213 (69.9%) | Loss: 2.0016 | Batch time: 0.04s
2025-03-06 03:05:57,766 - INFO - [TRAIN] Epoch: 3/15 | Batch: 968/1213 (79.9%) | Loss: 2.0257 | Batch time: 0.04s
2025-03-06 03:06:03,071 - INFO - [TRAIN] Epoch: 3/15 | Batch: 1089/1213 (89.9%) | Loss: 1.9621 | Batch time: 0.04s
2025-03-06 03:06:08,272 - INFO - [TRAIN] Epoch: 3/15 | Batch: 1210/1213 (99.8%) | Loss: 1.9551 | Batch time: 0.04s
2025-03-06 03:06:08,381 - INFO - [TRAIN] Epoch: 3/15 | Batch: 1212/1213 (100.0%) | Loss: 2.0056 | Batch time: 0.07s
2025-03-06 03:06:08,527 - INFO - [VAL] Epoch: 3/15 | Batch: 0/260 (0.4%) | Loss: 1.5816 | Batch time: 0.05s
2025-03-06 03:06:09,428 - INFO - [VAL] Epoch: 3/15 | Batch: 26/260 (10.4%) | Loss: 1.4622 | Batch time: 0.03s
2025-03-06 03:06:10,313 - INFO - [VAL] Epoch: 3/15 | Batch: 52/260 (20.4%) | Loss: 1.7963 | Batch time: 0.03s
2025-03-06 03:06:11,191 - INFO - [VAL] Epoch: 3/15 | Batch: 78/260 (30.4%) | Loss: 1.8761 | Batch time: 0.03s
2025-03-06 03:06:12,082 - INFO - [VAL] Epoch: 3/15 | Batch: 104/260 (40.4%) | Loss: 1.6463 | Batch time: 0.03s
2025-03-06 03:06:12,948 - INFO - [VAL] Epoch: 3/15 | Batch: 130/260 (50.4%) | Loss: 1.7609 | Batch time: 0.03s
2025-03-06 03:06:13,841 - INFO - [VAL] Epoch: 3/15 | Batch: 156/260 (60.4%) | Loss: 1.7100 | Batch time: 0.03s
2025-03-06 03:06:14,715 - INFO - [VAL] Epoch: 3/15 | Batch: 182/260 (70.4%) | Loss: 1.9748 | Batch time: 0.03s
2025-03-06 03:06:15,604 - INFO - [VAL] Epoch: 3/15 | Batch: 208/260 (80.4%) | Loss: 1.6061 | Batch time: 0.03s
2025-03-06 03:06:16,476 - INFO - [VAL] Epoch: 3/15 | Batch: 234/260 (90.4%) | Loss: 1.5342 | Batch time: 0.03s
2025-03-06 03:06:17,327 - INFO - [VAL] Epoch: 3/15 | Batch: 259/260 (100.0%) | Loss: 1.5942 | Batch time: 0.06s
2025-03-06 03:06:17,454 - INFO - Checkpoint saved: efficientnet_b0_optuna_20250305_232525_trial_7_v1_best.pth (Epoch 3)
2025-03-06 03:06:17,458 - INFO - --------------------------------------------------------------------------------
2025-03-06 03:06:17,458 - INFO - Epoch 3/15 completed in 62.84s
2025-03-06 03:06:17,458 - INFO - Training   - Loss: 2.0395, Accuracy: 0.5980, F1: 0.6014
2025-03-06 03:06:17,458 - INFO - Validation - Loss: 1.5800, Accuracy: 0.7124, F1: 0.7091
2025-03-06 03:06:17,458 - INFO - Validation F1 improved from 0.6683 to 0.7091
2025-03-06 03:06:17,458 - INFO - --------------------------------------------------------------------------------
2025-03-06 03:06:17,458 - INFO - Epoch 4/15
2025-03-06 03:06:17,458 - INFO - ----------------------------------------
2025-03-06 03:06:17,750 - INFO - [TRAIN] Epoch: 4/15 | Batch: 0/1213 (0.1%) | Loss: 1.9957 | Batch time: 0.06s
2025-03-06 03:06:23,103 - INFO - [TRAIN] Epoch: 4/15 | Batch: 121/1213 (10.1%) | Loss: 1.9332 | Batch time: 0.04s
2025-03-06 03:06:28,349 - INFO - [TRAIN] Epoch: 4/15 | Batch: 242/1213 (20.0%) | Loss: 1.7713 | Batch time: 0.04s
2025-03-06 03:06:33,591 - INFO - [TRAIN] Epoch: 4/15 | Batch: 363/1213 (30.0%) | Loss: 1.8266 | Batch time: 0.04s
2025-03-06 03:06:38,849 - INFO - [TRAIN] Epoch: 4/15 | Batch: 484/1213 (40.0%) | Loss: 1.8977 | Batch time: 0.04s
2025-03-06 03:06:44,108 - INFO - [TRAIN] Epoch: 4/15 | Batch: 605/1213 (50.0%) | Loss: 1.6975 | Batch time: 0.04s
2025-03-06 03:06:49,390 - INFO - [TRAIN] Epoch: 4/15 | Batch: 726/1213 (59.9%) | Loss: 1.6097 | Batch time: 0.04s
2025-03-06 03:06:54,661 - INFO - [TRAIN] Epoch: 4/15 | Batch: 847/1213 (69.9%) | Loss: 1.9977 | Batch time: 0.04s
2025-03-06 03:06:59,926 - INFO - [TRAIN] Epoch: 4/15 | Batch: 968/1213 (79.9%) | Loss: 1.9176 | Batch time: 0.04s
2025-03-06 03:07:05,184 - INFO - [TRAIN] Epoch: 4/15 | Batch: 1089/1213 (89.9%) | Loss: 1.5231 | Batch time: 0.04s
2025-03-06 03:07:10,335 - INFO - [TRAIN] Epoch: 4/15 | Batch: 1210/1213 (99.8%) | Loss: 1.7808 | Batch time: 0.04s
2025-03-06 03:07:10,436 - INFO - [TRAIN] Epoch: 4/15 | Batch: 1212/1213 (100.0%) | Loss: 1.7761 | Batch time: 0.06s
2025-03-06 03:07:10,568 - INFO - [VAL] Epoch: 4/15 | Batch: 0/260 (0.4%) | Loss: 1.4304 | Batch time: 0.04s
2025-03-06 03:07:11,471 - INFO - [VAL] Epoch: 4/15 | Batch: 26/260 (10.4%) | Loss: 1.3135 | Batch time: 0.03s
2025-03-06 03:07:12,352 - INFO - [VAL] Epoch: 4/15 | Batch: 52/260 (20.4%) | Loss: 1.7211 | Batch time: 0.03s
2025-03-06 03:07:13,225 - INFO - [VAL] Epoch: 4/15 | Batch: 78/260 (30.4%) | Loss: 1.6950 | Batch time: 0.03s
2025-03-06 03:07:14,110 - INFO - [VAL] Epoch: 4/15 | Batch: 104/260 (40.4%) | Loss: 1.4285 | Batch time: 0.03s
2025-03-06 03:07:14,979 - INFO - [VAL] Epoch: 4/15 | Batch: 130/260 (50.4%) | Loss: 1.6400 | Batch time: 0.03s
2025-03-06 03:07:15,864 - INFO - [VAL] Epoch: 4/15 | Batch: 156/260 (60.4%) | Loss: 1.4882 | Batch time: 0.03s
2025-03-06 03:07:16,731 - INFO - [VAL] Epoch: 4/15 | Batch: 182/260 (70.4%) | Loss: 1.8144 | Batch time: 0.04s
2025-03-06 03:07:17,617 - INFO - [VAL] Epoch: 4/15 | Batch: 208/260 (80.4%) | Loss: 1.4377 | Batch time: 0.03s
2025-03-06 03:07:18,487 - INFO - [VAL] Epoch: 4/15 | Batch: 234/260 (90.4%) | Loss: 1.3677 | Batch time: 0.03s
2025-03-06 03:07:19,331 - INFO - [VAL] Epoch: 4/15 | Batch: 259/260 (100.0%) | Loss: 1.4735 | Batch time: 0.05s
2025-03-06 03:07:19,342 - INFO - --------------------------------------------------------------------------------
2025-03-06 03:07:19,342 - INFO - Epoch 4/15 completed in 61.88s
2025-03-06 03:07:19,342 - INFO - Training   - Loss: 1.8078, Accuracy: 0.6158, F1: 0.6194
2025-03-06 03:07:19,342 - INFO - Validation - Loss: 1.3973, Accuracy: 0.7105, F1: 0.7065
2025-03-06 03:07:19,342 - INFO - --------------------------------------------------------------------------------
2025-03-06 03:07:19,342 - INFO - Epoch 5/15
2025-03-06 03:07:19,342 - INFO - ----------------------------------------
2025-03-06 03:07:19,627 - INFO - [TRAIN] Epoch: 5/15 | Batch: 0/1213 (0.1%) | Loss: 1.8349 | Batch time: 0.06s
2025-03-06 03:07:24,979 - INFO - [TRAIN] Epoch: 5/15 | Batch: 121/1213 (10.1%) | Loss: 2.2762 | Batch time: 0.04s
2025-03-06 03:07:30,197 - INFO - [TRAIN] Epoch: 5/15 | Batch: 242/1213 (20.0%) | Loss: 2.3097 | Batch time: 0.04s
2025-03-06 03:07:35,425 - INFO - [TRAIN] Epoch: 5/15 | Batch: 363/1213 (30.0%) | Loss: 1.4901 | Batch time: 0.04s
2025-03-06 03:07:40,661 - INFO - [TRAIN] Epoch: 5/15 | Batch: 484/1213 (40.0%) | Loss: 2.1588 | Batch time: 0.04s
2025-03-06 03:07:45,892 - INFO - [TRAIN] Epoch: 5/15 | Batch: 605/1213 (50.0%) | Loss: 1.6050 | Batch time: 0.04s
2025-03-06 03:07:51,134 - INFO - [TRAIN] Epoch: 5/15 | Batch: 726/1213 (59.9%) | Loss: 1.8705 | Batch time: 0.04s
2025-03-06 03:07:56,373 - INFO - [TRAIN] Epoch: 5/15 | Batch: 847/1213 (69.9%) | Loss: 1.3720 | Batch time: 0.04s
2025-03-06 03:08:01,615 - INFO - [TRAIN] Epoch: 5/15 | Batch: 968/1213 (79.9%) | Loss: 1.3222 | Batch time: 0.04s
2025-03-06 03:08:06,856 - INFO - [TRAIN] Epoch: 5/15 | Batch: 1089/1213 (89.9%) | Loss: 1.8365 | Batch time: 0.04s
2025-03-06 03:08:11,995 - INFO - [TRAIN] Epoch: 5/15 | Batch: 1210/1213 (99.8%) | Loss: 1.5731 | Batch time: 0.04s
2025-03-06 03:08:12,096 - INFO - [TRAIN] Epoch: 5/15 | Batch: 1212/1213 (100.0%) | Loss: 1.5769 | Batch time: 0.06s
2025-03-06 03:08:12,226 - INFO - [VAL] Epoch: 5/15 | Batch: 0/260 (0.4%) | Loss: 1.1621 | Batch time: 0.05s
2025-03-06 03:08:13,130 - INFO - [VAL] Epoch: 5/15 | Batch: 26/260 (10.4%) | Loss: 1.0904 | Batch time: 0.03s
2025-03-06 03:08:14,001 - INFO - [VAL] Epoch: 5/15 | Batch: 52/260 (20.4%) | Loss: 1.4262 | Batch time: 0.03s
2025-03-06 03:08:14,874 - INFO - [VAL] Epoch: 5/15 | Batch: 78/260 (30.4%) | Loss: 1.5346 | Batch time: 0.03s
2025-03-06 03:08:15,754 - INFO - [VAL] Epoch: 5/15 | Batch: 104/260 (40.4%) | Loss: 1.2590 | Batch time: 0.03s
2025-03-06 03:08:16,622 - INFO - [VAL] Epoch: 5/15 | Batch: 130/260 (50.4%) | Loss: 1.4917 | Batch time: 0.03s
2025-03-06 03:08:17,504 - INFO - [VAL] Epoch: 5/15 | Batch: 156/260 (60.4%) | Loss: 1.2445 | Batch time: 0.03s
2025-03-06 03:08:18,374 - INFO - [VAL] Epoch: 5/15 | Batch: 182/260 (70.4%) | Loss: 1.6678 | Batch time: 0.03s
2025-03-06 03:08:19,259 - INFO - [VAL] Epoch: 5/15 | Batch: 208/260 (80.4%) | Loss: 1.2472 | Batch time: 0.03s
2025-03-06 03:08:20,117 - INFO - [VAL] Epoch: 5/15 | Batch: 234/260 (90.4%) | Loss: 1.1464 | Batch time: 0.03s
2025-03-06 03:08:20,966 - INFO - [VAL] Epoch: 5/15 | Batch: 259/260 (100.0%) | Loss: 1.2996 | Batch time: 0.05s
2025-03-06 03:08:21,096 - INFO - Checkpoint saved: efficientnet_b0_optuna_20250305_232525_trial_7_v1_best.pth (Epoch 5)
2025-03-06 03:08:21,099 - INFO - --------------------------------------------------------------------------------
2025-03-06 03:08:21,099 - INFO - Epoch 5/15 completed in 61.76s
2025-03-06 03:08:21,099 - INFO - Training   - Loss: 1.6583, Accuracy: 0.6287, F1: 0.6340
2025-03-06 03:08:21,099 - INFO - Validation - Loss: 1.2241, Accuracy: 0.7457, F1: 0.7467
2025-03-06 03:08:21,099 - INFO - Validation F1 improved from 0.7091 to 0.7467
2025-03-06 03:08:21,099 - INFO - --------------------------------------------------------------------------------
2025-03-06 03:08:21,163 - INFO - Checkpoint saved: checkpoint_epoch_5.pth (Epoch 5)
2025-03-06 03:08:21,163 - INFO - Epoch 6/15
2025-03-06 03:08:21,163 - INFO - ----------------------------------------
2025-03-06 03:08:21,445 - INFO - [TRAIN] Epoch: 6/15 | Batch: 0/1213 (0.1%) | Loss: 1.7410 | Batch time: 0.06s
2025-03-06 03:08:26,825 - INFO - [TRAIN] Epoch: 6/15 | Batch: 121/1213 (10.1%) | Loss: 1.2621 | Batch time: 0.04s
2025-03-06 03:08:32,073 - INFO - [TRAIN] Epoch: 6/15 | Batch: 242/1213 (20.0%) | Loss: 1.6190 | Batch time: 0.04s
2025-03-06 03:08:37,324 - INFO - [TRAIN] Epoch: 6/15 | Batch: 363/1213 (30.0%) | Loss: 1.5054 | Batch time: 0.04s
2025-03-06 03:08:42,568 - INFO - [TRAIN] Epoch: 6/15 | Batch: 484/1213 (40.0%) | Loss: 1.6793 | Batch time: 0.04s
2025-03-06 03:08:47,798 - INFO - [TRAIN] Epoch: 6/15 | Batch: 605/1213 (50.0%) | Loss: 1.3300 | Batch time: 0.04s
2025-03-06 03:08:53,042 - INFO - [TRAIN] Epoch: 6/15 | Batch: 726/1213 (59.9%) | Loss: 1.5387 | Batch time: 0.04s
2025-03-06 03:08:58,300 - INFO - [TRAIN] Epoch: 6/15 | Batch: 847/1213 (69.9%) | Loss: 1.8848 | Batch time: 0.04s
2025-03-06 03:09:03,561 - INFO - [TRAIN] Epoch: 6/15 | Batch: 968/1213 (79.9%) | Loss: 1.6012 | Batch time: 0.04s
2025-03-06 03:09:08,826 - INFO - [TRAIN] Epoch: 6/15 | Batch: 1089/1213 (89.9%) | Loss: 1.7701 | Batch time: 0.04s
2025-03-06 03:09:13,987 - INFO - [TRAIN] Epoch: 6/15 | Batch: 1210/1213 (99.8%) | Loss: 1.4035 | Batch time: 0.04s
2025-03-06 03:09:14,086 - INFO - [TRAIN] Epoch: 6/15 | Batch: 1212/1213 (100.0%) | Loss: 1.4816 | Batch time: 0.06s
2025-03-06 03:09:14,210 - INFO - [VAL] Epoch: 6/15 | Batch: 0/260 (0.4%) | Loss: 1.1096 | Batch time: 0.04s
2025-03-06 03:09:15,119 - INFO - [VAL] Epoch: 6/15 | Batch: 26/260 (10.4%) | Loss: 1.0236 | Batch time: 0.03s
2025-03-06 03:09:16,005 - INFO - [VAL] Epoch: 6/15 | Batch: 52/260 (20.4%) | Loss: 1.3981 | Batch time: 0.03s
2025-03-06 03:09:16,888 - INFO - [VAL] Epoch: 6/15 | Batch: 78/260 (30.4%) | Loss: 1.4557 | Batch time: 0.03s
2025-03-06 03:09:17,763 - INFO - [VAL] Epoch: 6/15 | Batch: 104/260 (40.4%) | Loss: 1.1851 | Batch time: 0.03s
2025-03-06 03:09:18,639 - INFO - [VAL] Epoch: 6/15 | Batch: 130/260 (50.4%) | Loss: 1.4325 | Batch time: 0.03s
2025-03-06 03:09:19,520 - INFO - [VAL] Epoch: 6/15 | Batch: 156/260 (60.4%) | Loss: 1.1564 | Batch time: 0.03s
2025-03-06 03:09:20,394 - INFO - [VAL] Epoch: 6/15 | Batch: 182/260 (70.4%) | Loss: 1.5744 | Batch time: 0.03s
2025-03-06 03:09:21,273 - INFO - [VAL] Epoch: 6/15 | Batch: 208/260 (80.4%) | Loss: 1.1895 | Batch time: 0.03s
2025-03-06 03:09:22,130 - INFO - [VAL] Epoch: 6/15 | Batch: 234/260 (90.4%) | Loss: 1.1043 | Batch time: 0.03s
2025-03-06 03:09:22,986 - INFO - [VAL] Epoch: 6/15 | Batch: 259/260 (100.0%) | Loss: 1.2203 | Batch time: 0.06s
2025-03-06 03:09:23,115 - INFO - Checkpoint saved: efficientnet_b0_optuna_20250305_232525_trial_7_v1_best.pth (Epoch 6)
2025-03-06 03:09:23,120 - INFO - Trial 7 pruned at epoch 6
2025-03-06 03:09:23,123 - INFO - Trial 7 completed with best val F1: 0.7467
