2025-03-06 05:55:25,383 - INFO - --------------------------------------------------------------------------------
2025-03-06 05:55:25,383 - INFO - Starting training: efficientnet_b0_optuna_20250305_232525_trial_21
2025-03-06 05:55:25,383 - INFO - Total epochs: 15
2025-03-06 05:55:25,383 - INFO - Training batches per epoch: 607
2025-03-06 05:55:25,383 - INFO - Validation batches per epoch: 130
2025-03-06 05:55:25,383 - INFO - --------------------------------------------------------------------------------
2025-03-06 05:55:25,383 - INFO - Training model: efficientnet_b0_optuna_20250305_232525_trial_21_v1
2025-03-06 05:55:25,383 - INFO - Epoch 1/15
2025-03-06 05:55:25,383 - INFO - ----------------------------------------
2025-03-06 05:55:51,146 - INFO - [TRAIN] Epoch: 1/15 | Batch: 0/607 (0.2%) | Loss: 1.8463 | Batch time: 0.64s
2025-03-06 05:56:10,435 - INFO - [TRAIN] Epoch: 1/15 | Batch: 60/607 (10.0%) | Loss: 1.6349 | Batch time: 0.32s
2025-03-06 05:56:29,738 - INFO - [TRAIN] Epoch: 1/15 | Batch: 120/607 (19.9%) | Loss: 1.9524 | Batch time: 0.33s
2025-03-06 05:56:49,577 - INFO - [TRAIN] Epoch: 1/15 | Batch: 180/607 (29.8%) | Loss: 2.1412 | Batch time: 0.34s
2025-03-06 05:57:09,481 - INFO - [TRAIN] Epoch: 1/15 | Batch: 240/607 (39.7%) | Loss: 1.5276 | Batch time: 0.33s
2025-03-06 05:57:29,064 - INFO - [TRAIN] Epoch: 1/15 | Batch: 300/607 (49.6%) | Loss: 1.7287 | Batch time: 0.32s
2025-03-06 05:57:48,585 - INFO - [TRAIN] Epoch: 1/15 | Batch: 360/607 (59.5%) | Loss: 1.8131 | Batch time: 0.32s
2025-03-06 05:58:08,068 - INFO - [TRAIN] Epoch: 1/15 | Batch: 420/607 (69.4%) | Loss: 1.5308 | Batch time: 0.32s
2025-03-06 05:58:27,534 - INFO - [TRAIN] Epoch: 1/15 | Batch: 480/607 (79.2%) | Loss: 1.6348 | Batch time: 0.32s
2025-03-06 05:58:47,007 - INFO - [TRAIN] Epoch: 1/15 | Batch: 540/607 (89.1%) | Loss: 1.7075 | Batch time: 0.32s
2025-03-06 05:59:06,702 - INFO - [TRAIN] Epoch: 1/15 | Batch: 600/607 (99.0%) | Loss: 1.2850 | Batch time: 0.33s
2025-03-06 05:59:08,502 - INFO - [TRAIN] Epoch: 1/15 | Batch: 606/607 (100.0%) | Loss: 0.8664 | Batch time: 0.16s
2025-03-06 05:59:08,503 - ERROR - Error in trial 21: ReduceLROnPlateau.step() missing 1 required positional argument: 'metrics'
