2025-03-06 06:24:28,189 - INFO - --------------------------------------------------------------------------------
2025-03-06 06:24:28,189 - INFO - Starting training: efficientnet_b0_optuna_20250305_232525_trial_27
2025-03-06 06:24:28,189 - INFO - Total epochs: 15
2025-03-06 06:24:28,189 - INFO - Training batches per epoch: 607
2025-03-06 06:24:28,189 - INFO - Validation batches per epoch: 130
2025-03-06 06:24:28,189 - INFO - --------------------------------------------------------------------------------
2025-03-06 06:24:28,189 - INFO - Training model: efficientnet_b0_optuna_20250305_232525_trial_27_v1
2025-03-06 06:24:28,189 - INFO - Epoch 1/15
2025-03-06 06:24:28,189 - INFO - ----------------------------------------
2025-03-06 06:24:56,940 - INFO - [TRAIN] Epoch: 1/15 | Batch: 0/607 (0.2%) | Loss: 1.9590 | Batch time: 2.96s
2025-03-06 06:25:16,413 - INFO - [TRAIN] Epoch: 1/15 | Batch: 60/607 (10.0%) | Loss: nan | Batch time: 0.33s
2025-03-06 06:25:36,026 - INFO - [TRAIN] Epoch: 1/15 | Batch: 120/607 (19.9%) | Loss: nan | Batch time: 0.33s
2025-03-06 06:25:55,718 - INFO - [TRAIN] Epoch: 1/15 | Batch: 180/607 (29.8%) | Loss: nan | Batch time: 0.32s
2025-03-06 06:26:15,439 - INFO - [TRAIN] Epoch: 1/15 | Batch: 240/607 (39.7%) | Loss: nan | Batch time: 0.33s
2025-03-06 06:26:35,101 - INFO - [TRAIN] Epoch: 1/15 | Batch: 300/607 (49.6%) | Loss: nan | Batch time: 0.32s
2025-03-06 06:26:54,786 - INFO - [TRAIN] Epoch: 1/15 | Batch: 360/607 (59.5%) | Loss: nan | Batch time: 0.33s
2025-03-06 06:27:14,327 - INFO - [TRAIN] Epoch: 1/15 | Batch: 420/607 (69.4%) | Loss: nan | Batch time: 0.32s
2025-03-06 06:27:33,877 - INFO - [TRAIN] Epoch: 1/15 | Batch: 480/607 (79.2%) | Loss: nan | Batch time: 0.33s
2025-03-06 06:27:53,432 - INFO - [TRAIN] Epoch: 1/15 | Batch: 540/607 (89.1%) | Loss: nan | Batch time: 0.32s
2025-03-06 06:28:13,204 - INFO - [TRAIN] Epoch: 1/15 | Batch: 600/607 (99.0%) | Loss: nan | Batch time: 0.33s
2025-03-06 06:28:15,005 - INFO - [TRAIN] Epoch: 1/15 | Batch: 606/607 (100.0%) | Loss: nan | Batch time: 0.16s
2025-03-06 06:28:15,005 - ERROR - Error in trial 27: ReduceLROnPlateau.step() missing 1 required positional argument: 'metrics'
