2025-03-06 03:54:01,786 - INFO - --------------------------------------------------------------------------------
2025-03-06 03:54:01,786 - INFO - Starting training: efficientnet_b0_optuna_20250305_232525_trial_11
2025-03-06 03:54:01,786 - INFO - Total epochs: 15
2025-03-06 03:54:01,786 - INFO - Training batches per epoch: 1213
2025-03-06 03:54:01,786 - INFO - Validation batches per epoch: 260
2025-03-06 03:54:01,786 - INFO - --------------------------------------------------------------------------------
2025-03-06 03:54:01,786 - INFO - Training model: efficientnet_b0_optuna_20250305_232525_trial_11_v1
2025-03-06 03:54:01,786 - INFO - Epoch 1/15
2025-03-06 03:54:01,786 - INFO - ----------------------------------------
2025-03-06 03:54:27,516 - INFO - [TRAIN] Epoch: 1/15 | Batch: 0/1213 (0.1%) | Loss: 3.7776 | Batch time: 0.89s
2025-03-06 03:54:47,782 - INFO - [TRAIN] Epoch: 1/15 | Batch: 121/1213 (10.1%) | Loss: 1.1185 | Batch time: 0.17s
2025-03-06 03:55:08,109 - INFO - [TRAIN] Epoch: 1/15 | Batch: 242/1213 (20.0%) | Loss: 0.7284 | Batch time: 0.17s
2025-03-06 03:55:28,860 - INFO - [TRAIN] Epoch: 1/15 | Batch: 363/1213 (30.0%) | Loss: 0.6274 | Batch time: 0.17s
2025-03-06 03:55:49,549 - INFO - [TRAIN] Epoch: 1/15 | Batch: 484/1213 (40.0%) | Loss: 0.7708 | Batch time: 0.17s
2025-03-06 03:56:10,098 - INFO - [TRAIN] Epoch: 1/15 | Batch: 605/1213 (50.0%) | Loss: 0.7573 | Batch time: 0.17s
2025-03-06 03:56:30,561 - INFO - [TRAIN] Epoch: 1/15 | Batch: 726/1213 (59.9%) | Loss: 0.4475 | Batch time: 0.17s
2025-03-06 03:56:51,038 - INFO - [TRAIN] Epoch: 1/15 | Batch: 847/1213 (69.9%) | Loss: 0.5557 | Batch time: 0.17s
2025-03-06 03:57:11,545 - INFO - [TRAIN] Epoch: 1/15 | Batch: 968/1213 (79.9%) | Loss: 0.8840 | Batch time: 0.17s
2025-03-06 03:57:32,055 - INFO - [TRAIN] Epoch: 1/15 | Batch: 1089/1213 (89.9%) | Loss: 0.9708 | Batch time: 0.17s
2025-03-06 03:57:52,592 - INFO - [TRAIN] Epoch: 1/15 | Batch: 1210/1213 (99.8%) | Loss: 0.6135 | Batch time: 0.17s
2025-03-06 03:57:53,079 - INFO - [TRAIN] Epoch: 1/15 | Batch: 1212/1213 (100.0%) | Loss: 0.3441 | Batch time: 0.31s
2025-03-06 03:58:20,016 - INFO - [VAL] Epoch: 1/15 | Batch: 0/260 (0.4%) | Loss: 0.3897 | Batch time: 0.88s
2025-03-06 03:58:20,896 - INFO - [VAL] Epoch: 1/15 | Batch: 26/260 (10.4%) | Loss: 0.2570 | Batch time: 0.03s
2025-03-06 03:58:21,774 - INFO - [VAL] Epoch: 1/15 | Batch: 52/260 (20.4%) | Loss: 0.7456 | Batch time: 0.03s
2025-03-06 03:58:22,654 - INFO - [VAL] Epoch: 1/15 | Batch: 78/260 (30.4%) | Loss: 0.2067 | Batch time: 0.03s
2025-03-06 03:58:23,530 - INFO - [VAL] Epoch: 1/15 | Batch: 104/260 (40.4%) | Loss: 0.0851 | Batch time: 0.03s
2025-03-06 03:58:24,408 - INFO - [VAL] Epoch: 1/15 | Batch: 130/260 (50.4%) | Loss: 0.8608 | Batch time: 0.03s
2025-03-06 03:58:25,285 - INFO - [VAL] Epoch: 1/15 | Batch: 156/260 (60.4%) | Loss: 0.0736 | Batch time: 0.03s
2025-03-06 03:58:26,166 - INFO - [VAL] Epoch: 1/15 | Batch: 182/260 (70.4%) | Loss: 0.2632 | Batch time: 0.03s
2025-03-06 03:58:27,041 - INFO - [VAL] Epoch: 1/15 | Batch: 208/260 (80.4%) | Loss: 0.1012 | Batch time: 0.03s
2025-03-06 03:58:27,899 - INFO - [VAL] Epoch: 1/15 | Batch: 234/260 (90.4%) | Loss: 0.1705 | Batch time: 0.03s
2025-03-06 03:58:28,872 - INFO - [VAL] Epoch: 1/15 | Batch: 259/260 (100.0%) | Loss: 0.0519 | Batch time: 0.18s
2025-03-06 03:58:29,337 - INFO - Checkpoint saved: efficientnet_b0_optuna_20250305_232525_trial_11_v1_best.pth (Epoch 1)
2025-03-06 03:58:29,343 - INFO - --------------------------------------------------------------------------------
2025-03-06 03:58:29,343 - INFO - Epoch 1/15 completed in 267.56s
2025-03-06 03:58:29,343 - INFO - Training   - Loss: 0.9315, Accuracy: 0.7447, F1: 0.7506
2025-03-06 03:58:29,343 - INFO - Validation - Loss: 0.1996, Accuracy: 0.9438, F1: 0.9434
2025-03-06 03:58:29,343 - INFO - --------------------------------------------------------------------------------
2025-03-06 03:58:29,343 - INFO - Epoch 2/15
2025-03-06 03:58:29,343 - INFO - ----------------------------------------
2025-03-06 03:58:30,136 - INFO - [TRAIN] Epoch: 2/15 | Batch: 0/1213 (0.1%) | Loss: 0.5344 | Batch time: 0.53s
2025-03-06 03:58:50,574 - INFO - [TRAIN] Epoch: 2/15 | Batch: 121/1213 (10.1%) | Loss: 0.9651 | Batch time: 0.17s
2025-03-06 03:59:11,218 - INFO - [TRAIN] Epoch: 2/15 | Batch: 242/1213 (20.0%) | Loss: 0.5124 | Batch time: 0.17s
2025-03-06 03:59:31,751 - INFO - [TRAIN] Epoch: 2/15 | Batch: 363/1213 (30.0%) | Loss: 0.4694 | Batch time: 0.17s
2025-03-06 03:59:52,207 - INFO - [TRAIN] Epoch: 2/15 | Batch: 484/1213 (40.0%) | Loss: 0.3938 | Batch time: 0.17s
2025-03-06 04:00:12,631 - INFO - [TRAIN] Epoch: 2/15 | Batch: 605/1213 (50.0%) | Loss: 0.5671 | Batch time: 0.17s
2025-03-06 04:00:33,072 - INFO - [TRAIN] Epoch: 2/15 | Batch: 726/1213 (59.9%) | Loss: 0.5426 | Batch time: 0.17s
2025-03-06 04:00:53,534 - INFO - [TRAIN] Epoch: 2/15 | Batch: 847/1213 (69.9%) | Loss: 0.7790 | Batch time: 0.17s
2025-03-06 04:01:13,999 - INFO - [TRAIN] Epoch: 2/15 | Batch: 968/1213 (79.9%) | Loss: 1.0712 | Batch time: 0.17s
2025-03-06 04:01:34,471 - INFO - [TRAIN] Epoch: 2/15 | Batch: 1089/1213 (89.9%) | Loss: 0.7105 | Batch time: 0.17s
2025-03-06 04:01:55,014 - INFO - [TRAIN] Epoch: 2/15 | Batch: 1210/1213 (99.8%) | Loss: 0.8414 | Batch time: 0.17s
2025-03-06 04:01:55,512 - INFO - [TRAIN] Epoch: 2/15 | Batch: 1212/1213 (100.0%) | Loss: 0.4356 | Batch time: 0.33s
2025-03-06 04:01:55,632 - INFO - [VAL] Epoch: 2/15 | Batch: 0/260 (0.4%) | Loss: 0.1990 | Batch time: 0.04s
2025-03-06 04:01:56,524 - INFO - [VAL] Epoch: 2/15 | Batch: 26/260 (10.4%) | Loss: 0.1801 | Batch time: 0.03s
2025-03-06 04:01:57,402 - INFO - [VAL] Epoch: 2/15 | Batch: 52/260 (20.4%) | Loss: 0.1642 | Batch time: 0.03s
2025-03-06 04:01:58,273 - INFO - [VAL] Epoch: 2/15 | Batch: 78/260 (30.4%) | Loss: 0.5694 | Batch time: 0.03s
2025-03-06 04:01:59,165 - INFO - [VAL] Epoch: 2/15 | Batch: 104/260 (40.4%) | Loss: 0.1203 | Batch time: 0.03s
2025-03-06 04:02:00,040 - INFO - [VAL] Epoch: 2/15 | Batch: 130/260 (50.4%) | Loss: 0.6969 | Batch time: 0.03s
2025-03-06 04:02:00,932 - INFO - [VAL] Epoch: 2/15 | Batch: 156/260 (60.4%) | Loss: 0.2790 | Batch time: 0.03s
2025-03-06 04:02:01,816 - INFO - [VAL] Epoch: 2/15 | Batch: 182/260 (70.4%) | Loss: 0.3973 | Batch time: 0.04s
2025-03-06 04:02:02,693 - INFO - [VAL] Epoch: 2/15 | Batch: 208/260 (80.4%) | Loss: 0.3961 | Batch time: 0.03s
2025-03-06 04:02:03,567 - INFO - [VAL] Epoch: 2/15 | Batch: 234/260 (90.4%) | Loss: 0.2493 | Batch time: 0.03s
2025-03-06 04:02:04,425 - INFO - [VAL] Epoch: 2/15 | Batch: 259/260 (100.0%) | Loss: 0.0662 | Batch time: 0.05s
2025-03-06 04:02:04,437 - INFO - --------------------------------------------------------------------------------
2025-03-06 04:02:04,437 - INFO - Epoch 2/15 completed in 215.09s
2025-03-06 04:02:04,437 - INFO - Training   - Loss: 0.7150, Accuracy: 0.7914, F1: 0.7956
2025-03-06 04:02:04,437 - INFO - Validation - Loss: 0.2826, Accuracy: 0.9181, F1: 0.9206
2025-03-06 04:02:04,437 - INFO - --------------------------------------------------------------------------------
2025-03-06 04:02:04,437 - INFO - Epoch 3/15
2025-03-06 04:02:04,437 - INFO - ----------------------------------------
2025-03-06 04:02:04,927 - INFO - [TRAIN] Epoch: 3/15 | Batch: 0/1213 (0.1%) | Loss: 0.8501 | Batch time: 0.25s
2025-03-06 04:02:25,344 - INFO - [TRAIN] Epoch: 3/15 | Batch: 121/1213 (10.1%) | Loss: 0.8876 | Batch time: 0.17s
2025-03-06 04:02:45,709 - INFO - [TRAIN] Epoch: 3/15 | Batch: 242/1213 (20.0%) | Loss: 0.5412 | Batch time: 0.17s
2025-03-06 04:03:06,124 - INFO - [TRAIN] Epoch: 3/15 | Batch: 363/1213 (30.0%) | Loss: 0.5234 | Batch time: 0.17s
2025-03-06 04:03:26,548 - INFO - [TRAIN] Epoch: 3/15 | Batch: 484/1213 (40.0%) | Loss: 0.9002 | Batch time: 0.17s
2025-03-06 04:03:46,983 - INFO - [TRAIN] Epoch: 3/15 | Batch: 605/1213 (50.0%) | Loss: 0.6517 | Batch time: 0.17s
2025-03-06 04:04:07,432 - INFO - [TRAIN] Epoch: 3/15 | Batch: 726/1213 (59.9%) | Loss: 0.9557 | Batch time: 0.17s
2025-03-06 04:04:27,880 - INFO - [TRAIN] Epoch: 3/15 | Batch: 847/1213 (69.9%) | Loss: 0.6581 | Batch time: 0.17s
2025-03-06 04:04:48,338 - INFO - [TRAIN] Epoch: 3/15 | Batch: 968/1213 (79.9%) | Loss: 0.4585 | Batch time: 0.17s
2025-03-06 04:05:08,778 - INFO - [TRAIN] Epoch: 3/15 | Batch: 1089/1213 (89.9%) | Loss: 1.0257 | Batch time: 0.17s
2025-03-06 04:05:29,293 - INFO - [TRAIN] Epoch: 3/15 | Batch: 1210/1213 (99.8%) | Loss: 0.7945 | Batch time: 0.17s
2025-03-06 04:05:29,782 - INFO - [TRAIN] Epoch: 3/15 | Batch: 1212/1213 (100.0%) | Loss: 0.5737 | Batch time: 0.32s
2025-03-06 04:05:29,902 - INFO - [VAL] Epoch: 3/15 | Batch: 0/260 (0.4%) | Loss: 0.3079 | Batch time: 0.04s
2025-03-06 04:05:30,813 - INFO - [VAL] Epoch: 3/15 | Batch: 26/260 (10.4%) | Loss: 0.0881 | Batch time: 0.03s
2025-03-06 04:05:31,719 - INFO - [VAL] Epoch: 3/15 | Batch: 52/260 (20.4%) | Loss: 0.2428 | Batch time: 0.03s
2025-03-06 04:05:32,589 - INFO - [VAL] Epoch: 3/15 | Batch: 78/260 (30.4%) | Loss: 0.5145 | Batch time: 0.03s
2025-03-06 04:05:33,479 - INFO - [VAL] Epoch: 3/15 | Batch: 104/260 (40.4%) | Loss: 0.0745 | Batch time: 0.03s
2025-03-06 04:05:34,344 - INFO - [VAL] Epoch: 3/15 | Batch: 130/260 (50.4%) | Loss: 0.5795 | Batch time: 0.03s
2025-03-06 04:05:35,227 - INFO - [VAL] Epoch: 3/15 | Batch: 156/260 (60.4%) | Loss: 0.1753 | Batch time: 0.03s
2025-03-06 04:05:36,112 - INFO - [VAL] Epoch: 3/15 | Batch: 182/260 (70.4%) | Loss: 0.3805 | Batch time: 0.04s
2025-03-06 04:05:36,997 - INFO - [VAL] Epoch: 3/15 | Batch: 208/260 (80.4%) | Loss: 0.2120 | Batch time: 0.03s
2025-03-06 04:05:37,874 - INFO - [VAL] Epoch: 3/15 | Batch: 234/260 (90.4%) | Loss: 0.2478 | Batch time: 0.03s
2025-03-06 04:05:38,734 - INFO - [VAL] Epoch: 3/15 | Batch: 259/260 (100.0%) | Loss: 0.1962 | Batch time: 0.05s
2025-03-06 04:05:38,746 - INFO - --------------------------------------------------------------------------------
2025-03-06 04:05:38,746 - INFO - Epoch 3/15 completed in 214.31s
2025-03-06 04:05:38,746 - INFO - Training   - Loss: 0.7144, Accuracy: 0.7966, F1: 0.8002
2025-03-06 04:05:38,746 - INFO - Validation - Loss: 0.2703, Accuracy: 0.9200, F1: 0.9220
2025-03-06 04:05:38,746 - INFO - --------------------------------------------------------------------------------
2025-03-06 04:05:38,746 - INFO - Epoch 4/15
2025-03-06 04:05:38,746 - INFO - ----------------------------------------
2025-03-06 04:05:39,230 - INFO - [TRAIN] Epoch: 4/15 | Batch: 0/1213 (0.1%) | Loss: 0.7679 | Batch time: 0.25s
2025-03-06 04:05:59,662 - INFO - [TRAIN] Epoch: 4/15 | Batch: 121/1213 (10.1%) | Loss: 0.6310 | Batch time: 0.17s
2025-03-06 04:06:20,089 - INFO - [TRAIN] Epoch: 4/15 | Batch: 242/1213 (20.0%) | Loss: 0.7421 | Batch time: 0.17s
2025-03-06 04:06:40,503 - INFO - [TRAIN] Epoch: 4/15 | Batch: 363/1213 (30.0%) | Loss: 0.6420 | Batch time: 0.17s
2025-03-06 04:07:00,810 - INFO - [TRAIN] Epoch: 4/15 | Batch: 484/1213 (40.0%) | Loss: 1.1142 | Batch time: 0.17s
2025-03-06 04:07:21,095 - INFO - [TRAIN] Epoch: 4/15 | Batch: 605/1213 (50.0%) | Loss: 0.7179 | Batch time: 0.17s
2025-03-06 04:07:41,387 - INFO - [TRAIN] Epoch: 4/15 | Batch: 726/1213 (59.9%) | Loss: 0.8656 | Batch time: 0.17s
2025-03-06 04:08:01,678 - INFO - [TRAIN] Epoch: 4/15 | Batch: 847/1213 (69.9%) | Loss: 0.3753 | Batch time: 0.17s
2025-03-06 04:08:21,962 - INFO - [TRAIN] Epoch: 4/15 | Batch: 968/1213 (79.9%) | Loss: 0.9243 | Batch time: 0.17s
2025-03-06 04:08:42,253 - INFO - [TRAIN] Epoch: 4/15 | Batch: 1089/1213 (89.9%) | Loss: 1.1718 | Batch time: 0.17s
2025-03-06 04:09:02,617 - INFO - [TRAIN] Epoch: 4/15 | Batch: 1210/1213 (99.8%) | Loss: 0.6178 | Batch time: 0.17s
2025-03-06 04:09:03,060 - INFO - [TRAIN] Epoch: 4/15 | Batch: 1212/1213 (100.0%) | Loss: 1.0250 | Batch time: 0.27s
2025-03-06 04:09:03,183 - INFO - [VAL] Epoch: 4/15 | Batch: 0/260 (0.4%) | Loss: 0.1636 | Batch time: 0.04s
2025-03-06 04:09:04,074 - INFO - [VAL] Epoch: 4/15 | Batch: 26/260 (10.4%) | Loss: 0.1423 | Batch time: 0.04s
2025-03-06 04:09:04,983 - INFO - [VAL] Epoch: 4/15 | Batch: 52/260 (20.4%) | Loss: 0.1534 | Batch time: 0.03s
2025-03-06 04:09:05,848 - INFO - [VAL] Epoch: 4/15 | Batch: 78/260 (30.4%) | Loss: 0.3763 | Batch time: 0.03s
2025-03-06 04:09:06,730 - INFO - [VAL] Epoch: 4/15 | Batch: 104/260 (40.4%) | Loss: 0.0741 | Batch time: 0.03s
2025-03-06 04:09:07,597 - INFO - [VAL] Epoch: 4/15 | Batch: 130/260 (50.4%) | Loss: 0.7561 | Batch time: 0.03s
2025-03-06 04:09:08,476 - INFO - [VAL] Epoch: 4/15 | Batch: 156/260 (60.4%) | Loss: 0.4013 | Batch time: 0.03s
2025-03-06 04:09:09,348 - INFO - [VAL] Epoch: 4/15 | Batch: 182/260 (70.4%) | Loss: 0.8441 | Batch time: 0.04s
2025-03-06 04:09:10,231 - INFO - [VAL] Epoch: 4/15 | Batch: 208/260 (80.4%) | Loss: 0.1889 | Batch time: 0.03s
2025-03-06 04:09:11,095 - INFO - [VAL] Epoch: 4/15 | Batch: 234/260 (90.4%) | Loss: 0.1268 | Batch time: 0.03s
2025-03-06 04:09:11,943 - INFO - [VAL] Epoch: 4/15 | Batch: 259/260 (100.0%) | Loss: 0.2356 | Batch time: 0.05s
2025-03-06 04:09:11,955 - INFO - --------------------------------------------------------------------------------
2025-03-06 04:09:11,955 - INFO - Epoch 4/15 completed in 213.21s
2025-03-06 04:09:11,955 - INFO - Training   - Loss: 0.6971, Accuracy: 0.7998, F1: 0.8033
2025-03-06 04:09:11,955 - INFO - Validation - Loss: 0.3016, Accuracy: 0.9028, F1: 0.9046
2025-03-06 04:09:11,955 - INFO - --------------------------------------------------------------------------------
2025-03-06 04:09:11,955 - INFO - Epoch 5/15
2025-03-06 04:09:11,955 - INFO - ----------------------------------------
2025-03-06 04:09:12,442 - INFO - [TRAIN] Epoch: 5/15 | Batch: 0/1213 (0.1%) | Loss: 0.6713 | Batch time: 0.24s
2025-03-06 04:09:32,658 - INFO - [TRAIN] Epoch: 5/15 | Batch: 121/1213 (10.1%) | Loss: 0.7155 | Batch time: 0.16s
2025-03-06 04:09:52,853 - INFO - [TRAIN] Epoch: 5/15 | Batch: 242/1213 (20.0%) | Loss: 0.8138 | Batch time: 0.16s
2025-03-06 04:10:13,073 - INFO - [TRAIN] Epoch: 5/15 | Batch: 363/1213 (30.0%) | Loss: 0.3811 | Batch time: 0.17s
2025-03-06 04:10:33,295 - INFO - [TRAIN] Epoch: 5/15 | Batch: 484/1213 (40.0%) | Loss: 0.6667 | Batch time: 0.17s
2025-03-06 04:10:53,560 - INFO - [TRAIN] Epoch: 5/15 | Batch: 605/1213 (50.0%) | Loss: 0.8131 | Batch time: 0.17s
2025-03-06 04:11:13,863 - INFO - [TRAIN] Epoch: 5/15 | Batch: 726/1213 (59.9%) | Loss: 1.1795 | Batch time: 0.17s
2025-03-06 04:11:34,381 - INFO - [TRAIN] Epoch: 5/15 | Batch: 847/1213 (69.9%) | Loss: 1.2697 | Batch time: 0.17s
2025-03-06 04:11:54,715 - INFO - [TRAIN] Epoch: 5/15 | Batch: 968/1213 (79.9%) | Loss: 1.0564 | Batch time: 0.17s
2025-03-06 04:12:15,053 - INFO - [TRAIN] Epoch: 5/15 | Batch: 1089/1213 (89.9%) | Loss: 1.2459 | Batch time: 0.17s
2025-03-06 04:12:35,437 - INFO - [TRAIN] Epoch: 5/15 | Batch: 1210/1213 (99.8%) | Loss: 1.0418 | Batch time: 0.17s
2025-03-06 04:12:35,867 - INFO - [TRAIN] Epoch: 5/15 | Batch: 1212/1213 (100.0%) | Loss: 0.8672 | Batch time: 0.26s
2025-03-06 04:12:35,984 - INFO - [VAL] Epoch: 5/15 | Batch: 0/260 (0.4%) | Loss: 0.2807 | Batch time: 0.04s
2025-03-06 04:12:36,900 - INFO - [VAL] Epoch: 5/15 | Batch: 26/260 (10.4%) | Loss: 0.1902 | Batch time: 0.03s
2025-03-06 04:12:37,797 - INFO - [VAL] Epoch: 5/15 | Batch: 52/260 (20.4%) | Loss: 0.1622 | Batch time: 0.03s
2025-03-06 04:12:38,682 - INFO - [VAL] Epoch: 5/15 | Batch: 78/260 (30.4%) | Loss: 0.3777 | Batch time: 0.03s
2025-03-06 04:12:39,550 - INFO - [VAL] Epoch: 5/15 | Batch: 104/260 (40.4%) | Loss: 0.1857 | Batch time: 0.03s
2025-03-06 04:12:40,434 - INFO - [VAL] Epoch: 5/15 | Batch: 130/260 (50.4%) | Loss: 0.4519 | Batch time: 0.03s
2025-03-06 04:12:41,303 - INFO - [VAL] Epoch: 5/15 | Batch: 156/260 (60.4%) | Loss: 0.2841 | Batch time: 0.03s
2025-03-06 04:12:42,187 - INFO - [VAL] Epoch: 5/15 | Batch: 182/260 (70.4%) | Loss: 0.4556 | Batch time: 0.03s
2025-03-06 04:12:43,054 - INFO - [VAL] Epoch: 5/15 | Batch: 208/260 (80.4%) | Loss: 0.2582 | Batch time: 0.03s
2025-03-06 04:12:43,922 - INFO - [VAL] Epoch: 5/15 | Batch: 234/260 (90.4%) | Loss: 0.2937 | Batch time: 0.03s
2025-03-06 04:12:44,764 - INFO - [VAL] Epoch: 5/15 | Batch: 259/260 (100.0%) | Loss: 0.1276 | Batch time: 0.05s
2025-03-06 04:12:44,776 - INFO - --------------------------------------------------------------------------------
2025-03-06 04:12:44,776 - INFO - Epoch 5/15 completed in 212.82s
2025-03-06 04:12:44,776 - INFO - Training   - Loss: 0.7283, Accuracy: 0.8019, F1: 0.8049
2025-03-06 04:12:44,776 - INFO - Validation - Loss: 0.3041, Accuracy: 0.9168, F1: 0.9160
2025-03-06 04:12:44,776 - INFO - --------------------------------------------------------------------------------
2025-03-06 04:12:44,954 - INFO - Checkpoint saved: checkpoint_epoch_5.pth (Epoch 5)
2025-03-06 04:12:44,954 - INFO - Epoch 6/15
2025-03-06 04:12:44,954 - INFO - ----------------------------------------
2025-03-06 04:12:45,461 - INFO - [TRAIN] Epoch: 6/15 | Batch: 0/1213 (0.1%) | Loss: 0.8133 | Batch time: 0.25s
2025-03-06 04:13:05,771 - INFO - [TRAIN] Epoch: 6/15 | Batch: 121/1213 (10.1%) | Loss: 0.4418 | Batch time: 0.17s
2025-03-06 04:13:26,073 - INFO - [TRAIN] Epoch: 6/15 | Batch: 242/1213 (20.0%) | Loss: 0.6625 | Batch time: 0.17s
2025-03-06 04:13:46,308 - INFO - [TRAIN] Epoch: 6/15 | Batch: 363/1213 (30.0%) | Loss: 0.7591 | Batch time: 0.16s
2025-03-06 04:14:06,560 - INFO - [TRAIN] Epoch: 6/15 | Batch: 484/1213 (40.0%) | Loss: 0.5365 | Batch time: 0.17s
2025-03-06 04:14:26,865 - INFO - [TRAIN] Epoch: 6/15 | Batch: 605/1213 (50.0%) | Loss: 0.6184 | Batch time: 0.17s
2025-03-06 04:14:47,162 - INFO - [TRAIN] Epoch: 6/15 | Batch: 726/1213 (59.9%) | Loss: 1.2688 | Batch time: 0.17s
2025-03-06 04:15:07,513 - INFO - [TRAIN] Epoch: 6/15 | Batch: 847/1213 (69.9%) | Loss: 0.6862 | Batch time: 0.17s
2025-03-06 04:15:27,866 - INFO - [TRAIN] Epoch: 6/15 | Batch: 968/1213 (79.9%) | Loss: 0.8573 | Batch time: 0.17s
2025-03-06 04:15:48,201 - INFO - [TRAIN] Epoch: 6/15 | Batch: 1089/1213 (89.9%) | Loss: 0.5616 | Batch time: 0.17s
2025-03-06 04:16:08,537 - INFO - [TRAIN] Epoch: 6/15 | Batch: 1210/1213 (99.8%) | Loss: 1.5092 | Batch time: 0.17s
2025-03-06 04:16:08,994 - INFO - [TRAIN] Epoch: 6/15 | Batch: 1212/1213 (100.0%) | Loss: 0.4156 | Batch time: 0.29s
2025-03-06 04:16:09,117 - INFO - [VAL] Epoch: 6/15 | Batch: 0/260 (0.4%) | Loss: 0.1183 | Batch time: 0.04s
2025-03-06 04:16:10,013 - INFO - [VAL] Epoch: 6/15 | Batch: 26/260 (10.4%) | Loss: 0.1177 | Batch time: 0.03s
2025-03-06 04:16:10,916 - INFO - [VAL] Epoch: 6/15 | Batch: 52/260 (20.4%) | Loss: 0.2119 | Batch time: 0.03s
2025-03-06 04:16:11,781 - INFO - [VAL] Epoch: 6/15 | Batch: 78/260 (30.4%) | Loss: 0.3776 | Batch time: 0.03s
2025-03-06 04:16:12,663 - INFO - [VAL] Epoch: 6/15 | Batch: 104/260 (40.4%) | Loss: 0.1153 | Batch time: 0.03s
2025-03-06 04:16:13,528 - INFO - [VAL] Epoch: 6/15 | Batch: 130/260 (50.4%) | Loss: 0.5896 | Batch time: 0.03s
2025-03-06 04:16:14,412 - INFO - [VAL] Epoch: 6/15 | Batch: 156/260 (60.4%) | Loss: 0.1449 | Batch time: 0.03s
2025-03-06 04:16:15,279 - INFO - [VAL] Epoch: 6/15 | Batch: 182/260 (70.4%) | Loss: 0.3557 | Batch time: 0.03s
2025-03-06 04:16:16,164 - INFO - [VAL] Epoch: 6/15 | Batch: 208/260 (80.4%) | Loss: 0.2003 | Batch time: 0.03s
2025-03-06 04:16:17,022 - INFO - [VAL] Epoch: 6/15 | Batch: 234/260 (90.4%) | Loss: 0.1586 | Batch time: 0.03s
2025-03-06 04:16:17,878 - INFO - [VAL] Epoch: 6/15 | Batch: 259/260 (100.0%) | Loss: 0.1891 | Batch time: 0.05s
2025-03-06 04:16:17,885 - INFO - Early stopping triggered after 6 epochs
2025-03-06 04:16:17,890 - INFO - --------------------------------------------------------------------------------
2025-03-06 04:16:17,890 - INFO - Epoch 6/15 completed in 212.94s
2025-03-06 04:16:17,890 - INFO - Training   - Loss: 0.7593, Accuracy: 0.7972, F1: 0.7996
2025-03-06 04:16:17,890 - INFO - Validation - Loss: 0.2658, Accuracy: 0.9283, F1: 0.9301
2025-03-06 04:16:17,890 - INFO - --------------------------------------------------------------------------------
2025-03-06 04:16:17,890 - INFO - --------------------------------------------------------------------------------
2025-03-06 04:16:17,890 - INFO - Training completed in 0h 22m 16.10s
2025-03-06 04:16:17,890 - INFO - Best validation F1: 0.9434 (Epoch 1)
2025-03-06 04:16:17,890 - INFO - --------------------------------------------------------------------------------
2025-03-06 04:16:17,994 - INFO - Trial 11 completed with best val F1: 0.9434
