2025-03-06 06:10:35,424 - INFO - --------------------------------------------------------------------------------
2025-03-06 06:10:35,424 - INFO - Starting training: efficientnet_b0_optuna_20250305_232525_trial_24
2025-03-06 06:10:35,424 - INFO - Total epochs: 15
2025-03-06 06:10:35,424 - INFO - Training batches per epoch: 607
2025-03-06 06:10:35,424 - INFO - Validation batches per epoch: 130
2025-03-06 06:10:35,424 - INFO - --------------------------------------------------------------------------------
2025-03-06 06:10:35,424 - INFO - Training model: efficientnet_b0_optuna_20250305_232525_trial_24_v1
2025-03-06 06:10:35,424 - INFO - Epoch 1/15
2025-03-06 06:10:35,424 - INFO - ----------------------------------------
2025-03-06 06:11:01,337 - INFO - [TRAIN] Epoch: 1/15 | Batch: 0/607 (0.2%) | Loss: 1.8708 | Batch time: 0.65s
2025-03-06 06:11:20,652 - INFO - [TRAIN] Epoch: 1/15 | Batch: 60/607 (10.0%) | Loss: nan | Batch time: 0.33s
2025-03-06 06:11:39,950 - INFO - [TRAIN] Epoch: 1/15 | Batch: 120/607 (19.9%) | Loss: nan | Batch time: 0.32s
2025-03-06 06:11:59,507 - INFO - [TRAIN] Epoch: 1/15 | Batch: 180/607 (29.8%) | Loss: nan | Batch time: 0.33s
2025-03-06 06:12:19,427 - INFO - [TRAIN] Epoch: 1/15 | Batch: 240/607 (39.7%) | Loss: nan | Batch time: 0.33s
2025-03-06 06:12:38,981 - INFO - [TRAIN] Epoch: 1/15 | Batch: 300/607 (49.6%) | Loss: nan | Batch time: 0.33s
2025-03-06 06:12:58,502 - INFO - [TRAIN] Epoch: 1/15 | Batch: 360/607 (59.5%) | Loss: nan | Batch time: 0.32s
2025-03-06 06:13:18,013 - INFO - [TRAIN] Epoch: 1/15 | Batch: 420/607 (69.4%) | Loss: nan | Batch time: 0.32s
2025-03-06 06:13:37,546 - INFO - [TRAIN] Epoch: 1/15 | Batch: 480/607 (79.2%) | Loss: nan | Batch time: 0.33s
2025-03-06 06:13:57,431 - INFO - [TRAIN] Epoch: 1/15 | Batch: 540/607 (89.1%) | Loss: nan | Batch time: 0.33s
2025-03-06 06:14:17,432 - INFO - [TRAIN] Epoch: 1/15 | Batch: 600/607 (99.0%) | Loss: nan | Batch time: 0.33s
2025-03-06 06:14:19,247 - INFO - [TRAIN] Epoch: 1/15 | Batch: 606/607 (100.0%) | Loss: nan | Batch time: 0.16s
2025-03-06 06:14:19,247 - ERROR - Error in trial 24: ReduceLROnPlateau.step() missing 1 required positional argument: 'metrics'
