2025-03-03 00:11:33,197 - INFO - --------------------------------------------------------------------------------
2025-03-03 00:11:33,197 - INFO - Starting evaluation: resnet_attention v1 (best)
2025-03-03 00:11:33,197 - INFO - Model path: models/resnet_attention_v1/models/resnet_attention_v1_best.pth
2025-03-03 00:11:33,197 - INFO - Dataset size: 20638 images
2025-03-03 00:11:33,197 - INFO - --------------------------------------------------------------------------------
2025-03-03 00:11:33,197 - INFO - Looking for model at models/resnet_attention_v1/models/resnet_attention_v1_best.pth...
2025-03-03 00:11:33,863 - INFO - Model loaded successfully
2025-03-03 00:11:33,863 - INFO - Starting model evaluation...
2025-03-03 00:13:48,067 - INFO - Evaluation complete
2025-03-03 00:13:48,068 - INFO - --------------------------------------------------------------------------------
2025-03-03 00:13:48,068 - INFO - Evaluation Results:
2025-03-03 00:13:48,068 - INFO - Accuracy: 0.9895
2025-03-03 00:13:48,068 - INFO - Precision: 0.9896
2025-03-03 00:13:48,068 - INFO - Recall: 0.9895
2025-03-03 00:13:48,068 - INFO - F1 Score: 0.9895
2025-03-03 00:13:48,068 - INFO - --------------------------------------------------------------------------------
2025-03-03 00:13:48,245 - INFO - Metrics visualization saved to reports/evaluations/resnet_attention_v1/logs/resnet_attention_v1_evaluation_metrics.png
2025-03-03 00:13:48,246 - INFO - Confusion Matrix:
2025-03-03 00:13:48,246 - INFO - Tomato_healthy: [1590    0    0    1    0    0    0    0    0    0    0    0    0    0
    0]
2025-03-03 00:13:48,246 - INFO - Potato___Early_blight: [  0 999   0   0   0   0   0   0   1   0   0   0   0   0   0]
2025-03-03 00:13:48,246 - INFO - Tomato__Tomato_YellowLeaf__Curl_Virus: [   0    0 3170    1    0    0    2    1    0    0    0   33    1    0
    0]
2025-03-03 00:13:48,246 - INFO - Tomato_Early_blight: [  0   0   0 983   4   0   0   0   4   0   0   2   7   0   0]
2025-03-03 00:13:48,246 - INFO - Tomato__Target_Spot: [   3    0    0    4 1355    0    1   34    4    2    1    0    0    0
    0]
2025-03-03 00:13:48,246 - INFO - Potato___Late_blight: [  0   0   0   0   0 986   0   0   0   0   0   0  14   0   0]
2025-03-03 00:13:48,246 - INFO - Tomato_Leaf_Mold: [  0   0   0   0   0   0 951   0   0   1   0   0   0   0   0]
2025-03-03 00:13:48,246 - INFO - Tomato_Spider_mites_Two_spotted_spider_mite: [   0    0    0    0    3    0    0 1670    0    3    0    0    0    0
    0]
2025-03-03 00:13:48,246 - INFO - Tomato_Septoria_leaf_spot: [   0    0    0    8    0    1    3    0 1756    0    1    0    2    0
    0]
2025-03-03 00:13:48,246 - INFO - Tomato__Tomato_mosaic_virus: [  0   0   0   0   0   0   1   0   0 372   0   0   0   0   0]
2025-03-03 00:13:48,246 - INFO - Pepper__bell___Bacterial_spot: [  0   0   0   0   0   1   0   0   0   0 992   0   0   4   0]
2025-03-03 00:13:48,246 - INFO - Tomato_Bacterial_spot: [   0    0    2    0   11    0    0    2    0    0    0 2104    8    0
    0]
2025-03-03 00:13:48,247 - INFO - Tomato_Late_blight: [   2    0    0   14    0   12    7    0    1    0    0    4 1869    0
    0]
2025-03-03 00:13:48,247 - INFO - Pepper__bell___healthy: [   0    0    0    0    0    0    0    1    0    0    4    0    0 1473
    0]
2025-03-03 00:13:48,247 - INFO - Potato___healthy: [  0   0   0   0   0   0   0   0   0   0   0   0   0   0 152]
2025-03-03 00:13:48,247 - INFO - --------------------------------------------------------------------------------
2025-03-03 00:13:48,248 - INFO - Metrics saved to reports/evaluations/resnet_attention_v1/metrics.csv
2025-03-03 00:13:48,248 - INFO - Evaluation summary saved to reports/evaluations/resnet_attention_v1/evaluation_summary.json
2025-03-03 00:13:48,248 - INFO - Generating visualizations...
2025-03-03 00:13:48,395 - INFO - Found model type in checkpoint: resnet_attention
2025-03-03 00:18:22,111 - INFO - Visualizations saved to reports/evaluations/resnet_attention_v1/visualizations
2025-03-03 00:18:22,113 - INFO - --------------------------------------------------------------------------------
2025-03-03 00:18:22,113 - INFO - Evaluation of resnet_attention v1 (best) completed successfully
2025-03-03 00:18:22,113 - INFO - F1 Score: 0.9895
2025-03-03 00:18:22,113 - INFO - --------------------------------------------------------------------------------
2025-03-03 01:03:56,286 - INFO - --------------------------------------------------------------------------------
2025-03-03 01:03:56,286 - INFO - Starting evaluation: resnet_attention v1 (best)
2025-03-03 01:03:56,286 - INFO - Model path: models/resnet_attention_v1/models/resnet_attention_v1_best.pth
2025-03-03 01:03:56,286 - INFO - Dataset size: 20638 images
2025-03-03 01:03:56,286 - INFO - --------------------------------------------------------------------------------
2025-03-03 01:03:56,286 - INFO - Looking for model at models/resnet_attention_v1/models/resnet_attention_v1_best.pth...
2025-03-03 01:03:56,935 - INFO - Model loaded successfully
2025-03-03 01:03:56,935 - INFO - Starting model evaluation...
2025-03-03 01:06:11,923 - INFO - Evaluation complete
2025-03-03 01:06:11,923 - INFO - --------------------------------------------------------------------------------
2025-03-03 01:06:11,923 - INFO - Evaluation Results:
2025-03-03 01:06:11,923 - INFO - Accuracy: 0.9895
2025-03-03 01:06:11,923 - INFO - Precision: 0.9896
2025-03-03 01:06:11,923 - INFO - Recall: 0.9895
2025-03-03 01:06:11,923 - INFO - F1 Score: 0.9895
2025-03-03 01:06:11,923 - INFO - --------------------------------------------------------------------------------
2025-03-03 01:06:12,094 - INFO - Metrics visualization saved to reports/evaluations/resnet_attention_v1/logs/resnet_attention_v1_evaluation_metrics.png
2025-03-03 01:06:12,094 - INFO - Confusion Matrix:
2025-03-03 01:06:12,094 - INFO - Tomato_healthy: [1590    0    0    1    0    0    0    0    0    0    0    0    0    0
    0]
2025-03-03 01:06:12,094 - INFO - Potato___Early_blight: [  0 999   0   0   0   0   0   0   1   0   0   0   0   0   0]
2025-03-03 01:06:12,094 - INFO - Tomato__Tomato_YellowLeaf__Curl_Virus: [   0    0 3170    1    0    0    2    1    0    0    0   33    1    0
    0]
2025-03-03 01:06:12,094 - INFO - Tomato_Early_blight: [  0   0   0 983   4   0   0   0   4   0   0   2   7   0   0]
2025-03-03 01:06:12,094 - INFO - Tomato__Target_Spot: [   3    0    0    4 1355    0    1   34    4    2    1    0    0    0
    0]
2025-03-03 01:06:12,095 - INFO - Potato___Late_blight: [  0   0   0   0   0 986   0   0   0   0   0   0  14   0   0]
2025-03-03 01:06:12,095 - INFO - Tomato_Leaf_Mold: [  0   0   0   0   0   0 951   0   0   1   0   0   0   0   0]
2025-03-03 01:06:12,095 - INFO - Tomato_Spider_mites_Two_spotted_spider_mite: [   0    0    0    0    3    0    0 1670    0    3    0    0    0    0
    0]
2025-03-03 01:06:12,095 - INFO - Tomato_Septoria_leaf_spot: [   0    0    0    8    0    1    3    0 1756    0    1    0    2    0
    0]
2025-03-03 01:06:12,095 - INFO - Tomato__Tomato_mosaic_virus: [  0   0   0   0   0   0   1   0   0 372   0   0   0   0   0]
2025-03-03 01:06:12,095 - INFO - Pepper__bell___Bacterial_spot: [  0   0   0   0   0   1   0   0   0   0 992   0   0   4   0]
2025-03-03 01:06:12,095 - INFO - Tomato_Bacterial_spot: [   0    0    2    0   11    0    0    2    0    0    0 2104    8    0
    0]
2025-03-03 01:06:12,095 - INFO - Tomato_Late_blight: [   2    0    0   14    0   12    7    0    1    0    0    4 1869    0
    0]
2025-03-03 01:06:12,095 - INFO - Pepper__bell___healthy: [   0    0    0    0    0    0    0    1    0    0    4    0    0 1473
    0]
2025-03-03 01:06:12,095 - INFO - Potato___healthy: [  0   0   0   0   0   0   0   0   0   0   0   0   0   0 152]
2025-03-03 01:06:12,095 - INFO - --------------------------------------------------------------------------------
2025-03-03 01:06:12,096 - INFO - Metrics saved to reports/evaluations/resnet_attention_v1/metrics.csv
2025-03-03 01:06:12,096 - INFO - Evaluation summary saved to reports/evaluations/resnet_attention_v1/evaluation_summary.json
2025-03-03 01:06:12,096 - INFO - Generating visualizations...
2025-03-03 01:06:12,213 - INFO - Found model type in checkpoint: resnet_attention
2025-03-03 01:10:41,193 - INFO - Visualizations saved to reports/evaluations/resnet_attention_v1/visualizations
2025-03-03 01:10:41,194 - INFO - --------------------------------------------------------------------------------
2025-03-03 01:10:41,194 - INFO - Evaluation of resnet_attention v1 (best) completed successfully
2025-03-03 01:10:41,194 - INFO - F1 Score: 0.9895
2025-03-03 01:10:41,194 - INFO - --------------------------------------------------------------------------------
