2025-03-06 05:50:21,427 - INFO - --------------------------------------------------------------------------------
2025-03-06 05:50:21,427 - INFO - Starting training: efficientnet_b0_optuna_20250305_232525_trial_20
2025-03-06 05:50:21,427 - INFO - Total epochs: 15
2025-03-06 05:50:21,427 - INFO - Training batches per epoch: 607
2025-03-06 05:50:21,427 - INFO - Validation batches per epoch: 130
2025-03-06 05:50:21,427 - INFO - --------------------------------------------------------------------------------
2025-03-06 05:50:21,427 - INFO - Training model: efficientnet_b0_optuna_20250305_232525_trial_20_v1
2025-03-06 05:50:21,427 - INFO - Epoch 1/15
2025-03-06 05:50:21,427 - INFO - ----------------------------------------
2025-03-06 05:50:47,298 - INFO - [TRAIN] Epoch: 1/15 | Batch: 0/607 (0.2%) | Loss: 1.6613 | Batch time: 0.62s
2025-03-06 05:51:06,731 - INFO - [TRAIN] Epoch: 1/15 | Batch: 60/607 (10.0%) | Loss: 2.0135 | Batch time: 0.33s
2025-03-06 05:51:26,055 - INFO - [TRAIN] Epoch: 1/15 | Batch: 120/607 (19.9%) | Loss: 2.4630 | Batch time: 0.33s
2025-03-06 05:51:45,878 - INFO - [TRAIN] Epoch: 1/15 | Batch: 180/607 (29.8%) | Loss: 1.6151 | Batch time: 0.34s
2025-03-06 05:52:05,802 - INFO - [TRAIN] Epoch: 1/15 | Batch: 240/607 (39.7%) | Loss: 2.7177 | Batch time: 0.33s
2025-03-06 05:52:25,383 - INFO - [TRAIN] Epoch: 1/15 | Batch: 300/607 (49.6%) | Loss: 1.3360 | Batch time: 0.32s
2025-03-06 05:52:44,910 - INFO - [TRAIN] Epoch: 1/15 | Batch: 360/607 (59.5%) | Loss: 1.3444 | Batch time: 0.32s
2025-03-06 05:53:04,385 - INFO - [TRAIN] Epoch: 1/15 | Batch: 420/607 (69.4%) | Loss: 1.5702 | Batch time: 0.32s
2025-03-06 05:53:23,883 - INFO - [TRAIN] Epoch: 1/15 | Batch: 480/607 (79.2%) | Loss: 1.8740 | Batch time: 0.32s
2025-03-06 05:53:43,369 - INFO - [TRAIN] Epoch: 1/15 | Batch: 540/607 (89.1%) | Loss: 1.4422 | Batch time: 0.32s
2025-03-06 05:54:03,084 - INFO - [TRAIN] Epoch: 1/15 | Batch: 600/607 (99.0%) | Loss: 1.5936 | Batch time: 0.33s
2025-03-06 05:54:04,885 - INFO - [TRAIN] Epoch: 1/15 | Batch: 606/607 (100.0%) | Loss: 1.7619 | Batch time: 0.16s
2025-03-06 05:54:04,885 - ERROR - Error in trial 20: ReduceLROnPlateau.step() missing 1 required positional argument: 'metrics'
