2025-03-06 02:05:11,937 - INFO - --------------------------------------------------------------------------------
2025-03-06 02:05:11,937 - INFO - Starting training: efficientnet_b0_optuna_20250305_232525_trial_6
2025-03-06 02:05:11,937 - INFO - Total epochs: 15
2025-03-06 02:05:11,937 - INFO - Training batches per epoch: 1213
2025-03-06 02:05:11,937 - INFO - Validation batches per epoch: 260
2025-03-06 02:05:11,937 - INFO - --------------------------------------------------------------------------------
2025-03-06 02:05:11,937 - INFO - Training model: efficientnet_b0_optuna_20250305_232525_trial_6_v1
2025-03-06 02:05:11,937 - INFO - Epoch 1/15
2025-03-06 02:05:11,937 - INFO - ----------------------------------------
2025-03-06 02:05:37,948 - INFO - [TRAIN] Epoch: 1/15 | Batch: 0/1213 (0.1%) | Loss: 2.9177 | Batch time: 0.99s
2025-03-06 02:05:58,308 - INFO - [TRAIN] Epoch: 1/15 | Batch: 121/1213 (10.1%) | Loss: 1.6783 | Batch time: 0.17s
2025-03-06 02:06:18,670 - INFO - [TRAIN] Epoch: 1/15 | Batch: 242/1213 (20.0%) | Loss: 1.8761 | Batch time: 0.17s
2025-03-06 02:06:39,057 - INFO - [TRAIN] Epoch: 1/15 | Batch: 363/1213 (30.0%) | Loss: 0.7921 | Batch time: 0.17s
2025-03-06 02:06:59,717 - INFO - [TRAIN] Epoch: 1/15 | Batch: 484/1213 (40.0%) | Loss: 0.8189 | Batch time: 0.17s
2025-03-06 02:07:20,402 - INFO - [TRAIN] Epoch: 1/15 | Batch: 605/1213 (50.0%) | Loss: 0.3656 | Batch time: 0.17s
2025-03-06 02:07:41,148 - INFO - [TRAIN] Epoch: 1/15 | Batch: 726/1213 (59.9%) | Loss: 0.4685 | Batch time: 0.17s
2025-03-06 02:08:01,883 - INFO - [TRAIN] Epoch: 1/15 | Batch: 847/1213 (69.9%) | Loss: 0.6759 | Batch time: 0.17s
2025-03-06 02:08:22,949 - INFO - [TRAIN] Epoch: 1/15 | Batch: 968/1213 (79.9%) | Loss: 0.3073 | Batch time: 0.17s
2025-03-06 02:08:43,536 - INFO - [TRAIN] Epoch: 1/15 | Batch: 1089/1213 (89.9%) | Loss: 0.3890 | Batch time: 0.17s
2025-03-06 02:09:04,189 - INFO - [TRAIN] Epoch: 1/15 | Batch: 1210/1213 (99.8%) | Loss: 0.2211 | Batch time: 0.17s
2025-03-06 02:09:04,590 - INFO - [TRAIN] Epoch: 1/15 | Batch: 1212/1213 (100.0%) | Loss: 0.2451 | Batch time: 0.23s
2025-03-06 02:09:29,370 - INFO - [VAL] Epoch: 1/15 | Batch: 0/260 (0.4%) | Loss: 0.1335 | Batch time: 0.30s
2025-03-06 02:09:30,265 - INFO - [VAL] Epoch: 1/15 | Batch: 26/260 (10.4%) | Loss: 0.0757 | Batch time: 0.03s
2025-03-06 02:09:31,142 - INFO - [VAL] Epoch: 1/15 | Batch: 52/260 (20.4%) | Loss: 0.1410 | Batch time: 0.03s
2025-03-06 02:09:32,032 - INFO - [VAL] Epoch: 1/15 | Batch: 78/260 (30.4%) | Loss: 0.1442 | Batch time: 0.03s
2025-03-06 02:09:32,919 - INFO - [VAL] Epoch: 1/15 | Batch: 104/260 (40.4%) | Loss: 0.1082 | Batch time: 0.03s
2025-03-06 02:09:33,801 - INFO - [VAL] Epoch: 1/15 | Batch: 130/260 (50.4%) | Loss: 0.2834 | Batch time: 0.03s
2025-03-06 02:09:34,691 - INFO - [VAL] Epoch: 1/15 | Batch: 156/260 (60.4%) | Loss: 0.1111 | Batch time: 0.03s
2025-03-06 02:09:35,580 - INFO - [VAL] Epoch: 1/15 | Batch: 182/260 (70.4%) | Loss: 0.1664 | Batch time: 0.03s
2025-03-06 02:09:36,471 - INFO - [VAL] Epoch: 1/15 | Batch: 208/260 (80.4%) | Loss: 0.0829 | Batch time: 0.03s
2025-03-06 02:09:37,347 - INFO - [VAL] Epoch: 1/15 | Batch: 234/260 (90.4%) | Loss: 0.1489 | Batch time: 0.03s
2025-03-06 02:09:38,206 - INFO - [VAL] Epoch: 1/15 | Batch: 259/260 (100.0%) | Loss: 0.1016 | Batch time: 0.05s
2025-03-06 02:09:38,546 - INFO - Checkpoint saved: efficientnet_b0_optuna_20250305_232525_trial_6_v1_best.pth (Epoch 1)
2025-03-06 02:09:38,551 - INFO - --------------------------------------------------------------------------------
2025-03-06 02:09:38,551 - INFO - Epoch 1/15 completed in 266.61s
2025-03-06 02:09:38,551 - INFO - Training   - Loss: 0.8214, Accuracy: 0.5846, F1: 0.5955
2025-03-06 02:09:38,551 - INFO - Validation - Loss: 0.1255, Accuracy: 0.8994, F1: 0.9017
2025-03-06 02:09:38,551 - INFO - --------------------------------------------------------------------------------
2025-03-06 02:09:38,551 - INFO - Epoch 2/15
2025-03-06 02:09:38,551 - INFO - ----------------------------------------
2025-03-06 02:09:39,004 - INFO - [TRAIN] Epoch: 2/15 | Batch: 0/1213 (0.1%) | Loss: 0.4909 | Batch time: 0.25s
2025-03-06 02:09:59,764 - INFO - [TRAIN] Epoch: 2/15 | Batch: 121/1213 (10.1%) | Loss: 0.4612 | Batch time: 0.17s
2025-03-06 02:10:20,478 - INFO - [TRAIN] Epoch: 2/15 | Batch: 242/1213 (20.0%) | Loss: 0.4553 | Batch time: 0.17s
2025-03-06 02:10:41,083 - INFO - [TRAIN] Epoch: 2/15 | Batch: 363/1213 (30.0%) | Loss: 0.3248 | Batch time: 0.17s
2025-03-06 02:11:01,472 - INFO - [TRAIN] Epoch: 2/15 | Batch: 484/1213 (40.0%) | Loss: 0.1835 | Batch time: 0.17s
2025-03-06 02:11:21,818 - INFO - [TRAIN] Epoch: 2/15 | Batch: 605/1213 (50.0%) | Loss: 0.3687 | Batch time: 0.17s
2025-03-06 02:11:42,200 - INFO - [TRAIN] Epoch: 2/15 | Batch: 726/1213 (59.9%) | Loss: 0.1046 | Batch time: 0.17s
2025-03-06 02:12:02,579 - INFO - [TRAIN] Epoch: 2/15 | Batch: 847/1213 (69.9%) | Loss: 0.2297 | Batch time: 0.17s
2025-03-06 02:12:23,032 - INFO - [TRAIN] Epoch: 2/15 | Batch: 968/1213 (79.9%) | Loss: 0.3442 | Batch time: 0.18s
2025-03-06 02:12:44,138 - INFO - [TRAIN] Epoch: 2/15 | Batch: 1089/1213 (89.9%) | Loss: 0.2227 | Batch time: 0.18s
2025-03-06 02:13:05,005 - INFO - [TRAIN] Epoch: 2/15 | Batch: 1210/1213 (99.8%) | Loss: 0.1565 | Batch time: 0.17s
2025-03-06 02:13:05,480 - INFO - [TRAIN] Epoch: 2/15 | Batch: 1212/1213 (100.0%) | Loss: 0.1794 | Batch time: 0.30s
2025-03-06 02:13:05,621 - INFO - [VAL] Epoch: 2/15 | Batch: 0/260 (0.4%) | Loss: 0.0258 | Batch time: 0.04s
2025-03-06 02:13:06,548 - INFO - [VAL] Epoch: 2/15 | Batch: 26/260 (10.4%) | Loss: 0.0184 | Batch time: 0.03s
2025-03-06 02:13:07,484 - INFO - [VAL] Epoch: 2/15 | Batch: 52/260 (20.4%) | Loss: 0.0529 | Batch time: 0.03s
2025-03-06 02:13:08,400 - INFO - [VAL] Epoch: 2/15 | Batch: 78/260 (30.4%) | Loss: 0.0359 | Batch time: 0.03s
2025-03-06 02:13:09,313 - INFO - [VAL] Epoch: 2/15 | Batch: 104/260 (40.4%) | Loss: 0.0557 | Batch time: 0.04s
2025-03-06 02:13:10,234 - INFO - [VAL] Epoch: 2/15 | Batch: 130/260 (50.4%) | Loss: 0.1897 | Batch time: 0.04s
2025-03-06 02:13:11,145 - INFO - [VAL] Epoch: 2/15 | Batch: 156/260 (60.4%) | Loss: 0.0309 | Batch time: 0.03s
2025-03-06 02:13:12,060 - INFO - [VAL] Epoch: 2/15 | Batch: 182/260 (70.4%) | Loss: 0.1068 | Batch time: 0.03s
2025-03-06 02:13:12,969 - INFO - [VAL] Epoch: 2/15 | Batch: 208/260 (80.4%) | Loss: 0.0280 | Batch time: 0.04s
2025-03-06 02:13:13,859 - INFO - [VAL] Epoch: 2/15 | Batch: 234/260 (90.4%) | Loss: 0.0744 | Batch time: 0.03s
2025-03-06 02:13:14,733 - INFO - [VAL] Epoch: 2/15 | Batch: 259/260 (100.0%) | Loss: 0.0436 | Batch time: 0.05s
2025-03-06 02:13:15,052 - INFO - Checkpoint saved: efficientnet_b0_optuna_20250305_232525_trial_6_v1_best.pth (Epoch 2)
2025-03-06 02:13:15,056 - INFO - --------------------------------------------------------------------------------
2025-03-06 02:13:15,056 - INFO - Epoch 2/15 completed in 216.50s
2025-03-06 02:13:15,056 - INFO - Training   - Loss: 0.2475, Accuracy: 0.8174, F1: 0.8219
2025-03-06 02:13:15,056 - INFO - Validation - Loss: 0.0544, Accuracy: 0.9459, F1: 0.9473
2025-03-06 02:13:15,056 - INFO - Validation F1 improved from 0.9017 to 0.9473
2025-03-06 02:13:15,056 - INFO - --------------------------------------------------------------------------------
2025-03-06 02:13:15,056 - INFO - Epoch 3/15
2025-03-06 02:13:15,056 - INFO - ----------------------------------------
2025-03-06 02:13:15,561 - INFO - [TRAIN] Epoch: 3/15 | Batch: 0/1213 (0.1%) | Loss: 0.2951 | Batch time: 0.25s
2025-03-06 02:13:36,109 - INFO - [TRAIN] Epoch: 3/15 | Batch: 121/1213 (10.1%) | Loss: 0.0602 | Batch time: 0.17s
2025-03-06 02:13:56,427 - INFO - [TRAIN] Epoch: 3/15 | Batch: 242/1213 (20.0%) | Loss: 0.1304 | Batch time: 0.17s
2025-03-06 02:14:16,765 - INFO - [TRAIN] Epoch: 3/15 | Batch: 363/1213 (30.0%) | Loss: 0.6443 | Batch time: 0.17s
2025-03-06 02:14:37,102 - INFO - [TRAIN] Epoch: 3/15 | Batch: 484/1213 (40.0%) | Loss: 0.0460 | Batch time: 0.17s
2025-03-06 02:14:57,431 - INFO - [TRAIN] Epoch: 3/15 | Batch: 605/1213 (50.0%) | Loss: 0.1971 | Batch time: 0.17s
2025-03-06 02:15:17,807 - INFO - [TRAIN] Epoch: 3/15 | Batch: 726/1213 (59.9%) | Loss: 0.1079 | Batch time: 0.17s
2025-03-06 02:15:38,287 - INFO - [TRAIN] Epoch: 3/15 | Batch: 847/1213 (69.9%) | Loss: 0.2560 | Batch time: 0.17s
2025-03-06 02:15:58,812 - INFO - [TRAIN] Epoch: 3/15 | Batch: 968/1213 (79.9%) | Loss: 0.1174 | Batch time: 0.17s
2025-03-06 02:16:19,229 - INFO - [TRAIN] Epoch: 3/15 | Batch: 1089/1213 (89.9%) | Loss: 0.2188 | Batch time: 0.17s
2025-03-06 02:16:39,669 - INFO - [TRAIN] Epoch: 3/15 | Batch: 1210/1213 (99.8%) | Loss: 0.2577 | Batch time: 0.17s
2025-03-06 02:16:40,028 - INFO - [TRAIN] Epoch: 3/15 | Batch: 1212/1213 (100.0%) | Loss: 0.1488 | Batch time: 0.19s
2025-03-06 02:16:40,159 - INFO - [VAL] Epoch: 3/15 | Batch: 0/260 (0.4%) | Loss: 0.0174 | Batch time: 0.04s
2025-03-06 02:16:41,067 - INFO - [VAL] Epoch: 3/15 | Batch: 26/260 (10.4%) | Loss: 0.0111 | Batch time: 0.03s
2025-03-06 02:16:41,976 - INFO - [VAL] Epoch: 3/15 | Batch: 52/260 (20.4%) | Loss: 0.0299 | Batch time: 0.03s
2025-03-06 02:16:42,859 - INFO - [VAL] Epoch: 3/15 | Batch: 78/260 (30.4%) | Loss: 0.0177 | Batch time: 0.03s
2025-03-06 02:16:43,750 - INFO - [VAL] Epoch: 3/15 | Batch: 104/260 (40.4%) | Loss: 0.0146 | Batch time: 0.03s
2025-03-06 02:16:44,640 - INFO - [VAL] Epoch: 3/15 | Batch: 130/260 (50.4%) | Loss: 0.1492 | Batch time: 0.03s
2025-03-06 02:16:45,523 - INFO - [VAL] Epoch: 3/15 | Batch: 156/260 (60.4%) | Loss: 0.0382 | Batch time: 0.03s
2025-03-06 02:16:46,416 - INFO - [VAL] Epoch: 3/15 | Batch: 182/260 (70.4%) | Loss: 0.0590 | Batch time: 0.03s
2025-03-06 02:16:47,303 - INFO - [VAL] Epoch: 3/15 | Batch: 208/260 (80.4%) | Loss: 0.0117 | Batch time: 0.03s
2025-03-06 02:16:48,183 - INFO - [VAL] Epoch: 3/15 | Batch: 234/260 (90.4%) | Loss: 0.0322 | Batch time: 0.03s
2025-03-06 02:16:49,047 - INFO - [VAL] Epoch: 3/15 | Batch: 259/260 (100.0%) | Loss: 0.0293 | Batch time: 0.05s
2025-03-06 02:16:49,341 - INFO - Checkpoint saved: efficientnet_b0_optuna_20250305_232525_trial_6_v1_best.pth (Epoch 3)
2025-03-06 02:16:49,345 - INFO - --------------------------------------------------------------------------------
2025-03-06 02:16:49,345 - INFO - Epoch 3/15 completed in 214.29s
2025-03-06 02:16:49,345 - INFO - Training   - Loss: 0.1777, Accuracy: 0.8620, F1: 0.8646
2025-03-06 02:16:49,345 - INFO - Validation - Loss: 0.0302, Accuracy: 0.9661, F1: 0.9666
2025-03-06 02:16:49,345 - INFO - Validation F1 improved from 0.9473 to 0.9666
2025-03-06 02:16:49,345 - INFO - --------------------------------------------------------------------------------
2025-03-06 02:16:49,345 - INFO - Epoch 4/15
2025-03-06 02:16:49,345 - INFO - ----------------------------------------
2025-03-06 02:16:49,833 - INFO - [TRAIN] Epoch: 4/15 | Batch: 0/1213 (0.1%) | Loss: 0.0427 | Batch time: 0.23s
2025-03-06 02:17:10,355 - INFO - [TRAIN] Epoch: 4/15 | Batch: 121/1213 (10.1%) | Loss: 0.1310 | Batch time: 0.17s
2025-03-06 02:17:30,769 - INFO - [TRAIN] Epoch: 4/15 | Batch: 242/1213 (20.0%) | Loss: 0.0811 | Batch time: 0.17s
2025-03-06 02:17:51,161 - INFO - [TRAIN] Epoch: 4/15 | Batch: 363/1213 (30.0%) | Loss: 0.1898 | Batch time: 0.17s
2025-03-06 02:18:11,569 - INFO - [TRAIN] Epoch: 4/15 | Batch: 484/1213 (40.0%) | Loss: 0.0716 | Batch time: 0.17s
2025-03-06 02:18:31,907 - INFO - [TRAIN] Epoch: 4/15 | Batch: 605/1213 (50.0%) | Loss: 0.4251 | Batch time: 0.17s
2025-03-06 02:18:52,244 - INFO - [TRAIN] Epoch: 4/15 | Batch: 726/1213 (59.9%) | Loss: 0.0644 | Batch time: 0.17s
2025-03-06 02:19:12,589 - INFO - [TRAIN] Epoch: 4/15 | Batch: 847/1213 (69.9%) | Loss: 0.2863 | Batch time: 0.17s
2025-03-06 02:19:32,930 - INFO - [TRAIN] Epoch: 4/15 | Batch: 968/1213 (79.9%) | Loss: 0.0713 | Batch time: 0.17s
2025-03-06 02:19:53,285 - INFO - [TRAIN] Epoch: 4/15 | Batch: 1089/1213 (89.9%) | Loss: 0.0962 | Batch time: 0.17s
2025-03-06 02:20:13,710 - INFO - [TRAIN] Epoch: 4/15 | Batch: 1210/1213 (99.8%) | Loss: 0.1746 | Batch time: 0.17s
2025-03-06 02:20:14,058 - INFO - [TRAIN] Epoch: 4/15 | Batch: 1212/1213 (100.0%) | Loss: 0.0437 | Batch time: 0.18s
2025-03-06 02:20:14,184 - INFO - [VAL] Epoch: 4/15 | Batch: 0/260 (0.4%) | Loss: 0.0065 | Batch time: 0.04s
2025-03-06 02:20:15,087 - INFO - [VAL] Epoch: 4/15 | Batch: 26/260 (10.4%) | Loss: 0.0040 | Batch time: 0.03s
2025-03-06 02:20:15,998 - INFO - [VAL] Epoch: 4/15 | Batch: 52/260 (20.4%) | Loss: 0.0223 | Batch time: 0.03s
2025-03-06 02:20:16,880 - INFO - [VAL] Epoch: 4/15 | Batch: 78/260 (30.4%) | Loss: 0.0158 | Batch time: 0.03s
2025-03-06 02:20:17,775 - INFO - [VAL] Epoch: 4/15 | Batch: 104/260 (40.4%) | Loss: 0.0239 | Batch time: 0.03s
2025-03-06 02:20:18,663 - INFO - [VAL] Epoch: 4/15 | Batch: 130/260 (50.4%) | Loss: 0.1331 | Batch time: 0.03s
2025-03-06 02:20:19,546 - INFO - [VAL] Epoch: 4/15 | Batch: 156/260 (60.4%) | Loss: 0.0060 | Batch time: 0.03s
2025-03-06 02:20:20,438 - INFO - [VAL] Epoch: 4/15 | Batch: 182/260 (70.4%) | Loss: 0.0489 | Batch time: 0.03s
2025-03-06 02:20:21,323 - INFO - [VAL] Epoch: 4/15 | Batch: 208/260 (80.4%) | Loss: 0.0069 | Batch time: 0.03s
2025-03-06 02:20:22,201 - INFO - [VAL] Epoch: 4/15 | Batch: 234/260 (90.4%) | Loss: 0.0092 | Batch time: 0.03s
2025-03-06 02:20:23,063 - INFO - [VAL] Epoch: 4/15 | Batch: 259/260 (100.0%) | Loss: 0.0215 | Batch time: 0.05s
2025-03-06 02:20:23,351 - INFO - Checkpoint saved: efficientnet_b0_optuna_20250305_232525_trial_6_v1_best.pth (Epoch 4)
2025-03-06 02:20:23,355 - INFO - --------------------------------------------------------------------------------
2025-03-06 02:20:23,355 - INFO - Epoch 4/15 completed in 214.01s
2025-03-06 02:20:23,355 - INFO - Training   - Loss: 0.1479, Accuracy: 0.8818, F1: 0.8839
2025-03-06 02:20:23,355 - INFO - Validation - Loss: 0.0247, Accuracy: 0.9762, F1: 0.9764
2025-03-06 02:20:23,355 - INFO - Validation F1 improved from 0.9666 to 0.9764
2025-03-06 02:20:23,355 - INFO - --------------------------------------------------------------------------------
2025-03-06 02:20:23,355 - INFO - Epoch 5/15
2025-03-06 02:20:23,355 - INFO - ----------------------------------------
2025-03-06 02:20:23,837 - INFO - [TRAIN] Epoch: 5/15 | Batch: 0/1213 (0.1%) | Loss: 0.2234 | Batch time: 0.25s
2025-03-06 02:20:44,354 - INFO - [TRAIN] Epoch: 5/15 | Batch: 121/1213 (10.1%) | Loss: 0.1867 | Batch time: 0.17s
2025-03-06 02:21:05,673 - INFO - [TRAIN] Epoch: 5/15 | Batch: 242/1213 (20.0%) | Loss: 0.1157 | Batch time: 0.18s
2025-03-06 02:21:27,340 - INFO - [TRAIN] Epoch: 5/15 | Batch: 363/1213 (30.0%) | Loss: 0.0506 | Batch time: 0.18s
2025-03-06 02:21:48,966 - INFO - [TRAIN] Epoch: 5/15 | Batch: 484/1213 (40.0%) | Loss: 0.1026 | Batch time: 0.18s
2025-03-06 02:22:10,584 - INFO - [TRAIN] Epoch: 5/15 | Batch: 605/1213 (50.0%) | Loss: 0.2285 | Batch time: 0.18s
2025-03-06 02:22:32,231 - INFO - [TRAIN] Epoch: 5/15 | Batch: 726/1213 (59.9%) | Loss: 0.1179 | Batch time: 0.18s
2025-03-06 02:22:53,880 - INFO - [TRAIN] Epoch: 5/15 | Batch: 847/1213 (69.9%) | Loss: 0.1264 | Batch time: 0.18s
2025-03-06 02:23:15,501 - INFO - [TRAIN] Epoch: 5/15 | Batch: 968/1213 (79.9%) | Loss: 0.0973 | Batch time: 0.18s
2025-03-06 02:23:37,096 - INFO - [TRAIN] Epoch: 5/15 | Batch: 1089/1213 (89.9%) | Loss: 0.1904 | Batch time: 0.18s
2025-03-06 02:23:58,822 - INFO - [TRAIN] Epoch: 5/15 | Batch: 1210/1213 (99.8%) | Loss: 0.1589 | Batch time: 0.18s
2025-03-06 02:23:59,276 - INFO - [TRAIN] Epoch: 5/15 | Batch: 1212/1213 (100.0%) | Loss: 0.0202 | Batch time: 0.27s
2025-03-06 02:23:59,403 - INFO - [VAL] Epoch: 5/15 | Batch: 0/260 (0.4%) | Loss: 0.0051 | Batch time: 0.04s
2025-03-06 02:24:00,390 - INFO - [VAL] Epoch: 5/15 | Batch: 26/260 (10.4%) | Loss: 0.0048 | Batch time: 0.04s
2025-03-06 02:24:01,348 - INFO - [VAL] Epoch: 5/15 | Batch: 52/260 (20.4%) | Loss: 0.0312 | Batch time: 0.04s
2025-03-06 02:24:02,302 - INFO - [VAL] Epoch: 5/15 | Batch: 78/260 (30.4%) | Loss: 0.0218 | Batch time: 0.04s
2025-03-06 02:24:03,252 - INFO - [VAL] Epoch: 5/15 | Batch: 104/260 (40.4%) | Loss: 0.0201 | Batch time: 0.04s
2025-03-06 02:24:04,203 - INFO - [VAL] Epoch: 5/15 | Batch: 130/260 (50.4%) | Loss: 0.0780 | Batch time: 0.04s
2025-03-06 02:24:05,162 - INFO - [VAL] Epoch: 5/15 | Batch: 156/260 (60.4%) | Loss: 0.0122 | Batch time: 0.04s
2025-03-06 02:24:06,110 - INFO - [VAL] Epoch: 5/15 | Batch: 182/260 (70.4%) | Loss: 0.0359 | Batch time: 0.04s
2025-03-06 02:24:07,056 - INFO - [VAL] Epoch: 5/15 | Batch: 208/260 (80.4%) | Loss: 0.0081 | Batch time: 0.04s
2025-03-06 02:24:07,996 - INFO - [VAL] Epoch: 5/15 | Batch: 234/260 (90.4%) | Loss: 0.0083 | Batch time: 0.03s
2025-03-06 02:24:08,914 - INFO - [VAL] Epoch: 5/15 | Batch: 259/260 (100.0%) | Loss: 0.0206 | Batch time: 0.05s
2025-03-06 02:24:08,924 - INFO - --------------------------------------------------------------------------------
2025-03-06 02:24:08,924 - INFO - Epoch 5/15 completed in 225.57s
2025-03-06 02:24:08,924 - INFO - Training   - Loss: 0.1351, Accuracy: 0.8877, F1: 0.8897
2025-03-06 02:24:08,924 - INFO - Validation - Loss: 0.0253, Accuracy: 0.9725, F1: 0.9726
2025-03-06 02:24:08,924 - INFO - --------------------------------------------------------------------------------
2025-03-06 02:24:09,096 - INFO - Checkpoint saved: checkpoint_epoch_5.pth (Epoch 5)
2025-03-06 02:24:09,096 - INFO - Epoch 6/15
2025-03-06 02:24:09,096 - INFO - ----------------------------------------
2025-03-06 02:24:09,590 - INFO - [TRAIN] Epoch: 6/15 | Batch: 0/1213 (0.1%) | Loss: 0.0658 | Batch time: 0.25s
2025-03-06 02:24:31,323 - INFO - [TRAIN] Epoch: 6/15 | Batch: 121/1213 (10.1%) | Loss: 0.1040 | Batch time: 0.18s
2025-03-06 02:24:52,928 - INFO - [TRAIN] Epoch: 6/15 | Batch: 242/1213 (20.0%) | Loss: 0.2302 | Batch time: 0.18s
2025-03-06 02:25:14,596 - INFO - [TRAIN] Epoch: 6/15 | Batch: 363/1213 (30.0%) | Loss: 0.1821 | Batch time: 0.18s
2025-03-06 02:25:36,233 - INFO - [TRAIN] Epoch: 6/15 | Batch: 484/1213 (40.0%) | Loss: 0.0801 | Batch time: 0.18s
2025-03-06 02:25:57,860 - INFO - [TRAIN] Epoch: 6/15 | Batch: 605/1213 (50.0%) | Loss: 0.0428 | Batch time: 0.18s
2025-03-06 02:26:18,538 - INFO - [TRAIN] Epoch: 6/15 | Batch: 726/1213 (59.9%) | Loss: 0.1644 | Batch time: 0.17s
2025-03-06 02:26:38,682 - INFO - [TRAIN] Epoch: 6/15 | Batch: 847/1213 (69.9%) | Loss: 0.1536 | Batch time: 0.17s
2025-03-06 02:26:58,727 - INFO - [TRAIN] Epoch: 6/15 | Batch: 968/1213 (79.9%) | Loss: 0.0995 | Batch time: 0.17s
2025-03-06 02:27:18,826 - INFO - [TRAIN] Epoch: 6/15 | Batch: 1089/1213 (89.9%) | Loss: 0.1358 | Batch time: 0.16s
2025-03-06 02:27:39,028 - INFO - [TRAIN] Epoch: 6/15 | Batch: 1210/1213 (99.8%) | Loss: 0.0869 | Batch time: 0.17s
2025-03-06 02:27:39,430 - INFO - [TRAIN] Epoch: 6/15 | Batch: 1212/1213 (100.0%) | Loss: 0.1286 | Batch time: 0.23s
2025-03-06 02:27:39,558 - INFO - [VAL] Epoch: 6/15 | Batch: 0/260 (0.4%) | Loss: 0.0117 | Batch time: 0.04s
2025-03-06 02:27:40,449 - INFO - [VAL] Epoch: 6/15 | Batch: 26/260 (10.4%) | Loss: 0.0055 | Batch time: 0.03s
2025-03-06 02:27:41,344 - INFO - [VAL] Epoch: 6/15 | Batch: 52/260 (20.4%) | Loss: 0.0537 | Batch time: 0.03s
2025-03-06 02:27:42,210 - INFO - [VAL] Epoch: 6/15 | Batch: 78/260 (30.4%) | Loss: 0.0308 | Batch time: 0.03s
2025-03-06 02:27:43,085 - INFO - [VAL] Epoch: 6/15 | Batch: 104/260 (40.4%) | Loss: 0.0201 | Batch time: 0.03s
2025-03-06 02:27:43,958 - INFO - [VAL] Epoch: 6/15 | Batch: 130/260 (50.4%) | Loss: 0.0575 | Batch time: 0.03s
2025-03-06 02:27:44,822 - INFO - [VAL] Epoch: 6/15 | Batch: 156/260 (60.4%) | Loss: 0.0049 | Batch time: 0.03s
2025-03-06 02:27:45,699 - INFO - [VAL] Epoch: 6/15 | Batch: 182/260 (70.4%) | Loss: 0.0426 | Batch time: 0.03s
2025-03-06 02:27:46,571 - INFO - [VAL] Epoch: 6/15 | Batch: 208/260 (80.4%) | Loss: 0.0051 | Batch time: 0.03s
2025-03-06 02:27:47,434 - INFO - [VAL] Epoch: 6/15 | Batch: 234/260 (90.4%) | Loss: 0.0327 | Batch time: 0.03s
2025-03-06 02:27:48,284 - INFO - [VAL] Epoch: 6/15 | Batch: 259/260 (100.0%) | Loss: 0.0122 | Batch time: 0.05s
2025-03-06 02:27:48,295 - INFO - --------------------------------------------------------------------------------
2025-03-06 02:27:48,295 - INFO - Epoch 6/15 completed in 219.20s
2025-03-06 02:27:48,295 - INFO - Training   - Loss: 0.1242, Accuracy: 0.8976, F1: 0.8992
2025-03-06 02:27:48,296 - INFO - Validation - Loss: 0.0225, Accuracy: 0.9725, F1: 0.9729
2025-03-06 02:27:48,296 - INFO - --------------------------------------------------------------------------------
2025-03-06 02:27:48,296 - INFO - Epoch 7/15
2025-03-06 02:27:48,296 - INFO - ----------------------------------------
2025-03-06 02:27:48,783 - INFO - [TRAIN] Epoch: 7/15 | Batch: 0/1213 (0.1%) | Loss: 0.0601 | Batch time: 0.25s
2025-03-06 02:28:09,003 - INFO - [TRAIN] Epoch: 7/15 | Batch: 121/1213 (10.1%) | Loss: 0.0293 | Batch time: 0.16s
2025-03-06 02:28:29,069 - INFO - [TRAIN] Epoch: 7/15 | Batch: 242/1213 (20.0%) | Loss: 0.0975 | Batch time: 0.16s
2025-03-06 02:28:49,203 - INFO - [TRAIN] Epoch: 7/15 | Batch: 363/1213 (30.0%) | Loss: 0.0408 | Batch time: 0.17s
2025-03-06 02:29:09,376 - INFO - [TRAIN] Epoch: 7/15 | Batch: 484/1213 (40.0%) | Loss: 0.0604 | Batch time: 0.17s
2025-03-06 02:29:29,634 - INFO - [TRAIN] Epoch: 7/15 | Batch: 605/1213 (50.0%) | Loss: 0.1912 | Batch time: 0.17s
2025-03-06 02:29:50,040 - INFO - [TRAIN] Epoch: 7/15 | Batch: 726/1213 (59.9%) | Loss: 0.0577 | Batch time: 0.17s
2025-03-06 02:30:10,653 - INFO - [TRAIN] Epoch: 7/15 | Batch: 847/1213 (69.9%) | Loss: 0.1499 | Batch time: 0.16s
2025-03-06 02:30:30,775 - INFO - [TRAIN] Epoch: 7/15 | Batch: 968/1213 (79.9%) | Loss: 0.0737 | Batch time: 0.17s
2025-03-06 02:30:50,913 - INFO - [TRAIN] Epoch: 7/15 | Batch: 1089/1213 (89.9%) | Loss: 0.0322 | Batch time: 0.16s
2025-03-06 02:31:11,125 - INFO - [TRAIN] Epoch: 7/15 | Batch: 1210/1213 (99.8%) | Loss: 0.2526 | Batch time: 0.17s
2025-03-06 02:31:11,603 - INFO - [TRAIN] Epoch: 7/15 | Batch: 1212/1213 (100.0%) | Loss: 0.0412 | Batch time: 0.31s
2025-03-06 02:31:11,754 - INFO - [VAL] Epoch: 7/15 | Batch: 0/260 (0.4%) | Loss: 0.0128 | Batch time: 0.05s
2025-03-06 02:31:12,644 - INFO - [VAL] Epoch: 7/15 | Batch: 26/260 (10.4%) | Loss: 0.0016 | Batch time: 0.03s
2025-03-06 02:31:13,534 - INFO - [VAL] Epoch: 7/15 | Batch: 52/260 (20.4%) | Loss: 0.0173 | Batch time: 0.03s
2025-03-06 02:31:14,413 - INFO - [VAL] Epoch: 7/15 | Batch: 78/260 (30.4%) | Loss: 0.0202 | Batch time: 0.03s
2025-03-06 02:31:15,278 - INFO - [VAL] Epoch: 7/15 | Batch: 104/260 (40.4%) | Loss: 0.0040 | Batch time: 0.03s
2025-03-06 02:31:16,156 - INFO - [VAL] Epoch: 7/15 | Batch: 130/260 (50.4%) | Loss: 0.0914 | Batch time: 0.03s
2025-03-06 02:31:17,027 - INFO - [VAL] Epoch: 7/15 | Batch: 156/260 (60.4%) | Loss: 0.0037 | Batch time: 0.03s
2025-03-06 02:31:17,899 - INFO - [VAL] Epoch: 7/15 | Batch: 182/260 (70.4%) | Loss: 0.0159 | Batch time: 0.03s
2025-03-06 02:31:18,774 - INFO - [VAL] Epoch: 7/15 | Batch: 208/260 (80.4%) | Loss: 0.0029 | Batch time: 0.03s
2025-03-06 02:31:19,631 - INFO - [VAL] Epoch: 7/15 | Batch: 234/260 (90.4%) | Loss: 0.0123 | Batch time: 0.03s
2025-03-06 02:31:20,482 - INFO - [VAL] Epoch: 7/15 | Batch: 259/260 (100.0%) | Loss: 0.0116 | Batch time: 0.05s
2025-03-06 02:31:20,777 - INFO - Checkpoint saved: efficientnet_b0_optuna_20250305_232525_trial_6_v1_best.pth (Epoch 7)
2025-03-06 02:31:20,785 - INFO - --------------------------------------------------------------------------------
2025-03-06 02:31:20,785 - INFO - Epoch 7/15 completed in 212.49s
2025-03-06 02:31:20,785 - INFO - Training   - Loss: 0.1206, Accuracy: 0.9014, F1: 0.9029
2025-03-06 02:31:20,785 - INFO - Validation - Loss: 0.0180, Accuracy: 0.9810, F1: 0.9812
2025-03-06 02:31:20,785 - INFO - Validation F1 improved from 0.9764 to 0.9812
2025-03-06 02:31:20,785 - INFO - --------------------------------------------------------------------------------
2025-03-06 02:31:20,785 - INFO - Epoch 8/15
2025-03-06 02:31:20,785 - INFO - ----------------------------------------
2025-03-06 02:31:21,301 - INFO - [TRAIN] Epoch: 8/15 | Batch: 0/1213 (0.1%) | Loss: 0.4703 | Batch time: 0.28s
2025-03-06 02:31:41,485 - INFO - [TRAIN] Epoch: 8/15 | Batch: 121/1213 (10.1%) | Loss: 0.0424 | Batch time: 0.17s
2025-03-06 02:32:01,624 - INFO - [TRAIN] Epoch: 8/15 | Batch: 242/1213 (20.0%) | Loss: 0.1566 | Batch time: 0.16s
2025-03-06 02:32:21,818 - INFO - [TRAIN] Epoch: 8/15 | Batch: 363/1213 (30.0%) | Loss: 0.0486 | Batch time: 0.17s
2025-03-06 02:32:42,039 - INFO - [TRAIN] Epoch: 8/15 | Batch: 484/1213 (40.0%) | Loss: 0.0670 | Batch time: 0.17s
2025-03-06 02:33:02,263 - INFO - [TRAIN] Epoch: 8/15 | Batch: 605/1213 (50.0%) | Loss: 0.0360 | Batch time: 0.17s
2025-03-06 02:33:22,489 - INFO - [TRAIN] Epoch: 8/15 | Batch: 726/1213 (59.9%) | Loss: 0.0485 | Batch time: 0.17s
2025-03-06 02:33:42,717 - INFO - [TRAIN] Epoch: 8/15 | Batch: 847/1213 (69.9%) | Loss: 0.1138 | Batch time: 0.17s
2025-03-06 02:34:02,942 - INFO - [TRAIN] Epoch: 8/15 | Batch: 968/1213 (79.9%) | Loss: 0.1390 | Batch time: 0.17s
2025-03-06 02:34:23,197 - INFO - [TRAIN] Epoch: 8/15 | Batch: 1089/1213 (89.9%) | Loss: 0.0380 | Batch time: 0.17s
2025-03-06 02:34:43,521 - INFO - [TRAIN] Epoch: 8/15 | Batch: 1210/1213 (99.8%) | Loss: 0.3127 | Batch time: 0.17s
2025-03-06 02:34:43,993 - INFO - [TRAIN] Epoch: 8/15 | Batch: 1212/1213 (100.0%) | Loss: 0.1509 | Batch time: 0.30s
2025-03-06 02:34:44,146 - INFO - [VAL] Epoch: 8/15 | Batch: 0/260 (0.4%) | Loss: 0.0035 | Batch time: 0.05s
2025-03-06 02:34:45,033 - INFO - [VAL] Epoch: 8/15 | Batch: 26/260 (10.4%) | Loss: 0.0028 | Batch time: 0.03s
2025-03-06 02:34:45,915 - INFO - [VAL] Epoch: 8/15 | Batch: 52/260 (20.4%) | Loss: 0.0192 | Batch time: 0.03s
2025-03-06 02:34:46,789 - INFO - [VAL] Epoch: 8/15 | Batch: 78/260 (30.4%) | Loss: 0.0184 | Batch time: 0.03s
2025-03-06 02:34:47,655 - INFO - [VAL] Epoch: 8/15 | Batch: 104/260 (40.4%) | Loss: 0.0099 | Batch time: 0.03s
2025-03-06 02:34:48,531 - INFO - [VAL] Epoch: 8/15 | Batch: 130/260 (50.4%) | Loss: 0.1123 | Batch time: 0.03s
2025-03-06 02:34:49,397 - INFO - [VAL] Epoch: 8/15 | Batch: 156/260 (60.4%) | Loss: 0.0135 | Batch time: 0.03s
2025-03-06 02:34:50,274 - INFO - [VAL] Epoch: 8/15 | Batch: 182/260 (70.4%) | Loss: 0.0186 | Batch time: 0.03s
2025-03-06 02:34:51,146 - INFO - [VAL] Epoch: 8/15 | Batch: 208/260 (80.4%) | Loss: 0.0017 | Batch time: 0.03s
2025-03-06 02:34:52,005 - INFO - [VAL] Epoch: 8/15 | Batch: 234/260 (90.4%) | Loss: 0.0109 | Batch time: 0.03s
2025-03-06 02:34:52,856 - INFO - [VAL] Epoch: 8/15 | Batch: 259/260 (100.0%) | Loss: 0.0167 | Batch time: 0.05s
2025-03-06 02:34:53,154 - INFO - Checkpoint saved: efficientnet_b0_optuna_20250305_232525_trial_6_v1_best.pth (Epoch 8)
2025-03-06 02:34:53,160 - INFO - --------------------------------------------------------------------------------
2025-03-06 02:34:53,160 - INFO - Epoch 8/15 completed in 212.37s
2025-03-06 02:34:53,160 - INFO - Training   - Loss: 0.1094, Accuracy: 0.9070, F1: 0.9083
2025-03-06 02:34:53,160 - INFO - Validation - Loss: 0.0162, Accuracy: 0.9830, F1: 0.9832
2025-03-06 02:34:53,160 - INFO - Validation F1 improved from 0.9812 to 0.9832
2025-03-06 02:34:53,160 - INFO - --------------------------------------------------------------------------------
2025-03-06 02:34:53,160 - INFO - Epoch 9/15
2025-03-06 02:34:53,160 - INFO - ----------------------------------------
2025-03-06 02:34:53,655 - INFO - [TRAIN] Epoch: 9/15 | Batch: 0/1213 (0.1%) | Loss: 0.2685 | Batch time: 0.25s
2025-03-06 02:35:13,837 - INFO - [TRAIN] Epoch: 9/15 | Batch: 121/1213 (10.1%) | Loss: 0.1142 | Batch time: 0.17s
2025-03-06 02:35:33,989 - INFO - [TRAIN] Epoch: 9/15 | Batch: 242/1213 (20.0%) | Loss: 0.0774 | Batch time: 0.17s
2025-03-06 02:35:54,146 - INFO - [TRAIN] Epoch: 9/15 | Batch: 363/1213 (30.0%) | Loss: 0.0452 | Batch time: 0.17s
2025-03-06 02:36:14,319 - INFO - [TRAIN] Epoch: 9/15 | Batch: 484/1213 (40.0%) | Loss: 0.1311 | Batch time: 0.17s
2025-03-06 02:36:34,506 - INFO - [TRAIN] Epoch: 9/15 | Batch: 605/1213 (50.0%) | Loss: 0.0587 | Batch time: 0.17s
2025-03-06 02:36:54,711 - INFO - [TRAIN] Epoch: 9/15 | Batch: 726/1213 (59.9%) | Loss: 0.1565 | Batch time: 0.17s
2025-03-06 02:37:14,931 - INFO - [TRAIN] Epoch: 9/15 | Batch: 847/1213 (69.9%) | Loss: 0.0615 | Batch time: 0.17s
2025-03-06 02:37:35,150 - INFO - [TRAIN] Epoch: 9/15 | Batch: 968/1213 (79.9%) | Loss: 0.0401 | Batch time: 0.17s
2025-03-06 02:37:55,368 - INFO - [TRAIN] Epoch: 9/15 | Batch: 1089/1213 (89.9%) | Loss: 0.2450 | Batch time: 0.17s
2025-03-06 02:38:15,664 - INFO - [TRAIN] Epoch: 9/15 | Batch: 1210/1213 (99.8%) | Loss: 0.0923 | Batch time: 0.17s
2025-03-06 02:38:16,137 - INFO - [TRAIN] Epoch: 9/15 | Batch: 1212/1213 (100.0%) | Loss: 0.2715 | Batch time: 0.30s
2025-03-06 02:38:16,288 - INFO - [VAL] Epoch: 9/15 | Batch: 0/260 (0.4%) | Loss: 0.0021 | Batch time: 0.05s
2025-03-06 02:38:17,183 - INFO - [VAL] Epoch: 9/15 | Batch: 26/260 (10.4%) | Loss: 0.0011 | Batch time: 0.03s
2025-03-06 02:38:18,081 - INFO - [VAL] Epoch: 9/15 | Batch: 52/260 (20.4%) | Loss: 0.0140 | Batch time: 0.03s
2025-03-06 02:38:18,961 - INFO - [VAL] Epoch: 9/15 | Batch: 78/260 (30.4%) | Loss: 0.0090 | Batch time: 0.03s
2025-03-06 02:38:19,831 - INFO - [VAL] Epoch: 9/15 | Batch: 104/260 (40.4%) | Loss: 0.0081 | Batch time: 0.03s
2025-03-06 02:38:20,701 - INFO - [VAL] Epoch: 9/15 | Batch: 130/260 (50.4%) | Loss: 0.0744 | Batch time: 0.03s
2025-03-06 02:38:21,576 - INFO - [VAL] Epoch: 9/15 | Batch: 156/260 (60.4%) | Loss: 0.0037 | Batch time: 0.03s
2025-03-06 02:38:22,446 - INFO - [VAL] Epoch: 9/15 | Batch: 182/260 (70.4%) | Loss: 0.0147 | Batch time: 0.03s
2025-03-06 02:38:23,323 - INFO - [VAL] Epoch: 9/15 | Batch: 208/260 (80.4%) | Loss: 0.0007 | Batch time: 0.03s
2025-03-06 02:38:24,179 - INFO - [VAL] Epoch: 9/15 | Batch: 234/260 (90.4%) | Loss: 0.0113 | Batch time: 0.03s
2025-03-06 02:38:25,031 - INFO - [VAL] Epoch: 9/15 | Batch: 259/260 (100.0%) | Loss: 0.0022 | Batch time: 0.05s
2025-03-06 02:38:25,333 - INFO - Checkpoint saved: efficientnet_b0_optuna_20250305_232525_trial_6_v1_best.pth (Epoch 9)
2025-03-06 02:38:25,341 - INFO - --------------------------------------------------------------------------------
2025-03-06 02:38:25,341 - INFO - Epoch 9/15 completed in 212.18s
2025-03-06 02:38:25,341 - INFO - Training   - Loss: 0.1075, Accuracy: 0.9114, F1: 0.9127
2025-03-06 02:38:25,341 - INFO - Validation - Loss: 0.0145, Accuracy: 0.9868, F1: 0.9869
2025-03-06 02:38:25,341 - INFO - Validation F1 improved from 0.9832 to 0.9869
2025-03-06 02:38:25,341 - INFO - --------------------------------------------------------------------------------
2025-03-06 02:38:25,341 - INFO - Epoch 10/15
2025-03-06 02:38:25,341 - INFO - ----------------------------------------
2025-03-06 02:38:25,821 - INFO - [TRAIN] Epoch: 10/15 | Batch: 0/1213 (0.1%) | Loss: 0.0522 | Batch time: 0.26s
2025-03-06 02:38:46,015 - INFO - [TRAIN] Epoch: 10/15 | Batch: 121/1213 (10.1%) | Loss: 0.2384 | Batch time: 0.17s
2025-03-06 02:39:06,333 - INFO - [TRAIN] Epoch: 10/15 | Batch: 242/1213 (20.0%) | Loss: 0.6603 | Batch time: 0.17s
2025-03-06 02:39:26,676 - INFO - [TRAIN] Epoch: 10/15 | Batch: 363/1213 (30.0%) | Loss: 0.0356 | Batch time: 0.17s
2025-03-06 02:39:46,925 - INFO - [TRAIN] Epoch: 10/15 | Batch: 484/1213 (40.0%) | Loss: 0.1339 | Batch time: 0.17s
2025-03-06 02:40:07,122 - INFO - [TRAIN] Epoch: 10/15 | Batch: 605/1213 (50.0%) | Loss: 0.2074 | Batch time: 0.17s
2025-03-06 02:40:27,328 - INFO - [TRAIN] Epoch: 10/15 | Batch: 726/1213 (59.9%) | Loss: 0.1035 | Batch time: 0.17s
2025-03-06 02:40:47,523 - INFO - [TRAIN] Epoch: 10/15 | Batch: 847/1213 (69.9%) | Loss: 0.0307 | Batch time: 0.17s
2025-03-06 02:41:07,725 - INFO - [TRAIN] Epoch: 10/15 | Batch: 968/1213 (79.9%) | Loss: 0.0931 | Batch time: 0.17s
2025-03-06 02:41:27,932 - INFO - [TRAIN] Epoch: 10/15 | Batch: 1089/1213 (89.9%) | Loss: 0.1730 | Batch time: 0.17s
2025-03-06 02:41:48,225 - INFO - [TRAIN] Epoch: 10/15 | Batch: 1210/1213 (99.8%) | Loss: 0.0681 | Batch time: 0.17s
2025-03-06 02:41:48,701 - INFO - [TRAIN] Epoch: 10/15 | Batch: 1212/1213 (100.0%) | Loss: 0.0124 | Batch time: 0.31s
2025-03-06 02:41:48,852 - INFO - [VAL] Epoch: 10/15 | Batch: 0/260 (0.4%) | Loss: 0.0029 | Batch time: 0.05s
2025-03-06 02:41:49,750 - INFO - [VAL] Epoch: 10/15 | Batch: 26/260 (10.4%) | Loss: 0.0025 | Batch time: 0.03s
2025-03-06 02:41:50,654 - INFO - [VAL] Epoch: 10/15 | Batch: 52/260 (20.4%) | Loss: 0.0245 | Batch time: 0.03s
2025-03-06 02:41:51,531 - INFO - [VAL] Epoch: 10/15 | Batch: 78/260 (30.4%) | Loss: 0.0117 | Batch time: 0.03s
2025-03-06 02:41:52,403 - INFO - [VAL] Epoch: 10/15 | Batch: 104/260 (40.4%) | Loss: 0.0092 | Batch time: 0.03s
2025-03-06 02:41:53,276 - INFO - [VAL] Epoch: 10/15 | Batch: 130/260 (50.4%) | Loss: 0.0535 | Batch time: 0.03s
2025-03-06 02:41:54,152 - INFO - [VAL] Epoch: 10/15 | Batch: 156/260 (60.4%) | Loss: 0.0076 | Batch time: 0.03s
2025-03-06 02:41:55,020 - INFO - [VAL] Epoch: 10/15 | Batch: 182/260 (70.4%) | Loss: 0.0152 | Batch time: 0.03s
2025-03-06 02:41:55,902 - INFO - [VAL] Epoch: 10/15 | Batch: 208/260 (80.4%) | Loss: 0.0030 | Batch time: 0.03s
2025-03-06 02:41:56,759 - INFO - [VAL] Epoch: 10/15 | Batch: 234/260 (90.4%) | Loss: 0.0066 | Batch time: 0.03s
2025-03-06 02:41:57,614 - INFO - [VAL] Epoch: 10/15 | Batch: 259/260 (100.0%) | Loss: 0.0147 | Batch time: 0.06s
2025-03-06 02:41:57,627 - INFO - --------------------------------------------------------------------------------
2025-03-06 02:41:57,627 - INFO - Epoch 10/15 completed in 212.29s
2025-03-06 02:41:57,627 - INFO - Training   - Loss: 0.1016, Accuracy: 0.9156, F1: 0.9166
2025-03-06 02:41:57,627 - INFO - Validation - Loss: 0.0163, Accuracy: 0.9839, F1: 0.9840
2025-03-06 02:41:57,627 - INFO - --------------------------------------------------------------------------------
2025-03-06 02:41:57,810 - INFO - Checkpoint saved: checkpoint_epoch_10.pth (Epoch 10)
2025-03-06 02:41:57,810 - INFO - Epoch 11/15
2025-03-06 02:41:57,810 - INFO - ----------------------------------------
2025-03-06 02:41:58,284 - INFO - [TRAIN] Epoch: 11/15 | Batch: 0/1213 (0.1%) | Loss: 0.1037 | Batch time: 0.25s
2025-03-06 02:42:18,467 - INFO - [TRAIN] Epoch: 11/15 | Batch: 121/1213 (10.1%) | Loss: 0.0752 | Batch time: 0.17s
2025-03-06 02:42:38,630 - INFO - [TRAIN] Epoch: 11/15 | Batch: 242/1213 (20.0%) | Loss: 0.0505 | Batch time: 0.17s
2025-03-06 02:42:58,784 - INFO - [TRAIN] Epoch: 11/15 | Batch: 363/1213 (30.0%) | Loss: 0.0195 | Batch time: 0.17s
2025-03-06 02:43:18,965 - INFO - [TRAIN] Epoch: 11/15 | Batch: 484/1213 (40.0%) | Loss: 0.0366 | Batch time: 0.17s
2025-03-06 02:43:39,142 - INFO - [TRAIN] Epoch: 11/15 | Batch: 605/1213 (50.0%) | Loss: 0.1314 | Batch time: 0.17s
2025-03-06 02:43:59,328 - INFO - [TRAIN] Epoch: 11/15 | Batch: 726/1213 (59.9%) | Loss: 0.1301 | Batch time: 0.17s
2025-03-06 02:44:19,519 - INFO - [TRAIN] Epoch: 11/15 | Batch: 847/1213 (69.9%) | Loss: 0.1777 | Batch time: 0.17s
2025-03-06 02:44:39,700 - INFO - [TRAIN] Epoch: 11/15 | Batch: 968/1213 (79.9%) | Loss: 0.0611 | Batch time: 0.16s
2025-03-06 02:44:59,886 - INFO - [TRAIN] Epoch: 11/15 | Batch: 1089/1213 (89.9%) | Loss: 0.0311 | Batch time: 0.17s
2025-03-06 02:45:20,122 - INFO - [TRAIN] Epoch: 11/15 | Batch: 1210/1213 (99.8%) | Loss: 0.0841 | Batch time: 0.17s
2025-03-06 02:45:20,564 - INFO - [TRAIN] Epoch: 11/15 | Batch: 1212/1213 (100.0%) | Loss: 0.0178 | Batch time: 0.27s
2025-03-06 02:45:20,712 - INFO - [VAL] Epoch: 11/15 | Batch: 0/260 (0.4%) | Loss: 0.0008 | Batch time: 0.05s
2025-03-06 02:45:21,604 - INFO - [VAL] Epoch: 11/15 | Batch: 26/260 (10.4%) | Loss: 0.0018 | Batch time: 0.03s
2025-03-06 02:45:22,494 - INFO - [VAL] Epoch: 11/15 | Batch: 52/260 (20.4%) | Loss: 0.0206 | Batch time: 0.03s
2025-03-06 02:45:23,366 - INFO - [VAL] Epoch: 11/15 | Batch: 78/260 (30.4%) | Loss: 0.0112 | Batch time: 0.03s
2025-03-06 02:45:24,237 - INFO - [VAL] Epoch: 11/15 | Batch: 104/260 (40.4%) | Loss: 0.0071 | Batch time: 0.03s
2025-03-06 02:45:25,105 - INFO - [VAL] Epoch: 11/15 | Batch: 130/260 (50.4%) | Loss: 0.0458 | Batch time: 0.03s
2025-03-06 02:45:25,983 - INFO - [VAL] Epoch: 11/15 | Batch: 156/260 (60.4%) | Loss: 0.0045 | Batch time: 0.03s
2025-03-06 02:45:26,853 - INFO - [VAL] Epoch: 11/15 | Batch: 182/260 (70.4%) | Loss: 0.0132 | Batch time: 0.03s
2025-03-06 02:45:27,733 - INFO - [VAL] Epoch: 11/15 | Batch: 208/260 (80.4%) | Loss: 0.0011 | Batch time: 0.03s
2025-03-06 02:45:28,590 - INFO - [VAL] Epoch: 11/15 | Batch: 234/260 (90.4%) | Loss: 0.0043 | Batch time: 0.03s
2025-03-06 02:45:29,445 - INFO - [VAL] Epoch: 11/15 | Batch: 259/260 (100.0%) | Loss: 0.0025 | Batch time: 0.05s
2025-03-06 02:45:29,744 - INFO - Checkpoint saved: efficientnet_b0_optuna_20250305_232525_trial_6_v1_best.pth (Epoch 11)
2025-03-06 02:45:29,752 - INFO - --------------------------------------------------------------------------------
2025-03-06 02:45:29,752 - INFO - Epoch 11/15 completed in 211.94s
2025-03-06 02:45:29,752 - INFO - Training   - Loss: 0.0992, Accuracy: 0.9181, F1: 0.9191
2025-03-06 02:45:29,752 - INFO - Validation - Loss: 0.0122, Accuracy: 0.9875, F1: 0.9875
2025-03-06 02:45:29,752 - INFO - Validation F1 improved from 0.9869 to 0.9875
2025-03-06 02:45:29,752 - INFO - --------------------------------------------------------------------------------
2025-03-06 02:45:29,752 - INFO - Epoch 12/15
2025-03-06 02:45:29,752 - INFO - ----------------------------------------
2025-03-06 02:45:30,249 - INFO - [TRAIN] Epoch: 12/15 | Batch: 0/1213 (0.1%) | Loss: 0.0745 | Batch time: 0.27s
2025-03-06 02:45:50,432 - INFO - [TRAIN] Epoch: 12/15 | Batch: 121/1213 (10.1%) | Loss: 0.0975 | Batch time: 0.17s
2025-03-06 02:46:10,561 - INFO - [TRAIN] Epoch: 12/15 | Batch: 242/1213 (20.0%) | Loss: 0.0820 | Batch time: 0.16s
2025-03-06 02:46:30,763 - INFO - [TRAIN] Epoch: 12/15 | Batch: 363/1213 (30.0%) | Loss: 0.1011 | Batch time: 0.17s
2025-03-06 02:46:51,042 - INFO - [TRAIN] Epoch: 12/15 | Batch: 484/1213 (40.0%) | Loss: 0.0212 | Batch time: 0.17s
2025-03-06 02:47:11,238 - INFO - [TRAIN] Epoch: 12/15 | Batch: 605/1213 (50.0%) | Loss: 0.0262 | Batch time: 0.17s
2025-03-06 02:47:31,397 - INFO - [TRAIN] Epoch: 12/15 | Batch: 726/1213 (59.9%) | Loss: 0.0724 | Batch time: 0.16s
2025-03-06 02:47:51,531 - INFO - [TRAIN] Epoch: 12/15 | Batch: 847/1213 (69.9%) | Loss: 0.2270 | Batch time: 0.17s
2025-03-06 02:48:11,708 - INFO - [TRAIN] Epoch: 12/15 | Batch: 968/1213 (79.9%) | Loss: 0.1221 | Batch time: 0.17s
2025-03-06 02:48:31,903 - INFO - [TRAIN] Epoch: 12/15 | Batch: 1089/1213 (89.9%) | Loss: 0.0716 | Batch time: 0.17s
2025-03-06 02:48:52,162 - INFO - [TRAIN] Epoch: 12/15 | Batch: 1210/1213 (99.8%) | Loss: 0.0834 | Batch time: 0.17s
2025-03-06 02:48:52,630 - INFO - [TRAIN] Epoch: 12/15 | Batch: 1212/1213 (100.0%) | Loss: 0.1028 | Batch time: 0.30s
2025-03-06 02:48:52,750 - INFO - [VAL] Epoch: 12/15 | Batch: 0/260 (0.4%) | Loss: 0.0020 | Batch time: 0.04s
2025-03-06 02:48:53,641 - INFO - [VAL] Epoch: 12/15 | Batch: 26/260 (10.4%) | Loss: 0.0010 | Batch time: 0.03s
2025-03-06 02:48:54,552 - INFO - [VAL] Epoch: 12/15 | Batch: 52/260 (20.4%) | Loss: 0.0213 | Batch time: 0.03s
2025-03-06 02:48:55,426 - INFO - [VAL] Epoch: 12/15 | Batch: 78/260 (30.4%) | Loss: 0.0164 | Batch time: 0.03s
2025-03-06 02:48:56,290 - INFO - [VAL] Epoch: 12/15 | Batch: 104/260 (40.4%) | Loss: 0.0086 | Batch time: 0.03s
2025-03-06 02:48:57,165 - INFO - [VAL] Epoch: 12/15 | Batch: 130/260 (50.4%) | Loss: 0.0287 | Batch time: 0.03s
2025-03-06 02:48:58,029 - INFO - [VAL] Epoch: 12/15 | Batch: 156/260 (60.4%) | Loss: 0.0052 | Batch time: 0.03s
2025-03-06 02:48:58,913 - INFO - [VAL] Epoch: 12/15 | Batch: 182/260 (70.4%) | Loss: 0.0138 | Batch time: 0.03s
2025-03-06 02:48:59,779 - INFO - [VAL] Epoch: 12/15 | Batch: 208/260 (80.4%) | Loss: 0.0005 | Batch time: 0.03s
2025-03-06 02:49:00,642 - INFO - [VAL] Epoch: 12/15 | Batch: 234/260 (90.4%) | Loss: 0.0080 | Batch time: 0.03s
2025-03-06 02:49:01,494 - INFO - [VAL] Epoch: 12/15 | Batch: 259/260 (100.0%) | Loss: 0.0014 | Batch time: 0.06s
2025-03-06 02:49:01,785 - INFO - Checkpoint saved: efficientnet_b0_optuna_20250305_232525_trial_6_v1_best.pth (Epoch 12)
2025-03-06 02:49:01,788 - INFO - --------------------------------------------------------------------------------
2025-03-06 02:49:01,788 - INFO - Epoch 12/15 completed in 212.04s
2025-03-06 02:49:01,788 - INFO - Training   - Loss: 0.0961, Accuracy: 0.9200, F1: 0.9211
2025-03-06 02:49:01,788 - INFO - Validation - Loss: 0.0114, Accuracy: 0.9907, F1: 0.9908
2025-03-06 02:49:01,788 - INFO - Validation F1 improved from 0.9875 to 0.9908
2025-03-06 02:49:01,788 - INFO - --------------------------------------------------------------------------------
2025-03-06 02:49:01,788 - INFO - Epoch 13/15
2025-03-06 02:49:01,788 - INFO - ----------------------------------------
2025-03-06 02:49:02,265 - INFO - [TRAIN] Epoch: 13/15 | Batch: 0/1213 (0.1%) | Loss: 0.1611 | Batch time: 0.26s
2025-03-06 02:49:22,445 - INFO - [TRAIN] Epoch: 13/15 | Batch: 121/1213 (10.1%) | Loss: 0.1279 | Batch time: 0.16s
2025-03-06 02:49:42,587 - INFO - [TRAIN] Epoch: 13/15 | Batch: 242/1213 (20.0%) | Loss: 0.1255 | Batch time: 0.16s
2025-03-06 02:50:02,736 - INFO - [TRAIN] Epoch: 13/15 | Batch: 363/1213 (30.0%) | Loss: 0.0583 | Batch time: 0.17s
2025-03-06 02:50:22,909 - INFO - [TRAIN] Epoch: 13/15 | Batch: 484/1213 (40.0%) | Loss: 0.0652 | Batch time: 0.17s
2025-03-06 02:50:43,082 - INFO - [TRAIN] Epoch: 13/15 | Batch: 605/1213 (50.0%) | Loss: 0.0691 | Batch time: 0.17s
2025-03-06 02:51:03,263 - INFO - [TRAIN] Epoch: 13/15 | Batch: 726/1213 (59.9%) | Loss: 0.0580 | Batch time: 0.17s
2025-03-06 02:51:23,460 - INFO - [TRAIN] Epoch: 13/15 | Batch: 847/1213 (69.9%) | Loss: 0.1328 | Batch time: 0.17s
2025-03-06 02:51:43,651 - INFO - [TRAIN] Epoch: 13/15 | Batch: 968/1213 (79.9%) | Loss: 0.0553 | Batch time: 0.17s
2025-03-06 02:52:03,855 - INFO - [TRAIN] Epoch: 13/15 | Batch: 1089/1213 (89.9%) | Loss: 0.0353 | Batch time: 0.17s
2025-03-06 02:52:24,143 - INFO - [TRAIN] Epoch: 13/15 | Batch: 1210/1213 (99.8%) | Loss: 0.2591 | Batch time: 0.17s
2025-03-06 02:52:24,609 - INFO - [TRAIN] Epoch: 13/15 | Batch: 1212/1213 (100.0%) | Loss: 0.1964 | Batch time: 0.30s
2025-03-06 02:52:24,731 - INFO - [VAL] Epoch: 13/15 | Batch: 0/260 (0.4%) | Loss: 0.0016 | Batch time: 0.04s
2025-03-06 02:52:25,626 - INFO - [VAL] Epoch: 13/15 | Batch: 26/260 (10.4%) | Loss: 0.0007 | Batch time: 0.03s
2025-03-06 02:52:26,536 - INFO - [VAL] Epoch: 13/15 | Batch: 52/260 (20.4%) | Loss: 0.0146 | Batch time: 0.04s
2025-03-06 02:52:27,412 - INFO - [VAL] Epoch: 13/15 | Batch: 78/260 (30.4%) | Loss: 0.0139 | Batch time: 0.03s
2025-03-06 02:52:28,284 - INFO - [VAL] Epoch: 13/15 | Batch: 104/260 (40.4%) | Loss: 0.0067 | Batch time: 0.03s
2025-03-06 02:52:29,152 - INFO - [VAL] Epoch: 13/15 | Batch: 130/260 (50.4%) | Loss: 0.0207 | Batch time: 0.03s
2025-03-06 02:52:30,032 - INFO - [VAL] Epoch: 13/15 | Batch: 156/260 (60.4%) | Loss: 0.0062 | Batch time: 0.03s
2025-03-06 02:52:30,898 - INFO - [VAL] Epoch: 13/15 | Batch: 182/260 (70.4%) | Loss: 0.0133 | Batch time: 0.03s
2025-03-06 02:52:31,778 - INFO - [VAL] Epoch: 13/15 | Batch: 208/260 (80.4%) | Loss: 0.0004 | Batch time: 0.03s
2025-03-06 02:52:32,636 - INFO - [VAL] Epoch: 13/15 | Batch: 234/260 (90.4%) | Loss: 0.0067 | Batch time: 0.03s
2025-03-06 02:52:33,489 - INFO - [VAL] Epoch: 13/15 | Batch: 259/260 (100.0%) | Loss: 0.0110 | Batch time: 0.05s
2025-03-06 02:52:33,502 - INFO - --------------------------------------------------------------------------------
2025-03-06 02:52:33,502 - INFO - Epoch 13/15 completed in 211.71s
2025-03-06 02:52:33,502 - INFO - Training   - Loss: 0.0890, Accuracy: 0.9219, F1: 0.9227
2025-03-06 02:52:33,502 - INFO - Validation - Loss: 0.0108, Accuracy: 0.9894, F1: 0.9895
2025-03-06 02:52:33,502 - INFO - --------------------------------------------------------------------------------
2025-03-06 02:52:33,502 - INFO - Epoch 14/15
2025-03-06 02:52:33,502 - INFO - ----------------------------------------
2025-03-06 02:52:33,990 - INFO - [TRAIN] Epoch: 14/15 | Batch: 0/1213 (0.1%) | Loss: 0.0681 | Batch time: 0.24s
2025-03-06 02:52:54,147 - INFO - [TRAIN] Epoch: 14/15 | Batch: 121/1213 (10.1%) | Loss: 0.0587 | Batch time: 0.17s
2025-03-06 02:53:14,280 - INFO - [TRAIN] Epoch: 14/15 | Batch: 242/1213 (20.0%) | Loss: 0.0922 | Batch time: 0.17s
2025-03-06 02:53:34,437 - INFO - [TRAIN] Epoch: 14/15 | Batch: 363/1213 (30.0%) | Loss: 0.0325 | Batch time: 0.17s
2025-03-06 02:53:54,645 - INFO - [TRAIN] Epoch: 14/15 | Batch: 484/1213 (40.0%) | Loss: 0.0607 | Batch time: 0.17s
2025-03-06 02:54:14,848 - INFO - [TRAIN] Epoch: 14/15 | Batch: 605/1213 (50.0%) | Loss: 0.0261 | Batch time: 0.17s
2025-03-06 02:54:35,077 - INFO - [TRAIN] Epoch: 14/15 | Batch: 726/1213 (59.9%) | Loss: 0.0666 | Batch time: 0.17s
2025-03-06 02:54:55,471 - INFO - [TRAIN] Epoch: 14/15 | Batch: 847/1213 (69.9%) | Loss: 0.0303 | Batch time: 0.17s
2025-03-06 02:55:15,807 - INFO - [TRAIN] Epoch: 14/15 | Batch: 968/1213 (79.9%) | Loss: 0.0381 | Batch time: 0.17s
2025-03-06 02:55:36,047 - INFO - [TRAIN] Epoch: 14/15 | Batch: 1089/1213 (89.9%) | Loss: 0.1044 | Batch time: 0.17s
2025-03-06 02:55:56,345 - INFO - [TRAIN] Epoch: 14/15 | Batch: 1210/1213 (99.8%) | Loss: 0.0802 | Batch time: 0.17s
2025-03-06 02:55:56,701 - INFO - [TRAIN] Epoch: 14/15 | Batch: 1212/1213 (100.0%) | Loss: 0.0756 | Batch time: 0.19s
2025-03-06 02:55:56,826 - INFO - [VAL] Epoch: 14/15 | Batch: 0/260 (0.4%) | Loss: 0.0013 | Batch time: 0.04s
2025-03-06 02:55:57,730 - INFO - [VAL] Epoch: 14/15 | Batch: 26/260 (10.4%) | Loss: 0.0007 | Batch time: 0.03s
2025-03-06 02:55:58,617 - INFO - [VAL] Epoch: 14/15 | Batch: 52/260 (20.4%) | Loss: 0.0173 | Batch time: 0.03s
2025-03-06 02:55:59,493 - INFO - [VAL] Epoch: 14/15 | Batch: 78/260 (30.4%) | Loss: 0.0147 | Batch time: 0.03s
2025-03-06 02:56:00,368 - INFO - [VAL] Epoch: 14/15 | Batch: 104/260 (40.4%) | Loss: 0.0052 | Batch time: 0.03s
2025-03-06 02:56:01,233 - INFO - [VAL] Epoch: 14/15 | Batch: 130/260 (50.4%) | Loss: 0.0281 | Batch time: 0.03s
2025-03-06 02:56:02,112 - INFO - [VAL] Epoch: 14/15 | Batch: 156/260 (60.4%) | Loss: 0.0044 | Batch time: 0.03s
2025-03-06 02:56:02,976 - INFO - [VAL] Epoch: 14/15 | Batch: 182/260 (70.4%) | Loss: 0.0155 | Batch time: 0.03s
2025-03-06 02:56:03,855 - INFO - [VAL] Epoch: 14/15 | Batch: 208/260 (80.4%) | Loss: 0.0006 | Batch time: 0.03s
2025-03-06 02:56:04,717 - INFO - [VAL] Epoch: 14/15 | Batch: 234/260 (90.4%) | Loss: 0.0085 | Batch time: 0.03s
2025-03-06 02:56:05,560 - INFO - [VAL] Epoch: 14/15 | Batch: 259/260 (100.0%) | Loss: 0.0031 | Batch time: 0.05s
2025-03-06 02:56:05,573 - INFO - --------------------------------------------------------------------------------
2025-03-06 02:56:05,573 - INFO - Epoch 14/15 completed in 212.07s
2025-03-06 02:56:05,573 - INFO - Training   - Loss: 0.0899, Accuracy: 0.9268, F1: 0.9276
2025-03-06 02:56:05,573 - INFO - Validation - Loss: 0.0106, Accuracy: 0.9899, F1: 0.9900
2025-03-06 02:56:05,573 - INFO - --------------------------------------------------------------------------------
2025-03-06 02:56:05,573 - INFO - Epoch 15/15
2025-03-06 02:56:05,573 - INFO - ----------------------------------------
2025-03-06 02:56:06,031 - INFO - [TRAIN] Epoch: 15/15 | Batch: 0/1213 (0.1%) | Loss: 0.1483 | Batch time: 0.25s
2025-03-06 02:56:26,223 - INFO - [TRAIN] Epoch: 15/15 | Batch: 121/1213 (10.1%) | Loss: 0.0284 | Batch time: 0.17s
2025-03-06 02:56:46,336 - INFO - [TRAIN] Epoch: 15/15 | Batch: 242/1213 (20.0%) | Loss: 0.0588 | Batch time: 0.16s
2025-03-06 02:57:06,463 - INFO - [TRAIN] Epoch: 15/15 | Batch: 363/1213 (30.0%) | Loss: 0.0354 | Batch time: 0.17s
2025-03-06 02:57:26,628 - INFO - [TRAIN] Epoch: 15/15 | Batch: 484/1213 (40.0%) | Loss: 0.0775 | Batch time: 0.17s
2025-03-06 02:57:46,786 - INFO - [TRAIN] Epoch: 15/15 | Batch: 605/1213 (50.0%) | Loss: 0.0662 | Batch time: 0.17s
2025-03-06 02:58:06,977 - INFO - [TRAIN] Epoch: 15/15 | Batch: 726/1213 (59.9%) | Loss: 0.0709 | Batch time: 0.17s
2025-03-06 02:58:27,180 - INFO - [TRAIN] Epoch: 15/15 | Batch: 847/1213 (69.9%) | Loss: 0.0997 | Batch time: 0.17s
2025-03-06 02:58:47,435 - INFO - [TRAIN] Epoch: 15/15 | Batch: 968/1213 (79.9%) | Loss: 0.0788 | Batch time: 0.17s
2025-03-06 02:59:07,631 - INFO - [TRAIN] Epoch: 15/15 | Batch: 1089/1213 (89.9%) | Loss: 0.0516 | Batch time: 0.17s
2025-03-06 02:59:28,006 - INFO - [TRAIN] Epoch: 15/15 | Batch: 1210/1213 (99.8%) | Loss: 0.0398 | Batch time: 0.17s
2025-03-06 02:59:28,363 - INFO - [TRAIN] Epoch: 15/15 | Batch: 1212/1213 (100.0%) | Loss: 0.1965 | Batch time: 0.18s
2025-03-06 02:59:28,491 - INFO - [VAL] Epoch: 15/15 | Batch: 0/260 (0.4%) | Loss: 0.0014 | Batch time: 0.04s
2025-03-06 02:59:29,439 - INFO - [VAL] Epoch: 15/15 | Batch: 26/260 (10.4%) | Loss: 0.0005 | Batch time: 0.04s
2025-03-06 02:59:30,410 - INFO - [VAL] Epoch: 15/15 | Batch: 52/260 (20.4%) | Loss: 0.0178 | Batch time: 0.03s
2025-03-06 02:59:31,415 - INFO - [VAL] Epoch: 15/15 | Batch: 78/260 (30.4%) | Loss: 0.0158 | Batch time: 0.04s
2025-03-06 02:59:32,362 - INFO - [VAL] Epoch: 15/15 | Batch: 104/260 (40.4%) | Loss: 0.0061 | Batch time: 0.04s
2025-03-06 02:59:33,311 - INFO - [VAL] Epoch: 15/15 | Batch: 130/260 (50.4%) | Loss: 0.0320 | Batch time: 0.03s
2025-03-06 02:59:34,206 - INFO - [VAL] Epoch: 15/15 | Batch: 156/260 (60.4%) | Loss: 0.0041 | Batch time: 0.04s
2025-03-06 02:59:35,134 - INFO - [VAL] Epoch: 15/15 | Batch: 182/260 (70.4%) | Loss: 0.0144 | Batch time: 0.03s
2025-03-06 02:59:36,053 - INFO - [VAL] Epoch: 15/15 | Batch: 208/260 (80.4%) | Loss: 0.0005 | Batch time: 0.03s
2025-03-06 02:59:36,939 - INFO - [VAL] Epoch: 15/15 | Batch: 234/260 (90.4%) | Loss: 0.0064 | Batch time: 0.03s
2025-03-06 02:59:37,821 - INFO - [VAL] Epoch: 15/15 | Batch: 259/260 (100.0%) | Loss: 0.0024 | Batch time: 0.05s
2025-03-06 02:59:37,832 - INFO - --------------------------------------------------------------------------------
2025-03-06 02:59:37,832 - INFO - Epoch 15/15 completed in 212.26s
2025-03-06 02:59:37,832 - INFO - Training   - Loss: 0.0880, Accuracy: 0.9258, F1: 0.9267
2025-03-06 02:59:37,832 - INFO - Validation - Loss: 0.0106, Accuracy: 0.9897, F1: 0.9897
2025-03-06 02:59:37,832 - INFO - --------------------------------------------------------------------------------
2025-03-06 02:59:38,004 - INFO - Checkpoint saved: checkpoint_epoch_15.pth (Epoch 15)
2025-03-06 02:59:38,008 - INFO - --------------------------------------------------------------------------------
2025-03-06 02:59:38,008 - INFO - Training completed in 0h 54m 26.07s
2025-03-06 02:59:38,008 - INFO - Best validation F1: 0.9908 (Epoch 12)
2025-03-06 02:59:38,008 - INFO - --------------------------------------------------------------------------------
2025-03-06 02:59:38,125 - INFO - Trial 6 completed with best val F1: 0.9908
