2025-03-03 23:27:22,692 - INFO - Starting experiment: resnet18
2025-03-03 23:27:22,692 - INFO - Command line arguments: Namespace(data_dir='data/raw', output_dir='models/resnet18_v1', model='resnet18', img_size=224, batch_size=32, num_workers=16, epochs=30, lr=0.001, weight_decay=0.0001, use_weights=True, freeze_backbone=True, no_cuda=False, no_mps=False, use_mps=True, use_amp=False, memory_efficient=True, cache_dataset=True, mps_graph=True, mps_fallback=False, pin_memory=False, optimize_for_m_series=True, patience=10, keep_top_k=3, version=None, find_lr=False, experiment_name='resnet18', resnet_version=50)
2025-03-03 23:27:22,692 - INFO - Processing dataset...
2025-03-03 23:27:22,795 - INFO - Class distribution:
2025-03-03 23:27:22,795 - INFO -   Tomato_healthy: 1591 images
2025-03-03 23:27:22,795 - INFO -   Potato___Early_blight: 1000 images
2025-03-03 23:27:22,795 - INFO -   Tomato__Tomato_YellowLeaf__Curl_Virus: 3208 images
2025-03-03 23:27:22,795 - INFO -   Tomato_Early_blight: 1000 images
2025-03-03 23:27:22,795 - INFO -   Tomato__Target_Spot: 1404 images
2025-03-03 23:27:22,795 - INFO -   Potato___Late_blight: 1000 images
2025-03-03 23:27:22,795 - INFO -   Tomato_Leaf_Mold: 952 images
2025-03-03 23:27:22,795 - INFO -   Tomato_Spider_mites_Two_spotted_spider_mite: 1676 images
2025-03-03 23:27:22,795 - INFO -   Tomato_Septoria_leaf_spot: 1771 images
2025-03-03 23:27:22,795 - INFO -   Tomato__Tomato_mosaic_virus: 373 images
2025-03-03 23:27:22,795 - INFO -   Pepper__bell___Bacterial_spot: 997 images
2025-03-03 23:27:22,795 - INFO -   Tomato_Bacterial_spot: 2127 images
2025-03-03 23:27:22,795 - INFO -   Tomato_Late_blight: 1909 images
2025-03-03 23:27:22,795 - INFO -   Pepper__bell___healthy: 1478 images
2025-03-03 23:27:22,795 - INFO -   Potato___healthy: 152 images
2025-03-03 23:27:22,795 - INFO - Creating model: resnet18 with 15 classes
2025-03-03 23:27:22,929 - INFO - Model architecture:
ResNet(
  (conv1): Conv2d(3, 64, kernel_size=(7, 7), stride=(2, 2), padding=(3, 3), bias=False)
  (bn1): BatchNorm2d(64, eps=1e-05, momentum=0.1, affine=True, track_running_stats=True)
  (relu): ReLU(inplace=True)
  (maxpool): MaxPool2d(kernel_size=3, stride=2, padding=1, dilation=1, ceil_mode=False)
  (layer1): Sequential(
    (0): BasicBlock(
      (conv1): Conv2d(64, 64, kernel_size=(3, 3), stride=(1, 1), padding=(1, 1), bias=False)
      (bn1): BatchNorm2d(64, eps=1e-05, momentum=0.1, affine=True, track_running_stats=True)
      (relu): ReLU(inplace=True)
      (conv2): Conv2d(64, 64, kernel_size=(3, 3), stride=(1, 1), padding=(1, 1), bias=False)
      (bn2): BatchNorm2d(64, eps=1e-05, momentum=0.1, affine=True, track_running_stats=True)
    )
    (1): BasicBlock(
      (conv1): Conv2d(64, 64, kernel_size=(3, 3), stride=(1, 1), padding=(1, 1), bias=False)
      (bn1): BatchNorm2d(64, eps=1e-05, momentum=0.1, affine=True, track_running_stats=True)
      (relu): ReLU(inplace=True)
      (conv2): Conv2d(64, 64, kernel_size=(3, 3), stride=(1, 1), padding=(1, 1), bias=False)
      (bn2): BatchNorm2d(64, eps=1e-05, momentum=0.1, affine=True, track_running_stats=True)
    )
  )
  (layer2): Sequential(
    (0): BasicBlock(
      (conv1): Conv2d(64, 128, kernel_size=(3, 3), stride=(2, 2), padding=(1, 1), bias=False)
      (bn1): BatchNorm2d(128, eps=1e-05, momentum=0.1, affine=True, track_running_stats=True)
      (relu): ReLU(inplace=True)
      (conv2): Conv2d(128, 128, kernel_size=(3, 3), stride=(1, 1), padding=(1, 1), bias=False)
      (bn2): BatchNorm2d(128, eps=1e-05, momentum=0.1, affine=True, track_running_stats=True)
      (downsample): Sequential(
        (0): Conv2d(64, 128, kernel_size=(1, 1), stride=(2, 2), bias=False)
        (1): BatchNorm2d(128, eps=1e-05, momentum=0.1, affine=True, track_running_stats=True)
      )
    )
    (1): BasicBlock(
      (conv1): Conv2d(128, 128, kernel_size=(3, 3), stride=(1, 1), padding=(1, 1), bias=False)
      (bn1): BatchNorm2d(128, eps=1e-05, momentum=0.1, affine=True, track_running_stats=True)
      (relu): ReLU(inplace=True)
      (conv2): Conv2d(128, 128, kernel_size=(3, 3), stride=(1, 1), padding=(1, 1), bias=False)
      (bn2): BatchNorm2d(128, eps=1e-05, momentum=0.1, affine=True, track_running_stats=True)
    )
  )
  (layer3): Sequential(
    (0): BasicBlock(
      (conv1): Conv2d(128, 256, kernel_size=(3, 3), stride=(2, 2), padding=(1, 1), bias=False)
      (bn1): BatchNorm2d(256, eps=1e-05, momentum=0.1, affine=True, track_running_stats=True)
      (relu): ReLU(inplace=True)
      (conv2): Conv2d(256, 256, kernel_size=(3, 3), stride=(1, 1), padding=(1, 1), bias=False)
      (bn2): BatchNorm2d(256, eps=1e-05, momentum=0.1, affine=True, track_running_stats=True)
      (downsample): Sequential(
        (0): Conv2d(128, 256, kernel_size=(1, 1), stride=(2, 2), bias=False)
        (1): BatchNorm2d(256, eps=1e-05, momentum=0.1, affine=True, track_running_stats=True)
      )
    )
    (1): BasicBlock(
      (conv1): Conv2d(256, 256, kernel_size=(3, 3), stride=(1, 1), padding=(1, 1), bias=False)
      (bn1): BatchNorm2d(256, eps=1e-05, momentum=0.1, affine=True, track_running_stats=True)
      (relu): ReLU(inplace=True)
      (conv2): Conv2d(256, 256, kernel_size=(3, 3), stride=(1, 1), padding=(1, 1), bias=False)
      (bn2): BatchNorm2d(256, eps=1e-05, momentum=0.1, affine=True, track_running_stats=True)
    )
  )
  (layer4): Sequential(
    (0): BasicBlock(
      (conv1): Conv2d(256, 512, kernel_size=(3, 3), stride=(2, 2), padding=(1, 1), bias=False)
      (bn1): BatchNorm2d(512, eps=1e-05, momentum=0.1, affine=True, track_running_stats=True)
      (relu): ReLU(inplace=True)
      (conv2): Conv2d(512, 512, kernel_size=(3, 3), stride=(1, 1), padding=(1, 1), bias=False)
      (bn2): BatchNorm2d(512, eps=1e-05, momentum=0.1, affine=True, track_running_stats=True)
      (downsample): Sequential(
        (0): Conv2d(256, 512, kernel_size=(1, 1), stride=(2, 2), bias=False)
        (1): BatchNorm2d(512, eps=1e-05, momentum=0.1, affine=True, track_running_stats=True)
      )
    )
    (1): BasicBlock(
      (conv1): Conv2d(512, 512, kernel_size=(3, 3), stride=(1, 1), padding=(1, 1), bias=False)
      (bn1): BatchNorm2d(512, eps=1e-05, momentum=0.1, affine=True, track_running_stats=True)
      (relu): ReLU(inplace=True)
      (conv2): Conv2d(512, 512, kernel_size=(3, 3), stride=(1, 1), padding=(1, 1), bias=False)
      (bn2): BatchNorm2d(512, eps=1e-05, momentum=0.1, affine=True, track_running_stats=True)
    )
  )
  (avgpool): AdaptiveAvgPool2d(output_size=(1, 1))
  (fc): Sequential(
    (0): Dropout(p=0.3, inplace=False)
    (1): Linear(in_features=512, out_features=15, bias=True)
  )
)
2025-03-03 23:27:22,930 - INFO - Using class weights: [0.5015516  0.7979687  0.24874336 0.7979687  0.5683538  0.7979687
 0.8382024  0.47611496 0.4505752  2.1393263  0.8003698  0.3751616
 0.4180035  0.5398976  5.249794  ]
2025-03-03 23:27:22,930 - INFO - Training only 2 parameters (classifier)
2025-03-03 23:27:22,931 - INFO - Starting training for 30 epochs
2025-03-03 23:27:22,931 - INFO - Using Automatic Mixed Precision: False
2025-03-03 23:27:22,931 - INFO - Early stopping patience: 10
2025-03-03 23:27:22,931 - INFO - --------------------------------------------------------------------------------
2025-03-03 23:27:22,931 - INFO - Starting training: resnet18
2025-03-03 23:27:22,931 - INFO - Total epochs: 30
2025-03-03 23:27:22,931 - INFO - Training batches per epoch: 452
2025-03-03 23:27:22,931 - INFO - Validation batches per epoch: 97
2025-03-03 23:27:22,931 - INFO - --------------------------------------------------------------------------------
2025-03-03 23:27:22,931 - INFO - Training model: resnet18_v1
2025-03-03 23:27:22,931 - INFO - Epoch 1/30
2025-03-03 23:27:22,931 - INFO - ----------------------------------------
2025-03-03 23:27:49,898 - INFO - [TRAIN] Epoch: 1/30 | Batch: 0/452 (0.2%) | Loss: 3.1161 | Batch time: 0.28s
2025-03-03 23:27:50,667 - INFO - [TRAIN] Epoch: 1/30 | Batch: 45/452 (10.2%) | Loss: 2.6034 | Batch time: 0.02s
2025-03-03 23:27:51,437 - INFO - [TRAIN] Epoch: 1/30 | Batch: 90/452 (20.1%) | Loss: 2.1218 | Batch time: 0.02s
2025-03-03 23:27:52,202 - INFO - [TRAIN] Epoch: 1/30 | Batch: 135/452 (30.1%) | Loss: 1.7184 | Batch time: 0.02s
2025-03-03 23:27:52,971 - INFO - [TRAIN] Epoch: 1/30 | Batch: 180/452 (40.0%) | Loss: 1.5878 | Batch time: 0.02s
2025-03-03 23:27:53,737 - INFO - [TRAIN] Epoch: 1/30 | Batch: 225/452 (50.0%) | Loss: 1.5954 | Batch time: 0.02s
2025-03-03 23:27:54,501 - INFO - [TRAIN] Epoch: 1/30 | Batch: 270/452 (60.0%) | Loss: 1.6495 | Batch time: 0.02s
2025-03-03 23:27:55,266 - INFO - [TRAIN] Epoch: 1/30 | Batch: 315/452 (69.9%) | Loss: 1.5075 | Batch time: 0.02s
2025-03-03 23:27:56,048 - INFO - [TRAIN] Epoch: 1/30 | Batch: 360/452 (79.9%) | Loss: 1.0344 | Batch time: 0.02s
2025-03-03 23:27:56,854 - INFO - [TRAIN] Epoch: 1/30 | Batch: 405/452 (89.8%) | Loss: 1.4516 | Batch time: 0.02s
2025-03-03 23:27:57,611 - INFO - [TRAIN] Epoch: 1/30 | Batch: 450/452 (99.8%) | Loss: 1.4311 | Batch time: 0.02s
2025-03-03 23:27:57,729 - INFO - [TRAIN] Epoch: 1/30 | Batch: 451/452 (100.0%) | Loss: 1.5834 | Batch time: 0.12s
2025-03-03 23:28:25,607 - INFO - [VAL] Epoch: 1/30 | Batch: 0/97 (1.0%) | Loss: 0.8756 | Batch time: 0.13s
2025-03-03 23:28:25,742 - INFO - [VAL] Epoch: 1/30 | Batch: 9/97 (10.3%) | Loss: 0.9032 | Batch time: 0.01s
2025-03-03 23:28:25,878 - INFO - [VAL] Epoch: 1/30 | Batch: 18/97 (19.6%) | Loss: 1.1276 | Batch time: 0.02s
2025-03-03 23:28:26,012 - INFO - [VAL] Epoch: 1/30 | Batch: 27/97 (28.9%) | Loss: 1.0494 | Batch time: 0.01s
2025-03-03 23:28:26,145 - INFO - [VAL] Epoch: 1/30 | Batch: 36/97 (38.1%) | Loss: 0.9735 | Batch time: 0.01s
2025-03-03 23:28:26,278 - INFO - [VAL] Epoch: 1/30 | Batch: 45/97 (47.4%) | Loss: 0.8863 | Batch time: 0.01s
2025-03-03 23:28:26,412 - INFO - [VAL] Epoch: 1/30 | Batch: 54/97 (56.7%) | Loss: 1.2588 | Batch time: 0.01s
2025-03-03 23:28:26,545 - INFO - [VAL] Epoch: 1/30 | Batch: 63/97 (66.0%) | Loss: 1.1006 | Batch time: 0.01s
2025-03-03 23:28:26,677 - INFO - [VAL] Epoch: 1/30 | Batch: 72/97 (75.3%) | Loss: 1.0244 | Batch time: 0.01s
2025-03-03 23:28:26,812 - INFO - [VAL] Epoch: 1/30 | Batch: 81/97 (84.5%) | Loss: 0.7193 | Batch time: 0.01s
2025-03-03 23:28:26,944 - INFO - [VAL] Epoch: 1/30 | Batch: 90/97 (93.8%) | Loss: 1.1849 | Batch time: 0.01s
2025-03-03 23:28:27,082 - INFO - [VAL] Epoch: 1/30 | Batch: 96/97 (100.0%) | Loss: 0.9006 | Batch time: 0.06s
2025-03-03 23:28:27,253 - INFO - Checkpoint saved: resnet18_v1_best.pth (Epoch 1)
2025-03-03 23:28:27,253 - INFO - --------------------------------------------------------------------------------
2025-03-03 23:28:27,253 - INFO - Epoch 1/30 completed in 64.32s
2025-03-03 23:28:27,253 - INFO - Training   - Loss: 1.8520, Accuracy: 0.4461, F1: 0.4564
2025-03-03 23:28:27,253 - INFO - Validation - Loss: 1.0212, Accuracy: 0.7542, F1: 0.7553
2025-03-03 23:28:27,253 - INFO - --------------------------------------------------------------------------------
2025-03-03 23:28:27,253 - INFO - Epoch 2/30
2025-03-03 23:28:27,253 - INFO - ----------------------------------------
2025-03-03 23:28:27,484 - INFO - [TRAIN] Epoch: 2/30 | Batch: 0/452 (0.2%) | Loss: 1.4263 | Batch time: 0.05s
2025-03-03 23:28:28,316 - INFO - [TRAIN] Epoch: 2/30 | Batch: 45/452 (10.2%) | Loss: 1.7659 | Batch time: 0.02s
2025-03-03 23:28:29,091 - INFO - [TRAIN] Epoch: 2/30 | Batch: 90/452 (20.1%) | Loss: 1.7870 | Batch time: 0.02s
2025-03-03 23:28:29,858 - INFO - [TRAIN] Epoch: 2/30 | Batch: 135/452 (30.1%) | Loss: 1.0250 | Batch time: 0.02s
2025-03-03 23:28:30,626 - INFO - [TRAIN] Epoch: 2/30 | Batch: 180/452 (40.0%) | Loss: 1.3373 | Batch time: 0.02s
2025-03-03 23:28:31,396 - INFO - [TRAIN] Epoch: 2/30 | Batch: 225/452 (50.0%) | Loss: 1.6235 | Batch time: 0.02s
2025-03-03 23:28:32,166 - INFO - [TRAIN] Epoch: 2/30 | Batch: 270/452 (60.0%) | Loss: 1.1629 | Batch time: 0.02s
2025-03-03 23:28:32,948 - INFO - [TRAIN] Epoch: 2/30 | Batch: 315/452 (69.9%) | Loss: 1.4628 | Batch time: 0.02s
2025-03-03 23:28:33,757 - INFO - [TRAIN] Epoch: 2/30 | Batch: 360/452 (79.9%) | Loss: 1.2440 | Batch time: 0.02s
2025-03-03 23:28:34,555 - INFO - [TRAIN] Epoch: 2/30 | Batch: 405/452 (89.8%) | Loss: 1.2213 | Batch time: 0.02s
2025-03-03 23:28:35,331 - INFO - [TRAIN] Epoch: 2/30 | Batch: 450/452 (99.8%) | Loss: 1.2357 | Batch time: 0.02s
2025-03-03 23:28:35,339 - INFO - [TRAIN] Epoch: 2/30 | Batch: 451/452 (100.0%) | Loss: 2.0721 | Batch time: 0.01s
2025-03-03 23:28:35,416 - INFO - [VAL] Epoch: 2/30 | Batch: 0/97 (1.0%) | Loss: 0.6528 | Batch time: 0.02s
2025-03-03 23:28:35,560 - INFO - [VAL] Epoch: 2/30 | Batch: 9/97 (10.3%) | Loss: 0.7172 | Batch time: 0.01s
2025-03-03 23:28:35,695 - INFO - [VAL] Epoch: 2/30 | Batch: 18/97 (19.6%) | Loss: 0.7785 | Batch time: 0.01s
2025-03-03 23:28:35,829 - INFO - [VAL] Epoch: 2/30 | Batch: 27/97 (28.9%) | Loss: 0.8699 | Batch time: 0.01s
2025-03-03 23:28:35,965 - INFO - [VAL] Epoch: 2/30 | Batch: 36/97 (38.1%) | Loss: 0.7983 | Batch time: 0.01s
2025-03-03 23:28:36,101 - INFO - [VAL] Epoch: 2/30 | Batch: 45/97 (47.4%) | Loss: 0.6118 | Batch time: 0.01s
2025-03-03 23:28:36,236 - INFO - [VAL] Epoch: 2/30 | Batch: 54/97 (56.7%) | Loss: 0.9129 | Batch time: 0.01s
2025-03-03 23:28:36,373 - INFO - [VAL] Epoch: 2/30 | Batch: 63/97 (66.0%) | Loss: 0.6514 | Batch time: 0.01s
2025-03-03 23:28:36,509 - INFO - [VAL] Epoch: 2/30 | Batch: 72/97 (75.3%) | Loss: 0.8771 | Batch time: 0.01s
2025-03-03 23:28:36,641 - INFO - [VAL] Epoch: 2/30 | Batch: 81/97 (84.5%) | Loss: 0.4882 | Batch time: 0.01s
2025-03-03 23:28:36,774 - INFO - [VAL] Epoch: 2/30 | Batch: 90/97 (93.8%) | Loss: 0.8436 | Batch time: 0.01s
2025-03-03 23:28:36,859 - INFO - [VAL] Epoch: 2/30 | Batch: 96/97 (100.0%) | Loss: 0.7421 | Batch time: 0.01s
2025-03-03 23:28:36,985 - INFO - Checkpoint saved: resnet18_v1_best.pth (Epoch 2)
2025-03-03 23:28:36,985 - INFO - --------------------------------------------------------------------------------
2025-03-03 23:28:36,985 - INFO - Epoch 2/30 completed in 9.73s
2025-03-03 23:28:36,985 - INFO - Training   - Loss: 1.3801, Accuracy: 0.5707, F1: 0.5770
2025-03-03 23:28:36,985 - INFO - Validation - Loss: 0.7911, Accuracy: 0.7810, F1: 0.7916
2025-03-03 23:28:36,985 - INFO - Validation F1 improved from 0.7553 to 0.7916
2025-03-03 23:28:36,985 - INFO - --------------------------------------------------------------------------------
2025-03-03 23:28:36,985 - INFO - Epoch 3/30
2025-03-03 23:28:36,985 - INFO - ----------------------------------------
2025-03-03 23:28:37,208 - INFO - [TRAIN] Epoch: 3/30 | Batch: 0/452 (0.2%) | Loss: 1.3174 | Batch time: 0.03s
2025-03-03 23:28:38,047 - INFO - [TRAIN] Epoch: 3/30 | Batch: 45/452 (10.2%) | Loss: 1.8758 | Batch time: 0.02s
2025-03-03 23:28:38,835 - INFO - [TRAIN] Epoch: 3/30 | Batch: 90/452 (20.1%) | Loss: 1.4873 | Batch time: 0.02s
2025-03-03 23:28:39,618 - INFO - [TRAIN] Epoch: 3/30 | Batch: 135/452 (30.1%) | Loss: 1.1782 | Batch time: 0.02s
2025-03-03 23:28:40,445 - INFO - [TRAIN] Epoch: 3/30 | Batch: 180/452 (40.0%) | Loss: 1.4596 | Batch time: 0.02s
2025-03-03 23:28:41,269 - INFO - [TRAIN] Epoch: 3/30 | Batch: 225/452 (50.0%) | Loss: 1.4904 | Batch time: 0.02s
2025-03-03 23:28:42,101 - INFO - [TRAIN] Epoch: 3/30 | Batch: 270/452 (60.0%) | Loss: 1.2340 | Batch time: 0.02s
2025-03-03 23:28:42,944 - INFO - [TRAIN] Epoch: 3/30 | Batch: 315/452 (69.9%) | Loss: 1.5017 | Batch time: 0.02s
2025-03-03 23:28:43,796 - INFO - [TRAIN] Epoch: 3/30 | Batch: 360/452 (79.9%) | Loss: 1.2813 | Batch time: 0.02s
2025-03-03 23:28:44,667 - INFO - [TRAIN] Epoch: 3/30 | Batch: 405/452 (89.8%) | Loss: 0.9019 | Batch time: 0.02s
2025-03-03 23:28:45,499 - INFO - [TRAIN] Epoch: 3/30 | Batch: 450/452 (99.8%) | Loss: 1.2670 | Batch time: 0.02s
2025-03-03 23:28:45,508 - INFO - [TRAIN] Epoch: 3/30 | Batch: 451/452 (100.0%) | Loss: 1.1952 | Batch time: 0.01s
2025-03-03 23:28:45,592 - INFO - [VAL] Epoch: 3/30 | Batch: 0/97 (1.0%) | Loss: 0.6047 | Batch time: 0.02s
2025-03-03 23:28:45,742 - INFO - [VAL] Epoch: 3/30 | Batch: 9/97 (10.3%) | Loss: 0.5765 | Batch time: 0.01s
2025-03-03 23:28:45,881 - INFO - [VAL] Epoch: 3/30 | Batch: 18/97 (19.6%) | Loss: 0.7653 | Batch time: 0.02s
2025-03-03 23:28:46,019 - INFO - [VAL] Epoch: 3/30 | Batch: 27/97 (28.9%) | Loss: 0.7948 | Batch time: 0.02s
2025-03-03 23:28:46,160 - INFO - [VAL] Epoch: 3/30 | Batch: 36/97 (38.1%) | Loss: 0.6267 | Batch time: 0.02s
2025-03-03 23:28:46,300 - INFO - [VAL] Epoch: 3/30 | Batch: 45/97 (47.4%) | Loss: 0.6212 | Batch time: 0.02s
2025-03-03 23:28:46,440 - INFO - [VAL] Epoch: 3/30 | Batch: 54/97 (56.7%) | Loss: 0.8307 | Batch time: 0.01s
2025-03-03 23:28:46,580 - INFO - [VAL] Epoch: 3/30 | Batch: 63/97 (66.0%) | Loss: 0.5507 | Batch time: 0.01s
2025-03-03 23:28:46,719 - INFO - [VAL] Epoch: 3/30 | Batch: 72/97 (75.3%) | Loss: 0.9233 | Batch time: 0.01s
2025-03-03 23:28:46,858 - INFO - [VAL] Epoch: 3/30 | Batch: 81/97 (84.5%) | Loss: 0.4190 | Batch time: 0.01s
2025-03-03 23:28:46,994 - INFO - [VAL] Epoch: 3/30 | Batch: 90/97 (93.8%) | Loss: 0.5875 | Batch time: 0.01s
2025-03-03 23:28:47,082 - INFO - [VAL] Epoch: 3/30 | Batch: 96/97 (100.0%) | Loss: 0.7980 | Batch time: 0.01s
2025-03-03 23:28:47,086 - INFO - --------------------------------------------------------------------------------
2025-03-03 23:28:47,086 - INFO - Epoch 3/30 completed in 10.10s
2025-03-03 23:28:47,086 - INFO - Training   - Loss: 1.3094, Accuracy: 0.5887, F1: 0.5950
2025-03-03 23:28:47,086 - INFO - Validation - Loss: 0.7611, Accuracy: 0.7645, F1: 0.7877
2025-03-03 23:28:47,086 - INFO - --------------------------------------------------------------------------------
2025-03-03 23:28:47,086 - INFO - Epoch 4/30
2025-03-03 23:28:47,086 - INFO - ----------------------------------------
2025-03-03 23:28:47,311 - INFO - [TRAIN] Epoch: 4/30 | Batch: 0/452 (0.2%) | Loss: 1.7348 | Batch time: 0.03s
2025-03-03 23:28:48,198 - INFO - [TRAIN] Epoch: 4/30 | Batch: 45/452 (10.2%) | Loss: 1.0885 | Batch time: 0.02s
2025-03-03 23:28:49,024 - INFO - [TRAIN] Epoch: 4/30 | Batch: 90/452 (20.1%) | Loss: 1.1623 | Batch time: 0.02s
2025-03-03 23:28:49,844 - INFO - [TRAIN] Epoch: 4/30 | Batch: 135/452 (30.1%) | Loss: 1.3914 | Batch time: 0.02s
2025-03-03 23:28:50,673 - INFO - [TRAIN] Epoch: 4/30 | Batch: 180/452 (40.0%) | Loss: 1.4553 | Batch time: 0.02s
2025-03-03 23:28:51,525 - INFO - [TRAIN] Epoch: 4/30 | Batch: 225/452 (50.0%) | Loss: 0.9525 | Batch time: 0.02s
2025-03-03 23:28:52,378 - INFO - [TRAIN] Epoch: 4/30 | Batch: 270/452 (60.0%) | Loss: 1.0920 | Batch time: 0.02s
2025-03-03 23:28:53,243 - INFO - [TRAIN] Epoch: 4/30 | Batch: 315/452 (69.9%) | Loss: 0.8481 | Batch time: 0.02s
2025-03-03 23:28:54,130 - INFO - [TRAIN] Epoch: 4/30 | Batch: 360/452 (79.9%) | Loss: 1.4799 | Batch time: 0.02s
2025-03-03 23:28:55,011 - INFO - [TRAIN] Epoch: 4/30 | Batch: 405/452 (89.8%) | Loss: 1.4635 | Batch time: 0.02s
2025-03-03 23:28:55,846 - INFO - [TRAIN] Epoch: 4/30 | Batch: 450/452 (99.8%) | Loss: 1.2075 | Batch time: 0.02s
2025-03-03 23:28:55,855 - INFO - [TRAIN] Epoch: 4/30 | Batch: 451/452 (100.0%) | Loss: 0.9723 | Batch time: 0.01s
2025-03-03 23:28:55,943 - INFO - [VAL] Epoch: 4/30 | Batch: 0/97 (1.0%) | Loss: 0.6412 | Batch time: 0.02s
2025-03-03 23:28:56,101 - INFO - [VAL] Epoch: 4/30 | Batch: 9/97 (10.3%) | Loss: 0.5701 | Batch time: 0.01s
2025-03-03 23:28:56,241 - INFO - [VAL] Epoch: 4/30 | Batch: 18/97 (19.6%) | Loss: 0.7847 | Batch time: 0.02s
2025-03-03 23:28:56,382 - INFO - [VAL] Epoch: 4/30 | Batch: 27/97 (28.9%) | Loss: 0.6550 | Batch time: 0.02s
2025-03-03 23:28:56,524 - INFO - [VAL] Epoch: 4/30 | Batch: 36/97 (38.1%) | Loss: 0.6109 | Batch time: 0.02s
2025-03-03 23:28:56,667 - INFO - [VAL] Epoch: 4/30 | Batch: 45/97 (47.4%) | Loss: 0.5734 | Batch time: 0.02s
2025-03-03 23:28:56,810 - INFO - [VAL] Epoch: 4/30 | Batch: 54/97 (56.7%) | Loss: 0.7560 | Batch time: 0.02s
2025-03-03 23:28:56,952 - INFO - [VAL] Epoch: 4/30 | Batch: 63/97 (66.0%) | Loss: 0.3855 | Batch time: 0.02s
2025-03-03 23:28:57,091 - INFO - [VAL] Epoch: 4/30 | Batch: 72/97 (75.3%) | Loss: 0.8371 | Batch time: 0.01s
2025-03-03 23:28:57,228 - INFO - [VAL] Epoch: 4/30 | Batch: 81/97 (84.5%) | Loss: 0.3806 | Batch time: 0.01s
2025-03-03 23:28:57,366 - INFO - [VAL] Epoch: 4/30 | Batch: 90/97 (93.8%) | Loss: 0.5437 | Batch time: 0.01s
2025-03-03 23:28:57,455 - INFO - [VAL] Epoch: 4/30 | Batch: 96/97 (100.0%) | Loss: 0.7777 | Batch time: 0.01s
2025-03-03 23:28:57,458 - INFO - --------------------------------------------------------------------------------
2025-03-03 23:28:57,459 - INFO - Epoch 4/30 completed in 10.37s
2025-03-03 23:28:57,459 - INFO - Training   - Loss: 1.2806, Accuracy: 0.5912, F1: 0.5971
2025-03-03 23:28:57,459 - INFO - Validation - Loss: 0.7335, Accuracy: 0.7723, F1: 0.7877
2025-03-03 23:28:57,459 - INFO - --------------------------------------------------------------------------------
2025-03-03 23:28:57,459 - INFO - Epoch 5/30
2025-03-03 23:28:57,459 - INFO - ----------------------------------------
2025-03-03 23:28:57,717 - INFO - [TRAIN] Epoch: 5/30 | Batch: 0/452 (0.2%) | Loss: 1.6396 | Batch time: 0.03s
2025-03-03 23:28:58,628 - INFO - [TRAIN] Epoch: 5/30 | Batch: 45/452 (10.2%) | Loss: 0.8882 | Batch time: 0.02s
2025-03-03 23:28:59,463 - INFO - [TRAIN] Epoch: 5/30 | Batch: 90/452 (20.1%) | Loss: 1.4801 | Batch time: 0.02s
2025-03-03 23:29:00,304 - INFO - [TRAIN] Epoch: 5/30 | Batch: 135/452 (30.1%) | Loss: 0.8614 | Batch time: 0.02s
2025-03-03 23:29:01,174 - INFO - [TRAIN] Epoch: 5/30 | Batch: 180/452 (40.0%) | Loss: 1.6880 | Batch time: 0.02s
2025-03-03 23:29:02,048 - INFO - [TRAIN] Epoch: 5/30 | Batch: 225/452 (50.0%) | Loss: 1.1303 | Batch time: 0.02s
2025-03-03 23:29:02,915 - INFO - [TRAIN] Epoch: 5/30 | Batch: 270/452 (60.0%) | Loss: 1.0505 | Batch time: 0.02s
2025-03-03 23:29:03,795 - INFO - [TRAIN] Epoch: 5/30 | Batch: 315/452 (69.9%) | Loss: 1.2504 | Batch time: 0.02s
2025-03-03 23:29:04,669 - INFO - [TRAIN] Epoch: 5/30 | Batch: 360/452 (79.9%) | Loss: 1.0601 | Batch time: 0.02s
2025-03-03 23:29:05,539 - INFO - [TRAIN] Epoch: 5/30 | Batch: 405/452 (89.8%) | Loss: 1.2409 | Batch time: 0.02s
2025-03-03 23:29:06,375 - INFO - [TRAIN] Epoch: 5/30 | Batch: 450/452 (99.8%) | Loss: 1.6636 | Batch time: 0.02s
2025-03-03 23:29:06,384 - INFO - [TRAIN] Epoch: 5/30 | Batch: 451/452 (100.0%) | Loss: 1.1438 | Batch time: 0.01s
2025-03-03 23:29:06,472 - INFO - [VAL] Epoch: 5/30 | Batch: 0/97 (1.0%) | Loss: 0.6484 | Batch time: 0.02s
2025-03-03 23:29:06,621 - INFO - [VAL] Epoch: 5/30 | Batch: 9/97 (10.3%) | Loss: 0.6849 | Batch time: 0.02s
2025-03-03 23:29:06,764 - INFO - [VAL] Epoch: 5/30 | Batch: 18/97 (19.6%) | Loss: 0.7283 | Batch time: 0.02s
2025-03-03 23:29:06,905 - INFO - [VAL] Epoch: 5/30 | Batch: 27/97 (28.9%) | Loss: 1.0632 | Batch time: 0.02s
2025-03-03 23:29:07,046 - INFO - [VAL] Epoch: 5/30 | Batch: 36/97 (38.1%) | Loss: 0.6392 | Batch time: 0.02s
2025-03-03 23:29:07,191 - INFO - [VAL] Epoch: 5/30 | Batch: 45/97 (47.4%) | Loss: 0.5779 | Batch time: 0.02s
2025-03-03 23:29:07,334 - INFO - [VAL] Epoch: 5/30 | Batch: 54/97 (56.7%) | Loss: 0.8145 | Batch time: 0.02s
2025-03-03 23:29:07,477 - INFO - [VAL] Epoch: 5/30 | Batch: 63/97 (66.0%) | Loss: 0.6551 | Batch time: 0.02s
2025-03-03 23:29:07,618 - INFO - [VAL] Epoch: 5/30 | Batch: 72/97 (75.3%) | Loss: 0.6824 | Batch time: 0.02s
2025-03-03 23:29:07,758 - INFO - [VAL] Epoch: 5/30 | Batch: 81/97 (84.5%) | Loss: 0.3350 | Batch time: 0.02s
2025-03-03 23:29:07,897 - INFO - [VAL] Epoch: 5/30 | Batch: 90/97 (93.8%) | Loss: 0.9636 | Batch time: 0.01s
2025-03-03 23:29:07,986 - INFO - [VAL] Epoch: 5/30 | Batch: 96/97 (100.0%) | Loss: 0.5666 | Batch time: 0.01s
2025-03-03 23:29:07,990 - INFO - --------------------------------------------------------------------------------
2025-03-03 23:29:07,990 - INFO - Epoch 5/30 completed in 10.53s
2025-03-03 23:29:07,990 - INFO - Training   - Loss: 1.2512, Accuracy: 0.5977, F1: 0.6033
2025-03-03 23:29:07,990 - INFO - Validation - Loss: 0.7412, Accuracy: 0.7810, F1: 0.7885
2025-03-03 23:29:07,990 - INFO - --------------------------------------------------------------------------------
2025-03-03 23:29:08,070 - INFO - Checkpoint saved: checkpoint_epoch_5.pth (Epoch 5)
2025-03-03 23:29:08,070 - INFO - Epoch 6/30
2025-03-03 23:29:08,070 - INFO - ----------------------------------------
2025-03-03 23:29:08,326 - INFO - [TRAIN] Epoch: 6/30 | Batch: 0/452 (0.2%) | Loss: 1.2920 | Batch time: 0.03s
2025-03-03 23:29:09,230 - INFO - [TRAIN] Epoch: 6/30 | Batch: 45/452 (10.2%) | Loss: 1.1914 | Batch time: 0.02s
2025-03-03 23:29:10,071 - INFO - [TRAIN] Epoch: 6/30 | Batch: 90/452 (20.1%) | Loss: 0.9116 | Batch time: 0.02s
2025-03-03 23:29:10,934 - INFO - [TRAIN] Epoch: 6/30 | Batch: 135/452 (30.1%) | Loss: 1.1369 | Batch time: 0.02s
2025-03-03 23:29:11,824 - INFO - [TRAIN] Epoch: 6/30 | Batch: 180/452 (40.0%) | Loss: 1.4969 | Batch time: 0.02s
2025-03-03 23:29:12,718 - INFO - [TRAIN] Epoch: 6/30 | Batch: 225/452 (50.0%) | Loss: 1.0385 | Batch time: 0.02s
2025-03-03 23:29:13,618 - INFO - [TRAIN] Epoch: 6/30 | Batch: 270/452 (60.0%) | Loss: 1.3226 | Batch time: 0.02s
2025-03-03 23:29:14,547 - INFO - [TRAIN] Epoch: 6/30 | Batch: 315/452 (69.9%) | Loss: 0.8075 | Batch time: 0.02s
2025-03-03 23:29:15,466 - INFO - [TRAIN] Epoch: 6/30 | Batch: 360/452 (79.9%) | Loss: 1.3723 | Batch time: 0.02s
2025-03-03 23:29:16,363 - INFO - [TRAIN] Epoch: 6/30 | Batch: 405/452 (89.8%) | Loss: 1.0561 | Batch time: 0.02s
2025-03-03 23:29:17,204 - INFO - [TRAIN] Epoch: 6/30 | Batch: 450/452 (99.8%) | Loss: 0.8715 | Batch time: 0.02s
2025-03-03 23:29:17,213 - INFO - [TRAIN] Epoch: 6/30 | Batch: 451/452 (100.0%) | Loss: 1.2208 | Batch time: 0.01s
2025-03-03 23:29:17,298 - INFO - [VAL] Epoch: 6/30 | Batch: 0/97 (1.0%) | Loss: 0.4633 | Batch time: 0.02s
2025-03-03 23:29:17,444 - INFO - [VAL] Epoch: 6/30 | Batch: 9/97 (10.3%) | Loss: 0.5495 | Batch time: 0.01s
2025-03-03 23:29:17,585 - INFO - [VAL] Epoch: 6/30 | Batch: 18/97 (19.6%) | Loss: 0.7026 | Batch time: 0.02s
2025-03-03 23:29:17,725 - INFO - [VAL] Epoch: 6/30 | Batch: 27/97 (28.9%) | Loss: 0.9987 | Batch time: 0.02s
2025-03-03 23:29:17,866 - INFO - [VAL] Epoch: 6/30 | Batch: 36/97 (38.1%) | Loss: 0.5275 | Batch time: 0.02s
2025-03-03 23:29:18,009 - INFO - [VAL] Epoch: 6/30 | Batch: 45/97 (47.4%) | Loss: 0.4559 | Batch time: 0.02s
2025-03-03 23:29:18,151 - INFO - [VAL] Epoch: 6/30 | Batch: 54/97 (56.7%) | Loss: 0.7029 | Batch time: 0.02s
2025-03-03 23:29:18,294 - INFO - [VAL] Epoch: 6/30 | Batch: 63/97 (66.0%) | Loss: 0.6199 | Batch time: 0.02s
2025-03-03 23:29:18,437 - INFO - [VAL] Epoch: 6/30 | Batch: 72/97 (75.3%) | Loss: 0.6052 | Batch time: 0.01s
2025-03-03 23:29:18,576 - INFO - [VAL] Epoch: 6/30 | Batch: 81/97 (84.5%) | Loss: 0.3106 | Batch time: 0.01s
2025-03-03 23:29:18,713 - INFO - [VAL] Epoch: 6/30 | Batch: 90/97 (93.8%) | Loss: 0.8149 | Batch time: 0.01s
2025-03-03 23:29:18,803 - INFO - [VAL] Epoch: 6/30 | Batch: 96/97 (100.0%) | Loss: 0.5422 | Batch time: 0.01s
2025-03-03 23:29:18,930 - INFO - Checkpoint saved: resnet18_v1_best.pth (Epoch 6)
2025-03-03 23:29:18,930 - INFO - --------------------------------------------------------------------------------
2025-03-03 23:29:18,930 - INFO - Epoch 6/30 completed in 10.86s
2025-03-03 23:29:18,930 - INFO - Training   - Loss: 1.2635, Accuracy: 0.5951, F1: 0.6002
2025-03-03 23:29:18,930 - INFO - Validation - Loss: 0.6806, Accuracy: 0.8130, F1: 0.8130
2025-03-03 23:29:18,930 - INFO - Validation F1 improved from 0.7916 to 0.8130
2025-03-03 23:29:18,930 - INFO - --------------------------------------------------------------------------------
2025-03-03 23:29:18,930 - INFO - Epoch 7/30
2025-03-03 23:29:18,930 - INFO - ----------------------------------------
2025-03-03 23:29:19,169 - INFO - [TRAIN] Epoch: 7/30 | Batch: 0/452 (0.2%) | Loss: 1.2981 | Batch time: 0.03s
2025-03-03 23:29:20,084 - INFO - [TRAIN] Epoch: 7/30 | Batch: 45/452 (10.2%) | Loss: 0.8116 | Batch time: 0.02s
2025-03-03 23:29:20,902 - INFO - [TRAIN] Epoch: 7/30 | Batch: 90/452 (20.1%) | Loss: 1.1689 | Batch time: 0.02s
2025-03-03 23:29:21,748 - INFO - [TRAIN] Epoch: 7/30 | Batch: 135/452 (30.1%) | Loss: 0.9935 | Batch time: 0.02s
2025-03-03 23:29:22,646 - INFO - [TRAIN] Epoch: 7/30 | Batch: 180/452 (40.0%) | Loss: 1.3298 | Batch time: 0.02s
2025-03-03 23:29:23,564 - INFO - [TRAIN] Epoch: 7/30 | Batch: 225/452 (50.0%) | Loss: 1.1971 | Batch time: 0.02s
2025-03-03 23:29:24,463 - INFO - [TRAIN] Epoch: 7/30 | Batch: 270/452 (60.0%) | Loss: 1.1308 | Batch time: 0.02s
2025-03-03 23:29:25,389 - INFO - [TRAIN] Epoch: 7/30 | Batch: 315/452 (69.9%) | Loss: 1.4046 | Batch time: 0.02s
2025-03-03 23:29:26,324 - INFO - [TRAIN] Epoch: 7/30 | Batch: 360/452 (79.9%) | Loss: 1.2057 | Batch time: 0.02s
2025-03-03 23:29:27,240 - INFO - [TRAIN] Epoch: 7/30 | Batch: 405/452 (89.8%) | Loss: 1.0192 | Batch time: 0.02s
2025-03-03 23:29:28,070 - INFO - [TRAIN] Epoch: 7/30 | Batch: 450/452 (99.8%) | Loss: 1.3583 | Batch time: 0.02s
2025-03-03 23:29:28,079 - INFO - [TRAIN] Epoch: 7/30 | Batch: 451/452 (100.0%) | Loss: 0.4192 | Batch time: 0.01s
2025-03-03 23:29:28,164 - INFO - [VAL] Epoch: 7/30 | Batch: 0/97 (1.0%) | Loss: 0.4831 | Batch time: 0.02s
2025-03-03 23:29:28,313 - INFO - [VAL] Epoch: 7/30 | Batch: 9/97 (10.3%) | Loss: 0.5654 | Batch time: 0.01s
2025-03-03 23:29:28,453 - INFO - [VAL] Epoch: 7/30 | Batch: 18/97 (19.6%) | Loss: 0.6898 | Batch time: 0.02s
2025-03-03 23:29:28,591 - INFO - [VAL] Epoch: 7/30 | Batch: 27/97 (28.9%) | Loss: 0.8277 | Batch time: 0.02s
2025-03-03 23:29:28,730 - INFO - [VAL] Epoch: 7/30 | Batch: 36/97 (38.1%) | Loss: 0.5540 | Batch time: 0.02s
2025-03-03 23:29:28,870 - INFO - [VAL] Epoch: 7/30 | Batch: 45/97 (47.4%) | Loss: 0.4956 | Batch time: 0.02s
2025-03-03 23:29:29,011 - INFO - [VAL] Epoch: 7/30 | Batch: 54/97 (56.7%) | Loss: 0.7353 | Batch time: 0.02s
2025-03-03 23:29:29,152 - INFO - [VAL] Epoch: 7/30 | Batch: 63/97 (66.0%) | Loss: 0.4244 | Batch time: 0.01s
2025-03-03 23:29:29,290 - INFO - [VAL] Epoch: 7/30 | Batch: 72/97 (75.3%) | Loss: 0.5472 | Batch time: 0.01s
2025-03-03 23:29:29,428 - INFO - [VAL] Epoch: 7/30 | Batch: 81/97 (84.5%) | Loss: 0.3229 | Batch time: 0.01s
2025-03-03 23:29:29,565 - INFO - [VAL] Epoch: 7/30 | Batch: 90/97 (93.8%) | Loss: 0.7362 | Batch time: 0.01s
2025-03-03 23:29:29,653 - INFO - [VAL] Epoch: 7/30 | Batch: 96/97 (100.0%) | Loss: 0.5359 | Batch time: 0.01s
2025-03-03 23:29:29,657 - INFO - --------------------------------------------------------------------------------
2025-03-03 23:29:29,657 - INFO - Epoch 7/30 completed in 10.73s
2025-03-03 23:29:29,657 - INFO - Training   - Loss: 1.2632, Accuracy: 0.6001, F1: 0.6066
2025-03-03 23:29:29,657 - INFO - Validation - Loss: 0.6738, Accuracy: 0.8049, F1: 0.8088
2025-03-03 23:29:29,657 - INFO - --------------------------------------------------------------------------------
2025-03-03 23:29:29,657 - INFO - Epoch 8/30
2025-03-03 23:29:29,657 - INFO - ----------------------------------------
2025-03-03 23:29:29,887 - INFO - [TRAIN] Epoch: 8/30 | Batch: 0/452 (0.2%) | Loss: 1.0781 | Batch time: 0.03s
2025-03-03 23:29:30,796 - INFO - [TRAIN] Epoch: 8/30 | Batch: 45/452 (10.2%) | Loss: 1.2047 | Batch time: 0.02s
2025-03-03 23:29:31,633 - INFO - [TRAIN] Epoch: 8/30 | Batch: 90/452 (20.1%) | Loss: 1.2250 | Batch time: 0.02s
2025-03-03 23:29:32,520 - INFO - [TRAIN] Epoch: 8/30 | Batch: 135/452 (30.1%) | Loss: 0.9978 | Batch time: 0.02s
2025-03-03 23:29:33,411 - INFO - [TRAIN] Epoch: 8/30 | Batch: 180/452 (40.0%) | Loss: 1.2144 | Batch time: 0.02s
2025-03-03 23:29:34,305 - INFO - [TRAIN] Epoch: 8/30 | Batch: 225/452 (50.0%) | Loss: 1.4068 | Batch time: 0.02s
2025-03-03 23:29:35,224 - INFO - [TRAIN] Epoch: 8/30 | Batch: 270/452 (60.0%) | Loss: 1.4939 | Batch time: 0.02s
2025-03-03 23:29:36,127 - INFO - [TRAIN] Epoch: 8/30 | Batch: 315/452 (69.9%) | Loss: 0.8105 | Batch time: 0.02s
2025-03-03 23:29:37,025 - INFO - [TRAIN] Epoch: 8/30 | Batch: 360/452 (79.9%) | Loss: 1.2918 | Batch time: 0.02s
2025-03-03 23:29:37,927 - INFO - [TRAIN] Epoch: 8/30 | Batch: 405/452 (89.8%) | Loss: 1.1308 | Batch time: 0.02s
2025-03-03 23:29:38,760 - INFO - [TRAIN] Epoch: 8/30 | Batch: 450/452 (99.8%) | Loss: 1.1424 | Batch time: 0.02s
2025-03-03 23:29:38,770 - INFO - [TRAIN] Epoch: 8/30 | Batch: 451/452 (100.0%) | Loss: 1.5738 | Batch time: 0.01s
2025-03-03 23:29:38,873 - INFO - [VAL] Epoch: 8/30 | Batch: 0/97 (1.0%) | Loss: 0.4732 | Batch time: 0.02s
2025-03-03 23:29:39,019 - INFO - [VAL] Epoch: 8/30 | Batch: 9/97 (10.3%) | Loss: 0.5273 | Batch time: 0.01s
2025-03-03 23:29:39,156 - INFO - [VAL] Epoch: 8/30 | Batch: 18/97 (19.6%) | Loss: 0.6363 | Batch time: 0.01s
2025-03-03 23:29:39,293 - INFO - [VAL] Epoch: 8/30 | Batch: 27/97 (28.9%) | Loss: 0.6738 | Batch time: 0.01s
2025-03-03 23:29:39,431 - INFO - [VAL] Epoch: 8/30 | Batch: 36/97 (38.1%) | Loss: 0.5269 | Batch time: 0.01s
2025-03-03 23:29:39,570 - INFO - [VAL] Epoch: 8/30 | Batch: 45/97 (47.4%) | Loss: 0.4786 | Batch time: 0.02s
2025-03-03 23:29:39,710 - INFO - [VAL] Epoch: 8/30 | Batch: 54/97 (56.7%) | Loss: 0.6829 | Batch time: 0.02s
2025-03-03 23:29:39,850 - INFO - [VAL] Epoch: 8/30 | Batch: 63/97 (66.0%) | Loss: 0.3404 | Batch time: 0.01s
2025-03-03 23:29:39,989 - INFO - [VAL] Epoch: 8/30 | Batch: 72/97 (75.3%) | Loss: 0.5557 | Batch time: 0.01s
2025-03-03 23:29:40,127 - INFO - [VAL] Epoch: 8/30 | Batch: 81/97 (84.5%) | Loss: 0.3006 | Batch time: 0.01s
2025-03-03 23:29:40,264 - INFO - [VAL] Epoch: 8/30 | Batch: 90/97 (93.8%) | Loss: 0.5899 | Batch time: 0.01s
2025-03-03 23:29:40,351 - INFO - [VAL] Epoch: 8/30 | Batch: 96/97 (100.0%) | Loss: 0.5645 | Batch time: 0.01s
2025-03-03 23:29:40,470 - INFO - Checkpoint saved: resnet18_v1_best.pth (Epoch 8)
2025-03-03 23:29:40,470 - INFO - --------------------------------------------------------------------------------
2025-03-03 23:29:40,470 - INFO - Epoch 8/30 completed in 10.81s
2025-03-03 23:29:40,470 - INFO - Training   - Loss: 1.2043, Accuracy: 0.6184, F1: 0.6235
2025-03-03 23:29:40,470 - INFO - Validation - Loss: 0.6319, Accuracy: 0.8133, F1: 0.8176
2025-03-03 23:29:40,470 - INFO - Validation F1 improved from 0.8130 to 0.8176
2025-03-03 23:29:40,470 - INFO - --------------------------------------------------------------------------------
2025-03-03 23:29:40,470 - INFO - Epoch 9/30
2025-03-03 23:29:40,470 - INFO - ----------------------------------------
2025-03-03 23:29:40,684 - INFO - [TRAIN] Epoch: 9/30 | Batch: 0/452 (0.2%) | Loss: 1.3610 | Batch time: 0.03s
2025-03-03 23:29:41,577 - INFO - [TRAIN] Epoch: 9/30 | Batch: 45/452 (10.2%) | Loss: 0.9836 | Batch time: 0.02s
2025-03-03 23:29:42,437 - INFO - [TRAIN] Epoch: 9/30 | Batch: 90/452 (20.1%) | Loss: 1.3779 | Batch time: 0.02s
2025-03-03 23:29:43,319 - INFO - [TRAIN] Epoch: 9/30 | Batch: 135/452 (30.1%) | Loss: 1.0406 | Batch time: 0.02s
2025-03-03 23:29:44,214 - INFO - [TRAIN] Epoch: 9/30 | Batch: 180/452 (40.0%) | Loss: 1.1564 | Batch time: 0.02s
2025-03-03 23:29:45,128 - INFO - [TRAIN] Epoch: 9/30 | Batch: 225/452 (50.0%) | Loss: 1.3191 | Batch time: 0.02s
2025-03-03 23:29:46,021 - INFO - [TRAIN] Epoch: 9/30 | Batch: 270/452 (60.0%) | Loss: 1.1796 | Batch time: 0.02s
2025-03-03 23:29:46,920 - INFO - [TRAIN] Epoch: 9/30 | Batch: 315/452 (69.9%) | Loss: 0.7753 | Batch time: 0.02s
2025-03-03 23:29:47,817 - INFO - [TRAIN] Epoch: 9/30 | Batch: 360/452 (79.9%) | Loss: 1.0106 | Batch time: 0.02s
2025-03-03 23:29:48,732 - INFO - [TRAIN] Epoch: 9/30 | Batch: 405/452 (89.8%) | Loss: 0.5649 | Batch time: 0.02s
2025-03-03 23:29:49,550 - INFO - [TRAIN] Epoch: 9/30 | Batch: 450/452 (99.8%) | Loss: 0.9592 | Batch time: 0.02s
2025-03-03 23:29:49,559 - INFO - [TRAIN] Epoch: 9/30 | Batch: 451/452 (100.0%) | Loss: 1.6274 | Batch time: 0.01s
2025-03-03 23:29:49,644 - INFO - [VAL] Epoch: 9/30 | Batch: 0/97 (1.0%) | Loss: 0.4934 | Batch time: 0.02s
2025-03-03 23:29:49,788 - INFO - [VAL] Epoch: 9/30 | Batch: 9/97 (10.3%) | Loss: 0.5329 | Batch time: 0.01s
2025-03-03 23:29:49,925 - INFO - [VAL] Epoch: 9/30 | Batch: 18/97 (19.6%) | Loss: 0.6368 | Batch time: 0.01s
2025-03-03 23:29:50,063 - INFO - [VAL] Epoch: 9/30 | Batch: 27/97 (28.9%) | Loss: 0.7080 | Batch time: 0.01s
2025-03-03 23:29:50,201 - INFO - [VAL] Epoch: 9/30 | Batch: 36/97 (38.1%) | Loss: 0.5465 | Batch time: 0.01s
2025-03-03 23:29:50,339 - INFO - [VAL] Epoch: 9/30 | Batch: 45/97 (47.4%) | Loss: 0.4824 | Batch time: 0.01s
2025-03-03 23:29:50,479 - INFO - [VAL] Epoch: 9/30 | Batch: 54/97 (56.7%) | Loss: 0.6769 | Batch time: 0.02s
2025-03-03 23:29:50,619 - INFO - [VAL] Epoch: 9/30 | Batch: 63/97 (66.0%) | Loss: 0.3556 | Batch time: 0.01s
2025-03-03 23:29:50,759 - INFO - [VAL] Epoch: 9/30 | Batch: 72/97 (75.3%) | Loss: 0.5569 | Batch time: 0.01s
2025-03-03 23:29:50,897 - INFO - [VAL] Epoch: 9/30 | Batch: 81/97 (84.5%) | Loss: 0.3046 | Batch time: 0.01s
2025-03-03 23:29:51,035 - INFO - [VAL] Epoch: 9/30 | Batch: 90/97 (93.8%) | Loss: 0.5901 | Batch time: 0.01s
2025-03-03 23:29:51,123 - INFO - [VAL] Epoch: 9/30 | Batch: 96/97 (100.0%) | Loss: 0.5604 | Batch time: 0.01s
2025-03-03 23:29:51,242 - INFO - Checkpoint saved: resnet18_v1_best.pth (Epoch 9)
2025-03-03 23:29:51,243 - INFO - --------------------------------------------------------------------------------
2025-03-03 23:29:51,243 - INFO - Epoch 9/30 completed in 10.77s
2025-03-03 23:29:51,243 - INFO - Training   - Loss: 1.1930, Accuracy: 0.6137, F1: 0.6188
2025-03-03 23:29:51,243 - INFO - Validation - Loss: 0.6338, Accuracy: 0.8201, F1: 0.8223
2025-03-03 23:29:51,243 - INFO - Validation F1 improved from 0.8176 to 0.8223
2025-03-03 23:29:51,243 - INFO - --------------------------------------------------------------------------------
2025-03-03 23:29:51,243 - INFO - Epoch 10/30
2025-03-03 23:29:51,243 - INFO - ----------------------------------------
2025-03-03 23:29:51,465 - INFO - [TRAIN] Epoch: 10/30 | Batch: 0/452 (0.2%) | Loss: 1.1711 | Batch time: 0.03s
2025-03-03 23:29:52,323 - INFO - [TRAIN] Epoch: 10/30 | Batch: 45/452 (10.2%) | Loss: 1.3203 | Batch time: 0.02s
2025-03-03 23:29:53,161 - INFO - [TRAIN] Epoch: 10/30 | Batch: 90/452 (20.1%) | Loss: 1.2499 | Batch time: 0.02s
2025-03-03 23:29:54,029 - INFO - [TRAIN] Epoch: 10/30 | Batch: 135/452 (30.1%) | Loss: 1.2761 | Batch time: 0.02s
2025-03-03 23:29:54,922 - INFO - [TRAIN] Epoch: 10/30 | Batch: 180/452 (40.0%) | Loss: 1.8725 | Batch time: 0.02s
2025-03-03 23:29:55,814 - INFO - [TRAIN] Epoch: 10/30 | Batch: 225/452 (50.0%) | Loss: 0.7086 | Batch time: 0.02s
2025-03-03 23:29:56,740 - INFO - [TRAIN] Epoch: 10/30 | Batch: 270/452 (60.0%) | Loss: 0.9041 | Batch time: 0.03s
2025-03-03 23:29:57,633 - INFO - [TRAIN] Epoch: 10/30 | Batch: 315/452 (69.9%) | Loss: 1.3394 | Batch time: 0.02s
2025-03-03 23:29:58,512 - INFO - [TRAIN] Epoch: 10/30 | Batch: 360/452 (79.9%) | Loss: 1.0118 | Batch time: 0.02s
2025-03-03 23:29:59,407 - INFO - [TRAIN] Epoch: 10/30 | Batch: 405/452 (89.8%) | Loss: 0.9203 | Batch time: 0.02s
2025-03-03 23:30:00,232 - INFO - [TRAIN] Epoch: 10/30 | Batch: 450/452 (99.8%) | Loss: 1.1051 | Batch time: 0.02s
2025-03-03 23:30:00,241 - INFO - [TRAIN] Epoch: 10/30 | Batch: 451/452 (100.0%) | Loss: 0.6322 | Batch time: 0.01s
2025-03-03 23:30:00,322 - INFO - [VAL] Epoch: 10/30 | Batch: 0/97 (1.0%) | Loss: 0.4884 | Batch time: 0.02s
2025-03-03 23:30:00,465 - INFO - [VAL] Epoch: 10/30 | Batch: 9/97 (10.3%) | Loss: 0.5357 | Batch time: 0.01s
2025-03-03 23:30:00,601 - INFO - [VAL] Epoch: 10/30 | Batch: 18/97 (19.6%) | Loss: 0.6018 | Batch time: 0.01s
2025-03-03 23:30:00,738 - INFO - [VAL] Epoch: 10/30 | Batch: 27/97 (28.9%) | Loss: 0.7234 | Batch time: 0.02s
2025-03-03 23:30:00,875 - INFO - [VAL] Epoch: 10/30 | Batch: 36/97 (38.1%) | Loss: 0.4943 | Batch time: 0.01s
2025-03-03 23:30:01,014 - INFO - [VAL] Epoch: 10/30 | Batch: 45/97 (47.4%) | Loss: 0.4704 | Batch time: 0.01s
2025-03-03 23:30:01,153 - INFO - [VAL] Epoch: 10/30 | Batch: 54/97 (56.7%) | Loss: 0.6582 | Batch time: 0.01s
2025-03-03 23:30:01,296 - INFO - [VAL] Epoch: 10/30 | Batch: 63/97 (66.0%) | Loss: 0.3325 | Batch time: 0.01s
2025-03-03 23:30:01,433 - INFO - [VAL] Epoch: 10/30 | Batch: 72/97 (75.3%) | Loss: 0.5606 | Batch time: 0.01s
2025-03-03 23:30:01,568 - INFO - [VAL] Epoch: 10/30 | Batch: 81/97 (84.5%) | Loss: 0.2441 | Batch time: 0.01s
2025-03-03 23:30:01,704 - INFO - [VAL] Epoch: 10/30 | Batch: 90/97 (93.8%) | Loss: 0.5484 | Batch time: 0.01s
2025-03-03 23:30:01,791 - INFO - [VAL] Epoch: 10/30 | Batch: 96/97 (100.0%) | Loss: 0.5817 | Batch time: 0.01s
2025-03-03 23:30:01,795 - INFO - --------------------------------------------------------------------------------
2025-03-03 23:30:01,795 - INFO - Epoch 10/30 completed in 10.55s
2025-03-03 23:30:01,795 - INFO - Training   - Loss: 1.1935, Accuracy: 0.6219, F1: 0.6273
2025-03-03 23:30:01,795 - INFO - Validation - Loss: 0.6183, Accuracy: 0.8130, F1: 0.8193
2025-03-03 23:30:01,795 - INFO - --------------------------------------------------------------------------------
2025-03-03 23:30:01,870 - INFO - Checkpoint saved: checkpoint_epoch_10.pth (Epoch 10)
2025-03-03 23:30:01,870 - INFO - Epoch 11/30
2025-03-03 23:30:01,870 - INFO - ----------------------------------------
2025-03-03 23:30:02,089 - INFO - [TRAIN] Epoch: 11/30 | Batch: 0/452 (0.2%) | Loss: 0.7337 | Batch time: 0.02s
2025-03-03 23:30:03,067 - INFO - [TRAIN] Epoch: 11/30 | Batch: 45/452 (10.2%) | Loss: 0.7907 | Batch time: 0.02s
2025-03-03 23:30:04,180 - INFO - [TRAIN] Epoch: 11/30 | Batch: 90/452 (20.1%) | Loss: 1.3261 | Batch time: 0.02s
2025-03-03 23:30:05,122 - INFO - [TRAIN] Epoch: 11/30 | Batch: 135/452 (30.1%) | Loss: 1.1573 | Batch time: 0.02s
2025-03-03 23:30:06,016 - INFO - [TRAIN] Epoch: 11/30 | Batch: 180/452 (40.0%) | Loss: 0.8413 | Batch time: 0.02s
2025-03-03 23:30:06,958 - INFO - [TRAIN] Epoch: 11/30 | Batch: 225/452 (50.0%) | Loss: 1.3472 | Batch time: 0.02s
2025-03-03 23:30:07,854 - INFO - [TRAIN] Epoch: 11/30 | Batch: 270/452 (60.0%) | Loss: 0.8863 | Batch time: 0.02s
2025-03-03 23:30:08,766 - INFO - [TRAIN] Epoch: 11/30 | Batch: 315/452 (69.9%) | Loss: 1.6450 | Batch time: 0.02s
2025-03-03 23:30:09,678 - INFO - [TRAIN] Epoch: 11/30 | Batch: 360/452 (79.9%) | Loss: 1.0825 | Batch time: 0.02s
2025-03-03 23:30:10,566 - INFO - [TRAIN] Epoch: 11/30 | Batch: 405/452 (89.8%) | Loss: 0.9343 | Batch time: 0.02s
2025-03-03 23:30:11,395 - INFO - [TRAIN] Epoch: 11/30 | Batch: 450/452 (99.8%) | Loss: 1.2209 | Batch time: 0.02s
2025-03-03 23:30:11,404 - INFO - [TRAIN] Epoch: 11/30 | Batch: 451/452 (100.0%) | Loss: 1.6039 | Batch time: 0.01s
2025-03-03 23:30:11,493 - INFO - [VAL] Epoch: 11/30 | Batch: 0/97 (1.0%) | Loss: 0.4693 | Batch time: 0.02s
2025-03-03 23:30:11,639 - INFO - [VAL] Epoch: 11/30 | Batch: 9/97 (10.3%) | Loss: 0.5081 | Batch time: 0.01s
2025-03-03 23:30:11,779 - INFO - [VAL] Epoch: 11/30 | Batch: 18/97 (19.6%) | Loss: 0.5952 | Batch time: 0.02s
2025-03-03 23:30:11,916 - INFO - [VAL] Epoch: 11/30 | Batch: 27/97 (28.9%) | Loss: 0.6271 | Batch time: 0.02s
2025-03-03 23:30:12,055 - INFO - [VAL] Epoch: 11/30 | Batch: 36/97 (38.1%) | Loss: 0.5084 | Batch time: 0.02s
2025-03-03 23:30:12,196 - INFO - [VAL] Epoch: 11/30 | Batch: 45/97 (47.4%) | Loss: 0.4633 | Batch time: 0.01s
2025-03-03 23:30:12,336 - INFO - [VAL] Epoch: 11/30 | Batch: 54/97 (56.7%) | Loss: 0.6552 | Batch time: 0.01s
2025-03-03 23:30:12,478 - INFO - [VAL] Epoch: 11/30 | Batch: 63/97 (66.0%) | Loss: 0.3265 | Batch time: 0.02s
2025-03-03 23:30:12,616 - INFO - [VAL] Epoch: 11/30 | Batch: 72/97 (75.3%) | Loss: 0.5789 | Batch time: 0.01s
2025-03-03 23:30:12,755 - INFO - [VAL] Epoch: 11/30 | Batch: 81/97 (84.5%) | Loss: 0.2958 | Batch time: 0.01s
2025-03-03 23:30:12,894 - INFO - [VAL] Epoch: 11/30 | Batch: 90/97 (93.8%) | Loss: 0.5390 | Batch time: 0.01s
2025-03-03 23:30:12,982 - INFO - [VAL] Epoch: 11/30 | Batch: 96/97 (100.0%) | Loss: 0.6051 | Batch time: 0.01s
2025-03-03 23:30:12,986 - INFO - --------------------------------------------------------------------------------
2025-03-03 23:30:12,986 - INFO - Epoch 11/30 completed in 11.12s
2025-03-03 23:30:12,986 - INFO - Training   - Loss: 1.1978, Accuracy: 0.6116, F1: 0.6161
2025-03-03 23:30:12,986 - INFO - Validation - Loss: 0.6177, Accuracy: 0.8152, F1: 0.8216
2025-03-03 23:30:12,986 - INFO - --------------------------------------------------------------------------------
2025-03-03 23:30:12,986 - INFO - Epoch 12/30
2025-03-03 23:30:12,986 - INFO - ----------------------------------------
2025-03-03 23:30:13,217 - INFO - [TRAIN] Epoch: 12/30 | Batch: 0/452 (0.2%) | Loss: 0.9129 | Batch time: 0.03s
2025-03-03 23:30:14,095 - INFO - [TRAIN] Epoch: 12/30 | Batch: 45/452 (10.2%) | Loss: 1.3547 | Batch time: 0.02s
2025-03-03 23:30:14,937 - INFO - [TRAIN] Epoch: 12/30 | Batch: 90/452 (20.1%) | Loss: 1.0483 | Batch time: 0.02s
2025-03-03 23:30:15,860 - INFO - [TRAIN] Epoch: 12/30 | Batch: 135/452 (30.1%) | Loss: 0.7108 | Batch time: 0.02s
2025-03-03 23:30:16,747 - INFO - [TRAIN] Epoch: 12/30 | Batch: 180/452 (40.0%) | Loss: 1.1905 | Batch time: 0.02s
2025-03-03 23:30:17,629 - INFO - [TRAIN] Epoch: 12/30 | Batch: 225/452 (50.0%) | Loss: 1.3369 | Batch time: 0.02s
2025-03-03 23:30:18,572 - INFO - [TRAIN] Epoch: 12/30 | Batch: 270/452 (60.0%) | Loss: 1.5660 | Batch time: 0.02s
2025-03-03 23:30:19,486 - INFO - [TRAIN] Epoch: 12/30 | Batch: 315/452 (69.9%) | Loss: 1.5359 | Batch time: 0.02s
2025-03-03 23:30:20,392 - INFO - [TRAIN] Epoch: 12/30 | Batch: 360/452 (79.9%) | Loss: 1.1749 | Batch time: 0.02s
2025-03-03 23:30:21,300 - INFO - [TRAIN] Epoch: 12/30 | Batch: 405/452 (89.8%) | Loss: 1.2075 | Batch time: 0.02s
2025-03-03 23:30:22,111 - INFO - [TRAIN] Epoch: 12/30 | Batch: 450/452 (99.8%) | Loss: 1.7414 | Batch time: 0.02s
2025-03-03 23:30:22,120 - INFO - [TRAIN] Epoch: 12/30 | Batch: 451/452 (100.0%) | Loss: 1.4698 | Batch time: 0.01s
2025-03-03 23:30:22,199 - INFO - [VAL] Epoch: 12/30 | Batch: 0/97 (1.0%) | Loss: 0.4764 | Batch time: 0.02s
2025-03-03 23:30:22,344 - INFO - [VAL] Epoch: 12/30 | Batch: 9/97 (10.3%) | Loss: 0.5219 | Batch time: 0.01s
2025-03-03 23:30:22,481 - INFO - [VAL] Epoch: 12/30 | Batch: 18/97 (19.6%) | Loss: 0.6113 | Batch time: 0.01s
2025-03-03 23:30:22,618 - INFO - [VAL] Epoch: 12/30 | Batch: 27/97 (28.9%) | Loss: 0.6438 | Batch time: 0.01s
2025-03-03 23:30:22,755 - INFO - [VAL] Epoch: 12/30 | Batch: 36/97 (38.1%) | Loss: 0.4817 | Batch time: 0.01s
2025-03-03 23:30:22,894 - INFO - [VAL] Epoch: 12/30 | Batch: 45/97 (47.4%) | Loss: 0.4672 | Batch time: 0.01s
2025-03-03 23:30:23,034 - INFO - [VAL] Epoch: 12/30 | Batch: 54/97 (56.7%) | Loss: 0.6405 | Batch time: 0.01s
2025-03-03 23:30:23,173 - INFO - [VAL] Epoch: 12/30 | Batch: 63/97 (66.0%) | Loss: 0.3404 | Batch time: 0.01s
2025-03-03 23:30:23,310 - INFO - [VAL] Epoch: 12/30 | Batch: 72/97 (75.3%) | Loss: 0.5313 | Batch time: 0.01s
2025-03-03 23:30:23,448 - INFO - [VAL] Epoch: 12/30 | Batch: 81/97 (84.5%) | Loss: 0.2931 | Batch time: 0.01s
2025-03-03 23:30:23,584 - INFO - [VAL] Epoch: 12/30 | Batch: 90/97 (93.8%) | Loss: 0.5547 | Batch time: 0.01s
2025-03-03 23:30:23,671 - INFO - [VAL] Epoch: 12/30 | Batch: 96/97 (100.0%) | Loss: 0.5874 | Batch time: 0.01s
2025-03-03 23:30:23,788 - INFO - Checkpoint saved: resnet18_v1_best.pth (Epoch 12)
2025-03-03 23:30:23,789 - INFO - --------------------------------------------------------------------------------
2025-03-03 23:30:23,789 - INFO - Epoch 12/30 completed in 10.80s
2025-03-03 23:30:23,789 - INFO - Training   - Loss: 1.1940, Accuracy: 0.6191, F1: 0.6245
2025-03-03 23:30:23,789 - INFO - Validation - Loss: 0.6009, Accuracy: 0.8253, F1: 0.8304
2025-03-03 23:30:23,789 - INFO - Validation F1 improved from 0.8223 to 0.8304
2025-03-03 23:30:23,789 - INFO - --------------------------------------------------------------------------------
2025-03-03 23:30:23,789 - INFO - Epoch 13/30
2025-03-03 23:30:23,789 - INFO - ----------------------------------------
2025-03-03 23:30:23,998 - INFO - [TRAIN] Epoch: 13/30 | Batch: 0/452 (0.2%) | Loss: 1.0306 | Batch time: 0.04s
2025-03-03 23:30:24,845 - INFO - [TRAIN] Epoch: 13/30 | Batch: 45/452 (10.2%) | Loss: 1.1548 | Batch time: 0.02s
2025-03-03 23:30:25,698 - INFO - [TRAIN] Epoch: 13/30 | Batch: 90/452 (20.1%) | Loss: 1.1886 | Batch time: 0.02s
2025-03-03 23:30:26,571 - INFO - [TRAIN] Epoch: 13/30 | Batch: 135/452 (30.1%) | Loss: 0.7354 | Batch time: 0.02s
2025-03-03 23:30:27,493 - INFO - [TRAIN] Epoch: 13/30 | Batch: 180/452 (40.0%) | Loss: 1.4818 | Batch time: 0.02s
2025-03-03 23:30:28,387 - INFO - [TRAIN] Epoch: 13/30 | Batch: 225/452 (50.0%) | Loss: 0.9614 | Batch time: 0.02s
2025-03-03 23:30:29,289 - INFO - [TRAIN] Epoch: 13/30 | Batch: 270/452 (60.0%) | Loss: 1.4418 | Batch time: 0.02s
2025-03-03 23:30:30,204 - INFO - [TRAIN] Epoch: 13/30 | Batch: 315/452 (69.9%) | Loss: 0.7677 | Batch time: 0.02s
2025-03-03 23:30:31,117 - INFO - [TRAIN] Epoch: 13/30 | Batch: 360/452 (79.9%) | Loss: 0.7978 | Batch time: 0.02s
2025-03-03 23:30:32,103 - INFO - [TRAIN] Epoch: 13/30 | Batch: 405/452 (89.8%) | Loss: 1.0682 | Batch time: 0.02s
2025-03-03 23:30:32,949 - INFO - [TRAIN] Epoch: 13/30 | Batch: 450/452 (99.8%) | Loss: 1.1731 | Batch time: 0.02s
2025-03-03 23:30:32,959 - INFO - [TRAIN] Epoch: 13/30 | Batch: 451/452 (100.0%) | Loss: 1.3826 | Batch time: 0.01s
2025-03-03 23:30:33,049 - INFO - [VAL] Epoch: 13/30 | Batch: 0/97 (1.0%) | Loss: 0.4440 | Batch time: 0.02s
2025-03-03 23:30:33,200 - INFO - [VAL] Epoch: 13/30 | Batch: 9/97 (10.3%) | Loss: 0.5046 | Batch time: 0.02s
2025-03-03 23:30:33,363 - INFO - [VAL] Epoch: 13/30 | Batch: 18/97 (19.6%) | Loss: 0.6114 | Batch time: 0.01s
2025-03-03 23:30:33,501 - INFO - [VAL] Epoch: 13/30 | Batch: 27/97 (28.9%) | Loss: 0.6530 | Batch time: 0.01s
2025-03-03 23:30:33,642 - INFO - [VAL] Epoch: 13/30 | Batch: 36/97 (38.1%) | Loss: 0.5191 | Batch time: 0.02s
2025-03-03 23:30:33,784 - INFO - [VAL] Epoch: 13/30 | Batch: 45/97 (47.4%) | Loss: 0.4537 | Batch time: 0.02s
2025-03-03 23:30:33,926 - INFO - [VAL] Epoch: 13/30 | Batch: 54/97 (56.7%) | Loss: 0.6672 | Batch time: 0.02s
2025-03-03 23:30:34,070 - INFO - [VAL] Epoch: 13/30 | Batch: 63/97 (66.0%) | Loss: 0.3206 | Batch time: 0.02s
2025-03-03 23:30:34,216 - INFO - [VAL] Epoch: 13/30 | Batch: 72/97 (75.3%) | Loss: 0.5902 | Batch time: 0.02s
2025-03-03 23:30:34,359 - INFO - [VAL] Epoch: 13/30 | Batch: 81/97 (84.5%) | Loss: 0.2742 | Batch time: 0.02s
2025-03-03 23:30:34,502 - INFO - [VAL] Epoch: 13/30 | Batch: 90/97 (93.8%) | Loss: 0.5108 | Batch time: 0.02s
2025-03-03 23:30:34,593 - INFO - [VAL] Epoch: 13/30 | Batch: 96/97 (100.0%) | Loss: 0.6139 | Batch time: 0.01s
2025-03-03 23:30:34,597 - INFO - --------------------------------------------------------------------------------
2025-03-03 23:30:34,598 - INFO - Epoch 13/30 completed in 10.81s
2025-03-03 23:30:34,598 - INFO - Training   - Loss: 1.1836, Accuracy: 0.6240, F1: 0.6286
2025-03-03 23:30:34,598 - INFO - Validation - Loss: 0.6228, Accuracy: 0.8088, F1: 0.8145
2025-03-03 23:30:34,598 - INFO - --------------------------------------------------------------------------------
2025-03-03 23:30:34,598 - INFO - Epoch 14/30
2025-03-03 23:30:34,598 - INFO - ----------------------------------------
2025-03-03 23:30:34,827 - INFO - [TRAIN] Epoch: 14/30 | Batch: 0/452 (0.2%) | Loss: 1.0620 | Batch time: 0.03s
2025-03-03 23:30:35,827 - INFO - [TRAIN] Epoch: 14/30 | Batch: 45/452 (10.2%) | Loss: 1.2504 | Batch time: 0.02s
2025-03-03 23:30:36,732 - INFO - [TRAIN] Epoch: 14/30 | Batch: 90/452 (20.1%) | Loss: 1.5140 | Batch time: 0.03s
2025-03-03 23:30:37,727 - INFO - [TRAIN] Epoch: 14/30 | Batch: 135/452 (30.1%) | Loss: 0.8730 | Batch time: 0.02s
2025-03-03 23:30:38,691 - INFO - [TRAIN] Epoch: 14/30 | Batch: 180/452 (40.0%) | Loss: 1.1824 | Batch time: 0.02s
2025-03-03 23:30:39,652 - INFO - [TRAIN] Epoch: 14/30 | Batch: 225/452 (50.0%) | Loss: 1.0147 | Batch time: 0.02s
2025-03-03 23:30:40,622 - INFO - [TRAIN] Epoch: 14/30 | Batch: 270/452 (60.0%) | Loss: 1.2564 | Batch time: 0.02s
2025-03-03 23:30:41,604 - INFO - [TRAIN] Epoch: 14/30 | Batch: 315/452 (69.9%) | Loss: 1.0516 | Batch time: 0.02s
2025-03-03 23:30:42,591 - INFO - [TRAIN] Epoch: 14/30 | Batch: 360/452 (79.9%) | Loss: 1.3804 | Batch time: 0.02s
2025-03-03 23:30:43,575 - INFO - [TRAIN] Epoch: 14/30 | Batch: 405/452 (89.8%) | Loss: 0.7253 | Batch time: 0.02s
2025-03-03 23:30:44,467 - INFO - [TRAIN] Epoch: 14/30 | Batch: 450/452 (99.8%) | Loss: 1.2133 | Batch time: 0.02s
2025-03-03 23:30:44,476 - INFO - [TRAIN] Epoch: 14/30 | Batch: 451/452 (100.0%) | Loss: 1.1588 | Batch time: 0.01s
2025-03-03 23:30:44,567 - INFO - [VAL] Epoch: 14/30 | Batch: 0/97 (1.0%) | Loss: 0.4256 | Batch time: 0.02s
2025-03-03 23:30:44,719 - INFO - [VAL] Epoch: 14/30 | Batch: 9/97 (10.3%) | Loss: 0.4945 | Batch time: 0.02s
2025-03-03 23:30:44,859 - INFO - [VAL] Epoch: 14/30 | Batch: 18/97 (19.6%) | Loss: 0.6159 | Batch time: 0.01s
2025-03-03 23:30:45,001 - INFO - [VAL] Epoch: 14/30 | Batch: 27/97 (28.9%) | Loss: 0.6931 | Batch time: 0.02s
2025-03-03 23:30:45,145 - INFO - [VAL] Epoch: 14/30 | Batch: 36/97 (38.1%) | Loss: 0.4875 | Batch time: 0.02s
2025-03-03 23:30:45,292 - INFO - [VAL] Epoch: 14/30 | Batch: 45/97 (47.4%) | Loss: 0.4658 | Batch time: 0.02s
2025-03-03 23:30:45,439 - INFO - [VAL] Epoch: 14/30 | Batch: 54/97 (56.7%) | Loss: 0.6483 | Batch time: 0.02s
2025-03-03 23:30:45,586 - INFO - [VAL] Epoch: 14/30 | Batch: 63/97 (66.0%) | Loss: 0.3266 | Batch time: 0.02s
2025-03-03 23:30:45,731 - INFO - [VAL] Epoch: 14/30 | Batch: 72/97 (75.3%) | Loss: 0.5787 | Batch time: 0.02s
2025-03-03 23:30:45,876 - INFO - [VAL] Epoch: 14/30 | Batch: 81/97 (84.5%) | Loss: 0.3032 | Batch time: 0.02s
2025-03-03 23:30:46,023 - INFO - [VAL] Epoch: 14/30 | Batch: 90/97 (93.8%) | Loss: 0.5199 | Batch time: 0.02s
2025-03-03 23:30:46,117 - INFO - [VAL] Epoch: 14/30 | Batch: 96/97 (100.0%) | Loss: 0.6130 | Batch time: 0.01s
2025-03-03 23:30:46,120 - INFO - --------------------------------------------------------------------------------
2025-03-03 23:30:46,120 - INFO - Epoch 14/30 completed in 11.52s
2025-03-03 23:30:46,120 - INFO - Training   - Loss: 1.1980, Accuracy: 0.6146, F1: 0.6199
2025-03-03 23:30:46,120 - INFO - Validation - Loss: 0.6213, Accuracy: 0.8140, F1: 0.8201
2025-03-03 23:30:46,120 - INFO - --------------------------------------------------------------------------------
2025-03-03 23:30:46,120 - INFO - Epoch 15/30
2025-03-03 23:30:46,120 - INFO - ----------------------------------------
2025-03-03 23:30:46,357 - INFO - [TRAIN] Epoch: 15/30 | Batch: 0/452 (0.2%) | Loss: 1.4285 | Batch time: 0.02s
2025-03-03 23:30:47,351 - INFO - [TRAIN] Epoch: 15/30 | Batch: 45/452 (10.2%) | Loss: 1.2687 | Batch time: 0.03s
2025-03-03 23:30:48,385 - INFO - [TRAIN] Epoch: 15/30 | Batch: 90/452 (20.1%) | Loss: 1.0311 | Batch time: 0.02s
2025-03-03 23:30:49,439 - INFO - [TRAIN] Epoch: 15/30 | Batch: 135/452 (30.1%) | Loss: 1.5910 | Batch time: 0.02s
2025-03-03 23:30:50,441 - INFO - [TRAIN] Epoch: 15/30 | Batch: 180/452 (40.0%) | Loss: 0.8743 | Batch time: 0.02s
2025-03-03 23:30:51,491 - INFO - [TRAIN] Epoch: 15/30 | Batch: 225/452 (50.0%) | Loss: 1.0531 | Batch time: 0.02s
2025-03-03 23:30:52,481 - INFO - [TRAIN] Epoch: 15/30 | Batch: 270/452 (60.0%) | Loss: 1.0809 | Batch time: 0.02s
2025-03-03 23:30:53,507 - INFO - [TRAIN] Epoch: 15/30 | Batch: 315/452 (69.9%) | Loss: 1.4269 | Batch time: 0.02s
2025-03-03 23:30:54,522 - INFO - [TRAIN] Epoch: 15/30 | Batch: 360/452 (79.9%) | Loss: 1.3893 | Batch time: 0.02s
2025-03-03 23:30:55,548 - INFO - [TRAIN] Epoch: 15/30 | Batch: 405/452 (89.8%) | Loss: 1.3091 | Batch time: 0.02s
2025-03-03 23:30:56,428 - INFO - [TRAIN] Epoch: 15/30 | Batch: 450/452 (99.8%) | Loss: 1.2194 | Batch time: 0.02s
2025-03-03 23:30:56,438 - INFO - [TRAIN] Epoch: 15/30 | Batch: 451/452 (100.0%) | Loss: 1.7499 | Batch time: 0.01s
2025-03-03 23:30:56,529 - INFO - [VAL] Epoch: 15/30 | Batch: 0/97 (1.0%) | Loss: 0.4594 | Batch time: 0.02s
2025-03-03 23:30:56,684 - INFO - [VAL] Epoch: 15/30 | Batch: 9/97 (10.3%) | Loss: 0.5029 | Batch time: 0.01s
2025-03-03 23:30:56,828 - INFO - [VAL] Epoch: 15/30 | Batch: 18/97 (19.6%) | Loss: 0.6178 | Batch time: 0.02s
2025-03-03 23:30:56,972 - INFO - [VAL] Epoch: 15/30 | Batch: 27/97 (28.9%) | Loss: 0.7166 | Batch time: 0.02s
2025-03-03 23:30:57,117 - INFO - [VAL] Epoch: 15/30 | Batch: 36/97 (38.1%) | Loss: 0.4995 | Batch time: 0.02s
2025-03-03 23:30:57,264 - INFO - [VAL] Epoch: 15/30 | Batch: 45/97 (47.4%) | Loss: 0.4776 | Batch time: 0.02s
2025-03-03 23:30:57,416 - INFO - [VAL] Epoch: 15/30 | Batch: 54/97 (56.7%) | Loss: 0.6610 | Batch time: 0.02s
2025-03-03 23:30:57,564 - INFO - [VAL] Epoch: 15/30 | Batch: 63/97 (66.0%) | Loss: 0.3629 | Batch time: 0.02s
2025-03-03 23:30:57,709 - INFO - [VAL] Epoch: 15/30 | Batch: 72/97 (75.3%) | Loss: 0.5691 | Batch time: 0.02s
2025-03-03 23:30:57,853 - INFO - [VAL] Epoch: 15/30 | Batch: 81/97 (84.5%) | Loss: 0.2806 | Batch time: 0.02s
2025-03-03 23:30:57,998 - INFO - [VAL] Epoch: 15/30 | Batch: 90/97 (93.8%) | Loss: 0.5506 | Batch time: 0.02s
2025-03-03 23:30:58,089 - INFO - [VAL] Epoch: 15/30 | Batch: 96/97 (100.0%) | Loss: 0.5825 | Batch time: 0.01s
2025-03-03 23:30:58,093 - INFO - --------------------------------------------------------------------------------
2025-03-03 23:30:58,093 - INFO - Epoch 15/30 completed in 11.97s
2025-03-03 23:30:58,093 - INFO - Training   - Loss: 1.1872, Accuracy: 0.6225, F1: 0.6259
2025-03-03 23:30:58,093 - INFO - Validation - Loss: 0.6246, Accuracy: 0.8146, F1: 0.8221
2025-03-03 23:30:58,093 - INFO - --------------------------------------------------------------------------------
2025-03-03 23:30:58,188 - INFO - Checkpoint saved: checkpoint_epoch_15.pth (Epoch 15)
2025-03-03 23:30:58,188 - INFO - Epoch 16/30
2025-03-03 23:30:58,188 - INFO - ----------------------------------------
2025-03-03 23:30:58,429 - INFO - [TRAIN] Epoch: 16/30 | Batch: 0/452 (0.2%) | Loss: 1.1180 | Batch time: 0.02s
2025-03-03 23:30:59,470 - INFO - [TRAIN] Epoch: 16/30 | Batch: 45/452 (10.2%) | Loss: 1.0512 | Batch time: 0.02s
2025-03-03 23:31:00,554 - INFO - [TRAIN] Epoch: 16/30 | Batch: 90/452 (20.1%) | Loss: 1.0818 | Batch time: 0.02s
2025-03-03 23:31:01,611 - INFO - [TRAIN] Epoch: 16/30 | Batch: 135/452 (30.1%) | Loss: 0.9384 | Batch time: 0.02s
2025-03-03 23:31:02,672 - INFO - [TRAIN] Epoch: 16/30 | Batch: 180/452 (40.0%) | Loss: 1.3961 | Batch time: 0.02s
2025-03-03 23:31:03,745 - INFO - [TRAIN] Epoch: 16/30 | Batch: 225/452 (50.0%) | Loss: 0.8561 | Batch time: 0.02s
2025-03-03 23:31:04,834 - INFO - [TRAIN] Epoch: 16/30 | Batch: 270/452 (60.0%) | Loss: 0.8172 | Batch time: 0.02s
2025-03-03 23:31:05,910 - INFO - [TRAIN] Epoch: 16/30 | Batch: 315/452 (69.9%) | Loss: 1.0022 | Batch time: 0.02s
2025-03-03 23:31:07,273 - INFO - [TRAIN] Epoch: 16/30 | Batch: 360/452 (79.9%) | Loss: 1.2418 | Batch time: 0.02s
2025-03-03 23:31:08,542 - INFO - [TRAIN] Epoch: 16/30 | Batch: 405/452 (89.8%) | Loss: 0.9614 | Batch time: 0.02s
2025-03-03 23:31:09,428 - INFO - [TRAIN] Epoch: 16/30 | Batch: 450/452 (99.8%) | Loss: 0.9328 | Batch time: 0.02s
2025-03-03 23:31:09,438 - INFO - [TRAIN] Epoch: 16/30 | Batch: 451/452 (100.0%) | Loss: 1.2824 | Batch time: 0.01s
2025-03-03 23:31:09,537 - INFO - [VAL] Epoch: 16/30 | Batch: 0/97 (1.0%) | Loss: 0.4507 | Batch time: 0.02s
2025-03-03 23:31:09,705 - INFO - [VAL] Epoch: 16/30 | Batch: 9/97 (10.3%) | Loss: 0.5061 | Batch time: 0.02s
2025-03-03 23:31:09,853 - INFO - [VAL] Epoch: 16/30 | Batch: 18/97 (19.6%) | Loss: 0.6099 | Batch time: 0.02s
2025-03-03 23:31:10,003 - INFO - [VAL] Epoch: 16/30 | Batch: 27/97 (28.9%) | Loss: 0.7019 | Batch time: 0.02s
2025-03-03 23:31:10,171 - INFO - [VAL] Epoch: 16/30 | Batch: 36/97 (38.1%) | Loss: 0.4892 | Batch time: 0.02s
2025-03-03 23:31:10,322 - INFO - [VAL] Epoch: 16/30 | Batch: 45/97 (47.4%) | Loss: 0.4616 | Batch time: 0.02s
2025-03-03 23:31:10,482 - INFO - [VAL] Epoch: 16/30 | Batch: 54/97 (56.7%) | Loss: 0.6455 | Batch time: 0.02s
2025-03-03 23:31:10,636 - INFO - [VAL] Epoch: 16/30 | Batch: 63/97 (66.0%) | Loss: 0.3392 | Batch time: 0.02s
2025-03-03 23:31:10,788 - INFO - [VAL] Epoch: 16/30 | Batch: 72/97 (75.3%) | Loss: 0.5674 | Batch time: 0.02s
2025-03-03 23:31:10,939 - INFO - [VAL] Epoch: 16/30 | Batch: 81/97 (84.5%) | Loss: 0.2840 | Batch time: 0.02s
2025-03-03 23:31:11,089 - INFO - [VAL] Epoch: 16/30 | Batch: 90/97 (93.8%) | Loss: 0.5276 | Batch time: 0.02s
2025-03-03 23:31:11,186 - INFO - [VAL] Epoch: 16/30 | Batch: 96/97 (100.0%) | Loss: 0.5776 | Batch time: 0.01s
2025-03-03 23:31:11,190 - INFO - --------------------------------------------------------------------------------
2025-03-03 23:31:11,190 - INFO - Epoch 16/30 completed in 13.00s
2025-03-03 23:31:11,190 - INFO - Training   - Loss: 1.1613, Accuracy: 0.6301, F1: 0.6345
2025-03-03 23:31:11,190 - INFO - Validation - Loss: 0.6152, Accuracy: 0.8175, F1: 0.8249
2025-03-03 23:31:11,190 - INFO - --------------------------------------------------------------------------------
2025-03-03 23:31:11,190 - INFO - Epoch 17/30
2025-03-03 23:31:11,190 - INFO - ----------------------------------------
2025-03-03 23:31:11,431 - INFO - [TRAIN] Epoch: 17/30 | Batch: 0/452 (0.2%) | Loss: 1.2838 | Batch time: 0.03s
2025-03-03 23:31:12,741 - INFO - [TRAIN] Epoch: 17/30 | Batch: 45/452 (10.2%) | Loss: 1.0954 | Batch time: 0.03s
2025-03-03 23:31:13,774 - INFO - [TRAIN] Epoch: 17/30 | Batch: 90/452 (20.1%) | Loss: 0.7810 | Batch time: 0.02s
2025-03-03 23:31:14,878 - INFO - [TRAIN] Epoch: 17/30 | Batch: 135/452 (30.1%) | Loss: 0.6345 | Batch time: 0.02s
2025-03-03 23:31:16,006 - INFO - [TRAIN] Epoch: 17/30 | Batch: 180/452 (40.0%) | Loss: 0.7745 | Batch time: 0.03s
2025-03-03 23:31:17,100 - INFO - [TRAIN] Epoch: 17/30 | Batch: 225/452 (50.0%) | Loss: 1.2843 | Batch time: 0.03s
2025-03-03 23:31:18,247 - INFO - [TRAIN] Epoch: 17/30 | Batch: 270/452 (60.0%) | Loss: 1.3095 | Batch time: 0.03s
2025-03-03 23:31:19,335 - INFO - [TRAIN] Epoch: 17/30 | Batch: 315/452 (69.9%) | Loss: 1.1892 | Batch time: 0.02s
2025-03-03 23:31:20,493 - INFO - [TRAIN] Epoch: 17/30 | Batch: 360/452 (79.9%) | Loss: 2.0694 | Batch time: 0.02s
2025-03-03 23:31:21,678 - INFO - [TRAIN] Epoch: 17/30 | Batch: 405/452 (89.8%) | Loss: 1.3266 | Batch time: 0.02s
2025-03-03 23:31:22,577 - INFO - [TRAIN] Epoch: 17/30 | Batch: 450/452 (99.8%) | Loss: 1.3330 | Batch time: 0.02s
2025-03-03 23:31:22,587 - INFO - [TRAIN] Epoch: 17/30 | Batch: 451/452 (100.0%) | Loss: 1.0039 | Batch time: 0.01s
2025-03-03 23:31:22,688 - INFO - [VAL] Epoch: 17/30 | Batch: 0/97 (1.0%) | Loss: 0.4491 | Batch time: 0.02s
2025-03-03 23:31:22,839 - INFO - [VAL] Epoch: 17/30 | Batch: 9/97 (10.3%) | Loss: 0.5113 | Batch time: 0.02s
2025-03-03 23:31:22,994 - INFO - [VAL] Epoch: 17/30 | Batch: 18/97 (19.6%) | Loss: 0.6128 | Batch time: 0.02s
2025-03-03 23:31:23,144 - INFO - [VAL] Epoch: 17/30 | Batch: 27/97 (28.9%) | Loss: 0.6934 | Batch time: 0.02s
2025-03-03 23:31:23,295 - INFO - [VAL] Epoch: 17/30 | Batch: 36/97 (38.1%) | Loss: 0.5198 | Batch time: 0.02s
2025-03-03 23:31:23,449 - INFO - [VAL] Epoch: 17/30 | Batch: 45/97 (47.4%) | Loss: 0.4604 | Batch time: 0.02s
2025-03-03 23:31:23,604 - INFO - [VAL] Epoch: 17/30 | Batch: 54/97 (56.7%) | Loss: 0.6607 | Batch time: 0.02s
2025-03-03 23:31:23,759 - INFO - [VAL] Epoch: 17/30 | Batch: 63/97 (66.0%) | Loss: 0.3546 | Batch time: 0.02s
2025-03-03 23:31:23,911 - INFO - [VAL] Epoch: 17/30 | Batch: 72/97 (75.3%) | Loss: 0.5732 | Batch time: 0.02s
2025-03-03 23:31:24,065 - INFO - [VAL] Epoch: 17/30 | Batch: 81/97 (84.5%) | Loss: 0.3110 | Batch time: 0.02s
2025-03-03 23:31:24,216 - INFO - [VAL] Epoch: 17/30 | Batch: 90/97 (93.8%) | Loss: 0.5397 | Batch time: 0.02s
2025-03-03 23:31:24,312 - INFO - [VAL] Epoch: 17/30 | Batch: 96/97 (100.0%) | Loss: 0.5902 | Batch time: 0.01s
2025-03-03 23:31:24,315 - INFO - --------------------------------------------------------------------------------
2025-03-03 23:31:24,333 - INFO - Epoch 17/30 completed in 13.13s
2025-03-03 23:31:24,333 - INFO - Training   - Loss: 1.1734, Accuracy: 0.6223, F1: 0.6261
2025-03-03 23:31:24,333 - INFO - Validation - Loss: 0.6187, Accuracy: 0.8178, F1: 0.8241
2025-03-03 23:31:24,333 - INFO - --------------------------------------------------------------------------------
2025-03-03 23:31:24,333 - INFO - Epoch 18/30
2025-03-03 23:31:24,333 - INFO - ----------------------------------------
2025-03-03 23:31:24,559 - INFO - [TRAIN] Epoch: 18/30 | Batch: 0/452 (0.2%) | Loss: 1.2583 | Batch time: 0.03s
2025-03-03 23:31:25,821 - INFO - [TRAIN] Epoch: 18/30 | Batch: 45/452 (10.2%) | Loss: 0.8608 | Batch time: 0.02s
2025-03-03 23:31:26,953 - INFO - [TRAIN] Epoch: 18/30 | Batch: 90/452 (20.1%) | Loss: 1.1755 | Batch time: 0.02s
2025-03-03 23:31:28,074 - INFO - [TRAIN] Epoch: 18/30 | Batch: 135/452 (30.1%) | Loss: 1.3163 | Batch time: 0.02s
2025-03-03 23:31:29,203 - INFO - [TRAIN] Epoch: 18/30 | Batch: 180/452 (40.0%) | Loss: 1.2535 | Batch time: 0.03s
2025-03-03 23:31:30,384 - INFO - [TRAIN] Epoch: 18/30 | Batch: 225/452 (50.0%) | Loss: 0.9953 | Batch time: 0.02s
2025-03-03 23:31:31,554 - INFO - [TRAIN] Epoch: 18/30 | Batch: 270/452 (60.0%) | Loss: 0.9643 | Batch time: 0.03s
2025-03-03 23:31:32,683 - INFO - [TRAIN] Epoch: 18/30 | Batch: 315/452 (69.9%) | Loss: 1.2796 | Batch time: 0.03s
2025-03-03 23:31:33,860 - INFO - [TRAIN] Epoch: 18/30 | Batch: 360/452 (79.9%) | Loss: 1.6041 | Batch time: 0.02s
2025-03-03 23:31:35,064 - INFO - [TRAIN] Epoch: 18/30 | Batch: 405/452 (89.8%) | Loss: 1.4914 | Batch time: 0.02s
2025-03-03 23:31:36,072 - INFO - [TRAIN] Epoch: 18/30 | Batch: 450/452 (99.8%) | Loss: 0.8419 | Batch time: 0.02s
2025-03-03 23:31:36,088 - INFO - [TRAIN] Epoch: 18/30 | Batch: 451/452 (100.0%) | Loss: 0.8993 | Batch time: 0.01s
2025-03-03 23:31:36,198 - INFO - [VAL] Epoch: 18/30 | Batch: 0/97 (1.0%) | Loss: 0.4736 | Batch time: 0.02s
2025-03-03 23:31:36,363 - INFO - [VAL] Epoch: 18/30 | Batch: 9/97 (10.3%) | Loss: 0.5176 | Batch time: 0.02s
2025-03-03 23:31:36,512 - INFO - [VAL] Epoch: 18/30 | Batch: 18/97 (19.6%) | Loss: 0.6284 | Batch time: 0.02s
2025-03-03 23:31:36,659 - INFO - [VAL] Epoch: 18/30 | Batch: 27/97 (28.9%) | Loss: 0.6690 | Batch time: 0.02s
2025-03-03 23:31:36,810 - INFO - [VAL] Epoch: 18/30 | Batch: 36/97 (38.1%) | Loss: 0.5375 | Batch time: 0.02s
2025-03-03 23:31:36,965 - INFO - [VAL] Epoch: 18/30 | Batch: 45/97 (47.4%) | Loss: 0.4688 | Batch time: 0.02s
2025-03-03 23:31:37,123 - INFO - [VAL] Epoch: 18/30 | Batch: 54/97 (56.7%) | Loss: 0.6900 | Batch time: 0.02s
2025-03-03 23:31:37,280 - INFO - [VAL] Epoch: 18/30 | Batch: 63/97 (66.0%) | Loss: 0.3387 | Batch time: 0.02s
2025-03-03 23:31:37,435 - INFO - [VAL] Epoch: 18/30 | Batch: 72/97 (75.3%) | Loss: 0.5862 | Batch time: 0.02s
2025-03-03 23:31:37,588 - INFO - [VAL] Epoch: 18/30 | Batch: 81/97 (84.5%) | Loss: 0.3090 | Batch time: 0.02s
2025-03-03 23:31:37,742 - INFO - [VAL] Epoch: 18/30 | Batch: 90/97 (93.8%) | Loss: 0.5424 | Batch time: 0.02s
2025-03-03 23:31:37,846 - INFO - [VAL] Epoch: 18/30 | Batch: 96/97 (100.0%) | Loss: 0.5978 | Batch time: 0.01s
2025-03-03 23:31:37,851 - INFO - --------------------------------------------------------------------------------
2025-03-03 23:31:37,851 - INFO - Epoch 18/30 completed in 13.52s
2025-03-03 23:31:37,851 - INFO - Training   - Loss: 1.1797, Accuracy: 0.6231, F1: 0.6281
2025-03-03 23:31:37,851 - INFO - Validation - Loss: 0.6251, Accuracy: 0.8143, F1: 0.8218
2025-03-03 23:31:37,851 - INFO - --------------------------------------------------------------------------------
2025-03-03 23:31:37,851 - INFO - Epoch 19/30
2025-03-03 23:31:37,851 - INFO - ----------------------------------------
2025-03-03 23:31:38,094 - INFO - [TRAIN] Epoch: 19/30 | Batch: 0/452 (0.2%) | Loss: 1.1266 | Batch time: 0.03s
2025-03-03 23:31:39,471 - INFO - [TRAIN] Epoch: 19/30 | Batch: 45/452 (10.2%) | Loss: 0.8964 | Batch time: 0.03s
2025-03-03 23:31:40,606 - INFO - [TRAIN] Epoch: 19/30 | Batch: 90/452 (20.1%) | Loss: 1.2270 | Batch time: 0.02s
2025-03-03 23:31:41,823 - INFO - [TRAIN] Epoch: 19/30 | Batch: 135/452 (30.1%) | Loss: 1.1496 | Batch time: 0.02s
2025-03-03 23:31:43,011 - INFO - [TRAIN] Epoch: 19/30 | Batch: 180/452 (40.0%) | Loss: 1.1433 | Batch time: 0.03s
2025-03-03 23:31:44,217 - INFO - [TRAIN] Epoch: 19/30 | Batch: 225/452 (50.0%) | Loss: 1.2142 | Batch time: 0.02s
2025-03-03 23:31:45,384 - INFO - [TRAIN] Epoch: 19/30 | Batch: 270/452 (60.0%) | Loss: 1.0054 | Batch time: 0.03s
2025-03-03 23:31:46,561 - INFO - [TRAIN] Epoch: 19/30 | Batch: 315/452 (69.9%) | Loss: 1.0682 | Batch time: 0.02s
2025-03-03 23:31:47,913 - INFO - [TRAIN] Epoch: 19/30 | Batch: 360/452 (79.9%) | Loss: 0.8670 | Batch time: 0.03s
2025-03-03 23:31:49,122 - INFO - [TRAIN] Epoch: 19/30 | Batch: 405/452 (89.8%) | Loss: 1.2210 | Batch time: 0.03s
2025-03-03 23:31:50,085 - INFO - [TRAIN] Epoch: 19/30 | Batch: 450/452 (99.8%) | Loss: 1.7195 | Batch time: 0.02s
2025-03-03 23:31:50,096 - INFO - [TRAIN] Epoch: 19/30 | Batch: 451/452 (100.0%) | Loss: 1.4807 | Batch time: 0.01s
2025-03-03 23:31:50,205 - INFO - [VAL] Epoch: 19/30 | Batch: 0/97 (1.0%) | Loss: 0.4674 | Batch time: 0.02s
2025-03-03 23:31:50,366 - INFO - [VAL] Epoch: 19/30 | Batch: 9/97 (10.3%) | Loss: 0.4975 | Batch time: 0.02s
2025-03-03 23:31:50,521 - INFO - [VAL] Epoch: 19/30 | Batch: 18/97 (19.6%) | Loss: 0.6190 | Batch time: 0.02s
2025-03-03 23:31:50,676 - INFO - [VAL] Epoch: 19/30 | Batch: 27/97 (28.9%) | Loss: 0.6797 | Batch time: 0.02s
2025-03-03 23:31:50,833 - INFO - [VAL] Epoch: 19/30 | Batch: 36/97 (38.1%) | Loss: 0.5011 | Batch time: 0.02s
2025-03-03 23:31:50,994 - INFO - [VAL] Epoch: 19/30 | Batch: 45/97 (47.4%) | Loss: 0.4736 | Batch time: 0.02s
2025-03-03 23:31:51,155 - INFO - [VAL] Epoch: 19/30 | Batch: 54/97 (56.7%) | Loss: 0.6766 | Batch time: 0.02s
2025-03-03 23:31:51,316 - INFO - [VAL] Epoch: 19/30 | Batch: 63/97 (66.0%) | Loss: 0.3294 | Batch time: 0.02s
2025-03-03 23:31:51,474 - INFO - [VAL] Epoch: 19/30 | Batch: 72/97 (75.3%) | Loss: 0.5738 | Batch time: 0.02s
2025-03-03 23:31:51,633 - INFO - [VAL] Epoch: 19/30 | Batch: 81/97 (84.5%) | Loss: 0.2939 | Batch time: 0.02s
2025-03-03 23:31:51,790 - INFO - [VAL] Epoch: 19/30 | Batch: 90/97 (93.8%) | Loss: 0.5299 | Batch time: 0.02s
2025-03-03 23:31:51,891 - INFO - [VAL] Epoch: 19/30 | Batch: 96/97 (100.0%) | Loss: 0.5900 | Batch time: 0.01s
2025-03-03 23:31:51,894 - INFO - --------------------------------------------------------------------------------
2025-03-03 23:31:51,894 - INFO - Epoch 19/30 completed in 14.04s
2025-03-03 23:31:51,894 - INFO - Training   - Loss: 1.1819, Accuracy: 0.6168, F1: 0.6207
2025-03-03 23:31:51,894 - INFO - Validation - Loss: 0.6264, Accuracy: 0.8149, F1: 0.8221
2025-03-03 23:31:51,894 - INFO - --------------------------------------------------------------------------------
2025-03-03 23:31:51,894 - INFO - Epoch 20/30
2025-03-03 23:31:51,894 - INFO - ----------------------------------------
2025-03-03 23:31:52,141 - INFO - [TRAIN] Epoch: 20/30 | Batch: 0/452 (0.2%) | Loss: 0.6578 | Batch time: 0.04s
2025-03-03 23:31:53,432 - INFO - [TRAIN] Epoch: 20/30 | Batch: 45/452 (10.2%) | Loss: 0.9123 | Batch time: 0.03s
2025-03-03 23:31:54,728 - INFO - [TRAIN] Epoch: 20/30 | Batch: 90/452 (20.1%) | Loss: 0.9811 | Batch time: 0.03s
2025-03-03 23:31:55,919 - INFO - [TRAIN] Epoch: 20/30 | Batch: 135/452 (30.1%) | Loss: 1.2629 | Batch time: 0.02s
2025-03-03 23:31:57,286 - INFO - [TRAIN] Epoch: 20/30 | Batch: 180/452 (40.0%) | Loss: 1.0496 | Batch time: 0.03s
2025-03-03 23:31:58,578 - INFO - [TRAIN] Epoch: 20/30 | Batch: 225/452 (50.0%) | Loss: 1.2360 | Batch time: 0.03s
2025-03-03 23:31:59,833 - INFO - [TRAIN] Epoch: 20/30 | Batch: 270/452 (60.0%) | Loss: 0.9336 | Batch time: 0.03s
2025-03-03 23:32:01,054 - INFO - [TRAIN] Epoch: 20/30 | Batch: 315/452 (69.9%) | Loss: 1.5714 | Batch time: 0.02s
2025-03-03 23:32:02,408 - INFO - [TRAIN] Epoch: 20/30 | Batch: 360/452 (79.9%) | Loss: 1.1208 | Batch time: 0.04s
2025-03-03 23:32:03,656 - INFO - [TRAIN] Epoch: 20/30 | Batch: 405/452 (89.8%) | Loss: 1.0673 | Batch time: 0.02s
2025-03-03 23:32:04,628 - INFO - [TRAIN] Epoch: 20/30 | Batch: 450/452 (99.8%) | Loss: 1.2032 | Batch time: 0.02s
2025-03-03 23:32:04,638 - INFO - [TRAIN] Epoch: 20/30 | Batch: 451/452 (100.0%) | Loss: 1.0594 | Batch time: 0.01s
2025-03-03 23:32:04,759 - INFO - [VAL] Epoch: 20/30 | Batch: 0/97 (1.0%) | Loss: 0.4397 | Batch time: 0.02s
2025-03-03 23:32:04,931 - INFO - [VAL] Epoch: 20/30 | Batch: 9/97 (10.3%) | Loss: 0.4918 | Batch time: 0.02s
2025-03-03 23:32:05,085 - INFO - [VAL] Epoch: 20/30 | Batch: 18/97 (19.6%) | Loss: 0.6220 | Batch time: 0.02s
2025-03-03 23:32:05,242 - INFO - [VAL] Epoch: 20/30 | Batch: 27/97 (28.9%) | Loss: 0.6429 | Batch time: 0.02s
2025-03-03 23:32:05,401 - INFO - [VAL] Epoch: 20/30 | Batch: 36/97 (38.1%) | Loss: 0.4963 | Batch time: 0.02s
2025-03-03 23:32:05,562 - INFO - [VAL] Epoch: 20/30 | Batch: 45/97 (47.4%) | Loss: 0.4559 | Batch time: 0.02s
2025-03-03 23:32:05,725 - INFO - [VAL] Epoch: 20/30 | Batch: 54/97 (56.7%) | Loss: 0.6621 | Batch time: 0.02s
2025-03-03 23:32:05,889 - INFO - [VAL] Epoch: 20/30 | Batch: 63/97 (66.0%) | Loss: 0.3195 | Batch time: 0.02s
2025-03-03 23:32:06,049 - INFO - [VAL] Epoch: 20/30 | Batch: 72/97 (75.3%) | Loss: 0.5704 | Batch time: 0.02s
2025-03-03 23:32:06,207 - INFO - [VAL] Epoch: 20/30 | Batch: 81/97 (84.5%) | Loss: 0.2717 | Batch time: 0.02s
2025-03-03 23:32:06,364 - INFO - [VAL] Epoch: 20/30 | Batch: 90/97 (93.8%) | Loss: 0.4837 | Batch time: 0.02s
2025-03-03 23:32:06,464 - INFO - [VAL] Epoch: 20/30 | Batch: 96/97 (100.0%) | Loss: 0.5768 | Batch time: 0.01s
2025-03-03 23:32:06,468 - INFO - --------------------------------------------------------------------------------
2025-03-03 23:32:06,468 - INFO - Epoch 20/30 completed in 14.57s
2025-03-03 23:32:06,468 - INFO - Training   - Loss: 1.1717, Accuracy: 0.6263, F1: 0.6316
2025-03-03 23:32:06,468 - INFO - Validation - Loss: 0.6162, Accuracy: 0.8127, F1: 0.8205
2025-03-03 23:32:06,468 - INFO - --------------------------------------------------------------------------------
2025-03-03 23:32:06,558 - INFO - Checkpoint saved: checkpoint_epoch_20.pth (Epoch 20)
2025-03-03 23:32:06,558 - INFO - Epoch 21/30
2025-03-03 23:32:06,558 - INFO - ----------------------------------------
2025-03-03 23:32:06,787 - INFO - [TRAIN] Epoch: 21/30 | Batch: 0/452 (0.2%) | Loss: 0.9916 | Batch time: 0.03s
2025-03-03 23:32:08,082 - INFO - [TRAIN] Epoch: 21/30 | Batch: 45/452 (10.2%) | Loss: 1.3116 | Batch time: 0.02s
2025-03-03 23:32:09,308 - INFO - [TRAIN] Epoch: 21/30 | Batch: 90/452 (20.1%) | Loss: 0.9572 | Batch time: 0.02s
2025-03-03 23:32:10,672 - INFO - [TRAIN] Epoch: 21/30 | Batch: 135/452 (30.1%) | Loss: 1.2809 | Batch time: 0.04s
2025-03-03 23:32:12,000 - INFO - [TRAIN] Epoch: 21/30 | Batch: 180/452 (40.0%) | Loss: 1.1687 | Batch time: 0.03s
2025-03-03 23:32:13,358 - INFO - [TRAIN] Epoch: 21/30 | Batch: 225/452 (50.0%) | Loss: 0.7385 | Batch time: 0.02s
2025-03-03 23:32:14,710 - INFO - [TRAIN] Epoch: 21/30 | Batch: 270/452 (60.0%) | Loss: 1.5626 | Batch time: 0.03s
2025-03-03 23:32:16,043 - INFO - [TRAIN] Epoch: 21/30 | Batch: 315/452 (69.9%) | Loss: 1.1097 | Batch time: 0.04s
2025-03-03 23:32:17,428 - INFO - [TRAIN] Epoch: 21/30 | Batch: 360/452 (79.9%) | Loss: 0.7587 | Batch time: 0.02s
2025-03-03 23:32:18,703 - INFO - [TRAIN] Epoch: 21/30 | Batch: 405/452 (89.8%) | Loss: 1.0567 | Batch time: 0.02s
2025-03-03 23:32:19,715 - INFO - [TRAIN] Epoch: 21/30 | Batch: 450/452 (99.8%) | Loss: 1.1879 | Batch time: 0.02s
2025-03-03 23:32:19,729 - INFO - [TRAIN] Epoch: 21/30 | Batch: 451/452 (100.0%) | Loss: 1.6121 | Batch time: 0.01s
2025-03-03 23:32:19,863 - INFO - [VAL] Epoch: 21/30 | Batch: 0/97 (1.0%) | Loss: 0.4445 | Batch time: 0.02s
2025-03-03 23:32:20,033 - INFO - [VAL] Epoch: 21/30 | Batch: 9/97 (10.3%) | Loss: 0.4996 | Batch time: 0.02s
2025-03-03 23:32:20,188 - INFO - [VAL] Epoch: 21/30 | Batch: 18/97 (19.6%) | Loss: 0.6049 | Batch time: 0.02s
2025-03-03 23:32:20,345 - INFO - [VAL] Epoch: 21/30 | Batch: 27/97 (28.9%) | Loss: 0.6298 | Batch time: 0.02s
2025-03-03 23:32:20,505 - INFO - [VAL] Epoch: 21/30 | Batch: 36/97 (38.1%) | Loss: 0.4896 | Batch time: 0.02s
2025-03-03 23:32:20,668 - INFO - [VAL] Epoch: 21/30 | Batch: 45/97 (47.4%) | Loss: 0.4655 | Batch time: 0.02s
2025-03-03 23:32:20,833 - INFO - [VAL] Epoch: 21/30 | Batch: 54/97 (56.7%) | Loss: 0.6586 | Batch time: 0.02s
2025-03-03 23:32:20,999 - INFO - [VAL] Epoch: 21/30 | Batch: 63/97 (66.0%) | Loss: 0.3205 | Batch time: 0.02s
2025-03-03 23:32:21,161 - INFO - [VAL] Epoch: 21/30 | Batch: 72/97 (75.3%) | Loss: 0.5476 | Batch time: 0.02s
2025-03-03 23:32:21,321 - INFO - [VAL] Epoch: 21/30 | Batch: 81/97 (84.5%) | Loss: 0.2997 | Batch time: 0.02s
2025-03-03 23:32:21,481 - INFO - [VAL] Epoch: 21/30 | Batch: 90/97 (93.8%) | Loss: 0.5172 | Batch time: 0.02s
2025-03-03 23:32:21,584 - INFO - [VAL] Epoch: 21/30 | Batch: 96/97 (100.0%) | Loss: 0.5776 | Batch time: 0.01s
2025-03-03 23:32:21,588 - INFO - --------------------------------------------------------------------------------
2025-03-03 23:32:21,588 - INFO - Epoch 21/30 completed in 15.03s
2025-03-03 23:32:21,588 - INFO - Training   - Loss: 1.1690, Accuracy: 0.6162, F1: 0.6209
2025-03-03 23:32:21,589 - INFO - Validation - Loss: 0.6050, Accuracy: 0.8227, F1: 0.8286
2025-03-03 23:32:21,589 - INFO - --------------------------------------------------------------------------------
2025-03-03 23:32:21,589 - INFO - Epoch 22/30
2025-03-03 23:32:21,589 - INFO - ----------------------------------------
2025-03-03 23:32:21,842 - INFO - [TRAIN] Epoch: 22/30 | Batch: 0/452 (0.2%) | Loss: 1.2727 | Batch time: 0.03s
2025-03-03 23:32:23,155 - INFO - [TRAIN] Epoch: 22/30 | Batch: 45/452 (10.2%) | Loss: 1.0270 | Batch time: 0.03s
2025-03-03 23:32:24,427 - INFO - [TRAIN] Epoch: 22/30 | Batch: 90/452 (20.1%) | Loss: 1.4041 | Batch time: 0.03s
2025-03-03 23:32:25,751 - INFO - [TRAIN] Epoch: 22/30 | Batch: 135/452 (30.1%) | Loss: 1.1323 | Batch time: 0.03s
2025-03-03 23:32:27,379 - INFO - [TRAIN] Epoch: 22/30 | Batch: 180/452 (40.0%) | Loss: 1.4020 | Batch time: 0.02s
2025-03-03 23:32:28,617 - INFO - [TRAIN] Epoch: 22/30 | Batch: 225/452 (50.0%) | Loss: 1.1585 | Batch time: 0.03s
2025-03-03 23:32:29,841 - INFO - [TRAIN] Epoch: 22/30 | Batch: 270/452 (60.0%) | Loss: 0.8947 | Batch time: 0.02s
2025-03-03 23:32:31,136 - INFO - [TRAIN] Epoch: 22/30 | Batch: 315/452 (69.9%) | Loss: 1.5111 | Batch time: 0.03s
2025-03-03 23:32:32,464 - INFO - [TRAIN] Epoch: 22/30 | Batch: 360/452 (79.9%) | Loss: 0.7813 | Batch time: 0.03s
2025-03-03 23:32:33,684 - INFO - [TRAIN] Epoch: 22/30 | Batch: 405/452 (89.8%) | Loss: 0.9752 | Batch time: 0.02s
2025-03-03 23:32:34,687 - INFO - [TRAIN] Epoch: 22/30 | Batch: 450/452 (99.8%) | Loss: 1.4438 | Batch time: 0.02s
2025-03-03 23:32:34,698 - INFO - [TRAIN] Epoch: 22/30 | Batch: 451/452 (100.0%) | Loss: 1.2835 | Batch time: 0.01s
2025-03-03 23:32:34,810 - INFO - [VAL] Epoch: 22/30 | Batch: 0/97 (1.0%) | Loss: 0.4425 | Batch time: 0.02s
2025-03-03 23:32:34,967 - INFO - [VAL] Epoch: 22/30 | Batch: 9/97 (10.3%) | Loss: 0.4991 | Batch time: 0.02s
2025-03-03 23:32:35,122 - INFO - [VAL] Epoch: 22/30 | Batch: 18/97 (19.6%) | Loss: 0.6051 | Batch time: 0.02s
2025-03-03 23:32:35,281 - INFO - [VAL] Epoch: 22/30 | Batch: 27/97 (28.9%) | Loss: 0.6922 | Batch time: 0.02s
2025-03-03 23:32:35,439 - INFO - [VAL] Epoch: 22/30 | Batch: 36/97 (38.1%) | Loss: 0.4916 | Batch time: 0.02s
2025-03-03 23:32:35,601 - INFO - [VAL] Epoch: 22/30 | Batch: 45/97 (47.4%) | Loss: 0.4631 | Batch time: 0.02s
2025-03-03 23:32:35,764 - INFO - [VAL] Epoch: 22/30 | Batch: 54/97 (56.7%) | Loss: 0.6680 | Batch time: 0.02s
2025-03-03 23:32:35,927 - INFO - [VAL] Epoch: 22/30 | Batch: 63/97 (66.0%) | Loss: 0.3116 | Batch time: 0.02s
2025-03-03 23:32:36,093 - INFO - [VAL] Epoch: 22/30 | Batch: 72/97 (75.3%) | Loss: 0.5724 | Batch time: 0.02s
2025-03-03 23:32:36,253 - INFO - [VAL] Epoch: 22/30 | Batch: 81/97 (84.5%) | Loss: 0.2984 | Batch time: 0.02s
2025-03-03 23:32:36,419 - INFO - [VAL] Epoch: 22/30 | Batch: 90/97 (93.8%) | Loss: 0.5520 | Batch time: 0.02s
2025-03-03 23:32:36,521 - INFO - [VAL] Epoch: 22/30 | Batch: 96/97 (100.0%) | Loss: 0.5945 | Batch time: 0.01s
2025-03-03 23:32:36,525 - INFO - Early stopping triggered after 22 epochs
2025-03-03 23:32:36,525 - INFO - --------------------------------------------------------------------------------
2025-03-03 23:32:36,526 - INFO - Epoch 22/30 completed in 14.94s
2025-03-03 23:32:36,526 - INFO - Training   - Loss: 1.1616, Accuracy: 0.6247, F1: 0.6287
2025-03-03 23:32:36,526 - INFO - Validation - Loss: 0.6190, Accuracy: 0.8120, F1: 0.8162
2025-03-03 23:32:36,526 - INFO - --------------------------------------------------------------------------------
2025-03-03 23:32:36,526 - INFO - --------------------------------------------------------------------------------
2025-03-03 23:32:36,526 - INFO - Training completed in 0h 5m 13.59s
2025-03-03 23:32:36,526 - INFO - Best validation F1: 0.8304 (Epoch 12)
2025-03-03 23:32:36,526 - INFO - --------------------------------------------------------------------------------
2025-03-03 23:32:37,141 - INFO - Final model saved to models/resnet18_v1/models/resnet18_v1_final.pth
2025-03-03 23:32:37,178 - INFO - Model registered in models/model_registry.json
2025-03-03 23:32:37,178 - INFO - Generating visualizations...
2025-03-03 23:32:37,178 - INFO - Generating standard visualizations and GradCAM
2025-03-03 23:33:22,627 - INFO - t-SNE visualization saved to models/resnet18_v1/visualizations
2025-03-03 23:33:22,628 - INFO - Training and visualization finished!
