2025-03-03 00:04:09,109 - INFO - --------------------------------------------------------------------------------
2025-03-03 00:04:09,109 - INFO - Starting evaluation: efficientnet_b0 v1 (best)
2025-03-03 00:04:09,109 - INFO - Model path: models/efficientnet_b0_v1/models/efficientnet_b0_v1_best.pth
2025-03-03 00:04:09,109 - INFO - Dataset size: 20638 images
2025-03-03 00:04:09,109 - INFO - --------------------------------------------------------------------------------
2025-03-03 00:04:09,110 - INFO - Looking for model at models/efficientnet_b0_v1/models/efficientnet_b0_v1_best.pth...
2025-03-03 00:04:09,376 - INFO - Model loaded successfully
2025-03-03 00:04:09,376 - INFO - Starting model evaluation...
2025-03-03 00:06:09,802 - INFO - Evaluation complete
2025-03-03 00:06:09,802 - INFO - --------------------------------------------------------------------------------
2025-03-03 00:06:09,802 - INFO - Evaluation Results:
2025-03-03 00:06:09,802 - INFO - Accuracy: 0.8601
2025-03-03 00:06:09,802 - INFO - Precision: 0.8724
2025-03-03 00:06:09,802 - INFO - Recall: 0.8601
2025-03-03 00:06:09,802 - INFO - F1 Score: 0.8635
2025-03-03 00:06:09,802 - INFO - --------------------------------------------------------------------------------
2025-03-03 00:06:09,974 - INFO - Metrics visualization saved to reports/evaluations/efficientnet_b0_v1/logs/efficientnet_b0_v1_evaluation_metrics.png
2025-03-03 00:06:09,974 - INFO - Confusion Matrix:
2025-03-03 00:06:09,974 - INFO - Tomato_healthy: [1281    6    1    3   30    0    4    7    5    4    2    1   12   27
  208]
2025-03-03 00:06:09,974 - INFO - Potato___Early_blight: [  0 961   0   0   0  13   2   0  11   0   7   0   1   0   5]
2025-03-03 00:06:09,974 - INFO - Tomato__Tomato_YellowLeaf__Curl_Virus: [   2    0 3031    7    0    0    4   35   17   14    1   73   19    4
    1]
2025-03-03 00:06:09,975 - INFO - Tomato_Early_blight: [ 13  21   4 720  33   0  30  18  63   9  16  15  54   0   4]
2025-03-03 00:06:09,975 - INFO - Tomato__Target_Spot: [ 119    1    6   17 1009    1    5   83   24    3   27   18   13   12
   66]
2025-03-03 00:06:09,975 - INFO - Potato___Late_blight: [  0  81   0   2   0 845   2   1   0   0   1   2  26   3  37]
2025-03-03 00:06:09,975 - INFO - Tomato_Leaf_Mold: [  2   1  12  24   2   3 825  11  11  21   3   5  29   1   2]
2025-03-03 00:06:09,975 - INFO - Tomato_Spider_mites_Two_spotted_spider_mite: [  43    5   14    1   45    9   13 1403    8   48    2    5   19    9
   52]
2025-03-03 00:06:09,978 - INFO - Tomato_Septoria_leaf_spot: [  11   29    5   34   17    6   38    0 1470   20   43   46   48    2
    2]
2025-03-03 00:06:09,978 - INFO - Tomato__Tomato_mosaic_virus: [  1   0   3   0   1   1  18   2  11 328   0   0   5   0   3]
2025-03-03 00:06:09,978 - INFO - Pepper__bell___Bacterial_spot: [  0   4   2   0   0   0   0   0   6   1 938   1   1  43   1]
2025-03-03 00:06:09,978 - INFO - Tomato_Bacterial_spot: [   4    4    3   60   41    3    3    2  190    1   15 1753   43    2
    3]
2025-03-03 00:06:09,978 - INFO - Tomato_Late_blight: [  32   14    7   81   11   64   55    6   15    4    9   24 1576    6
    5]
2025-03-03 00:06:09,978 - INFO - Pepper__bell___healthy: [   2    0    0    0    0    0    0    0    0    0   10    0    1 1462
    3]
2025-03-03 00:06:09,978 - INFO - Potato___healthy: [  0   0   0   0   0   1   0   0   0   0   0   0   0   3 148]
2025-03-03 00:06:09,978 - INFO - --------------------------------------------------------------------------------
2025-03-03 00:06:09,984 - INFO - Metrics saved to reports/evaluations/efficientnet_b0_v1/metrics.csv
2025-03-03 00:06:09,984 - INFO - Evaluation summary saved to reports/evaluations/efficientnet_b0_v1/evaluation_summary.json
2025-03-03 00:06:09,984 - INFO - Generating visualizations...
2025-03-03 00:06:10,012 - INFO - Found model type in checkpoint: efficientnet
2025-03-03 00:11:33,195 - INFO - Visualizations saved to reports/evaluations/efficientnet_b0_v1/visualizations
2025-03-03 00:11:33,196 - INFO - --------------------------------------------------------------------------------
2025-03-03 00:11:33,196 - INFO - Evaluation of efficientnet_b0 v1 (best) completed successfully
2025-03-03 00:11:33,196 - INFO - F1 Score: 0.8635
2025-03-03 00:11:33,196 - INFO - --------------------------------------------------------------------------------
2025-03-03 00:57:33,147 - INFO - --------------------------------------------------------------------------------
2025-03-03 00:57:33,147 - INFO - Starting evaluation: efficientnet_b0 v1 (best)
2025-03-03 00:57:33,147 - INFO - Model path: models/efficientnet_b0_v1/models/efficientnet_b0_v1_best.pth
2025-03-03 00:57:33,147 - INFO - Dataset size: 20638 images
2025-03-03 00:57:33,147 - INFO - --------------------------------------------------------------------------------
2025-03-03 00:57:33,147 - INFO - Looking for model at models/efficientnet_b0_v1/models/efficientnet_b0_v1_best.pth...
2025-03-03 00:57:33,413 - INFO - Model loaded successfully
2025-03-03 00:57:33,413 - INFO - Starting model evaluation...
2025-03-03 00:59:32,556 - INFO - Evaluation complete
2025-03-03 00:59:32,556 - INFO - --------------------------------------------------------------------------------
2025-03-03 00:59:32,556 - INFO - Evaluation Results:
2025-03-03 00:59:32,556 - INFO - Accuracy: 0.8601
2025-03-03 00:59:32,556 - INFO - Precision: 0.8724
2025-03-03 00:59:32,556 - INFO - Recall: 0.8601
2025-03-03 00:59:32,557 - INFO - F1 Score: 0.8635
2025-03-03 00:59:32,557 - INFO - --------------------------------------------------------------------------------
2025-03-03 00:59:32,729 - INFO - Metrics visualization saved to reports/evaluations/efficientnet_b0_v1/logs/efficientnet_b0_v1_evaluation_metrics.png
2025-03-03 00:59:32,729 - INFO - Confusion Matrix:
2025-03-03 00:59:32,729 - INFO - Tomato_healthy: [1281    6    1    3   30    0    4    7    5    4    2    1   12   27
  208]
2025-03-03 00:59:32,729 - INFO - Potato___Early_blight: [  0 961   0   0   0  13   2   0  11   0   7   0   1   0   5]
2025-03-03 00:59:32,729 - INFO - Tomato__Tomato_YellowLeaf__Curl_Virus: [   2    0 3031    7    0    0    4   35   17   14    1   73   19    4
    1]
2025-03-03 00:59:32,729 - INFO - Tomato_Early_blight: [ 13  21   4 720  33   0  30  18  63   9  16  15  54   0   4]
2025-03-03 00:59:32,729 - INFO - Tomato__Target_Spot: [ 119    1    6   17 1009    1    5   83   24    3   27   18   13   12
   66]
2025-03-03 00:59:32,729 - INFO - Potato___Late_blight: [  0  81   0   2   0 845   2   1   0   0   1   2  26   3  37]
2025-03-03 00:59:32,729 - INFO - Tomato_Leaf_Mold: [  2   1  12  24   2   3 825  11  11  21   3   5  29   1   2]
2025-03-03 00:59:32,729 - INFO - Tomato_Spider_mites_Two_spotted_spider_mite: [  43    5   14    1   45    9   13 1403    8   48    2    5   19    9
   52]
2025-03-03 00:59:32,730 - INFO - Tomato_Septoria_leaf_spot: [  11   29    5   34   17    6   38    0 1470   20   43   46   48    2
    2]
2025-03-03 00:59:32,730 - INFO - Tomato__Tomato_mosaic_virus: [  1   0   3   0   1   1  18   2  11 328   0   0   5   0   3]
2025-03-03 00:59:32,730 - INFO - Pepper__bell___Bacterial_spot: [  0   4   2   0   0   0   0   0   6   1 938   1   1  43   1]
2025-03-03 00:59:32,730 - INFO - Tomato_Bacterial_spot: [   4    4    3   60   41    3    3    2  190    1   15 1753   43    2
    3]
2025-03-03 00:59:32,730 - INFO - Tomato_Late_blight: [  32   14    7   81   11   64   55    6   15    4    9   24 1576    6
    5]
2025-03-03 00:59:32,730 - INFO - Pepper__bell___healthy: [   2    0    0    0    0    0    0    0    0    0   10    0    1 1462
    3]
2025-03-03 00:59:32,730 - INFO - Potato___healthy: [  0   0   0   0   0   1   0   0   0   0   0   0   0   3 148]
2025-03-03 00:59:32,730 - INFO - --------------------------------------------------------------------------------
2025-03-03 00:59:32,731 - INFO - Metrics saved to reports/evaluations/efficientnet_b0_v1/metrics.csv
2025-03-03 00:59:32,731 - INFO - Evaluation summary saved to reports/evaluations/efficientnet_b0_v1/evaluation_summary.json
2025-03-03 00:59:32,731 - INFO - Generating visualizations...
2025-03-03 00:59:32,760 - INFO - Found model type in checkpoint: efficientnet
