2025-03-06 04:24:30,311 - INFO - --------------------------------------------------------------------------------
2025-03-06 04:24:30,311 - INFO - Starting training: efficientnet_b0_optuna_20250305_232525_trial_13
2025-03-06 04:24:30,311 - INFO - Total epochs: 15
2025-03-06 04:24:30,311 - INFO - Training batches per epoch: 1213
2025-03-06 04:24:30,311 - INFO - Validation batches per epoch: 260
2025-03-06 04:24:30,311 - INFO - --------------------------------------------------------------------------------
2025-03-06 04:24:30,311 - INFO - Training model: efficientnet_b0_optuna_20250305_232525_trial_13_v1
2025-03-06 04:24:30,311 - INFO - Epoch 1/15
2025-03-06 04:24:30,311 - INFO - ----------------------------------------
2025-03-06 04:24:54,908 - INFO - [TRAIN] Epoch: 1/15 | Batch: 0/1213 (0.1%) | Loss: 1.6929 | Batch time: 0.39s
2025-03-06 04:25:15,042 - INFO - [TRAIN] Epoch: 1/15 | Batch: 121/1213 (10.1%) | Loss: 1.4547 | Batch time: 0.16s
2025-03-06 04:25:35,177 - INFO - [TRAIN] Epoch: 1/15 | Batch: 242/1213 (20.0%) | Loss: 1.1067 | Batch time: 0.17s
2025-03-06 04:25:55,596 - INFO - [TRAIN] Epoch: 1/15 | Batch: 363/1213 (30.0%) | Loss: 0.8616 | Batch time: 0.17s
2025-03-06 04:26:16,133 - INFO - [TRAIN] Epoch: 1/15 | Batch: 484/1213 (40.0%) | Loss: 0.9022 | Batch time: 0.17s
2025-03-06 04:26:36,485 - INFO - [TRAIN] Epoch: 1/15 | Batch: 605/1213 (50.0%) | Loss: 0.8518 | Batch time: 0.17s
2025-03-06 04:26:56,772 - INFO - [TRAIN] Epoch: 1/15 | Batch: 726/1213 (59.9%) | Loss: 0.3512 | Batch time: 0.17s
2025-03-06 04:27:17,043 - INFO - [TRAIN] Epoch: 1/15 | Batch: 847/1213 (69.9%) | Loss: 0.2844 | Batch time: 0.17s
2025-03-06 04:27:37,315 - INFO - [TRAIN] Epoch: 1/15 | Batch: 968/1213 (79.9%) | Loss: 0.1289 | Batch time: 0.17s
2025-03-06 04:27:57,585 - INFO - [TRAIN] Epoch: 1/15 | Batch: 1089/1213 (89.9%) | Loss: 0.1228 | Batch time: 0.17s
2025-03-06 04:28:17,908 - INFO - [TRAIN] Epoch: 1/15 | Batch: 1210/1213 (99.8%) | Loss: 0.3895 | Batch time: 0.17s
2025-03-06 04:28:18,253 - INFO - [TRAIN] Epoch: 1/15 | Batch: 1212/1213 (100.0%) | Loss: 0.2881 | Batch time: 0.18s
2025-03-06 04:28:44,188 - INFO - [VAL] Epoch: 1/15 | Batch: 0/260 (0.4%) | Loss: 0.1385 | Batch time: 0.91s
2025-03-06 04:28:45,048 - INFO - [VAL] Epoch: 1/15 | Batch: 26/260 (10.4%) | Loss: 0.1326 | Batch time: 0.03s
2025-03-06 04:28:45,930 - INFO - [VAL] Epoch: 1/15 | Batch: 52/260 (20.4%) | Loss: 0.1483 | Batch time: 0.03s
2025-03-06 04:28:46,792 - INFO - [VAL] Epoch: 1/15 | Batch: 78/260 (30.4%) | Loss: 0.1098 | Batch time: 0.03s
2025-03-06 04:28:47,683 - INFO - [VAL] Epoch: 1/15 | Batch: 104/260 (40.4%) | Loss: 0.1175 | Batch time: 0.03s
2025-03-06 04:28:48,549 - INFO - [VAL] Epoch: 1/15 | Batch: 130/260 (50.4%) | Loss: 0.1838 | Batch time: 0.03s
2025-03-06 04:28:49,433 - INFO - [VAL] Epoch: 1/15 | Batch: 156/260 (60.4%) | Loss: 0.0835 | Batch time: 0.03s
2025-03-06 04:28:50,304 - INFO - [VAL] Epoch: 1/15 | Batch: 182/260 (70.4%) | Loss: 0.1036 | Batch time: 0.03s
2025-03-06 04:28:51,186 - INFO - [VAL] Epoch: 1/15 | Batch: 208/260 (80.4%) | Loss: 0.0599 | Batch time: 0.03s
2025-03-06 04:28:52,047 - INFO - [VAL] Epoch: 1/15 | Batch: 234/260 (90.4%) | Loss: 0.0614 | Batch time: 0.03s
2025-03-06 04:28:53,036 - INFO - [VAL] Epoch: 1/15 | Batch: 259/260 (100.0%) | Loss: 0.0652 | Batch time: 0.19s
2025-03-06 04:28:53,399 - INFO - Checkpoint saved: efficientnet_b0_optuna_20250305_232525_trial_13_v1_best.pth (Epoch 1)
2025-03-06 04:28:53,405 - INFO - --------------------------------------------------------------------------------
2025-03-06 04:28:53,405 - INFO - Epoch 1/15 completed in 263.09s
2025-03-06 04:28:53,405 - INFO - Training   - Loss: 0.7394, Accuracy: 0.3772, F1: 0.3631
2025-03-06 04:28:53,405 - INFO - Validation - Loss: 0.0961, Accuracy: 0.7120, F1: 0.7287
2025-03-06 04:28:53,405 - INFO - --------------------------------------------------------------------------------
2025-03-06 04:28:53,405 - INFO - Epoch 2/15
2025-03-06 04:28:53,405 - INFO - ----------------------------------------
2025-03-06 04:28:54,159 - INFO - [TRAIN] Epoch: 2/15 | Batch: 0/1213 (0.1%) | Loss: 0.1346 | Batch time: 0.54s
2025-03-06 04:29:14,400 - INFO - [TRAIN] Epoch: 2/15 | Batch: 121/1213 (10.1%) | Loss: 0.2680 | Batch time: 0.17s
2025-03-06 04:29:34,846 - INFO - [TRAIN] Epoch: 2/15 | Batch: 242/1213 (20.0%) | Loss: 0.5331 | Batch time: 0.17s
2025-03-06 04:29:55,201 - INFO - [TRAIN] Epoch: 2/15 | Batch: 363/1213 (30.0%) | Loss: 0.0970 | Batch time: 0.17s
2025-03-06 04:30:15,472 - INFO - [TRAIN] Epoch: 2/15 | Batch: 484/1213 (40.0%) | Loss: 0.1552 | Batch time: 0.17s
2025-03-06 04:30:35,716 - INFO - [TRAIN] Epoch: 2/15 | Batch: 605/1213 (50.0%) | Loss: 0.2676 | Batch time: 0.17s
2025-03-06 04:30:55,986 - INFO - [TRAIN] Epoch: 2/15 | Batch: 726/1213 (59.9%) | Loss: 0.0733 | Batch time: 0.17s
2025-03-06 04:31:16,279 - INFO - [TRAIN] Epoch: 2/15 | Batch: 847/1213 (69.9%) | Loss: 0.3278 | Batch time: 0.17s
2025-03-06 04:31:36,552 - INFO - [TRAIN] Epoch: 2/15 | Batch: 968/1213 (79.9%) | Loss: 0.1519 | Batch time: 0.17s
2025-03-06 04:31:56,816 - INFO - [TRAIN] Epoch: 2/15 | Batch: 1089/1213 (89.9%) | Loss: 0.0770 | Batch time: 0.17s
2025-03-06 04:32:17,150 - INFO - [TRAIN] Epoch: 2/15 | Batch: 1210/1213 (99.8%) | Loss: 0.1911 | Batch time: 0.17s
2025-03-06 04:32:17,622 - INFO - [TRAIN] Epoch: 2/15 | Batch: 1212/1213 (100.0%) | Loss: 0.0579 | Batch time: 0.30s
2025-03-06 04:32:17,746 - INFO - [VAL] Epoch: 2/15 | Batch: 0/260 (0.4%) | Loss: 0.0119 | Batch time: 0.04s
2025-03-06 04:32:18,650 - INFO - [VAL] Epoch: 2/15 | Batch: 26/260 (10.4%) | Loss: 0.0131 | Batch time: 0.03s
2025-03-06 04:32:19,539 - INFO - [VAL] Epoch: 2/15 | Batch: 52/260 (20.4%) | Loss: 0.0317 | Batch time: 0.03s
2025-03-06 04:32:20,430 - INFO - [VAL] Epoch: 2/15 | Batch: 78/260 (30.4%) | Loss: 0.0288 | Batch time: 0.03s
2025-03-06 04:32:21,294 - INFO - [VAL] Epoch: 2/15 | Batch: 104/260 (40.4%) | Loss: 0.0126 | Batch time: 0.03s
2025-03-06 04:32:22,182 - INFO - [VAL] Epoch: 2/15 | Batch: 130/260 (50.4%) | Loss: 0.0939 | Batch time: 0.03s
2025-03-06 04:32:23,046 - INFO - [VAL] Epoch: 2/15 | Batch: 156/260 (60.4%) | Loss: 0.0150 | Batch time: 0.03s
2025-03-06 04:32:23,932 - INFO - [VAL] Epoch: 2/15 | Batch: 182/260 (70.4%) | Loss: 0.0416 | Batch time: 0.03s
2025-03-06 04:32:24,799 - INFO - [VAL] Epoch: 2/15 | Batch: 208/260 (80.4%) | Loss: 0.0135 | Batch time: 0.03s
2025-03-06 04:32:25,667 - INFO - [VAL] Epoch: 2/15 | Batch: 234/260 (90.4%) | Loss: 0.0313 | Batch time: 0.03s
2025-03-06 04:32:26,509 - INFO - [VAL] Epoch: 2/15 | Batch: 259/260 (100.0%) | Loss: 0.0190 | Batch time: 0.05s
2025-03-06 04:32:26,793 - INFO - Checkpoint saved: efficientnet_b0_optuna_20250305_232525_trial_13_v1_best.pth (Epoch 2)
2025-03-06 04:32:26,800 - INFO - --------------------------------------------------------------------------------
2025-03-06 04:32:26,800 - INFO - Epoch 2/15 completed in 213.40s
2025-03-06 04:32:26,800 - INFO - Training   - Loss: 0.1667, Accuracy: 0.6451, F1: 0.6501
2025-03-06 04:32:26,800 - INFO - Validation - Loss: 0.0286, Accuracy: 0.8421, F1: 0.8479
2025-03-06 04:32:26,800 - INFO - Validation F1 improved from 0.7287 to 0.8479
2025-03-06 04:32:26,800 - INFO - --------------------------------------------------------------------------------
2025-03-06 04:32:26,800 - INFO - Epoch 3/15
2025-03-06 04:32:26,800 - INFO - ----------------------------------------
2025-03-06 04:32:27,313 - INFO - [TRAIN] Epoch: 3/15 | Batch: 0/1213 (0.1%) | Loss: 0.0447 | Batch time: 0.25s
2025-03-06 04:32:47,590 - INFO - [TRAIN] Epoch: 3/15 | Batch: 121/1213 (10.1%) | Loss: 0.1077 | Batch time: 0.17s
2025-03-06 04:33:07,798 - INFO - [TRAIN] Epoch: 3/15 | Batch: 242/1213 (20.0%) | Loss: 0.0229 | Batch time: 0.16s
2025-03-06 04:33:28,059 - INFO - [TRAIN] Epoch: 3/15 | Batch: 363/1213 (30.0%) | Loss: 0.0814 | Batch time: 0.17s
2025-03-06 04:33:48,309 - INFO - [TRAIN] Epoch: 3/15 | Batch: 484/1213 (40.0%) | Loss: 0.0630 | Batch time: 0.17s
2025-03-06 04:34:08,578 - INFO - [TRAIN] Epoch: 3/15 | Batch: 605/1213 (50.0%) | Loss: 0.1425 | Batch time: 0.17s
2025-03-06 04:34:28,840 - INFO - [TRAIN] Epoch: 3/15 | Batch: 726/1213 (59.9%) | Loss: 0.0762 | Batch time: 0.17s
2025-03-06 04:34:49,104 - INFO - [TRAIN] Epoch: 3/15 | Batch: 847/1213 (69.9%) | Loss: 0.0536 | Batch time: 0.17s
2025-03-06 04:35:09,396 - INFO - [TRAIN] Epoch: 3/15 | Batch: 968/1213 (79.9%) | Loss: 0.2357 | Batch time: 0.17s
2025-03-06 04:35:29,687 - INFO - [TRAIN] Epoch: 3/15 | Batch: 1089/1213 (89.9%) | Loss: 0.0608 | Batch time: 0.17s
2025-03-06 04:35:50,019 - INFO - [TRAIN] Epoch: 3/15 | Batch: 1210/1213 (99.8%) | Loss: 0.0671 | Batch time: 0.17s
2025-03-06 04:35:50,502 - INFO - [TRAIN] Epoch: 3/15 | Batch: 1212/1213 (100.0%) | Loss: 0.0622 | Batch time: 0.31s
2025-03-06 04:35:50,622 - INFO - [VAL] Epoch: 3/15 | Batch: 0/260 (0.4%) | Loss: 0.0050 | Batch time: 0.04s
2025-03-06 04:35:51,508 - INFO - [VAL] Epoch: 3/15 | Batch: 26/260 (10.4%) | Loss: 0.0090 | Batch time: 0.03s
2025-03-06 04:35:52,399 - INFO - [VAL] Epoch: 3/15 | Batch: 52/260 (20.4%) | Loss: 0.0180 | Batch time: 0.03s
2025-03-06 04:35:53,261 - INFO - [VAL] Epoch: 3/15 | Batch: 78/260 (30.4%) | Loss: 0.0127 | Batch time: 0.03s
2025-03-06 04:35:54,152 - INFO - [VAL] Epoch: 3/15 | Batch: 104/260 (40.4%) | Loss: 0.0123 | Batch time: 0.03s
2025-03-06 04:35:55,015 - INFO - [VAL] Epoch: 3/15 | Batch: 130/260 (50.4%) | Loss: 0.0546 | Batch time: 0.03s
2025-03-06 04:35:55,901 - INFO - [VAL] Epoch: 3/15 | Batch: 156/260 (60.4%) | Loss: 0.0076 | Batch time: 0.03s
2025-03-06 04:35:56,767 - INFO - [VAL] Epoch: 3/15 | Batch: 182/260 (70.4%) | Loss: 0.0260 | Batch time: 0.03s
2025-03-06 04:35:57,654 - INFO - [VAL] Epoch: 3/15 | Batch: 208/260 (80.4%) | Loss: 0.0083 | Batch time: 0.03s
2025-03-06 04:35:58,513 - INFO - [VAL] Epoch: 3/15 | Batch: 234/260 (90.4%) | Loss: 0.0184 | Batch time: 0.03s
2025-03-06 04:35:59,368 - INFO - [VAL] Epoch: 3/15 | Batch: 259/260 (100.0%) | Loss: 0.0095 | Batch time: 0.05s
2025-03-06 04:35:59,664 - INFO - Checkpoint saved: efficientnet_b0_optuna_20250305_232525_trial_13_v1_best.pth (Epoch 3)
2025-03-06 04:35:59,671 - INFO - --------------------------------------------------------------------------------
2025-03-06 04:35:59,671 - INFO - Epoch 3/15 completed in 212.87s
2025-03-06 04:35:59,671 - INFO - Training   - Loss: 0.1057, Accuracy: 0.7241, F1: 0.7302
2025-03-06 04:35:59,671 - INFO - Validation - Loss: 0.0184, Accuracy: 0.8776, F1: 0.8856
2025-03-06 04:35:59,671 - INFO - Validation F1 improved from 0.8479 to 0.8856
2025-03-06 04:35:59,671 - INFO - --------------------------------------------------------------------------------
2025-03-06 04:35:59,671 - INFO - Epoch 4/15
2025-03-06 04:35:59,671 - INFO - ----------------------------------------
2025-03-06 04:36:00,149 - INFO - [TRAIN] Epoch: 4/15 | Batch: 0/1213 (0.1%) | Loss: 0.0290 | Batch time: 0.25s
2025-03-06 04:36:20,398 - INFO - [TRAIN] Epoch: 4/15 | Batch: 121/1213 (10.1%) | Loss: 0.0400 | Batch time: 0.17s
2025-03-06 04:36:40,577 - INFO - [TRAIN] Epoch: 4/15 | Batch: 242/1213 (20.0%) | Loss: 0.1366 | Batch time: 0.16s
2025-03-06 04:37:00,769 - INFO - [TRAIN] Epoch: 4/15 | Batch: 363/1213 (30.0%) | Loss: 0.2122 | Batch time: 0.17s
2025-03-06 04:37:21,003 - INFO - [TRAIN] Epoch: 4/15 | Batch: 484/1213 (40.0%) | Loss: 0.1165 | Batch time: 0.17s
2025-03-06 04:37:41,277 - INFO - [TRAIN] Epoch: 4/15 | Batch: 605/1213 (50.0%) | Loss: 0.0294 | Batch time: 0.17s
2025-03-06 04:38:01,544 - INFO - [TRAIN] Epoch: 4/15 | Batch: 726/1213 (59.9%) | Loss: 0.0947 | Batch time: 0.17s
2025-03-06 04:38:21,798 - INFO - [TRAIN] Epoch: 4/15 | Batch: 847/1213 (69.9%) | Loss: 0.0218 | Batch time: 0.17s
2025-03-06 04:38:42,073 - INFO - [TRAIN] Epoch: 4/15 | Batch: 968/1213 (79.9%) | Loss: 0.2193 | Batch time: 0.17s
2025-03-06 04:39:02,323 - INFO - [TRAIN] Epoch: 4/15 | Batch: 1089/1213 (89.9%) | Loss: 0.0145 | Batch time: 0.17s
2025-03-06 04:39:22,627 - INFO - [TRAIN] Epoch: 4/15 | Batch: 1210/1213 (99.8%) | Loss: 0.0715 | Batch time: 0.17s
2025-03-06 04:39:23,099 - INFO - [TRAIN] Epoch: 4/15 | Batch: 1212/1213 (100.0%) | Loss: 0.0834 | Batch time: 0.30s
2025-03-06 04:39:23,227 - INFO - [VAL] Epoch: 4/15 | Batch: 0/260 (0.4%) | Loss: 0.0038 | Batch time: 0.04s
2025-03-06 04:39:24,132 - INFO - [VAL] Epoch: 4/15 | Batch: 26/260 (10.4%) | Loss: 0.0051 | Batch time: 0.03s
2025-03-06 04:39:25,050 - INFO - [VAL] Epoch: 4/15 | Batch: 52/260 (20.4%) | Loss: 0.0124 | Batch time: 0.03s
2025-03-06 04:39:25,924 - INFO - [VAL] Epoch: 4/15 | Batch: 78/260 (30.4%) | Loss: 0.0059 | Batch time: 0.03s
2025-03-06 04:39:26,800 - INFO - [VAL] Epoch: 4/15 | Batch: 104/260 (40.4%) | Loss: 0.0102 | Batch time: 0.03s
2025-03-06 04:39:27,675 - INFO - [VAL] Epoch: 4/15 | Batch: 130/260 (50.4%) | Loss: 0.0511 | Batch time: 0.03s
2025-03-06 04:39:28,550 - INFO - [VAL] Epoch: 4/15 | Batch: 156/260 (60.4%) | Loss: 0.0047 | Batch time: 0.04s
2025-03-06 04:39:29,428 - INFO - [VAL] Epoch: 4/15 | Batch: 182/260 (70.4%) | Loss: 0.0114 | Batch time: 0.03s
2025-03-06 04:39:30,300 - INFO - [VAL] Epoch: 4/15 | Batch: 208/260 (80.4%) | Loss: 0.0062 | Batch time: 0.04s
2025-03-06 04:39:31,165 - INFO - [VAL] Epoch: 4/15 | Batch: 234/260 (90.4%) | Loss: 0.0128 | Batch time: 0.03s
2025-03-06 04:39:32,019 - INFO - [VAL] Epoch: 4/15 | Batch: 259/260 (100.0%) | Loss: 0.0045 | Batch time: 0.06s
2025-03-06 04:39:32,288 - INFO - Checkpoint saved: efficientnet_b0_optuna_20250305_232525_trial_13_v1_best.pth (Epoch 4)
2025-03-06 04:39:32,295 - INFO - --------------------------------------------------------------------------------
2025-03-06 04:39:32,295 - INFO - Epoch 4/15 completed in 212.62s
2025-03-06 04:39:32,295 - INFO - Training   - Loss: 0.0850, Accuracy: 0.7637, F1: 0.7693
2025-03-06 04:39:32,295 - INFO - Validation - Loss: 0.0135, Accuracy: 0.9163, F1: 0.9198
2025-03-06 04:39:32,295 - INFO - Validation F1 improved from 0.8856 to 0.9198
2025-03-06 04:39:32,295 - INFO - --------------------------------------------------------------------------------
2025-03-06 04:39:32,295 - INFO - Epoch 5/15
2025-03-06 04:39:32,295 - INFO - ----------------------------------------
2025-03-06 04:39:32,783 - INFO - [TRAIN] Epoch: 5/15 | Batch: 0/1213 (0.1%) | Loss: 0.0179 | Batch time: 0.24s
2025-03-06 04:39:53,023 - INFO - [TRAIN] Epoch: 5/15 | Batch: 121/1213 (10.1%) | Loss: 0.0713 | Batch time: 0.17s
2025-03-06 04:40:13,230 - INFO - [TRAIN] Epoch: 5/15 | Batch: 242/1213 (20.0%) | Loss: 0.0656 | Batch time: 0.17s
2025-03-06 04:40:33,423 - INFO - [TRAIN] Epoch: 5/15 | Batch: 363/1213 (30.0%) | Loss: 0.0714 | Batch time: 0.17s
2025-03-06 04:40:53,651 - INFO - [TRAIN] Epoch: 5/15 | Batch: 484/1213 (40.0%) | Loss: 0.0792 | Batch time: 0.16s
2025-03-06 04:41:13,898 - INFO - [TRAIN] Epoch: 5/15 | Batch: 605/1213 (50.0%) | Loss: 0.0209 | Batch time: 0.17s
2025-03-06 04:41:34,152 - INFO - [TRAIN] Epoch: 5/15 | Batch: 726/1213 (59.9%) | Loss: 0.0243 | Batch time: 0.17s
2025-03-06 04:41:54,431 - INFO - [TRAIN] Epoch: 5/15 | Batch: 847/1213 (69.9%) | Loss: 0.0434 | Batch time: 0.17s
2025-03-06 04:42:14,687 - INFO - [TRAIN] Epoch: 5/15 | Batch: 968/1213 (79.9%) | Loss: 0.1794 | Batch time: 0.17s
2025-03-06 04:42:34,971 - INFO - [TRAIN] Epoch: 5/15 | Batch: 1089/1213 (89.9%) | Loss: 0.0751 | Batch time: 0.17s
2025-03-06 04:42:55,294 - INFO - [TRAIN] Epoch: 5/15 | Batch: 1210/1213 (99.8%) | Loss: 0.0894 | Batch time: 0.17s
2025-03-06 04:42:55,734 - INFO - [TRAIN] Epoch: 5/15 | Batch: 1212/1213 (100.0%) | Loss: 0.0655 | Batch time: 0.27s
2025-03-06 04:42:55,881 - INFO - [VAL] Epoch: 5/15 | Batch: 0/260 (0.4%) | Loss: 0.0033 | Batch time: 0.05s
2025-03-06 04:42:56,774 - INFO - [VAL] Epoch: 5/15 | Batch: 26/260 (10.4%) | Loss: 0.0038 | Batch time: 0.03s
2025-03-06 04:42:57,681 - INFO - [VAL] Epoch: 5/15 | Batch: 52/260 (20.4%) | Loss: 0.0173 | Batch time: 0.03s
2025-03-06 04:42:58,557 - INFO - [VAL] Epoch: 5/15 | Batch: 78/260 (30.4%) | Loss: 0.0039 | Batch time: 0.03s
2025-03-06 04:42:59,430 - INFO - [VAL] Epoch: 5/15 | Batch: 104/260 (40.4%) | Loss: 0.0086 | Batch time: 0.04s
2025-03-06 04:43:00,308 - INFO - [VAL] Epoch: 5/15 | Batch: 130/260 (50.4%) | Loss: 0.0560 | Batch time: 0.03s
2025-03-06 04:43:01,178 - INFO - [VAL] Epoch: 5/15 | Batch: 156/260 (60.4%) | Loss: 0.0024 | Batch time: 0.04s
2025-03-06 04:43:02,060 - INFO - [VAL] Epoch: 5/15 | Batch: 182/260 (70.4%) | Loss: 0.0094 | Batch time: 0.03s
2025-03-06 04:43:02,929 - INFO - [VAL] Epoch: 5/15 | Batch: 208/260 (80.4%) | Loss: 0.0051 | Batch time: 0.04s
2025-03-06 04:43:03,797 - INFO - [VAL] Epoch: 5/15 | Batch: 234/260 (90.4%) | Loss: 0.0141 | Batch time: 0.03s
2025-03-06 04:43:04,647 - INFO - [VAL] Epoch: 5/15 | Batch: 259/260 (100.0%) | Loss: 0.0051 | Batch time: 0.06s
2025-03-06 04:43:04,912 - INFO - Checkpoint saved: efficientnet_b0_optuna_20250305_232525_trial_13_v1_best.pth (Epoch 5)
2025-03-06 04:43:04,919 - INFO - --------------------------------------------------------------------------------
2025-03-06 04:43:04,920 - INFO - Epoch 5/15 completed in 212.62s
2025-03-06 04:43:04,920 - INFO - Training   - Loss: 0.0710, Accuracy: 0.7869, F1: 0.7920
2025-03-06 04:43:04,920 - INFO - Validation - Loss: 0.0113, Accuracy: 0.9206, F1: 0.9237
2025-03-06 04:43:04,920 - INFO - Validation F1 improved from 0.9198 to 0.9237
2025-03-06 04:43:04,920 - INFO - --------------------------------------------------------------------------------
2025-03-06 04:43:05,065 - INFO - Checkpoint saved: checkpoint_epoch_5.pth (Epoch 5)
2025-03-06 04:43:05,065 - INFO - Epoch 6/15
2025-03-06 04:43:05,065 - INFO - ----------------------------------------
2025-03-06 04:43:05,534 - INFO - [TRAIN] Epoch: 6/15 | Batch: 0/1213 (0.1%) | Loss: 0.0189 | Batch time: 0.24s
2025-03-06 04:43:25,767 - INFO - [TRAIN] Epoch: 6/15 | Batch: 121/1213 (10.1%) | Loss: 0.0346 | Batch time: 0.16s
2025-03-06 04:43:45,978 - INFO - [TRAIN] Epoch: 6/15 | Batch: 242/1213 (20.0%) | Loss: 0.0892 | Batch time: 0.17s
2025-03-06 04:44:06,203 - INFO - [TRAIN] Epoch: 6/15 | Batch: 363/1213 (30.0%) | Loss: 0.0287 | Batch time: 0.17s
2025-03-06 04:44:26,463 - INFO - [TRAIN] Epoch: 6/15 | Batch: 484/1213 (40.0%) | Loss: 0.1195 | Batch time: 0.17s
2025-03-06 04:44:46,715 - INFO - [TRAIN] Epoch: 6/15 | Batch: 605/1213 (50.0%) | Loss: 0.0350 | Batch time: 0.17s
2025-03-06 04:45:06,980 - INFO - [TRAIN] Epoch: 6/15 | Batch: 726/1213 (59.9%) | Loss: 0.0884 | Batch time: 0.17s
2025-03-06 04:45:27,259 - INFO - [TRAIN] Epoch: 6/15 | Batch: 847/1213 (69.9%) | Loss: 0.3429 | Batch time: 0.17s
2025-03-06 04:45:47,563 - INFO - [TRAIN] Epoch: 6/15 | Batch: 968/1213 (79.9%) | Loss: 0.1559 | Batch time: 0.17s
2025-03-06 04:46:07,843 - INFO - [TRAIN] Epoch: 6/15 | Batch: 1089/1213 (89.9%) | Loss: 0.0755 | Batch time: 0.17s
2025-03-06 04:46:28,173 - INFO - [TRAIN] Epoch: 6/15 | Batch: 1210/1213 (99.8%) | Loss: 0.0753 | Batch time: 0.17s
2025-03-06 04:46:28,633 - INFO - [TRAIN] Epoch: 6/15 | Batch: 1212/1213 (100.0%) | Loss: 0.0457 | Batch time: 0.29s
2025-03-06 04:46:28,756 - INFO - [VAL] Epoch: 6/15 | Batch: 0/260 (0.4%) | Loss: 0.0040 | Batch time: 0.04s
2025-03-06 04:46:29,666 - INFO - [VAL] Epoch: 6/15 | Batch: 26/260 (10.4%) | Loss: 0.0020 | Batch time: 0.05s
2025-03-06 04:46:30,564 - INFO - [VAL] Epoch: 6/15 | Batch: 52/260 (20.4%) | Loss: 0.0120 | Batch time: 0.03s
2025-03-06 04:46:31,440 - INFO - [VAL] Epoch: 6/15 | Batch: 78/260 (30.4%) | Loss: 0.0050 | Batch time: 0.03s
2025-03-06 04:46:32,312 - INFO - [VAL] Epoch: 6/15 | Batch: 104/260 (40.4%) | Loss: 0.0062 | Batch time: 0.03s
2025-03-06 04:46:33,188 - INFO - [VAL] Epoch: 6/15 | Batch: 130/260 (50.4%) | Loss: 0.0237 | Batch time: 0.03s
2025-03-06 04:46:34,063 - INFO - [VAL] Epoch: 6/15 | Batch: 156/260 (60.4%) | Loss: 0.0029 | Batch time: 0.03s
2025-03-06 04:46:34,940 - INFO - [VAL] Epoch: 6/15 | Batch: 182/260 (70.4%) | Loss: 0.0141 | Batch time: 0.04s
2025-03-06 04:46:35,815 - INFO - [VAL] Epoch: 6/15 | Batch: 208/260 (80.4%) | Loss: 0.0037 | Batch time: 0.03s
2025-03-06 04:46:36,680 - INFO - [VAL] Epoch: 6/15 | Batch: 234/260 (90.4%) | Loss: 0.0093 | Batch time: 0.03s
2025-03-06 04:46:37,535 - INFO - [VAL] Epoch: 6/15 | Batch: 259/260 (100.0%) | Loss: 0.0032 | Batch time: 0.05s
2025-03-06 04:46:37,829 - INFO - Checkpoint saved: efficientnet_b0_optuna_20250305_232525_trial_13_v1_best.pth (Epoch 6)
2025-03-06 04:46:37,833 - INFO - --------------------------------------------------------------------------------
2025-03-06 04:46:37,833 - INFO - Epoch 6/15 completed in 212.77s
2025-03-06 04:46:37,833 - INFO - Training   - Loss: 0.0656, Accuracy: 0.7966, F1: 0.8010
2025-03-06 04:46:37,833 - INFO - Validation - Loss: 0.0083, Accuracy: 0.9329, F1: 0.9360
2025-03-06 04:46:37,833 - INFO - Validation F1 improved from 0.9237 to 0.9360
2025-03-06 04:46:37,833 - INFO - --------------------------------------------------------------------------------
2025-03-06 04:46:37,833 - INFO - Epoch 7/15
2025-03-06 04:46:37,833 - INFO - ----------------------------------------
2025-03-06 04:46:38,317 - INFO - [TRAIN] Epoch: 7/15 | Batch: 0/1213 (0.1%) | Loss: 0.0272 | Batch time: 0.25s
2025-03-06 04:46:58,533 - INFO - [TRAIN] Epoch: 7/15 | Batch: 121/1213 (10.1%) | Loss: 0.0516 | Batch time: 0.17s
2025-03-06 04:47:18,704 - INFO - [TRAIN] Epoch: 7/15 | Batch: 242/1213 (20.0%) | Loss: 0.0272 | Batch time: 0.16s
2025-03-06 04:47:38,948 - INFO - [TRAIN] Epoch: 7/15 | Batch: 363/1213 (30.0%) | Loss: 0.0142 | Batch time: 0.17s
2025-03-06 04:47:59,188 - INFO - [TRAIN] Epoch: 7/15 | Batch: 484/1213 (40.0%) | Loss: 0.0279 | Batch time: 0.17s
2025-03-06 04:48:19,459 - INFO - [TRAIN] Epoch: 7/15 | Batch: 605/1213 (50.0%) | Loss: 0.0219 | Batch time: 0.17s
2025-03-06 04:48:39,723 - INFO - [TRAIN] Epoch: 7/15 | Batch: 726/1213 (59.9%) | Loss: 0.0215 | Batch time: 0.17s
2025-03-06 04:48:59,959 - INFO - [TRAIN] Epoch: 7/15 | Batch: 847/1213 (69.9%) | Loss: 0.0355 | Batch time: 0.17s
2025-03-06 04:49:20,249 - INFO - [TRAIN] Epoch: 7/15 | Batch: 968/1213 (79.9%) | Loss: 0.0255 | Batch time: 0.17s
2025-03-06 04:49:40,509 - INFO - [TRAIN] Epoch: 7/15 | Batch: 1089/1213 (89.9%) | Loss: 0.0555 | Batch time: 0.17s
2025-03-06 04:50:00,839 - INFO - [TRAIN] Epoch: 7/15 | Batch: 1210/1213 (99.8%) | Loss: 0.0292 | Batch time: 0.17s
2025-03-06 04:50:01,270 - INFO - [TRAIN] Epoch: 7/15 | Batch: 1212/1213 (100.0%) | Loss: 0.0105 | Batch time: 0.26s
2025-03-06 04:50:01,388 - INFO - [VAL] Epoch: 7/15 | Batch: 0/260 (0.4%) | Loss: 0.0029 | Batch time: 0.04s
2025-03-06 04:50:02,285 - INFO - [VAL] Epoch: 7/15 | Batch: 26/260 (10.4%) | Loss: 0.0024 | Batch time: 0.03s
2025-03-06 04:50:03,195 - INFO - [VAL] Epoch: 7/15 | Batch: 52/260 (20.4%) | Loss: 0.0119 | Batch time: 0.03s
2025-03-06 04:50:04,071 - INFO - [VAL] Epoch: 7/15 | Batch: 78/260 (30.4%) | Loss: 0.0023 | Batch time: 0.03s
2025-03-06 04:50:04,944 - INFO - [VAL] Epoch: 7/15 | Batch: 104/260 (40.4%) | Loss: 0.0050 | Batch time: 0.03s
2025-03-06 04:50:05,821 - INFO - [VAL] Epoch: 7/15 | Batch: 130/260 (50.4%) | Loss: 0.0285 | Batch time: 0.03s
2025-03-06 04:50:06,694 - INFO - [VAL] Epoch: 7/15 | Batch: 156/260 (60.4%) | Loss: 0.0016 | Batch time: 0.03s
2025-03-06 04:50:07,572 - INFO - [VAL] Epoch: 7/15 | Batch: 182/260 (70.4%) | Loss: 0.0077 | Batch time: 0.03s
2025-03-06 04:50:08,448 - INFO - [VAL] Epoch: 7/15 | Batch: 208/260 (80.4%) | Loss: 0.0019 | Batch time: 0.03s
2025-03-06 04:50:09,315 - INFO - [VAL] Epoch: 7/15 | Batch: 234/260 (90.4%) | Loss: 0.0092 | Batch time: 0.03s
2025-03-06 04:50:10,163 - INFO - [VAL] Epoch: 7/15 | Batch: 259/260 (100.0%) | Loss: 0.0100 | Batch time: 0.05s
2025-03-06 04:50:10,451 - INFO - Checkpoint saved: efficientnet_b0_optuna_20250305_232525_trial_13_v1_best.pth (Epoch 7)
2025-03-06 04:50:10,457 - INFO - --------------------------------------------------------------------------------
2025-03-06 04:50:10,457 - INFO - Epoch 7/15 completed in 212.62s
2025-03-06 04:50:10,457 - INFO - Training   - Loss: 0.0583, Accuracy: 0.8102, F1: 0.8150
2025-03-06 04:50:10,457 - INFO - Validation - Loss: 0.0085, Accuracy: 0.9434, F1: 0.9454
2025-03-06 04:50:10,457 - INFO - Validation F1 improved from 0.9360 to 0.9454
2025-03-06 04:50:10,457 - INFO - --------------------------------------------------------------------------------
2025-03-06 04:50:10,457 - INFO - Epoch 8/15
2025-03-06 04:50:10,457 - INFO - ----------------------------------------
2025-03-06 04:50:10,936 - INFO - [TRAIN] Epoch: 8/15 | Batch: 0/1213 (0.1%) | Loss: 0.0186 | Batch time: 0.25s
2025-03-06 04:50:31,181 - INFO - [TRAIN] Epoch: 8/15 | Batch: 121/1213 (10.1%) | Loss: 0.0114 | Batch time: 0.17s
2025-03-06 04:50:51,373 - INFO - [TRAIN] Epoch: 8/15 | Batch: 242/1213 (20.0%) | Loss: 0.1671 | Batch time: 0.17s
2025-03-06 04:51:11,582 - INFO - [TRAIN] Epoch: 8/15 | Batch: 363/1213 (30.0%) | Loss: 0.0198 | Batch time: 0.17s
2025-03-06 04:51:31,832 - INFO - [TRAIN] Epoch: 8/15 | Batch: 484/1213 (40.0%) | Loss: 0.0962 | Batch time: 0.17s
2025-03-06 04:51:52,067 - INFO - [TRAIN] Epoch: 8/15 | Batch: 605/1213 (50.0%) | Loss: 0.2021 | Batch time: 0.17s
2025-03-06 04:52:12,352 - INFO - [TRAIN] Epoch: 8/15 | Batch: 726/1213 (59.9%) | Loss: 0.0728 | Batch time: 0.17s
2025-03-06 04:52:32,636 - INFO - [TRAIN] Epoch: 8/15 | Batch: 847/1213 (69.9%) | Loss: 0.1069 | Batch time: 0.17s
2025-03-06 04:52:52,911 - INFO - [TRAIN] Epoch: 8/15 | Batch: 968/1213 (79.9%) | Loss: 0.0126 | Batch time: 0.17s
2025-03-06 04:53:13,161 - INFO - [TRAIN] Epoch: 8/15 | Batch: 1089/1213 (89.9%) | Loss: 0.0464 | Batch time: 0.17s
2025-03-06 04:53:33,467 - INFO - [TRAIN] Epoch: 8/15 | Batch: 1210/1213 (99.8%) | Loss: 0.1288 | Batch time: 0.17s
2025-03-06 04:53:33,873 - INFO - [TRAIN] Epoch: 8/15 | Batch: 1212/1213 (100.0%) | Loss: 0.0373 | Batch time: 0.24s
2025-03-06 04:53:34,006 - INFO - [VAL] Epoch: 8/15 | Batch: 0/260 (0.4%) | Loss: 0.0014 | Batch time: 0.04s
2025-03-06 04:53:34,899 - INFO - [VAL] Epoch: 8/15 | Batch: 26/260 (10.4%) | Loss: 0.0018 | Batch time: 0.03s
2025-03-06 04:53:35,799 - INFO - [VAL] Epoch: 8/15 | Batch: 52/260 (20.4%) | Loss: 0.0109 | Batch time: 0.03s
2025-03-06 04:53:36,670 - INFO - [VAL] Epoch: 8/15 | Batch: 78/260 (30.4%) | Loss: 0.0024 | Batch time: 0.03s
2025-03-06 04:53:37,544 - INFO - [VAL] Epoch: 8/15 | Batch: 104/260 (40.4%) | Loss: 0.0054 | Batch time: 0.03s
2025-03-06 04:53:38,418 - INFO - [VAL] Epoch: 8/15 | Batch: 130/260 (50.4%) | Loss: 0.0164 | Batch time: 0.03s
2025-03-06 04:53:39,291 - INFO - [VAL] Epoch: 8/15 | Batch: 156/260 (60.4%) | Loss: 0.0015 | Batch time: 0.04s
2025-03-06 04:53:40,170 - INFO - [VAL] Epoch: 8/15 | Batch: 182/260 (70.4%) | Loss: 0.0054 | Batch time: 0.03s
2025-03-06 04:53:41,037 - INFO - [VAL] Epoch: 8/15 | Batch: 208/260 (80.4%) | Loss: 0.0009 | Batch time: 0.03s
2025-03-06 04:53:41,910 - INFO - [VAL] Epoch: 8/15 | Batch: 234/260 (90.4%) | Loss: 0.0112 | Batch time: 0.03s
2025-03-06 04:53:42,762 - INFO - [VAL] Epoch: 8/15 | Batch: 259/260 (100.0%) | Loss: 0.0012 | Batch time: 0.06s
2025-03-06 04:53:42,776 - INFO - --------------------------------------------------------------------------------
2025-03-06 04:53:42,776 - INFO - Epoch 8/15 completed in 212.32s
2025-03-06 04:53:42,776 - INFO - Training   - Loss: 0.0586, Accuracy: 0.8150, F1: 0.8189
2025-03-06 04:53:42,776 - INFO - Validation - Loss: 0.0060, Accuracy: 0.9413, F1: 0.9440
2025-03-06 04:53:42,776 - INFO - --------------------------------------------------------------------------------
2025-03-06 04:53:42,776 - INFO - Epoch 9/15
2025-03-06 04:53:42,776 - INFO - ----------------------------------------
2025-03-06 04:53:43,259 - INFO - [TRAIN] Epoch: 9/15 | Batch: 0/1213 (0.1%) | Loss: 0.1765 | Batch time: 0.25s
2025-03-06 04:54:03,493 - INFO - [TRAIN] Epoch: 9/15 | Batch: 121/1213 (10.1%) | Loss: 0.0882 | Batch time: 0.17s
2025-03-06 04:54:23,687 - INFO - [TRAIN] Epoch: 9/15 | Batch: 242/1213 (20.0%) | Loss: 0.0054 | Batch time: 0.17s
2025-03-06 04:54:43,924 - INFO - [TRAIN] Epoch: 9/15 | Batch: 363/1213 (30.0%) | Loss: 0.0128 | Batch time: 0.17s
2025-03-06 04:55:04,186 - INFO - [TRAIN] Epoch: 9/15 | Batch: 484/1213 (40.0%) | Loss: 0.0681 | Batch time: 0.17s
2025-03-06 04:55:24,453 - INFO - [TRAIN] Epoch: 9/15 | Batch: 605/1213 (50.0%) | Loss: 0.0810 | Batch time: 0.17s
2025-03-06 04:55:44,738 - INFO - [TRAIN] Epoch: 9/15 | Batch: 726/1213 (59.9%) | Loss: 0.0327 | Batch time: 0.17s
2025-03-06 04:56:04,968 - INFO - [TRAIN] Epoch: 9/15 | Batch: 847/1213 (69.9%) | Loss: 0.0271 | Batch time: 0.17s
2025-03-06 04:56:25,255 - INFO - [TRAIN] Epoch: 9/15 | Batch: 968/1213 (79.9%) | Loss: 0.0188 | Batch time: 0.17s
2025-03-06 04:56:45,555 - INFO - [TRAIN] Epoch: 9/15 | Batch: 1089/1213 (89.9%) | Loss: 0.0187 | Batch time: 0.17s
2025-03-06 04:57:05,902 - INFO - [TRAIN] Epoch: 9/15 | Batch: 1210/1213 (99.8%) | Loss: 0.0108 | Batch time: 0.17s
2025-03-06 04:57:06,341 - INFO - [TRAIN] Epoch: 9/15 | Batch: 1212/1213 (100.0%) | Loss: 0.0348 | Batch time: 0.27s
2025-03-06 04:57:06,461 - INFO - [VAL] Epoch: 9/15 | Batch: 0/260 (0.4%) | Loss: 0.0027 | Batch time: 0.04s
2025-03-06 04:57:07,362 - INFO - [VAL] Epoch: 9/15 | Batch: 26/260 (10.4%) | Loss: 0.0010 | Batch time: 0.03s
2025-03-06 04:57:08,247 - INFO - [VAL] Epoch: 9/15 | Batch: 52/260 (20.4%) | Loss: 0.0034 | Batch time: 0.03s
2025-03-06 04:57:09,128 - INFO - [VAL] Epoch: 9/15 | Batch: 78/260 (30.4%) | Loss: 0.0008 | Batch time: 0.03s
2025-03-06 04:57:09,999 - INFO - [VAL] Epoch: 9/15 | Batch: 104/260 (40.4%) | Loss: 0.0031 | Batch time: 0.03s
2025-03-06 04:57:10,880 - INFO - [VAL] Epoch: 9/15 | Batch: 130/260 (50.4%) | Loss: 0.0235 | Batch time: 0.03s
2025-03-06 04:57:11,752 - INFO - [VAL] Epoch: 9/15 | Batch: 156/260 (60.4%) | Loss: 0.0014 | Batch time: 0.03s
2025-03-06 04:57:12,634 - INFO - [VAL] Epoch: 9/15 | Batch: 182/260 (70.4%) | Loss: 0.0062 | Batch time: 0.03s
2025-03-06 04:57:13,507 - INFO - [VAL] Epoch: 9/15 | Batch: 208/260 (80.4%) | Loss: 0.0004 | Batch time: 0.03s
2025-03-06 04:57:14,375 - INFO - [VAL] Epoch: 9/15 | Batch: 234/260 (90.4%) | Loss: 0.0037 | Batch time: 0.03s
2025-03-06 04:57:15,223 - INFO - [VAL] Epoch: 9/15 | Batch: 259/260 (100.0%) | Loss: 0.0035 | Batch time: 0.05s
2025-03-06 04:57:15,520 - INFO - Checkpoint saved: efficientnet_b0_optuna_20250305_232525_trial_13_v1_best.pth (Epoch 9)
2025-03-06 04:57:15,527 - INFO - --------------------------------------------------------------------------------
2025-03-06 04:57:15,527 - INFO - Epoch 9/15 completed in 212.75s
2025-03-06 04:57:15,527 - INFO - Training   - Loss: 0.0552, Accuracy: 0.8286, F1: 0.8322
2025-03-06 04:57:15,527 - INFO - Validation - Loss: 0.0060, Accuracy: 0.9574, F1: 0.9582
2025-03-06 04:57:15,527 - INFO - Validation F1 improved from 0.9454 to 0.9582
2025-03-06 04:57:15,527 - INFO - --------------------------------------------------------------------------------
2025-03-06 04:57:15,527 - INFO - Epoch 10/15
2025-03-06 04:57:15,527 - INFO - ----------------------------------------
2025-03-06 04:57:16,040 - INFO - [TRAIN] Epoch: 10/15 | Batch: 0/1213 (0.1%) | Loss: 0.1534 | Batch time: 0.25s
2025-03-06 04:57:36,283 - INFO - [TRAIN] Epoch: 10/15 | Batch: 121/1213 (10.1%) | Loss: 0.0273 | Batch time: 0.17s
2025-03-06 04:57:56,482 - INFO - [TRAIN] Epoch: 10/15 | Batch: 242/1213 (20.0%) | Loss: 0.0340 | Batch time: 0.17s
2025-03-06 04:58:16,708 - INFO - [TRAIN] Epoch: 10/15 | Batch: 363/1213 (30.0%) | Loss: 0.0423 | Batch time: 0.17s
2025-03-06 04:58:36,955 - INFO - [TRAIN] Epoch: 10/15 | Batch: 484/1213 (40.0%) | Loss: 0.0245 | Batch time: 0.17s
2025-03-06 04:58:57,258 - INFO - [TRAIN] Epoch: 10/15 | Batch: 605/1213 (50.0%) | Loss: 0.0560 | Batch time: 0.17s
2025-03-06 04:59:17,516 - INFO - [TRAIN] Epoch: 10/15 | Batch: 726/1213 (59.9%) | Loss: 0.1239 | Batch time: 0.17s
2025-03-06 04:59:37,769 - INFO - [TRAIN] Epoch: 10/15 | Batch: 847/1213 (69.9%) | Loss: 0.0228 | Batch time: 0.17s
2025-03-06 04:59:58,023 - INFO - [TRAIN] Epoch: 10/15 | Batch: 968/1213 (79.9%) | Loss: 0.0200 | Batch time: 0.17s
2025-03-06 05:00:18,295 - INFO - [TRAIN] Epoch: 10/15 | Batch: 1089/1213 (89.9%) | Loss: 0.0190 | Batch time: 0.17s
2025-03-06 05:00:38,631 - INFO - [TRAIN] Epoch: 10/15 | Batch: 1210/1213 (99.8%) | Loss: 0.0168 | Batch time: 0.17s
2025-03-06 05:00:39,046 - INFO - [TRAIN] Epoch: 10/15 | Batch: 1212/1213 (100.0%) | Loss: 0.0062 | Batch time: 0.25s
2025-03-06 05:00:39,175 - INFO - [VAL] Epoch: 10/15 | Batch: 0/260 (0.4%) | Loss: 0.0019 | Batch time: 0.04s
2025-03-06 05:00:40,077 - INFO - [VAL] Epoch: 10/15 | Batch: 26/260 (10.4%) | Loss: 0.0014 | Batch time: 0.03s
2025-03-06 05:00:40,978 - INFO - [VAL] Epoch: 10/15 | Batch: 52/260 (20.4%) | Loss: 0.0036 | Batch time: 0.03s
2025-03-06 05:00:41,857 - INFO - [VAL] Epoch: 10/15 | Batch: 78/260 (30.4%) | Loss: 0.0022 | Batch time: 0.03s
2025-03-06 05:00:42,724 - INFO - [VAL] Epoch: 10/15 | Batch: 104/260 (40.4%) | Loss: 0.0033 | Batch time: 0.03s
2025-03-06 05:00:43,610 - INFO - [VAL] Epoch: 10/15 | Batch: 130/260 (50.4%) | Loss: 0.0332 | Batch time: 0.03s
2025-03-06 05:00:44,478 - INFO - [VAL] Epoch: 10/15 | Batch: 156/260 (60.4%) | Loss: 0.0013 | Batch time: 0.03s
2025-03-06 05:00:45,366 - INFO - [VAL] Epoch: 10/15 | Batch: 182/260 (70.4%) | Loss: 0.0066 | Batch time: 0.03s
2025-03-06 05:00:46,232 - INFO - [VAL] Epoch: 10/15 | Batch: 208/260 (80.4%) | Loss: 0.0004 | Batch time: 0.03s
2025-03-06 05:00:47,104 - INFO - [VAL] Epoch: 10/15 | Batch: 234/260 (90.4%) | Loss: 0.0042 | Batch time: 0.03s
2025-03-06 05:00:47,948 - INFO - [VAL] Epoch: 10/15 | Batch: 259/260 (100.0%) | Loss: 0.0009 | Batch time: 0.05s
2025-03-06 05:00:48,225 - INFO - Checkpoint saved: efficientnet_b0_optuna_20250305_232525_trial_13_v1_best.pth (Epoch 10)
2025-03-06 05:00:48,229 - INFO - --------------------------------------------------------------------------------
2025-03-06 05:00:48,229 - INFO - Epoch 10/15 completed in 212.70s
2025-03-06 05:00:48,229 - INFO - Training   - Loss: 0.0550, Accuracy: 0.8321, F1: 0.8352
2025-03-06 05:00:48,229 - INFO - Validation - Loss: 0.0055, Accuracy: 0.9594, F1: 0.9608
2025-03-06 05:00:48,229 - INFO - Validation F1 improved from 0.9582 to 0.9608
2025-03-06 05:00:48,229 - INFO - --------------------------------------------------------------------------------
2025-03-06 05:00:48,387 - INFO - Checkpoint saved: checkpoint_epoch_10.pth (Epoch 10)
2025-03-06 05:00:48,387 - INFO - Epoch 11/15
2025-03-06 05:00:48,387 - INFO - ----------------------------------------
2025-03-06 05:00:48,881 - INFO - [TRAIN] Epoch: 11/15 | Batch: 0/1213 (0.1%) | Loss: 0.1415 | Batch time: 0.25s
2025-03-06 05:01:09,123 - INFO - [TRAIN] Epoch: 11/15 | Batch: 121/1213 (10.1%) | Loss: 0.0258 | Batch time: 0.16s
2025-03-06 05:01:29,321 - INFO - [TRAIN] Epoch: 11/15 | Batch: 242/1213 (20.0%) | Loss: 0.0297 | Batch time: 0.17s
2025-03-06 05:01:49,580 - INFO - [TRAIN] Epoch: 11/15 | Batch: 363/1213 (30.0%) | Loss: 0.0109 | Batch time: 0.17s
2025-03-06 05:02:09,843 - INFO - [TRAIN] Epoch: 11/15 | Batch: 484/1213 (40.0%) | Loss: 0.0175 | Batch time: 0.17s
2025-03-06 05:02:30,099 - INFO - [TRAIN] Epoch: 11/15 | Batch: 605/1213 (50.0%) | Loss: 0.0508 | Batch time: 0.17s
2025-03-06 05:02:50,396 - INFO - [TRAIN] Epoch: 11/15 | Batch: 726/1213 (59.9%) | Loss: 0.0305 | Batch time: 0.17s
2025-03-06 05:03:10,655 - INFO - [TRAIN] Epoch: 11/15 | Batch: 847/1213 (69.9%) | Loss: 0.1432 | Batch time: 0.17s
2025-03-06 05:03:30,902 - INFO - [TRAIN] Epoch: 11/15 | Batch: 968/1213 (79.9%) | Loss: 0.0355 | Batch time: 0.17s
2025-03-06 05:03:51,189 - INFO - [TRAIN] Epoch: 11/15 | Batch: 1089/1213 (89.9%) | Loss: 0.0442 | Batch time: 0.17s
2025-03-06 05:04:11,515 - INFO - [TRAIN] Epoch: 11/15 | Batch: 1210/1213 (99.8%) | Loss: 0.0451 | Batch time: 0.17s
2025-03-06 05:04:11,930 - INFO - [TRAIN] Epoch: 11/15 | Batch: 1212/1213 (100.0%) | Loss: 0.1053 | Batch time: 0.24s
2025-03-06 05:04:12,054 - INFO - [VAL] Epoch: 11/15 | Batch: 0/260 (0.4%) | Loss: 0.0005 | Batch time: 0.04s
2025-03-06 05:04:12,952 - INFO - [VAL] Epoch: 11/15 | Batch: 26/260 (10.4%) | Loss: 0.0010 | Batch time: 0.03s
2025-03-06 05:04:13,828 - INFO - [VAL] Epoch: 11/15 | Batch: 52/260 (20.4%) | Loss: 0.0087 | Batch time: 0.03s
2025-03-06 05:04:14,707 - INFO - [VAL] Epoch: 11/15 | Batch: 78/260 (30.4%) | Loss: 0.0018 | Batch time: 0.03s
2025-03-06 05:04:15,576 - INFO - [VAL] Epoch: 11/15 | Batch: 104/260 (40.4%) | Loss: 0.0016 | Batch time: 0.03s
2025-03-06 05:04:16,456 - INFO - [VAL] Epoch: 11/15 | Batch: 130/260 (50.4%) | Loss: 0.0083 | Batch time: 0.03s
2025-03-06 05:04:17,327 - INFO - [VAL] Epoch: 11/15 | Batch: 156/260 (60.4%) | Loss: 0.0010 | Batch time: 0.03s
2025-03-06 05:04:18,208 - INFO - [VAL] Epoch: 11/15 | Batch: 182/260 (70.4%) | Loss: 0.0044 | Batch time: 0.03s
2025-03-06 05:04:19,082 - INFO - [VAL] Epoch: 11/15 | Batch: 208/260 (80.4%) | Loss: 0.0003 | Batch time: 0.03s
2025-03-06 05:04:19,952 - INFO - [VAL] Epoch: 11/15 | Batch: 234/260 (90.4%) | Loss: 0.0061 | Batch time: 0.03s
2025-03-06 05:04:20,799 - INFO - [VAL] Epoch: 11/15 | Batch: 259/260 (100.0%) | Loss: 0.0010 | Batch time: 0.05s
2025-03-06 05:04:21,091 - INFO - Checkpoint saved: efficientnet_b0_optuna_20250305_232525_trial_13_v1_best.pth (Epoch 11)
2025-03-06 05:04:21,097 - INFO - --------------------------------------------------------------------------------
2025-03-06 05:04:21,097 - INFO - Epoch 11/15 completed in 212.71s
2025-03-06 05:04:21,097 - INFO - Training   - Loss: 0.0563, Accuracy: 0.8316, F1: 0.8351
2025-03-06 05:04:21,097 - INFO - Validation - Loss: 0.0047, Accuracy: 0.9614, F1: 0.9627
2025-03-06 05:04:21,097 - INFO - Validation F1 improved from 0.9608 to 0.9627
2025-03-06 05:04:21,097 - INFO - --------------------------------------------------------------------------------
2025-03-06 05:04:21,097 - INFO - Epoch 12/15
2025-03-06 05:04:21,097 - INFO - ----------------------------------------
2025-03-06 05:04:21,573 - INFO - [TRAIN] Epoch: 12/15 | Batch: 0/1213 (0.1%) | Loss: 0.0457 | Batch time: 0.25s
2025-03-06 05:04:41,800 - INFO - [TRAIN] Epoch: 12/15 | Batch: 121/1213 (10.1%) | Loss: 0.0046 | Batch time: 0.17s
2025-03-06 05:05:02,012 - INFO - [TRAIN] Epoch: 12/15 | Batch: 242/1213 (20.0%) | Loss: 0.0533 | Batch time: 0.17s
2025-03-06 05:05:22,244 - INFO - [TRAIN] Epoch: 12/15 | Batch: 363/1213 (30.0%) | Loss: 0.0448 | Batch time: 0.17s
2025-03-06 05:05:42,481 - INFO - [TRAIN] Epoch: 12/15 | Batch: 484/1213 (40.0%) | Loss: 0.0477 | Batch time: 0.17s
2025-03-06 05:06:02,731 - INFO - [TRAIN] Epoch: 12/15 | Batch: 605/1213 (50.0%) | Loss: 0.0221 | Batch time: 0.17s
2025-03-06 05:06:23,022 - INFO - [TRAIN] Epoch: 12/15 | Batch: 726/1213 (59.9%) | Loss: 0.0217 | Batch time: 0.17s
2025-03-06 05:06:43,322 - INFO - [TRAIN] Epoch: 12/15 | Batch: 847/1213 (69.9%) | Loss: 0.0374 | Batch time: 0.17s
2025-03-06 05:07:03,584 - INFO - [TRAIN] Epoch: 12/15 | Batch: 968/1213 (79.9%) | Loss: 0.1466 | Batch time: 0.17s
2025-03-06 05:07:23,850 - INFO - [TRAIN] Epoch: 12/15 | Batch: 1089/1213 (89.9%) | Loss: 0.1176 | Batch time: 0.17s
2025-03-06 05:07:44,162 - INFO - [TRAIN] Epoch: 12/15 | Batch: 1210/1213 (99.8%) | Loss: 0.0328 | Batch time: 0.17s
2025-03-06 05:07:44,577 - INFO - [TRAIN] Epoch: 12/15 | Batch: 1212/1213 (100.0%) | Loss: 0.2657 | Batch time: 0.24s
2025-03-06 05:07:44,695 - INFO - [VAL] Epoch: 12/15 | Batch: 0/260 (0.4%) | Loss: 0.0006 | Batch time: 0.04s
2025-03-06 05:07:45,608 - INFO - [VAL] Epoch: 12/15 | Batch: 26/260 (10.4%) | Loss: 0.0009 | Batch time: 0.03s
2025-03-06 05:07:46,493 - INFO - [VAL] Epoch: 12/15 | Batch: 52/260 (20.4%) | Loss: 0.0194 | Batch time: 0.03s
2025-03-06 05:07:47,388 - INFO - [VAL] Epoch: 12/15 | Batch: 78/260 (30.4%) | Loss: 0.0009 | Batch time: 0.03s
2025-03-06 05:07:48,253 - INFO - [VAL] Epoch: 12/15 | Batch: 104/260 (40.4%) | Loss: 0.0009 | Batch time: 0.03s
2025-03-06 05:07:49,140 - INFO - [VAL] Epoch: 12/15 | Batch: 130/260 (50.4%) | Loss: 0.0197 | Batch time: 0.03s
2025-03-06 05:07:50,006 - INFO - [VAL] Epoch: 12/15 | Batch: 156/260 (60.4%) | Loss: 0.0019 | Batch time: 0.03s
2025-03-06 05:07:50,897 - INFO - [VAL] Epoch: 12/15 | Batch: 182/260 (70.4%) | Loss: 0.0051 | Batch time: 0.03s
2025-03-06 05:07:51,765 - INFO - [VAL] Epoch: 12/15 | Batch: 208/260 (80.4%) | Loss: 0.0008 | Batch time: 0.03s
2025-03-06 05:07:52,636 - INFO - [VAL] Epoch: 12/15 | Batch: 234/260 (90.4%) | Loss: 0.0012 | Batch time: 0.03s
2025-03-06 05:07:53,480 - INFO - [VAL] Epoch: 12/15 | Batch: 259/260 (100.0%) | Loss: 0.0008 | Batch time: 0.05s
2025-03-06 05:07:53,773 - INFO - Checkpoint saved: efficientnet_b0_optuna_20250305_232525_trial_13_v1_best.pth (Epoch 12)
2025-03-06 05:07:53,781 - INFO - --------------------------------------------------------------------------------
2025-03-06 05:07:53,781 - INFO - Epoch 12/15 completed in 212.68s
2025-03-06 05:07:53,781 - INFO - Training   - Loss: 0.0553, Accuracy: 0.8360, F1: 0.8391
2025-03-06 05:07:53,781 - INFO - Validation - Loss: 0.0058, Accuracy: 0.9644, F1: 0.9653
2025-03-06 05:07:53,781 - INFO - Validation F1 improved from 0.9627 to 0.9653
2025-03-06 05:07:53,781 - INFO - --------------------------------------------------------------------------------
2025-03-06 05:07:53,781 - INFO - Epoch 13/15
2025-03-06 05:07:53,781 - INFO - ----------------------------------------
2025-03-06 05:07:54,276 - INFO - [TRAIN] Epoch: 13/15 | Batch: 0/1213 (0.1%) | Loss: 0.0149 | Batch time: 0.25s
2025-03-06 05:08:14,552 - INFO - [TRAIN] Epoch: 13/15 | Batch: 121/1213 (10.1%) | Loss: 0.0099 | Batch time: 0.17s
2025-03-06 05:08:34,767 - INFO - [TRAIN] Epoch: 13/15 | Batch: 242/1213 (20.0%) | Loss: 0.0046 | Batch time: 0.16s
2025-03-06 05:08:54,985 - INFO - [TRAIN] Epoch: 13/15 | Batch: 363/1213 (30.0%) | Loss: 0.0489 | Batch time: 0.16s
2025-03-06 05:09:15,217 - INFO - [TRAIN] Epoch: 13/15 | Batch: 484/1213 (40.0%) | Loss: 0.0359 | Batch time: 0.17s
2025-03-06 05:09:35,459 - INFO - [TRAIN] Epoch: 13/15 | Batch: 605/1213 (50.0%) | Loss: 0.0492 | Batch time: 0.17s
2025-03-06 05:09:55,710 - INFO - [TRAIN] Epoch: 13/15 | Batch: 726/1213 (59.9%) | Loss: 0.0511 | Batch time: 0.17s
2025-03-06 05:10:15,971 - INFO - [TRAIN] Epoch: 13/15 | Batch: 847/1213 (69.9%) | Loss: 0.0447 | Batch time: 0.17s
2025-03-06 05:10:36,256 - INFO - [TRAIN] Epoch: 13/15 | Batch: 968/1213 (79.9%) | Loss: 0.0402 | Batch time: 0.17s
2025-03-06 05:10:56,552 - INFO - [TRAIN] Epoch: 13/15 | Batch: 1089/1213 (89.9%) | Loss: 0.0129 | Batch time: 0.17s
2025-03-06 05:11:16,898 - INFO - [TRAIN] Epoch: 13/15 | Batch: 1210/1213 (99.8%) | Loss: 0.0059 | Batch time: 0.17s
2025-03-06 05:11:17,289 - INFO - [TRAIN] Epoch: 13/15 | Batch: 1212/1213 (100.0%) | Loss: 0.0829 | Batch time: 0.22s
2025-03-06 05:11:17,413 - INFO - [VAL] Epoch: 13/15 | Batch: 0/260 (0.4%) | Loss: 0.0005 | Batch time: 0.04s
2025-03-06 05:11:18,338 - INFO - [VAL] Epoch: 13/15 | Batch: 26/260 (10.4%) | Loss: 0.0012 | Batch time: 0.05s
2025-03-06 05:11:19,204 - INFO - [VAL] Epoch: 13/15 | Batch: 52/260 (20.4%) | Loss: 0.0128 | Batch time: 0.03s
2025-03-06 05:11:20,096 - INFO - [VAL] Epoch: 13/15 | Batch: 78/260 (30.4%) | Loss: 0.0014 | Batch time: 0.03s
2025-03-06 05:11:20,963 - INFO - [VAL] Epoch: 13/15 | Batch: 104/260 (40.4%) | Loss: 0.0009 | Batch time: 0.03s
2025-03-06 05:11:21,852 - INFO - [VAL] Epoch: 13/15 | Batch: 130/260 (50.4%) | Loss: 0.0176 | Batch time: 0.03s
2025-03-06 05:11:22,734 - INFO - [VAL] Epoch: 13/15 | Batch: 156/260 (60.4%) | Loss: 0.0013 | Batch time: 0.03s
2025-03-06 05:11:23,627 - INFO - [VAL] Epoch: 13/15 | Batch: 182/260 (70.4%) | Loss: 0.0027 | Batch time: 0.03s
2025-03-06 05:11:24,516 - INFO - [VAL] Epoch: 13/15 | Batch: 208/260 (80.4%) | Loss: 0.0004 | Batch time: 0.03s
2025-03-06 05:11:25,396 - INFO - [VAL] Epoch: 13/15 | Batch: 234/260 (90.4%) | Loss: 0.0024 | Batch time: 0.03s
2025-03-06 05:11:26,251 - INFO - [VAL] Epoch: 13/15 | Batch: 259/260 (100.0%) | Loss: 0.0005 | Batch time: 0.05s
2025-03-06 05:11:26,262 - INFO - --------------------------------------------------------------------------------
2025-03-06 05:11:26,262 - INFO - Epoch 13/15 completed in 212.48s
2025-03-06 05:11:26,262 - INFO - Training   - Loss: 0.0555, Accuracy: 0.8371, F1: 0.8408
2025-03-06 05:11:26,262 - INFO - Validation - Loss: 0.0059, Accuracy: 0.9610, F1: 0.9620
2025-03-06 05:11:26,262 - INFO - --------------------------------------------------------------------------------
2025-03-06 05:11:26,262 - INFO - Epoch 14/15
2025-03-06 05:11:26,262 - INFO - ----------------------------------------
2025-03-06 05:11:26,769 - INFO - [TRAIN] Epoch: 14/15 | Batch: 0/1213 (0.1%) | Loss: 0.0030 | Batch time: 0.25s
2025-03-06 05:11:47,262 - INFO - [TRAIN] Epoch: 14/15 | Batch: 121/1213 (10.1%) | Loss: 0.0226 | Batch time: 0.17s
2025-03-06 05:12:07,475 - INFO - [TRAIN] Epoch: 14/15 | Batch: 242/1213 (20.0%) | Loss: 0.0501 | Batch time: 0.16s
2025-03-06 05:12:27,682 - INFO - [TRAIN] Epoch: 14/15 | Batch: 363/1213 (30.0%) | Loss: 0.2404 | Batch time: 0.17s
2025-03-06 05:12:47,913 - INFO - [TRAIN] Epoch: 14/15 | Batch: 484/1213 (40.0%) | Loss: 0.0363 | Batch time: 0.17s
2025-03-06 05:13:08,195 - INFO - [TRAIN] Epoch: 14/15 | Batch: 605/1213 (50.0%) | Loss: 0.1624 | Batch time: 0.17s
2025-03-06 05:13:28,448 - INFO - [TRAIN] Epoch: 14/15 | Batch: 726/1213 (59.9%) | Loss: 0.0237 | Batch time: 0.17s
2025-03-06 05:13:48,691 - INFO - [TRAIN] Epoch: 14/15 | Batch: 847/1213 (69.9%) | Loss: 0.0350 | Batch time: 0.17s
2025-03-06 05:14:08,973 - INFO - [TRAIN] Epoch: 14/15 | Batch: 968/1213 (79.9%) | Loss: 0.0447 | Batch time: 0.17s
2025-03-06 05:14:29,255 - INFO - [TRAIN] Epoch: 14/15 | Batch: 1089/1213 (89.9%) | Loss: 0.0265 | Batch time: 0.17s
2025-03-06 05:14:49,578 - INFO - [TRAIN] Epoch: 14/15 | Batch: 1210/1213 (99.8%) | Loss: 0.0055 | Batch time: 0.17s
2025-03-06 05:14:50,041 - INFO - [TRAIN] Epoch: 14/15 | Batch: 1212/1213 (100.0%) | Loss: 0.0701 | Batch time: 0.29s
2025-03-06 05:14:50,186 - INFO - [VAL] Epoch: 14/15 | Batch: 0/260 (0.4%) | Loss: 0.0005 | Batch time: 0.05s
2025-03-06 05:14:51,105 - INFO - [VAL] Epoch: 14/15 | Batch: 26/260 (10.4%) | Loss: 0.0010 | Batch time: 0.03s
2025-03-06 05:14:51,984 - INFO - [VAL] Epoch: 14/15 | Batch: 52/260 (20.4%) | Loss: 0.0063 | Batch time: 0.04s
2025-03-06 05:14:52,864 - INFO - [VAL] Epoch: 14/15 | Batch: 78/260 (30.4%) | Loss: 0.0021 | Batch time: 0.03s
2025-03-06 05:14:53,732 - INFO - [VAL] Epoch: 14/15 | Batch: 104/260 (40.4%) | Loss: 0.0013 | Batch time: 0.03s
2025-03-06 05:14:54,618 - INFO - [VAL] Epoch: 14/15 | Batch: 130/260 (50.4%) | Loss: 0.0167 | Batch time: 0.03s
2025-03-06 05:14:55,483 - INFO - [VAL] Epoch: 14/15 | Batch: 156/260 (60.4%) | Loss: 0.0010 | Batch time: 0.03s
2025-03-06 05:14:56,372 - INFO - [VAL] Epoch: 14/15 | Batch: 182/260 (70.4%) | Loss: 0.0076 | Batch time: 0.03s
2025-03-06 05:14:57,238 - INFO - [VAL] Epoch: 14/15 | Batch: 208/260 (80.4%) | Loss: 0.0003 | Batch time: 0.03s
2025-03-06 05:14:58,108 - INFO - [VAL] Epoch: 14/15 | Batch: 234/260 (90.4%) | Loss: 0.0007 | Batch time: 0.03s
2025-03-06 05:14:58,952 - INFO - [VAL] Epoch: 14/15 | Batch: 259/260 (100.0%) | Loss: 0.0012 | Batch time: 0.05s
2025-03-06 05:14:59,227 - INFO - Checkpoint saved: efficientnet_b0_optuna_20250305_232525_trial_13_v1_best.pth (Epoch 14)
2025-03-06 05:14:59,235 - INFO - --------------------------------------------------------------------------------
2025-03-06 05:14:59,235 - INFO - Epoch 14/15 completed in 212.97s
2025-03-06 05:14:59,235 - INFO - Training   - Loss: 0.0562, Accuracy: 0.8367, F1: 0.8398
2025-03-06 05:14:59,235 - INFO - Validation - Loss: 0.0066, Accuracy: 0.9640, F1: 0.9657
2025-03-06 05:14:59,235 - INFO - Validation F1 improved from 0.9653 to 0.9657
2025-03-06 05:14:59,235 - INFO - --------------------------------------------------------------------------------
2025-03-06 05:14:59,235 - INFO - Epoch 15/15
2025-03-06 05:14:59,235 - INFO - ----------------------------------------
2025-03-06 05:14:59,735 - INFO - [TRAIN] Epoch: 15/15 | Batch: 0/1213 (0.1%) | Loss: 0.1033 | Batch time: 0.26s
2025-03-06 05:15:19,987 - INFO - [TRAIN] Epoch: 15/15 | Batch: 121/1213 (10.1%) | Loss: 0.0116 | Batch time: 0.17s
2025-03-06 05:15:40,183 - INFO - [TRAIN] Epoch: 15/15 | Batch: 242/1213 (20.0%) | Loss: 0.0112 | Batch time: 0.17s
2025-03-06 05:16:00,457 - INFO - [TRAIN] Epoch: 15/15 | Batch: 363/1213 (30.0%) | Loss: 0.0934 | Batch time: 0.17s
2025-03-06 05:16:20,753 - INFO - [TRAIN] Epoch: 15/15 | Batch: 484/1213 (40.0%) | Loss: 0.0520 | Batch time: 0.17s
2025-03-06 05:16:41,063 - INFO - [TRAIN] Epoch: 15/15 | Batch: 605/1213 (50.0%) | Loss: 0.0242 | Batch time: 0.17s
2025-03-06 05:17:01,344 - INFO - [TRAIN] Epoch: 15/15 | Batch: 726/1213 (59.9%) | Loss: 0.0204 | Batch time: 0.17s
2025-03-06 05:17:21,637 - INFO - [TRAIN] Epoch: 15/15 | Batch: 847/1213 (69.9%) | Loss: 0.0616 | Batch time: 0.17s
2025-03-06 05:17:41,932 - INFO - [TRAIN] Epoch: 15/15 | Batch: 968/1213 (79.9%) | Loss: 0.0305 | Batch time: 0.17s
2025-03-06 05:18:02,224 - INFO - [TRAIN] Epoch: 15/15 | Batch: 1089/1213 (89.9%) | Loss: 0.1115 | Batch time: 0.17s
2025-03-06 05:18:22,556 - INFO - [TRAIN] Epoch: 15/15 | Batch: 1210/1213 (99.8%) | Loss: 0.0250 | Batch time: 0.17s
2025-03-06 05:18:23,031 - INFO - [TRAIN] Epoch: 15/15 | Batch: 1212/1213 (100.0%) | Loss: 0.0269 | Batch time: 0.31s
2025-03-06 05:18:23,157 - INFO - [VAL] Epoch: 15/15 | Batch: 0/260 (0.4%) | Loss: 0.0003 | Batch time: 0.04s
2025-03-06 05:18:24,053 - INFO - [VAL] Epoch: 15/15 | Batch: 26/260 (10.4%) | Loss: 0.0021 | Batch time: 0.03s
2025-03-06 05:18:24,945 - INFO - [VAL] Epoch: 15/15 | Batch: 52/260 (20.4%) | Loss: 0.0045 | Batch time: 0.03s
2025-03-06 05:18:25,817 - INFO - [VAL] Epoch: 15/15 | Batch: 78/260 (30.4%) | Loss: 0.0032 | Batch time: 0.03s
2025-03-06 05:18:26,691 - INFO - [VAL] Epoch: 15/15 | Batch: 104/260 (40.4%) | Loss: 0.0009 | Batch time: 0.03s
2025-03-06 05:18:27,559 - INFO - [VAL] Epoch: 15/15 | Batch: 130/260 (50.4%) | Loss: 0.0215 | Batch time: 0.04s
2025-03-06 05:18:28,442 - INFO - [VAL] Epoch: 15/15 | Batch: 156/260 (60.4%) | Loss: 0.0015 | Batch time: 0.03s
2025-03-06 05:18:29,309 - INFO - [VAL] Epoch: 15/15 | Batch: 182/260 (70.4%) | Loss: 0.0041 | Batch time: 0.03s
2025-03-06 05:18:30,198 - INFO - [VAL] Epoch: 15/15 | Batch: 208/260 (80.4%) | Loss: 0.0004 | Batch time: 0.03s
2025-03-06 05:18:31,055 - INFO - [VAL] Epoch: 15/15 | Batch: 234/260 (90.4%) | Loss: 0.0008 | Batch time: 0.03s
2025-03-06 05:18:31,917 - INFO - [VAL] Epoch: 15/15 | Batch: 259/260 (100.0%) | Loss: 0.0004 | Batch time: 0.06s
2025-03-06 05:18:31,929 - INFO - --------------------------------------------------------------------------------
2025-03-06 05:18:31,929 - INFO - Epoch 15/15 completed in 212.69s
2025-03-06 05:18:31,929 - INFO - Training   - Loss: 0.0560, Accuracy: 0.8387, F1: 0.8417
2025-03-06 05:18:31,929 - INFO - Validation - Loss: 0.0058, Accuracy: 0.9609, F1: 0.9630
2025-03-06 05:18:31,929 - INFO - --------------------------------------------------------------------------------
2025-03-06 05:18:32,105 - INFO - Checkpoint saved: checkpoint_epoch_15.pth (Epoch 15)
2025-03-06 05:18:32,105 - INFO - --------------------------------------------------------------------------------
2025-03-06 05:18:32,105 - INFO - Training completed in 0h 54m 1.79s
2025-03-06 05:18:32,105 - INFO - Best validation F1: 0.9657 (Epoch 14)
2025-03-06 05:18:32,105 - INFO - --------------------------------------------------------------------------------
2025-03-06 05:18:32,211 - INFO - Trial 13 completed with best val F1: 0.9657
