2025-03-06 01:06:37,507 - INFO - --------------------------------------------------------------------------------
2025-03-06 01:06:37,507 - INFO - Starting training: efficientnet_b0_optuna_20250305_232525_trial_4
2025-03-06 01:06:37,507 - INFO - Total epochs: 15
2025-03-06 01:06:37,507 - INFO - Training batches per epoch: 607
2025-03-06 01:06:37,507 - INFO - Validation batches per epoch: 130
2025-03-06 01:06:37,507 - INFO - --------------------------------------------------------------------------------
2025-03-06 01:06:37,507 - INFO - Training model: efficientnet_b0_optuna_20250305_232525_trial_4_v1
2025-03-06 01:06:37,507 - INFO - Epoch 1/15
2025-03-06 01:06:37,507 - INFO - ----------------------------------------
2025-03-06 01:07:03,052 - INFO - [TRAIN] Epoch: 1/15 | Batch: 0/607 (0.2%) | Loss: 3.7011 | Batch time: 0.75s
2025-03-06 01:07:08,274 - INFO - [TRAIN] Epoch: 1/15 | Batch: 60/607 (10.0%) | Loss: 1.7096 | Batch time: 0.09s
2025-03-06 01:07:13,417 - INFO - [TRAIN] Epoch: 1/15 | Batch: 120/607 (19.9%) | Loss: 1.7582 | Batch time: 0.09s
2025-03-06 01:07:18,588 - INFO - [TRAIN] Epoch: 1/15 | Batch: 180/607 (29.8%) | Loss: 1.6093 | Batch time: 0.08s
2025-03-06 01:07:23,783 - INFO - [TRAIN] Epoch: 1/15 | Batch: 240/607 (39.7%) | Loss: 0.9595 | Batch time: 0.08s
2025-03-06 01:07:28,945 - INFO - [TRAIN] Epoch: 1/15 | Batch: 300/607 (49.6%) | Loss: 1.0999 | Batch time: 0.09s
2025-03-06 01:07:34,109 - INFO - [TRAIN] Epoch: 1/15 | Batch: 360/607 (59.5%) | Loss: 1.0749 | Batch time: 0.09s
2025-03-06 01:07:39,310 - INFO - [TRAIN] Epoch: 1/15 | Batch: 420/607 (69.4%) | Loss: 1.4652 | Batch time: 0.09s
2025-03-06 01:07:44,509 - INFO - [TRAIN] Epoch: 1/15 | Batch: 480/607 (79.2%) | Loss: 1.0078 | Batch time: 0.09s
2025-03-06 01:07:49,701 - INFO - [TRAIN] Epoch: 1/15 | Batch: 540/607 (89.1%) | Loss: 0.8816 | Batch time: 0.09s
2025-03-06 01:07:54,775 - INFO - [TRAIN] Epoch: 1/15 | Batch: 600/607 (99.0%) | Loss: 0.8946 | Batch time: 0.08s
2025-03-06 01:07:55,233 - INFO - [TRAIN] Epoch: 1/15 | Batch: 606/607 (100.0%) | Loss: 1.0348 | Batch time: 0.04s
2025-03-06 01:07:55,233 - ERROR - Error in trial 4: ReduceLROnPlateau.step() missing 1 required positional argument: 'metrics'
