2025-03-06 06:34:39,429 - INFO - --------------------------------------------------------------------------------
2025-03-06 06:34:39,429 - INFO - Starting training: efficientnet_b0_optuna_20250305_232525_trial_29
2025-03-06 06:34:39,429 - INFO - Total epochs: 15
2025-03-06 06:34:39,429 - INFO - Training batches per epoch: 607
2025-03-06 06:34:39,429 - INFO - Validation batches per epoch: 130
2025-03-06 06:34:39,429 - INFO - --------------------------------------------------------------------------------
2025-03-06 06:34:39,429 - INFO - Training model: efficientnet_b0_optuna_20250305_232525_trial_29_v1
2025-03-06 06:34:39,429 - INFO - Epoch 1/15
2025-03-06 06:34:39,429 - INFO - ----------------------------------------
2025-03-06 06:35:05,258 - INFO - [TRAIN] Epoch: 1/15 | Batch: 0/607 (0.2%) | Loss: 1.9334 | Batch time: 0.75s
2025-03-06 06:35:24,703 - INFO - [TRAIN] Epoch: 1/15 | Batch: 60/607 (10.0%) | Loss: nan | Batch time: 0.33s
2025-03-06 06:35:44,181 - INFO - [TRAIN] Epoch: 1/15 | Batch: 120/607 (19.9%) | Loss: nan | Batch time: 0.32s
2025-03-06 06:36:03,811 - INFO - [TRAIN] Epoch: 1/15 | Batch: 180/607 (29.8%) | Loss: nan | Batch time: 0.32s
2025-03-06 06:36:23,774 - INFO - [TRAIN] Epoch: 1/15 | Batch: 240/607 (39.7%) | Loss: nan | Batch time: 0.34s
2025-03-06 06:36:43,544 - INFO - [TRAIN] Epoch: 1/15 | Batch: 300/607 (49.6%) | Loss: nan | Batch time: 0.32s
2025-03-06 06:37:03,197 - INFO - [TRAIN] Epoch: 1/15 | Batch: 360/607 (59.5%) | Loss: nan | Batch time: 0.33s
2025-03-06 06:37:22,880 - INFO - [TRAIN] Epoch: 1/15 | Batch: 420/607 (69.4%) | Loss: nan | Batch time: 0.33s
2025-03-06 06:37:42,488 - INFO - [TRAIN] Epoch: 1/15 | Batch: 480/607 (79.2%) | Loss: nan | Batch time: 0.32s
2025-03-06 06:38:02,172 - INFO - [TRAIN] Epoch: 1/15 | Batch: 540/607 (89.1%) | Loss: nan | Batch time: 0.33s
2025-03-06 06:38:21,972 - INFO - [TRAIN] Epoch: 1/15 | Batch: 600/607 (99.0%) | Loss: nan | Batch time: 0.33s
2025-03-06 06:38:23,782 - INFO - [TRAIN] Epoch: 1/15 | Batch: 606/607 (100.0%) | Loss: nan | Batch time: 0.16s
2025-03-06 06:38:23,783 - ERROR - Error in trial 29: ReduceLROnPlateau.step() missing 1 required positional argument: 'metrics'
