2025-03-06 01:09:15,574 - INFO - --------------------------------------------------------------------------------
2025-03-06 01:09:15,575 - INFO - Starting training: efficientnet_b0_optuna_20250305_232525_trial_5
2025-03-06 01:09:15,575 - INFO - Total epochs: 15
2025-03-06 01:09:15,575 - INFO - Training batches per epoch: 304
2025-03-06 01:09:15,575 - INFO - Validation batches per epoch: 65
2025-03-06 01:09:15,575 - INFO - --------------------------------------------------------------------------------
2025-03-06 01:09:15,575 - INFO - Training model: efficientnet_b0_optuna_20250305_232525_trial_5_v1
2025-03-06 01:09:15,575 - INFO - Epoch 1/15
2025-03-06 01:09:15,575 - INFO - ----------------------------------------
2025-03-06 01:09:43,747 - INFO - [TRAIN] Epoch: 1/15 | Batch: 0/304 (0.3%) | Loss: 3.6691 | Batch time: 3.40s
2025-03-06 01:10:02,749 - INFO - [TRAIN] Epoch: 1/15 | Batch: 30/304 (10.2%) | Loss: 3.6544 | Batch time: 0.63s
2025-03-06 01:10:21,679 - INFO - [TRAIN] Epoch: 1/15 | Batch: 60/304 (20.1%) | Loss: 3.6813 | Batch time: 0.62s
2025-03-06 01:10:40,530 - INFO - [TRAIN] Epoch: 1/15 | Batch: 90/304 (29.9%) | Loss: 3.6849 | Batch time: 0.63s
2025-03-06 01:10:59,618 - INFO - [TRAIN] Epoch: 1/15 | Batch: 120/304 (39.8%) | Loss: 3.7287 | Batch time: 0.63s
2025-03-06 01:11:19,740 - INFO - [TRAIN] Epoch: 1/15 | Batch: 150/304 (49.7%) | Loss: 3.6590 | Batch time: 0.68s
2025-03-06 01:11:39,908 - INFO - [TRAIN] Epoch: 1/15 | Batch: 180/304 (59.5%) | Loss: 3.6734 | Batch time: 0.67s
2025-03-06 01:12:00,177 - INFO - [TRAIN] Epoch: 1/15 | Batch: 210/304 (69.4%) | Loss: 3.6686 | Batch time: 0.66s
2025-03-06 01:12:20,158 - INFO - [TRAIN] Epoch: 1/15 | Batch: 240/304 (79.3%) | Loss: 3.6270 | Batch time: 0.69s
2025-03-06 01:12:39,706 - INFO - [TRAIN] Epoch: 1/15 | Batch: 270/304 (89.1%) | Loss: 3.6367 | Batch time: 0.67s
2025-03-06 01:12:59,577 - INFO - [TRAIN] Epoch: 1/15 | Batch: 300/304 (99.0%) | Loss: 3.6381 | Batch time: 0.65s
2025-03-06 01:13:01,682 - INFO - [TRAIN] Epoch: 1/15 | Batch: 303/304 (100.0%) | Loss: 3.6411 | Batch time: 0.79s
2025-03-06 01:13:32,288 - INFO - [VAL] Epoch: 1/15 | Batch: 0/65 (1.5%) | Loss: 3.6316 | Batch time: 2.44s
2025-03-06 01:13:33,167 - INFO - [VAL] Epoch: 1/15 | Batch: 6/65 (10.8%) | Loss: 3.6370 | Batch time: 0.14s
2025-03-06 01:13:34,066 - INFO - [VAL] Epoch: 1/15 | Batch: 12/65 (20.0%) | Loss: 3.6218 | Batch time: 0.15s
2025-03-06 01:13:34,947 - INFO - [VAL] Epoch: 1/15 | Batch: 18/65 (29.2%) | Loss: 3.5952 | Batch time: 0.14s
2025-03-06 01:13:35,819 - INFO - [VAL] Epoch: 1/15 | Batch: 24/65 (38.5%) | Loss: 3.6602 | Batch time: 0.15s
2025-03-06 01:13:36,690 - INFO - [VAL] Epoch: 1/15 | Batch: 30/65 (47.7%) | Loss: 3.5964 | Batch time: 0.14s
2025-03-06 01:13:37,536 - INFO - [VAL] Epoch: 1/15 | Batch: 36/65 (56.9%) | Loss: 3.6002 | Batch time: 0.14s
2025-03-06 01:13:38,382 - INFO - [VAL] Epoch: 1/15 | Batch: 42/65 (66.2%) | Loss: 3.6164 | Batch time: 0.14s
2025-03-06 01:13:39,216 - INFO - [VAL] Epoch: 1/15 | Batch: 48/65 (75.4%) | Loss: 3.6221 | Batch time: 0.14s
2025-03-06 01:13:40,071 - INFO - [VAL] Epoch: 1/15 | Batch: 54/65 (84.6%) | Loss: 3.6489 | Batch time: 0.14s
2025-03-06 01:13:40,910 - INFO - [VAL] Epoch: 1/15 | Batch: 60/65 (93.8%) | Loss: 3.6640 | Batch time: 0.13s
2025-03-06 01:13:41,671 - INFO - [VAL] Epoch: 1/15 | Batch: 64/65 (100.0%) | Loss: 3.6198 | Batch time: 0.35s
2025-03-06 01:13:41,943 - INFO - Checkpoint saved: efficientnet_b0_optuna_20250305_232525_trial_5_v1_best.pth (Epoch 1)
2025-03-06 01:13:41,950 - INFO - --------------------------------------------------------------------------------
2025-03-06 01:13:41,950 - INFO - Epoch 1/15 completed in 266.38s
2025-03-06 01:13:41,950 - INFO - Training   - Loss: 3.6605, Accuracy: 0.0397, F1: 0.0448
2025-03-06 01:13:41,950 - INFO - Validation - Loss: 3.6272, Accuracy: 0.0774, F1: 0.0803
2025-03-06 01:13:41,950 - INFO - --------------------------------------------------------------------------------
2025-03-06 01:13:41,950 - INFO - Epoch 2/15
2025-03-06 01:13:41,950 - INFO - ----------------------------------------
2025-03-06 01:13:44,068 - INFO - [TRAIN] Epoch: 2/15 | Batch: 0/304 (0.3%) | Loss: 3.6178 | Batch time: 1.11s
2025-03-06 01:14:04,001 - INFO - [TRAIN] Epoch: 2/15 | Batch: 30/304 (10.2%) | Loss: 3.6488 | Batch time: 0.66s
2025-03-06 01:14:24,659 - INFO - [TRAIN] Epoch: 2/15 | Batch: 60/304 (20.1%) | Loss: 3.6560 | Batch time: 0.68s
2025-03-06 01:14:44,329 - INFO - [TRAIN] Epoch: 2/15 | Batch: 90/304 (29.9%) | Loss: 3.6128 | Batch time: 0.66s
2025-03-06 01:15:03,802 - INFO - [TRAIN] Epoch: 2/15 | Batch: 120/304 (39.8%) | Loss: 3.5667 | Batch time: 0.64s
2025-03-06 01:15:23,236 - INFO - [TRAIN] Epoch: 2/15 | Batch: 150/304 (49.7%) | Loss: 3.6018 | Batch time: 0.64s
2025-03-06 01:15:42,631 - INFO - [TRAIN] Epoch: 2/15 | Batch: 180/304 (59.5%) | Loss: 3.6020 | Batch time: 0.65s
2025-03-06 01:16:02,009 - INFO - [TRAIN] Epoch: 2/15 | Batch: 210/304 (69.4%) | Loss: 3.5850 | Batch time: 0.64s
2025-03-06 01:16:21,498 - INFO - [TRAIN] Epoch: 2/15 | Batch: 240/304 (79.3%) | Loss: 3.6070 | Batch time: 0.66s
2025-03-06 01:16:40,930 - INFO - [TRAIN] Epoch: 2/15 | Batch: 270/304 (89.1%) | Loss: 3.5931 | Batch time: 0.64s
2025-03-06 01:17:00,238 - INFO - [TRAIN] Epoch: 2/15 | Batch: 300/304 (99.0%) | Loss: 3.5508 | Batch time: 0.64s
2025-03-06 01:17:01,690 - INFO - [TRAIN] Epoch: 2/15 | Batch: 303/304 (100.0%) | Loss: 3.5826 | Batch time: 0.16s
2025-03-06 01:17:02,125 - INFO - [VAL] Epoch: 2/15 | Batch: 0/65 (1.5%) | Loss: 3.5583 | Batch time: 0.17s
2025-03-06 01:17:03,126 - INFO - [VAL] Epoch: 2/15 | Batch: 6/65 (10.8%) | Loss: 3.5705 | Batch time: 0.15s
2025-03-06 01:17:04,008 - INFO - [VAL] Epoch: 2/15 | Batch: 12/65 (20.0%) | Loss: 3.5605 | Batch time: 0.15s
2025-03-06 01:17:04,887 - INFO - [VAL] Epoch: 2/15 | Batch: 18/65 (29.2%) | Loss: 3.5275 | Batch time: 0.14s
2025-03-06 01:17:05,746 - INFO - [VAL] Epoch: 2/15 | Batch: 24/65 (38.5%) | Loss: 3.5935 | Batch time: 0.14s
2025-03-06 01:17:06,613 - INFO - [VAL] Epoch: 2/15 | Batch: 30/65 (47.7%) | Loss: 3.5234 | Batch time: 0.14s
2025-03-06 01:17:07,471 - INFO - [VAL] Epoch: 2/15 | Batch: 36/65 (56.9%) | Loss: 3.5291 | Batch time: 0.14s
2025-03-06 01:17:08,303 - INFO - [VAL] Epoch: 2/15 | Batch: 42/65 (66.2%) | Loss: 3.5479 | Batch time: 0.14s
2025-03-06 01:17:09,135 - INFO - [VAL] Epoch: 2/15 | Batch: 48/65 (75.4%) | Loss: 3.5611 | Batch time: 0.14s
2025-03-06 01:17:09,995 - INFO - [VAL] Epoch: 2/15 | Batch: 54/65 (84.6%) | Loss: 3.5835 | Batch time: 0.14s
2025-03-06 01:17:10,842 - INFO - [VAL] Epoch: 2/15 | Batch: 60/65 (93.8%) | Loss: 3.5997 | Batch time: 0.14s
2025-03-06 01:17:11,397 - INFO - [VAL] Epoch: 2/15 | Batch: 64/65 (100.0%) | Loss: 3.5501 | Batch time: 0.14s
2025-03-06 01:17:11,602 - INFO - Checkpoint saved: efficientnet_b0_optuna_20250305_232525_trial_5_v1_best.pth (Epoch 2)
2025-03-06 01:17:11,609 - INFO - --------------------------------------------------------------------------------
2025-03-06 01:17:11,609 - INFO - Epoch 2/15 completed in 209.66s
2025-03-06 01:17:11,609 - INFO - Training   - Loss: 3.6078, Accuracy: 0.0654, F1: 0.0740
2025-03-06 01:17:11,609 - INFO - Validation - Loss: 3.5620, Accuracy: 0.1281, F1: 0.1267
2025-03-06 01:17:11,609 - INFO - Validation F1 improved from 0.0803 to 0.1267
2025-03-06 01:17:11,609 - INFO - --------------------------------------------------------------------------------
2025-03-06 01:17:11,609 - INFO - Epoch 3/15
2025-03-06 01:17:11,609 - INFO - ----------------------------------------
2025-03-06 01:17:13,620 - INFO - [TRAIN] Epoch: 3/15 | Batch: 0/304 (0.3%) | Loss: 3.5902 | Batch time: 0.91s
2025-03-06 01:17:34,135 - INFO - [TRAIN] Epoch: 3/15 | Batch: 30/304 (10.2%) | Loss: 3.5635 | Batch time: 0.66s
2025-03-06 01:17:54,165 - INFO - [TRAIN] Epoch: 3/15 | Batch: 60/304 (20.1%) | Loss: 3.4938 | Batch time: 0.68s
2025-03-06 01:18:14,146 - INFO - [TRAIN] Epoch: 3/15 | Batch: 90/304 (29.9%) | Loss: 3.5855 | Batch time: 0.65s
2025-03-06 01:18:34,171 - INFO - [TRAIN] Epoch: 3/15 | Batch: 120/304 (39.8%) | Loss: 3.5713 | Batch time: 0.67s
2025-03-06 01:18:54,123 - INFO - [TRAIN] Epoch: 3/15 | Batch: 150/304 (49.7%) | Loss: 3.6085 | Batch time: 0.66s
2025-03-06 01:19:14,030 - INFO - [TRAIN] Epoch: 3/15 | Batch: 180/304 (59.5%) | Loss: 3.5867 | Batch time: 0.64s
2025-03-06 01:19:34,076 - INFO - [TRAIN] Epoch: 3/15 | Batch: 210/304 (69.4%) | Loss: 3.5321 | Batch time: 0.67s
2025-03-06 01:19:54,170 - INFO - [TRAIN] Epoch: 3/15 | Batch: 240/304 (79.3%) | Loss: 3.5043 | Batch time: 0.67s
2025-03-06 01:20:14,114 - INFO - [TRAIN] Epoch: 3/15 | Batch: 270/304 (89.1%) | Loss: 3.4781 | Batch time: 0.64s
2025-03-06 01:20:33,937 - INFO - [TRAIN] Epoch: 3/15 | Batch: 300/304 (99.0%) | Loss: 3.5264 | Batch time: 0.67s
2025-03-06 01:20:35,397 - INFO - [TRAIN] Epoch: 3/15 | Batch: 303/304 (100.0%) | Loss: 3.5520 | Batch time: 0.16s
2025-03-06 01:20:35,825 - INFO - [VAL] Epoch: 3/15 | Batch: 0/65 (1.5%) | Loss: 3.5057 | Batch time: 0.17s
2025-03-06 01:20:36,785 - INFO - [VAL] Epoch: 3/15 | Batch: 6/65 (10.8%) | Loss: 3.5161 | Batch time: 0.15s
2025-03-06 01:20:37,645 - INFO - [VAL] Epoch: 3/15 | Batch: 12/65 (20.0%) | Loss: 3.4950 | Batch time: 0.14s
2025-03-06 01:20:38,484 - INFO - [VAL] Epoch: 3/15 | Batch: 18/65 (29.2%) | Loss: 3.4704 | Batch time: 0.13s
2025-03-06 01:20:39,319 - INFO - [VAL] Epoch: 3/15 | Batch: 24/65 (38.5%) | Loss: 3.5405 | Batch time: 0.14s
2025-03-06 01:20:40,147 - INFO - [VAL] Epoch: 3/15 | Batch: 30/65 (47.7%) | Loss: 3.4696 | Batch time: 0.14s
2025-03-06 01:20:40,990 - INFO - [VAL] Epoch: 3/15 | Batch: 36/65 (56.9%) | Loss: 3.4704 | Batch time: 0.14s
2025-03-06 01:20:41,837 - INFO - [VAL] Epoch: 3/15 | Batch: 42/65 (66.2%) | Loss: 3.4916 | Batch time: 0.14s
2025-03-06 01:20:42,687 - INFO - [VAL] Epoch: 3/15 | Batch: 48/65 (75.4%) | Loss: 3.4971 | Batch time: 0.14s
2025-03-06 01:20:43,523 - INFO - [VAL] Epoch: 3/15 | Batch: 54/65 (84.6%) | Loss: 3.5200 | Batch time: 0.13s
2025-03-06 01:20:44,348 - INFO - [VAL] Epoch: 3/15 | Batch: 60/65 (93.8%) | Loss: 3.5306 | Batch time: 0.14s
2025-03-06 01:20:44,909 - INFO - [VAL] Epoch: 3/15 | Batch: 64/65 (100.0%) | Loss: 3.4927 | Batch time: 0.14s
2025-03-06 01:20:45,121 - INFO - Checkpoint saved: efficientnet_b0_optuna_20250305_232525_trial_5_v1_best.pth (Epoch 3)
2025-03-06 01:20:45,125 - INFO - --------------------------------------------------------------------------------
2025-03-06 01:20:45,125 - INFO - Epoch 3/15 completed in 213.52s
2025-03-06 01:20:45,125 - INFO - Training   - Loss: 3.5535, Accuracy: 0.0967, F1: 0.1082
2025-03-06 01:20:45,125 - INFO - Validation - Loss: 3.5015, Accuracy: 0.1767, F1: 0.1713
2025-03-06 01:20:45,125 - INFO - Validation F1 improved from 0.1267 to 0.1713
2025-03-06 01:20:45,125 - INFO - --------------------------------------------------------------------------------
2025-03-06 01:20:45,125 - INFO - Epoch 4/15
2025-03-06 01:20:45,125 - INFO - ----------------------------------------
2025-03-06 01:20:47,025 - INFO - [TRAIN] Epoch: 4/15 | Batch: 0/304 (0.3%) | Loss: 3.5202 | Batch time: 0.89s
2025-03-06 01:21:06,830 - INFO - [TRAIN] Epoch: 4/15 | Batch: 30/304 (10.2%) | Loss: 3.5329 | Batch time: 0.64s
2025-03-06 01:21:26,817 - INFO - [TRAIN] Epoch: 4/15 | Batch: 60/304 (20.1%) | Loss: 3.5080 | Batch time: 0.65s
2025-03-06 01:21:46,260 - INFO - [TRAIN] Epoch: 4/15 | Batch: 90/304 (29.9%) | Loss: 3.4988 | Batch time: 0.65s
2025-03-06 01:22:05,591 - INFO - [TRAIN] Epoch: 4/15 | Batch: 120/304 (39.8%) | Loss: 3.5092 | Batch time: 0.64s
2025-03-06 01:22:24,891 - INFO - [TRAIN] Epoch: 4/15 | Batch: 150/304 (49.7%) | Loss: 3.5381 | Batch time: 0.63s
2025-03-06 01:22:44,244 - INFO - [TRAIN] Epoch: 4/15 | Batch: 180/304 (59.5%) | Loss: 3.5254 | Batch time: 0.64s
2025-03-06 01:23:04,046 - INFO - [TRAIN] Epoch: 4/15 | Batch: 210/304 (69.4%) | Loss: 3.4973 | Batch time: 0.67s
2025-03-06 01:23:24,087 - INFO - [TRAIN] Epoch: 4/15 | Batch: 240/304 (79.3%) | Loss: 3.5100 | Batch time: 0.65s
2025-03-06 01:23:43,761 - INFO - [TRAIN] Epoch: 4/15 | Batch: 270/304 (89.1%) | Loss: 3.5152 | Batch time: 0.67s
2025-03-06 01:24:03,432 - INFO - [TRAIN] Epoch: 4/15 | Batch: 300/304 (99.0%) | Loss: 3.4635 | Batch time: 0.63s
2025-03-06 01:24:04,885 - INFO - [TRAIN] Epoch: 4/15 | Batch: 303/304 (100.0%) | Loss: 3.4803 | Batch time: 0.16s
2025-03-06 01:24:05,318 - INFO - [VAL] Epoch: 4/15 | Batch: 0/65 (1.5%) | Loss: 3.4388 | Batch time: 0.17s
2025-03-06 01:24:06,284 - INFO - [VAL] Epoch: 4/15 | Batch: 6/65 (10.8%) | Loss: 3.4542 | Batch time: 0.15s
2025-03-06 01:24:07,142 - INFO - [VAL] Epoch: 4/15 | Batch: 12/65 (20.0%) | Loss: 3.4378 | Batch time: 0.14s
2025-03-06 01:24:08,011 - INFO - [VAL] Epoch: 4/15 | Batch: 18/65 (29.2%) | Loss: 3.4055 | Batch time: 0.15s
2025-03-06 01:24:08,858 - INFO - [VAL] Epoch: 4/15 | Batch: 24/65 (38.5%) | Loss: 3.4791 | Batch time: 0.14s
2025-03-06 01:24:09,686 - INFO - [VAL] Epoch: 4/15 | Batch: 30/65 (47.7%) | Loss: 3.4049 | Batch time: 0.14s
2025-03-06 01:24:10,526 - INFO - [VAL] Epoch: 4/15 | Batch: 36/65 (56.9%) | Loss: 3.4038 | Batch time: 0.14s
2025-03-06 01:24:11,350 - INFO - [VAL] Epoch: 4/15 | Batch: 42/65 (66.2%) | Loss: 3.4289 | Batch time: 0.14s
2025-03-06 01:24:12,173 - INFO - [VAL] Epoch: 4/15 | Batch: 48/65 (75.4%) | Loss: 3.4332 | Batch time: 0.14s
2025-03-06 01:24:13,022 - INFO - [VAL] Epoch: 4/15 | Batch: 54/65 (84.6%) | Loss: 3.4572 | Batch time: 0.14s
2025-03-06 01:24:13,855 - INFO - [VAL] Epoch: 4/15 | Batch: 60/65 (93.8%) | Loss: 3.4757 | Batch time: 0.14s
2025-03-06 01:24:14,410 - INFO - [VAL] Epoch: 4/15 | Batch: 64/65 (100.0%) | Loss: 3.4266 | Batch time: 0.14s
2025-03-06 01:24:14,628 - INFO - Checkpoint saved: efficientnet_b0_optuna_20250305_232525_trial_5_v1_best.pth (Epoch 4)
2025-03-06 01:24:14,635 - INFO - --------------------------------------------------------------------------------
2025-03-06 01:24:14,635 - INFO - Epoch 4/15 completed in 209.51s
2025-03-06 01:24:14,635 - INFO - Training   - Loss: 3.4959, Accuracy: 0.1341, F1: 0.1467
2025-03-06 01:24:14,635 - INFO - Validation - Loss: 3.4386, Accuracy: 0.2352, F1: 0.2250
2025-03-06 01:24:14,635 - INFO - Validation F1 improved from 0.1713 to 0.2250
2025-03-06 01:24:14,635 - INFO - --------------------------------------------------------------------------------
2025-03-06 01:24:14,635 - INFO - Epoch 5/15
2025-03-06 01:24:14,635 - INFO - ----------------------------------------
2025-03-06 01:24:16,725 - INFO - [TRAIN] Epoch: 5/15 | Batch: 0/304 (0.3%) | Loss: 3.4398 | Batch time: 0.94s
2025-03-06 01:24:36,705 - INFO - [TRAIN] Epoch: 5/15 | Batch: 30/304 (10.2%) | Loss: 3.4231 | Batch time: 0.65s
2025-03-06 01:24:56,688 - INFO - [TRAIN] Epoch: 5/15 | Batch: 60/304 (20.1%) | Loss: 3.4253 | Batch time: 0.68s
2025-03-06 01:25:16,288 - INFO - [TRAIN] Epoch: 5/15 | Batch: 90/304 (29.9%) | Loss: 3.4324 | Batch time: 0.69s
2025-03-06 01:25:36,129 - INFO - [TRAIN] Epoch: 5/15 | Batch: 120/304 (39.8%) | Loss: 3.4752 | Batch time: 0.66s
2025-03-06 01:25:56,136 - INFO - [TRAIN] Epoch: 5/15 | Batch: 150/304 (49.7%) | Loss: 3.4321 | Batch time: 0.66s
2025-03-06 01:26:16,081 - INFO - [TRAIN] Epoch: 5/15 | Batch: 180/304 (59.5%) | Loss: 3.4290 | Batch time: 0.66s
2025-03-06 01:26:35,601 - INFO - [TRAIN] Epoch: 5/15 | Batch: 210/304 (69.4%) | Loss: 3.4415 | Batch time: 0.65s
2025-03-06 01:26:55,254 - INFO - [TRAIN] Epoch: 5/15 | Batch: 240/304 (79.3%) | Loss: 3.3869 | Batch time: 0.64s
2025-03-06 01:27:15,057 - INFO - [TRAIN] Epoch: 5/15 | Batch: 270/304 (89.1%) | Loss: 3.3743 | Batch time: 0.67s
2025-03-06 01:27:34,735 - INFO - [TRAIN] Epoch: 5/15 | Batch: 300/304 (99.0%) | Loss: 3.4049 | Batch time: 0.65s
2025-03-06 01:27:36,185 - INFO - [TRAIN] Epoch: 5/15 | Batch: 303/304 (100.0%) | Loss: 3.4970 | Batch time: 0.16s
2025-03-06 01:27:36,623 - INFO - [VAL] Epoch: 5/15 | Batch: 0/65 (1.5%) | Loss: 3.3725 | Batch time: 0.17s
2025-03-06 01:27:37,585 - INFO - [VAL] Epoch: 5/15 | Batch: 6/65 (10.8%) | Loss: 3.3991 | Batch time: 0.15s
2025-03-06 01:27:38,445 - INFO - [VAL] Epoch: 5/15 | Batch: 12/65 (20.0%) | Loss: 3.3716 | Batch time: 0.14s
2025-03-06 01:27:39,331 - INFO - [VAL] Epoch: 5/15 | Batch: 18/65 (29.2%) | Loss: 3.3402 | Batch time: 0.14s
2025-03-06 01:27:40,218 - INFO - [VAL] Epoch: 5/15 | Batch: 24/65 (38.5%) | Loss: 3.4165 | Batch time: 0.15s
2025-03-06 01:27:41,070 - INFO - [VAL] Epoch: 5/15 | Batch: 30/65 (47.7%) | Loss: 3.3397 | Batch time: 0.15s
2025-03-06 01:27:41,942 - INFO - [VAL] Epoch: 5/15 | Batch: 36/65 (56.9%) | Loss: 3.3328 | Batch time: 0.14s
2025-03-06 01:27:42,799 - INFO - [VAL] Epoch: 5/15 | Batch: 42/65 (66.2%) | Loss: 3.3593 | Batch time: 0.14s
2025-03-06 01:27:43,632 - INFO - [VAL] Epoch: 5/15 | Batch: 48/65 (75.4%) | Loss: 3.3690 | Batch time: 0.14s
2025-03-06 01:27:44,469 - INFO - [VAL] Epoch: 5/15 | Batch: 54/65 (84.6%) | Loss: 3.3947 | Batch time: 0.14s
2025-03-06 01:27:45,299 - INFO - [VAL] Epoch: 5/15 | Batch: 60/65 (93.8%) | Loss: 3.4196 | Batch time: 0.14s
2025-03-06 01:27:45,848 - INFO - [VAL] Epoch: 5/15 | Batch: 64/65 (100.0%) | Loss: 3.3694 | Batch time: 0.14s
2025-03-06 01:27:46,074 - INFO - Checkpoint saved: efficientnet_b0_optuna_20250305_232525_trial_5_v1_best.pth (Epoch 5)
2025-03-06 01:27:46,077 - INFO - --------------------------------------------------------------------------------
2025-03-06 01:27:46,077 - INFO - Epoch 5/15 completed in 211.44s
2025-03-06 01:27:46,077 - INFO - Training   - Loss: 3.4412, Accuracy: 0.1763, F1: 0.1887
2025-03-06 01:27:46,077 - INFO - Validation - Loss: 3.3756, Accuracy: 0.2954, F1: 0.2791
2025-03-06 01:27:46,077 - INFO - Validation F1 improved from 0.2250 to 0.2791
2025-03-06 01:27:46,078 - INFO - --------------------------------------------------------------------------------
2025-03-06 01:27:46,190 - INFO - Checkpoint saved: checkpoint_epoch_5.pth (Epoch 5)
2025-03-06 01:27:46,191 - INFO - Epoch 6/15
2025-03-06 01:27:46,191 - INFO - ----------------------------------------
2025-03-06 01:27:48,215 - INFO - [TRAIN] Epoch: 6/15 | Batch: 0/304 (0.3%) | Loss: 3.4214 | Batch time: 0.91s
2025-03-06 01:28:08,273 - INFO - [TRAIN] Epoch: 6/15 | Batch: 30/304 (10.2%) | Loss: 3.4586 | Batch time: 0.65s
2025-03-06 01:28:27,834 - INFO - [TRAIN] Epoch: 6/15 | Batch: 60/304 (20.1%) | Loss: 3.3876 | Batch time: 0.67s
2025-03-06 01:28:47,217 - INFO - [TRAIN] Epoch: 6/15 | Batch: 90/304 (29.9%) | Loss: 3.3800 | Batch time: 0.64s
2025-03-06 01:29:07,131 - INFO - [TRAIN] Epoch: 6/15 | Batch: 120/304 (39.8%) | Loss: 3.3705 | Batch time: 0.66s
2025-03-06 01:29:27,477 - INFO - [TRAIN] Epoch: 6/15 | Batch: 150/304 (49.7%) | Loss: 3.3475 | Batch time: 0.68s
2025-03-06 01:29:47,415 - INFO - [TRAIN] Epoch: 6/15 | Batch: 180/304 (59.5%) | Loss: 3.3848 | Batch time: 0.67s
2025-03-06 01:30:06,994 - INFO - [TRAIN] Epoch: 6/15 | Batch: 210/304 (69.4%) | Loss: 3.3615 | Batch time: 0.65s
2025-03-06 01:30:26,587 - INFO - [TRAIN] Epoch: 6/15 | Batch: 240/304 (79.3%) | Loss: 3.4441 | Batch time: 0.67s
2025-03-06 01:30:46,056 - INFO - [TRAIN] Epoch: 6/15 | Batch: 270/304 (89.1%) | Loss: 3.3858 | Batch time: 0.64s
2025-03-06 01:31:05,283 - INFO - [TRAIN] Epoch: 6/15 | Batch: 300/304 (99.0%) | Loss: 3.3522 | Batch time: 0.64s
2025-03-06 01:31:06,724 - INFO - [TRAIN] Epoch: 6/15 | Batch: 303/304 (100.0%) | Loss: 3.3915 | Batch time: 0.16s
2025-03-06 01:31:07,157 - INFO - [VAL] Epoch: 6/15 | Batch: 0/65 (1.5%) | Loss: 3.3153 | Batch time: 0.17s
2025-03-06 01:31:08,094 - INFO - [VAL] Epoch: 6/15 | Batch: 6/65 (10.8%) | Loss: 3.3494 | Batch time: 0.14s
2025-03-06 01:31:08,909 - INFO - [VAL] Epoch: 6/15 | Batch: 12/65 (20.0%) | Loss: 3.3212 | Batch time: 0.13s
2025-03-06 01:31:09,719 - INFO - [VAL] Epoch: 6/15 | Batch: 18/65 (29.2%) | Loss: 3.2946 | Batch time: 0.13s
2025-03-06 01:31:10,525 - INFO - [VAL] Epoch: 6/15 | Batch: 24/65 (38.5%) | Loss: 3.3738 | Batch time: 0.13s
2025-03-06 01:31:11,331 - INFO - [VAL] Epoch: 6/15 | Batch: 30/65 (47.7%) | Loss: 3.2863 | Batch time: 0.13s
2025-03-06 01:31:12,135 - INFO - [VAL] Epoch: 6/15 | Batch: 36/65 (56.9%) | Loss: 3.2727 | Batch time: 0.13s
2025-03-06 01:31:12,942 - INFO - [VAL] Epoch: 6/15 | Batch: 42/65 (66.2%) | Loss: 3.3086 | Batch time: 0.13s
2025-03-06 01:31:13,749 - INFO - [VAL] Epoch: 6/15 | Batch: 48/65 (75.4%) | Loss: 3.3182 | Batch time: 0.14s
2025-03-06 01:31:14,553 - INFO - [VAL] Epoch: 6/15 | Batch: 54/65 (84.6%) | Loss: 3.3402 | Batch time: 0.13s
2025-03-06 01:31:15,365 - INFO - [VAL] Epoch: 6/15 | Batch: 60/65 (93.8%) | Loss: 3.3634 | Batch time: 0.13s
2025-03-06 01:31:15,902 - INFO - [VAL] Epoch: 6/15 | Batch: 64/65 (100.0%) | Loss: 3.3114 | Batch time: 0.13s
2025-03-06 01:31:16,110 - INFO - Checkpoint saved: efficientnet_b0_optuna_20250305_232525_trial_5_v1_best.pth (Epoch 6)
2025-03-06 01:31:16,115 - INFO - --------------------------------------------------------------------------------
2025-03-06 01:31:16,115 - INFO - Epoch 6/15 completed in 209.92s
2025-03-06 01:31:16,115 - INFO - Training   - Loss: 3.3918, Accuracy: 0.2167, F1: 0.2276
2025-03-06 01:31:16,115 - INFO - Validation - Loss: 3.3236, Accuracy: 0.3343, F1: 0.3164
2025-03-06 01:31:16,115 - INFO - Validation F1 improved from 0.2791 to 0.3164
2025-03-06 01:31:16,115 - INFO - --------------------------------------------------------------------------------
2025-03-06 01:31:16,115 - INFO - Epoch 7/15
2025-03-06 01:31:16,115 - INFO - ----------------------------------------
2025-03-06 01:31:18,031 - INFO - [TRAIN] Epoch: 7/15 | Batch: 0/304 (0.3%) | Loss: 3.3697 | Batch time: 0.91s
2025-03-06 01:31:37,777 - INFO - [TRAIN] Epoch: 7/15 | Batch: 30/304 (10.2%) | Loss: 3.3908 | Batch time: 0.63s
2025-03-06 01:31:57,020 - INFO - [TRAIN] Epoch: 7/15 | Batch: 60/304 (20.1%) | Loss: 3.3445 | Batch time: 0.63s
2025-03-06 01:32:16,312 - INFO - [TRAIN] Epoch: 7/15 | Batch: 90/304 (29.9%) | Loss: 3.3725 | Batch time: 0.63s
2025-03-06 01:32:35,832 - INFO - [TRAIN] Epoch: 7/15 | Batch: 120/304 (39.8%) | Loss: 3.3820 | Batch time: 0.65s
2025-03-06 01:32:55,219 - INFO - [TRAIN] Epoch: 7/15 | Batch: 150/304 (49.7%) | Loss: 3.2866 | Batch time: 0.64s
2025-03-06 01:33:14,586 - INFO - [TRAIN] Epoch: 7/15 | Batch: 180/304 (59.5%) | Loss: 3.3432 | Batch time: 0.64s
2025-03-06 01:33:33,682 - INFO - [TRAIN] Epoch: 7/15 | Batch: 210/304 (69.4%) | Loss: 3.3291 | Batch time: 0.63s
2025-03-06 01:33:52,620 - INFO - [TRAIN] Epoch: 7/15 | Batch: 240/304 (79.3%) | Loss: 3.3001 | Batch time: 0.63s
2025-03-06 01:34:11,572 - INFO - [TRAIN] Epoch: 7/15 | Batch: 270/304 (89.1%) | Loss: 3.2877 | Batch time: 0.63s
2025-03-06 01:34:30,733 - INFO - [TRAIN] Epoch: 7/15 | Batch: 300/304 (99.0%) | Loss: 3.3697 | Batch time: 0.65s
2025-03-06 01:34:32,169 - INFO - [TRAIN] Epoch: 7/15 | Batch: 303/304 (100.0%) | Loss: 3.3262 | Batch time: 0.15s
2025-03-06 01:34:32,602 - INFO - [VAL] Epoch: 7/15 | Batch: 0/65 (1.5%) | Loss: 3.2543 | Batch time: 0.16s
2025-03-06 01:34:33,556 - INFO - [VAL] Epoch: 7/15 | Batch: 6/65 (10.8%) | Loss: 3.2866 | Batch time: 0.15s
2025-03-06 01:34:34,379 - INFO - [VAL] Epoch: 7/15 | Batch: 12/65 (20.0%) | Loss: 3.2593 | Batch time: 0.13s
2025-03-06 01:34:35,209 - INFO - [VAL] Epoch: 7/15 | Batch: 18/65 (29.2%) | Loss: 3.2350 | Batch time: 0.13s
2025-03-06 01:34:36,029 - INFO - [VAL] Epoch: 7/15 | Batch: 24/65 (38.5%) | Loss: 3.3165 | Batch time: 0.14s
2025-03-06 01:34:36,856 - INFO - [VAL] Epoch: 7/15 | Batch: 30/65 (47.7%) | Loss: 3.2212 | Batch time: 0.14s
2025-03-06 01:34:37,718 - INFO - [VAL] Epoch: 7/15 | Batch: 36/65 (56.9%) | Loss: 3.2091 | Batch time: 0.14s
2025-03-06 01:34:38,558 - INFO - [VAL] Epoch: 7/15 | Batch: 42/65 (66.2%) | Loss: 3.2497 | Batch time: 0.14s
2025-03-06 01:34:39,390 - INFO - [VAL] Epoch: 7/15 | Batch: 48/65 (75.4%) | Loss: 3.2608 | Batch time: 0.14s
2025-03-06 01:34:40,232 - INFO - [VAL] Epoch: 7/15 | Batch: 54/65 (84.6%) | Loss: 3.2759 | Batch time: 0.14s
2025-03-06 01:34:41,071 - INFO - [VAL] Epoch: 7/15 | Batch: 60/65 (93.8%) | Loss: 3.3012 | Batch time: 0.14s
2025-03-06 01:34:41,643 - INFO - [VAL] Epoch: 7/15 | Batch: 64/65 (100.0%) | Loss: 3.2541 | Batch time: 0.14s
2025-03-06 01:34:41,857 - INFO - Checkpoint saved: efficientnet_b0_optuna_20250305_232525_trial_5_v1_best.pth (Epoch 7)
2025-03-06 01:34:41,861 - INFO - --------------------------------------------------------------------------------
2025-03-06 01:34:41,861 - INFO - Epoch 7/15 completed in 205.75s
2025-03-06 01:34:41,861 - INFO - Training   - Loss: 3.3414, Accuracy: 0.2528, F1: 0.2603
2025-03-06 01:34:41,861 - INFO - Validation - Loss: 3.2626, Accuracy: 0.3852, F1: 0.3639
2025-03-06 01:34:41,861 - INFO - Validation F1 improved from 0.3164 to 0.3639
2025-03-06 01:34:41,861 - INFO - --------------------------------------------------------------------------------
2025-03-06 01:34:41,861 - INFO - Epoch 8/15
2025-03-06 01:34:41,861 - INFO - ----------------------------------------
2025-03-06 01:34:43,994 - INFO - [TRAIN] Epoch: 8/15 | Batch: 0/304 (0.3%) | Loss: 3.3382 | Batch time: 0.95s
2025-03-06 01:35:03,855 - INFO - [TRAIN] Epoch: 8/15 | Batch: 30/304 (10.2%) | Loss: 3.2929 | Batch time: 0.65s
2025-03-06 01:35:23,833 - INFO - [TRAIN] Epoch: 8/15 | Batch: 60/304 (20.1%) | Loss: 3.2900 | Batch time: 0.66s
2025-03-06 01:35:43,735 - INFO - [TRAIN] Epoch: 8/15 | Batch: 90/304 (29.9%) | Loss: 3.3432 | Batch time: 0.66s
2025-03-06 01:36:03,566 - INFO - [TRAIN] Epoch: 8/15 | Batch: 120/304 (39.8%) | Loss: 3.2995 | Batch time: 0.64s
2025-03-06 01:36:23,286 - INFO - [TRAIN] Epoch: 8/15 | Batch: 150/304 (49.7%) | Loss: 3.2573 | Batch time: 0.63s
2025-03-06 01:36:43,243 - INFO - [TRAIN] Epoch: 8/15 | Batch: 180/304 (59.5%) | Loss: 3.2468 | Batch time: 0.66s
2025-03-06 01:37:03,109 - INFO - [TRAIN] Epoch: 8/15 | Batch: 210/304 (69.4%) | Loss: 3.3148 | Batch time: 0.64s
2025-03-06 01:37:23,170 - INFO - [TRAIN] Epoch: 8/15 | Batch: 240/304 (79.3%) | Loss: 3.3303 | Batch time: 0.66s
2025-03-06 01:37:42,681 - INFO - [TRAIN] Epoch: 8/15 | Batch: 270/304 (89.1%) | Loss: 3.2588 | Batch time: 0.65s
2025-03-06 01:38:02,004 - INFO - [TRAIN] Epoch: 8/15 | Batch: 300/304 (99.0%) | Loss: 3.2468 | Batch time: 0.64s
2025-03-06 01:38:03,451 - INFO - [TRAIN] Epoch: 8/15 | Batch: 303/304 (100.0%) | Loss: 3.2898 | Batch time: 0.15s
2025-03-06 01:38:03,906 - INFO - [VAL] Epoch: 8/15 | Batch: 0/65 (1.5%) | Loss: 3.2046 | Batch time: 0.16s
2025-03-06 01:38:04,874 - INFO - [VAL] Epoch: 8/15 | Batch: 6/65 (10.8%) | Loss: 3.2506 | Batch time: 0.15s
2025-03-06 01:38:05,711 - INFO - [VAL] Epoch: 8/15 | Batch: 12/65 (20.0%) | Loss: 3.2098 | Batch time: 0.14s
2025-03-06 01:38:06,540 - INFO - [VAL] Epoch: 8/15 | Batch: 18/65 (29.2%) | Loss: 3.1853 | Batch time: 0.14s
2025-03-06 01:38:07,361 - INFO - [VAL] Epoch: 8/15 | Batch: 24/65 (38.5%) | Loss: 3.2717 | Batch time: 0.14s
2025-03-06 01:38:08,186 - INFO - [VAL] Epoch: 8/15 | Batch: 30/65 (47.7%) | Loss: 3.1698 | Batch time: 0.13s
2025-03-06 01:38:09,012 - INFO - [VAL] Epoch: 8/15 | Batch: 36/65 (56.9%) | Loss: 3.1593 | Batch time: 0.14s
2025-03-06 01:38:09,833 - INFO - [VAL] Epoch: 8/15 | Batch: 42/65 (66.2%) | Loss: 3.2027 | Batch time: 0.14s
2025-03-06 01:38:10,662 - INFO - [VAL] Epoch: 8/15 | Batch: 48/65 (75.4%) | Loss: 3.2111 | Batch time: 0.14s
2025-03-06 01:38:11,492 - INFO - [VAL] Epoch: 8/15 | Batch: 54/65 (84.6%) | Loss: 3.2352 | Batch time: 0.14s
2025-03-06 01:38:12,316 - INFO - [VAL] Epoch: 8/15 | Batch: 60/65 (93.8%) | Loss: 3.2533 | Batch time: 0.14s
2025-03-06 01:38:12,871 - INFO - [VAL] Epoch: 8/15 | Batch: 64/65 (100.0%) | Loss: 3.2075 | Batch time: 0.14s
2025-03-06 01:38:13,071 - INFO - Checkpoint saved: efficientnet_b0_optuna_20250305_232525_trial_5_v1_best.pth (Epoch 8)
2025-03-06 01:38:13,074 - INFO - --------------------------------------------------------------------------------
2025-03-06 01:38:13,074 - INFO - Epoch 8/15 completed in 211.21s
2025-03-06 01:38:13,074 - INFO - Training   - Loss: 3.3047, Accuracy: 0.2762, F1: 0.2825
2025-03-06 01:38:13,074 - INFO - Validation - Loss: 3.2149, Accuracy: 0.4164, F1: 0.3950
2025-03-06 01:38:13,074 - INFO - Validation F1 improved from 0.3639 to 0.3950
2025-03-06 01:38:13,074 - INFO - --------------------------------------------------------------------------------
2025-03-06 01:38:13,074 - INFO - Epoch 9/15
2025-03-06 01:38:13,074 - INFO - ----------------------------------------
2025-03-06 01:38:14,965 - INFO - [TRAIN] Epoch: 9/15 | Batch: 0/304 (0.3%) | Loss: 3.2543 | Batch time: 0.91s
2025-03-06 01:38:34,579 - INFO - [TRAIN] Epoch: 9/15 | Batch: 30/304 (10.2%) | Loss: 3.2519 | Batch time: 0.65s
2025-03-06 01:38:53,791 - INFO - [TRAIN] Epoch: 9/15 | Batch: 60/304 (20.1%) | Loss: 3.2743 | Batch time: 0.63s
2025-03-06 01:39:12,837 - INFO - [TRAIN] Epoch: 9/15 | Batch: 90/304 (29.9%) | Loss: 3.2745 | Batch time: 0.63s
2025-03-06 01:39:31,942 - INFO - [TRAIN] Epoch: 9/15 | Batch: 120/304 (39.8%) | Loss: 3.2347 | Batch time: 0.63s
2025-03-06 01:39:51,097 - INFO - [TRAIN] Epoch: 9/15 | Batch: 150/304 (49.7%) | Loss: 3.2822 | Batch time: 0.64s
2025-03-06 01:40:10,233 - INFO - [TRAIN] Epoch: 9/15 | Batch: 180/304 (59.5%) | Loss: 3.3145 | Batch time: 0.65s
2025-03-06 01:40:29,380 - INFO - [TRAIN] Epoch: 9/15 | Batch: 210/304 (69.4%) | Loss: 3.2630 | Batch time: 0.64s
2025-03-06 01:40:48,556 - INFO - [TRAIN] Epoch: 9/15 | Batch: 240/304 (79.3%) | Loss: 3.2127 | Batch time: 0.64s
2025-03-06 01:41:07,752 - INFO - [TRAIN] Epoch: 9/15 | Batch: 270/304 (89.1%) | Loss: 3.2773 | Batch time: 0.64s
2025-03-06 01:41:26,971 - INFO - [TRAIN] Epoch: 9/15 | Batch: 300/304 (99.0%) | Loss: 3.2462 | Batch time: 0.64s
2025-03-06 01:41:28,401 - INFO - [TRAIN] Epoch: 9/15 | Batch: 303/304 (100.0%) | Loss: 3.2278 | Batch time: 0.15s
2025-03-06 01:41:28,843 - INFO - [VAL] Epoch: 9/15 | Batch: 0/65 (1.5%) | Loss: 3.1658 | Batch time: 0.17s
2025-03-06 01:41:29,825 - INFO - [VAL] Epoch: 9/15 | Batch: 6/65 (10.8%) | Loss: 3.1966 | Batch time: 0.14s
2025-03-06 01:41:30,647 - INFO - [VAL] Epoch: 9/15 | Batch: 12/65 (20.0%) | Loss: 3.1812 | Batch time: 0.14s
2025-03-06 01:41:31,473 - INFO - [VAL] Epoch: 9/15 | Batch: 18/65 (29.2%) | Loss: 3.1517 | Batch time: 0.14s
2025-03-06 01:41:32,297 - INFO - [VAL] Epoch: 9/15 | Batch: 24/65 (38.5%) | Loss: 3.2312 | Batch time: 0.13s
2025-03-06 01:41:33,117 - INFO - [VAL] Epoch: 9/15 | Batch: 30/65 (47.7%) | Loss: 3.1151 | Batch time: 0.14s
2025-03-06 01:41:33,939 - INFO - [VAL] Epoch: 9/15 | Batch: 36/65 (56.9%) | Loss: 3.1087 | Batch time: 0.13s
2025-03-06 01:41:34,765 - INFO - [VAL] Epoch: 9/15 | Batch: 42/65 (66.2%) | Loss: 3.1612 | Batch time: 0.14s
2025-03-06 01:41:35,582 - INFO - [VAL] Epoch: 9/15 | Batch: 48/65 (75.4%) | Loss: 3.1747 | Batch time: 0.14s
2025-03-06 01:41:36,405 - INFO - [VAL] Epoch: 9/15 | Batch: 54/65 (84.6%) | Loss: 3.1833 | Batch time: 0.13s
2025-03-06 01:41:37,228 - INFO - [VAL] Epoch: 9/15 | Batch: 60/65 (93.8%) | Loss: 3.2006 | Batch time: 0.14s
2025-03-06 01:41:37,772 - INFO - [VAL] Epoch: 9/15 | Batch: 64/65 (100.0%) | Loss: 3.1566 | Batch time: 0.13s
2025-03-06 01:41:37,976 - INFO - Checkpoint saved: efficientnet_b0_optuna_20250305_232525_trial_5_v1_best.pth (Epoch 9)
2025-03-06 01:41:37,983 - INFO - --------------------------------------------------------------------------------
2025-03-06 01:41:37,983 - INFO - Epoch 9/15 completed in 204.91s
2025-03-06 01:41:37,983 - INFO - Training   - Loss: 3.2605, Accuracy: 0.3049, F1: 0.3098
2025-03-06 01:41:37,983 - INFO - Validation - Loss: 3.1743, Accuracy: 0.4365, F1: 0.4107
2025-03-06 01:41:37,983 - INFO - Validation F1 improved from 0.3950 to 0.4107
2025-03-06 01:41:37,983 - INFO - --------------------------------------------------------------------------------
2025-03-06 01:41:37,983 - INFO - Epoch 10/15
2025-03-06 01:41:37,983 - INFO - ----------------------------------------
2025-03-06 01:41:39,845 - INFO - [TRAIN] Epoch: 10/15 | Batch: 0/304 (0.3%) | Loss: 3.1765 | Batch time: 0.90s
2025-03-06 01:41:59,410 - INFO - [TRAIN] Epoch: 10/15 | Batch: 30/304 (10.2%) | Loss: 3.2489 | Batch time: 0.64s
2025-03-06 01:42:18,604 - INFO - [TRAIN] Epoch: 10/15 | Batch: 60/304 (20.1%) | Loss: 3.2362 | Batch time: 0.64s
2025-03-06 01:42:37,699 - INFO - [TRAIN] Epoch: 10/15 | Batch: 90/304 (29.9%) | Loss: 3.2536 | Batch time: 0.64s
2025-03-06 01:42:56,822 - INFO - [TRAIN] Epoch: 10/15 | Batch: 120/304 (39.8%) | Loss: 3.3286 | Batch time: 0.64s
2025-03-06 01:43:16,733 - INFO - [TRAIN] Epoch: 10/15 | Batch: 150/304 (49.7%) | Loss: 3.2596 | Batch time: 0.68s
2025-03-06 01:43:37,384 - INFO - [TRAIN] Epoch: 10/15 | Batch: 180/304 (59.5%) | Loss: 3.2465 | Batch time: 0.69s
2025-03-06 01:43:57,818 - INFO - [TRAIN] Epoch: 10/15 | Batch: 210/304 (69.4%) | Loss: 3.2170 | Batch time: 0.67s
2025-03-06 01:44:18,268 - INFO - [TRAIN] Epoch: 10/15 | Batch: 240/304 (79.3%) | Loss: 3.2564 | Batch time: 0.68s
2025-03-06 01:44:38,795 - INFO - [TRAIN] Epoch: 10/15 | Batch: 270/304 (89.1%) | Loss: 3.2593 | Batch time: 0.68s
2025-03-06 01:44:59,248 - INFO - [TRAIN] Epoch: 10/15 | Batch: 300/304 (99.0%) | Loss: 3.2505 | Batch time: 0.68s
2025-03-06 01:45:00,779 - INFO - [TRAIN] Epoch: 10/15 | Batch: 303/304 (100.0%) | Loss: 3.2623 | Batch time: 0.16s
2025-03-06 01:45:01,216 - INFO - [VAL] Epoch: 10/15 | Batch: 0/65 (1.5%) | Loss: 3.1249 | Batch time: 0.17s
2025-03-06 01:45:02,217 - INFO - [VAL] Epoch: 10/15 | Batch: 6/65 (10.8%) | Loss: 3.1752 | Batch time: 0.15s
2025-03-06 01:45:03,094 - INFO - [VAL] Epoch: 10/15 | Batch: 12/65 (20.0%) | Loss: 3.1358 | Batch time: 0.15s
2025-03-06 01:45:03,968 - INFO - [VAL] Epoch: 10/15 | Batch: 18/65 (29.2%) | Loss: 3.1120 | Batch time: 0.14s
2025-03-06 01:45:04,843 - INFO - [VAL] Epoch: 10/15 | Batch: 24/65 (38.5%) | Loss: 3.2041 | Batch time: 0.14s
2025-03-06 01:45:05,723 - INFO - [VAL] Epoch: 10/15 | Batch: 30/65 (47.7%) | Loss: 3.0902 | Batch time: 0.15s
2025-03-06 01:45:06,594 - INFO - [VAL] Epoch: 10/15 | Batch: 36/65 (56.9%) | Loss: 3.0790 | Batch time: 0.14s
2025-03-06 01:45:07,471 - INFO - [VAL] Epoch: 10/15 | Batch: 42/65 (66.2%) | Loss: 3.1303 | Batch time: 0.14s
2025-03-06 01:45:08,349 - INFO - [VAL] Epoch: 10/15 | Batch: 48/65 (75.4%) | Loss: 3.1395 | Batch time: 0.14s
2025-03-06 01:45:09,222 - INFO - [VAL] Epoch: 10/15 | Batch: 54/65 (84.6%) | Loss: 3.1544 | Batch time: 0.14s
2025-03-06 01:45:10,104 - INFO - [VAL] Epoch: 10/15 | Batch: 60/65 (93.8%) | Loss: 3.1794 | Batch time: 0.14s
2025-03-06 01:45:10,693 - INFO - [VAL] Epoch: 10/15 | Batch: 64/65 (100.0%) | Loss: 3.1326 | Batch time: 0.15s
2025-03-06 01:45:10,903 - INFO - Checkpoint saved: efficientnet_b0_optuna_20250305_232525_trial_5_v1_best.pth (Epoch 10)
2025-03-06 01:45:10,907 - INFO - --------------------------------------------------------------------------------
2025-03-06 01:45:10,907 - INFO - Epoch 10/15 completed in 212.92s
2025-03-06 01:45:10,907 - INFO - Training   - Loss: 3.2328, Accuracy: 0.3177, F1: 0.3195
2025-03-06 01:45:10,907 - INFO - Validation - Loss: 3.1402, Accuracy: 0.4540, F1: 0.4301
2025-03-06 01:45:10,907 - INFO - Validation F1 improved from 0.4107 to 0.4301
2025-03-06 01:45:10,907 - INFO - --------------------------------------------------------------------------------
2025-03-06 01:45:11,038 - INFO - Checkpoint saved: checkpoint_epoch_10.pth (Epoch 10)
2025-03-06 01:45:11,038 - INFO - Epoch 11/15
2025-03-06 01:45:11,038 - INFO - ----------------------------------------
2025-03-06 01:45:12,993 - INFO - [TRAIN] Epoch: 11/15 | Batch: 0/304 (0.3%) | Loss: 3.2613 | Batch time: 0.94s
2025-03-06 01:45:33,814 - INFO - [TRAIN] Epoch: 11/15 | Batch: 30/304 (10.2%) | Loss: 3.2474 | Batch time: 0.68s
2025-03-06 01:45:54,308 - INFO - [TRAIN] Epoch: 11/15 | Batch: 60/304 (20.1%) | Loss: 3.2507 | Batch time: 0.69s
2025-03-06 01:46:14,995 - INFO - [TRAIN] Epoch: 11/15 | Batch: 90/304 (29.9%) | Loss: 3.2933 | Batch time: 0.70s
2025-03-06 01:46:35,402 - INFO - [TRAIN] Epoch: 11/15 | Batch: 120/304 (39.8%) | Loss: 3.1759 | Batch time: 0.68s
2025-03-06 01:46:55,752 - INFO - [TRAIN] Epoch: 11/15 | Batch: 150/304 (49.7%) | Loss: 3.2098 | Batch time: 0.68s
2025-03-06 01:47:16,196 - INFO - [TRAIN] Epoch: 11/15 | Batch: 180/304 (59.5%) | Loss: 3.1535 | Batch time: 0.68s
2025-03-06 01:47:36,589 - INFO - [TRAIN] Epoch: 11/15 | Batch: 210/304 (69.4%) | Loss: 3.2209 | Batch time: 0.68s
2025-03-06 01:47:57,012 - INFO - [TRAIN] Epoch: 11/15 | Batch: 240/304 (79.3%) | Loss: 3.2019 | Batch time: 0.68s
2025-03-06 01:48:17,485 - INFO - [TRAIN] Epoch: 11/15 | Batch: 270/304 (89.1%) | Loss: 3.2096 | Batch time: 0.67s
2025-03-06 01:48:36,955 - INFO - [TRAIN] Epoch: 11/15 | Batch: 300/304 (99.0%) | Loss: 3.2226 | Batch time: 0.65s
2025-03-06 01:48:38,416 - INFO - [TRAIN] Epoch: 11/15 | Batch: 303/304 (100.0%) | Loss: 3.2320 | Batch time: 0.16s
2025-03-06 01:48:38,843 - INFO - [VAL] Epoch: 11/15 | Batch: 0/65 (1.5%) | Loss: 3.0991 | Batch time: 0.16s
2025-03-06 01:48:39,785 - INFO - [VAL] Epoch: 11/15 | Batch: 6/65 (10.8%) | Loss: 3.1536 | Batch time: 0.14s
2025-03-06 01:48:40,604 - INFO - [VAL] Epoch: 11/15 | Batch: 12/65 (20.0%) | Loss: 3.1127 | Batch time: 0.13s
2025-03-06 01:48:41,428 - INFO - [VAL] Epoch: 11/15 | Batch: 18/65 (29.2%) | Loss: 3.0884 | Batch time: 0.13s
2025-03-06 01:48:42,236 - INFO - [VAL] Epoch: 11/15 | Batch: 24/65 (38.5%) | Loss: 3.1800 | Batch time: 0.14s
2025-03-06 01:48:43,047 - INFO - [VAL] Epoch: 11/15 | Batch: 30/65 (47.7%) | Loss: 3.0643 | Batch time: 0.14s
2025-03-06 01:48:43,869 - INFO - [VAL] Epoch: 11/15 | Batch: 36/65 (56.9%) | Loss: 3.0581 | Batch time: 0.13s
2025-03-06 01:48:44,683 - INFO - [VAL] Epoch: 11/15 | Batch: 42/65 (66.2%) | Loss: 3.1046 | Batch time: 0.13s
2025-03-06 01:48:45,510 - INFO - [VAL] Epoch: 11/15 | Batch: 48/65 (75.4%) | Loss: 3.1152 | Batch time: 0.14s
2025-03-06 01:48:46,336 - INFO - [VAL] Epoch: 11/15 | Batch: 54/65 (84.6%) | Loss: 3.1335 | Batch time: 0.14s
2025-03-06 01:48:47,150 - INFO - [VAL] Epoch: 11/15 | Batch: 60/65 (93.8%) | Loss: 3.1565 | Batch time: 0.13s
2025-03-06 01:48:47,696 - INFO - [VAL] Epoch: 11/15 | Batch: 64/65 (100.0%) | Loss: 3.1103 | Batch time: 0.13s
2025-03-06 01:48:47,898 - INFO - Checkpoint saved: efficientnet_b0_optuna_20250305_232525_trial_5_v1_best.pth (Epoch 11)
2025-03-06 01:48:47,905 - INFO - --------------------------------------------------------------------------------
2025-03-06 01:48:47,905 - INFO - Epoch 11/15 completed in 216.87s
2025-03-06 01:48:47,905 - INFO - Training   - Loss: 3.2083, Accuracy: 0.3273, F1: 0.3286
2025-03-06 01:48:47,905 - INFO - Validation - Loss: 3.1172, Accuracy: 0.4657, F1: 0.4390
2025-03-06 01:48:47,905 - INFO - Validation F1 improved from 0.4301 to 0.4390
2025-03-06 01:48:47,905 - INFO - --------------------------------------------------------------------------------
2025-03-06 01:48:47,905 - INFO - Epoch 12/15
2025-03-06 01:48:47,905 - INFO - ----------------------------------------
2025-03-06 01:48:49,743 - INFO - [TRAIN] Epoch: 12/15 | Batch: 0/304 (0.3%) | Loss: 3.1645 | Batch time: 0.86s
2025-03-06 01:49:09,296 - INFO - [TRAIN] Epoch: 12/15 | Batch: 30/304 (10.2%) | Loss: 3.1900 | Batch time: 0.64s
2025-03-06 01:49:28,553 - INFO - [TRAIN] Epoch: 12/15 | Batch: 60/304 (20.1%) | Loss: 3.1901 | Batch time: 0.64s
2025-03-06 01:49:47,770 - INFO - [TRAIN] Epoch: 12/15 | Batch: 90/304 (29.9%) | Loss: 3.2314 | Batch time: 0.64s
2025-03-06 01:50:07,022 - INFO - [TRAIN] Epoch: 12/15 | Batch: 120/304 (39.8%) | Loss: 3.1425 | Batch time: 0.64s
2025-03-06 01:50:26,305 - INFO - [TRAIN] Epoch: 12/15 | Batch: 150/304 (49.7%) | Loss: 3.2285 | Batch time: 0.64s
2025-03-06 01:50:45,603 - INFO - [TRAIN] Epoch: 12/15 | Batch: 180/304 (59.5%) | Loss: 3.1803 | Batch time: 0.64s
2025-03-06 01:51:04,891 - INFO - [TRAIN] Epoch: 12/15 | Batch: 210/304 (69.4%) | Loss: 3.1350 | Batch time: 0.64s
2025-03-06 01:51:24,196 - INFO - [TRAIN] Epoch: 12/15 | Batch: 240/304 (79.3%) | Loss: 3.1678 | Batch time: 0.64s
2025-03-06 01:51:43,586 - INFO - [TRAIN] Epoch: 12/15 | Batch: 270/304 (89.1%) | Loss: 3.2125 | Batch time: 0.64s
2025-03-06 01:52:02,932 - INFO - [TRAIN] Epoch: 12/15 | Batch: 300/304 (99.0%) | Loss: 3.2071 | Batch time: 0.63s
2025-03-06 01:52:04,381 - INFO - [TRAIN] Epoch: 12/15 | Batch: 303/304 (100.0%) | Loss: 3.2180 | Batch time: 0.16s
2025-03-06 01:52:04,845 - INFO - [VAL] Epoch: 12/15 | Batch: 0/65 (1.5%) | Loss: 3.0837 | Batch time: 0.17s
2025-03-06 01:52:05,780 - INFO - [VAL] Epoch: 12/15 | Batch: 6/65 (10.8%) | Loss: 3.1539 | Batch time: 0.14s
2025-03-06 01:52:06,598 - INFO - [VAL] Epoch: 12/15 | Batch: 12/65 (20.0%) | Loss: 3.0991 | Batch time: 0.13s
2025-03-06 01:52:07,422 - INFO - [VAL] Epoch: 12/15 | Batch: 18/65 (29.2%) | Loss: 3.0643 | Batch time: 0.13s
2025-03-06 01:52:08,235 - INFO - [VAL] Epoch: 12/15 | Batch: 24/65 (38.5%) | Loss: 3.1701 | Batch time: 0.13s
2025-03-06 01:52:09,048 - INFO - [VAL] Epoch: 12/15 | Batch: 30/65 (47.7%) | Loss: 3.0493 | Batch time: 0.13s
2025-03-06 01:52:09,878 - INFO - [VAL] Epoch: 12/15 | Batch: 36/65 (56.9%) | Loss: 3.0330 | Batch time: 0.14s
2025-03-06 01:52:10,694 - INFO - [VAL] Epoch: 12/15 | Batch: 42/65 (66.2%) | Loss: 3.0830 | Batch time: 0.13s
2025-03-06 01:52:11,519 - INFO - [VAL] Epoch: 12/15 | Batch: 48/65 (75.4%) | Loss: 3.1036 | Batch time: 0.14s
2025-03-06 01:52:12,344 - INFO - [VAL] Epoch: 12/15 | Batch: 54/65 (84.6%) | Loss: 3.1167 | Batch time: 0.14s
2025-03-06 01:52:13,164 - INFO - [VAL] Epoch: 12/15 | Batch: 60/65 (93.8%) | Loss: 3.1476 | Batch time: 0.13s
2025-03-06 01:52:13,709 - INFO - [VAL] Epoch: 12/15 | Batch: 64/65 (100.0%) | Loss: 3.0985 | Batch time: 0.14s
2025-03-06 01:52:13,919 - INFO - Checkpoint saved: efficientnet_b0_optuna_20250305_232525_trial_5_v1_best.pth (Epoch 12)
2025-03-06 01:52:13,922 - INFO - --------------------------------------------------------------------------------
2025-03-06 01:52:13,922 - INFO - Epoch 12/15 completed in 206.02s
2025-03-06 01:52:13,922 - INFO - Training   - Loss: 3.1938, Accuracy: 0.3381, F1: 0.3386
2025-03-06 01:52:13,922 - INFO - Validation - Loss: 3.1021, Accuracy: 0.4717, F1: 0.4460
2025-03-06 01:52:13,922 - INFO - Validation F1 improved from 0.4390 to 0.4460
2025-03-06 01:52:13,922 - INFO - --------------------------------------------------------------------------------
2025-03-06 01:52:13,922 - INFO - Epoch 13/15
2025-03-06 01:52:13,922 - INFO - ----------------------------------------
2025-03-06 01:52:15,766 - INFO - [TRAIN] Epoch: 13/15 | Batch: 0/304 (0.3%) | Loss: 3.0951 | Batch time: 0.88s
2025-03-06 01:52:35,350 - INFO - [TRAIN] Epoch: 13/15 | Batch: 30/304 (10.2%) | Loss: 3.1117 | Batch time: 0.64s
2025-03-06 01:52:54,619 - INFO - [TRAIN] Epoch: 13/15 | Batch: 60/304 (20.1%) | Loss: 3.2339 | Batch time: 0.64s
2025-03-06 01:53:13,824 - INFO - [TRAIN] Epoch: 13/15 | Batch: 90/304 (29.9%) | Loss: 3.2547 | Batch time: 0.64s
2025-03-06 01:53:33,061 - INFO - [TRAIN] Epoch: 13/15 | Batch: 120/304 (39.8%) | Loss: 3.2542 | Batch time: 0.65s
2025-03-06 01:53:52,349 - INFO - [TRAIN] Epoch: 13/15 | Batch: 150/304 (49.7%) | Loss: 3.1242 | Batch time: 0.65s
2025-03-06 01:54:11,704 - INFO - [TRAIN] Epoch: 13/15 | Batch: 180/304 (59.5%) | Loss: 3.2445 | Batch time: 0.65s
2025-03-06 01:54:31,001 - INFO - [TRAIN] Epoch: 13/15 | Batch: 210/304 (69.4%) | Loss: 3.2070 | Batch time: 0.64s
2025-03-06 01:54:50,288 - INFO - [TRAIN] Epoch: 13/15 | Batch: 240/304 (79.3%) | Loss: 3.1975 | Batch time: 0.65s
2025-03-06 01:55:09,605 - INFO - [TRAIN] Epoch: 13/15 | Batch: 270/304 (89.1%) | Loss: 3.1504 | Batch time: 0.65s
2025-03-06 01:55:28,958 - INFO - [TRAIN] Epoch: 13/15 | Batch: 300/304 (99.0%) | Loss: 3.1444 | Batch time: 0.64s
2025-03-06 01:55:30,402 - INFO - [TRAIN] Epoch: 13/15 | Batch: 303/304 (100.0%) | Loss: 3.0683 | Batch time: 0.15s
2025-03-06 01:55:30,838 - INFO - [VAL] Epoch: 13/15 | Batch: 0/65 (1.5%) | Loss: 3.0775 | Batch time: 0.17s
2025-03-06 01:55:31,783 - INFO - [VAL] Epoch: 13/15 | Batch: 6/65 (10.8%) | Loss: 3.1352 | Batch time: 0.14s
2025-03-06 01:55:32,598 - INFO - [VAL] Epoch: 13/15 | Batch: 12/65 (20.0%) | Loss: 3.0934 | Batch time: 0.14s
2025-03-06 01:55:33,416 - INFO - [VAL] Epoch: 13/15 | Batch: 18/65 (29.2%) | Loss: 3.0634 | Batch time: 0.13s
2025-03-06 01:55:34,239 - INFO - [VAL] Epoch: 13/15 | Batch: 24/65 (38.5%) | Loss: 3.1642 | Batch time: 0.14s
2025-03-06 01:55:35,057 - INFO - [VAL] Epoch: 13/15 | Batch: 30/65 (47.7%) | Loss: 3.0432 | Batch time: 0.14s
2025-03-06 01:55:35,883 - INFO - [VAL] Epoch: 13/15 | Batch: 36/65 (56.9%) | Loss: 3.0329 | Batch time: 0.13s
2025-03-06 01:55:36,707 - INFO - [VAL] Epoch: 13/15 | Batch: 42/65 (66.2%) | Loss: 3.0839 | Batch time: 0.14s
2025-03-06 01:55:37,525 - INFO - [VAL] Epoch: 13/15 | Batch: 48/65 (75.4%) | Loss: 3.0979 | Batch time: 0.13s
2025-03-06 01:55:38,342 - INFO - [VAL] Epoch: 13/15 | Batch: 54/65 (84.6%) | Loss: 3.1043 | Batch time: 0.14s
2025-03-06 01:55:39,164 - INFO - [VAL] Epoch: 13/15 | Batch: 60/65 (93.8%) | Loss: 3.1420 | Batch time: 0.14s
2025-03-06 01:55:39,712 - INFO - [VAL] Epoch: 13/15 | Batch: 64/65 (100.0%) | Loss: 3.0889 | Batch time: 0.13s
2025-03-06 01:55:39,932 - INFO - Checkpoint saved: efficientnet_b0_optuna_20250305_232525_trial_5_v1_best.pth (Epoch 13)
2025-03-06 01:55:39,938 - INFO - --------------------------------------------------------------------------------
2025-03-06 01:55:39,939 - INFO - Epoch 13/15 completed in 206.02s
2025-03-06 01:55:39,939 - INFO - Training   - Loss: 3.1808, Accuracy: 0.3428, F1: 0.3421
2025-03-06 01:55:39,939 - INFO - Validation - Loss: 3.0966, Accuracy: 0.4711, F1: 0.4470
2025-03-06 01:55:39,939 - INFO - Validation F1 improved from 0.4460 to 0.4470
2025-03-06 01:55:39,939 - INFO - --------------------------------------------------------------------------------
2025-03-06 01:55:39,939 - INFO - Epoch 14/15
2025-03-06 01:55:39,939 - INFO - ----------------------------------------
2025-03-06 01:55:41,829 - INFO - [TRAIN] Epoch: 14/15 | Batch: 0/304 (0.3%) | Loss: 3.1757 | Batch time: 0.88s
2025-03-06 01:56:01,432 - INFO - [TRAIN] Epoch: 14/15 | Batch: 30/304 (10.2%) | Loss: 3.1051 | Batch time: 0.65s
2025-03-06 01:56:20,668 - INFO - [TRAIN] Epoch: 14/15 | Batch: 60/304 (20.1%) | Loss: 3.2154 | Batch time: 0.64s
2025-03-06 01:56:39,897 - INFO - [TRAIN] Epoch: 14/15 | Batch: 90/304 (29.9%) | Loss: 3.1373 | Batch time: 0.64s
2025-03-06 01:56:59,161 - INFO - [TRAIN] Epoch: 14/15 | Batch: 120/304 (39.8%) | Loss: 3.1670 | Batch time: 0.64s
2025-03-06 01:57:18,381 - INFO - [TRAIN] Epoch: 14/15 | Batch: 150/304 (49.7%) | Loss: 3.0951 | Batch time: 0.64s
2025-03-06 01:57:37,590 - INFO - [TRAIN] Epoch: 14/15 | Batch: 180/304 (59.5%) | Loss: 3.2243 | Batch time: 0.64s
2025-03-06 01:57:56,803 - INFO - [TRAIN] Epoch: 14/15 | Batch: 210/304 (69.4%) | Loss: 3.1811 | Batch time: 0.64s
2025-03-06 01:58:16,015 - INFO - [TRAIN] Epoch: 14/15 | Batch: 240/304 (79.3%) | Loss: 3.1828 | Batch time: 0.64s
2025-03-06 01:58:35,292 - INFO - [TRAIN] Epoch: 14/15 | Batch: 270/304 (89.1%) | Loss: 3.0834 | Batch time: 0.64s
2025-03-06 01:58:54,574 - INFO - [TRAIN] Epoch: 14/15 | Batch: 300/304 (99.0%) | Loss: 3.2089 | Batch time: 0.64s
2025-03-06 01:58:56,021 - INFO - [TRAIN] Epoch: 14/15 | Batch: 303/304 (100.0%) | Loss: 3.1493 | Batch time: 0.16s
2025-03-06 01:58:56,450 - INFO - [VAL] Epoch: 14/15 | Batch: 0/65 (1.5%) | Loss: 3.0732 | Batch time: 0.16s
2025-03-06 01:58:57,401 - INFO - [VAL] Epoch: 14/15 | Batch: 6/65 (10.8%) | Loss: 3.1347 | Batch time: 0.15s
2025-03-06 01:58:58,220 - INFO - [VAL] Epoch: 14/15 | Batch: 12/65 (20.0%) | Loss: 3.0905 | Batch time: 0.14s
2025-03-06 01:58:59,044 - INFO - [VAL] Epoch: 14/15 | Batch: 18/65 (29.2%) | Loss: 3.0570 | Batch time: 0.13s
2025-03-06 01:58:59,854 - INFO - [VAL] Epoch: 14/15 | Batch: 24/65 (38.5%) | Loss: 3.1591 | Batch time: 0.13s
2025-03-06 01:59:00,667 - INFO - [VAL] Epoch: 14/15 | Batch: 30/65 (47.7%) | Loss: 3.0375 | Batch time: 0.13s
2025-03-06 01:59:01,494 - INFO - [VAL] Epoch: 14/15 | Batch: 36/65 (56.9%) | Loss: 3.0192 | Batch time: 0.13s
2025-03-06 01:59:02,314 - INFO - [VAL] Epoch: 14/15 | Batch: 42/65 (66.2%) | Loss: 3.0759 | Batch time: 0.14s
2025-03-06 01:59:03,136 - INFO - [VAL] Epoch: 14/15 | Batch: 48/65 (75.4%) | Loss: 3.0916 | Batch time: 0.14s
2025-03-06 01:59:03,961 - INFO - [VAL] Epoch: 14/15 | Batch: 54/65 (84.6%) | Loss: 3.1016 | Batch time: 0.14s
2025-03-06 01:59:04,771 - INFO - [VAL] Epoch: 14/15 | Batch: 60/65 (93.8%) | Loss: 3.1402 | Batch time: 0.13s
2025-03-06 01:59:05,323 - INFO - [VAL] Epoch: 14/15 | Batch: 64/65 (100.0%) | Loss: 3.0835 | Batch time: 0.13s
2025-03-06 01:59:05,527 - INFO - Checkpoint saved: efficientnet_b0_optuna_20250305_232525_trial_5_v1_best.pth (Epoch 14)
2025-03-06 01:59:05,530 - INFO - --------------------------------------------------------------------------------
2025-03-06 01:59:05,530 - INFO - Epoch 14/15 completed in 205.59s
2025-03-06 01:59:05,531 - INFO - Training   - Loss: 3.1696, Accuracy: 0.3497, F1: 0.3483
2025-03-06 01:59:05,531 - INFO - Validation - Loss: 3.0924, Accuracy: 0.4769, F1: 0.4479
2025-03-06 01:59:05,531 - INFO - Validation F1 improved from 0.4470 to 0.4479
2025-03-06 01:59:05,531 - INFO - --------------------------------------------------------------------------------
2025-03-06 01:59:05,531 - INFO - Epoch 15/15
2025-03-06 01:59:05,531 - INFO - ----------------------------------------
2025-03-06 01:59:07,348 - INFO - [TRAIN] Epoch: 15/15 | Batch: 0/304 (0.3%) | Loss: 3.1899 | Batch time: 0.84s
2025-03-06 01:59:26,870 - INFO - [TRAIN] Epoch: 15/15 | Batch: 30/304 (10.2%) | Loss: 3.1896 | Batch time: 0.64s
2025-03-06 01:59:46,045 - INFO - [TRAIN] Epoch: 15/15 | Batch: 60/304 (20.1%) | Loss: 3.0688 | Batch time: 0.64s
2025-03-06 02:00:05,181 - INFO - [TRAIN] Epoch: 15/15 | Batch: 90/304 (29.9%) | Loss: 3.2545 | Batch time: 0.64s
2025-03-06 02:00:24,390 - INFO - [TRAIN] Epoch: 15/15 | Batch: 120/304 (39.8%) | Loss: 3.1498 | Batch time: 0.64s
2025-03-06 02:00:43,629 - INFO - [TRAIN] Epoch: 15/15 | Batch: 150/304 (49.7%) | Loss: 3.1598 | Batch time: 0.65s
2025-03-06 02:01:02,950 - INFO - [TRAIN] Epoch: 15/15 | Batch: 180/304 (59.5%) | Loss: 3.1582 | Batch time: 0.72s
2025-03-06 02:01:22,570 - INFO - [TRAIN] Epoch: 15/15 | Batch: 210/304 (69.4%) | Loss: 3.1541 | Batch time: 0.64s
2025-03-06 02:01:41,690 - INFO - [TRAIN] Epoch: 15/15 | Batch: 240/304 (79.3%) | Loss: 3.1852 | Batch time: 0.64s
2025-03-06 02:02:01,047 - INFO - [TRAIN] Epoch: 15/15 | Batch: 270/304 (89.1%) | Loss: 3.1370 | Batch time: 0.65s
2025-03-06 02:02:20,207 - INFO - [TRAIN] Epoch: 15/15 | Batch: 300/304 (99.0%) | Loss: 3.2013 | Batch time: 0.64s
2025-03-06 02:02:21,651 - INFO - [TRAIN] Epoch: 15/15 | Batch: 303/304 (100.0%) | Loss: 3.1657 | Batch time: 0.16s
2025-03-06 02:02:22,084 - INFO - [VAL] Epoch: 15/15 | Batch: 0/65 (1.5%) | Loss: 3.0695 | Batch time: 0.16s
2025-03-06 02:02:23,036 - INFO - [VAL] Epoch: 15/15 | Batch: 6/65 (10.8%) | Loss: 3.1277 | Batch time: 0.15s
2025-03-06 02:02:23,855 - INFO - [VAL] Epoch: 15/15 | Batch: 12/65 (20.0%) | Loss: 3.0894 | Batch time: 0.14s
2025-03-06 02:02:24,681 - INFO - [VAL] Epoch: 15/15 | Batch: 18/65 (29.2%) | Loss: 3.0553 | Batch time: 0.14s
2025-03-06 02:02:25,503 - INFO - [VAL] Epoch: 15/15 | Batch: 24/65 (38.5%) | Loss: 3.1606 | Batch time: 0.14s
2025-03-06 02:02:26,318 - INFO - [VAL] Epoch: 15/15 | Batch: 30/65 (47.7%) | Loss: 3.0379 | Batch time: 0.14s
2025-03-06 02:02:27,143 - INFO - [VAL] Epoch: 15/15 | Batch: 36/65 (56.9%) | Loss: 3.0250 | Batch time: 0.13s
2025-03-06 02:02:27,964 - INFO - [VAL] Epoch: 15/15 | Batch: 42/65 (66.2%) | Loss: 3.0781 | Batch time: 0.14s
2025-03-06 02:02:28,794 - INFO - [VAL] Epoch: 15/15 | Batch: 48/65 (75.4%) | Loss: 3.0937 | Batch time: 0.14s
2025-03-06 02:02:29,633 - INFO - [VAL] Epoch: 15/15 | Batch: 54/65 (84.6%) | Loss: 3.0971 | Batch time: 0.14s
2025-03-06 02:02:30,464 - INFO - [VAL] Epoch: 15/15 | Batch: 60/65 (93.8%) | Loss: 3.1325 | Batch time: 0.14s
2025-03-06 02:02:31,026 - INFO - [VAL] Epoch: 15/15 | Batch: 64/65 (100.0%) | Loss: 3.0804 | Batch time: 0.14s
2025-03-06 02:02:31,234 - INFO - Checkpoint saved: efficientnet_b0_optuna_20250305_232525_trial_5_v1_best.pth (Epoch 15)
2025-03-06 02:02:31,239 - INFO - --------------------------------------------------------------------------------
2025-03-06 02:02:31,239 - INFO - Epoch 15/15 completed in 205.71s
2025-03-06 02:02:31,239 - INFO - Training   - Loss: 3.1724, Accuracy: 0.3474, F1: 0.3467
2025-03-06 02:02:31,239 - INFO - Validation - Loss: 3.0893, Accuracy: 0.4801, F1: 0.4559
2025-03-06 02:02:31,239 - INFO - Validation F1 improved from 0.4479 to 0.4559
2025-03-06 02:02:31,239 - INFO - --------------------------------------------------------------------------------
2025-03-06 02:02:31,358 - INFO - Checkpoint saved: checkpoint_epoch_15.pth (Epoch 15)
2025-03-06 02:02:31,358 - INFO - --------------------------------------------------------------------------------
2025-03-06 02:02:31,358 - INFO - Training completed in 0h 53m 15.78s
2025-03-06 02:02:31,358 - INFO - Best validation F1: 0.4559 (Epoch 15)
2025-03-06 02:02:31,358 - INFO - --------------------------------------------------------------------------------
2025-03-06 02:02:31,465 - INFO - Trial 5 completed with best val F1: 0.4559
