2025-03-06 06:29:35,535 - INFO - --------------------------------------------------------------------------------
2025-03-06 06:29:35,535 - INFO - Starting training: efficientnet_b0_optuna_20250305_232525_trial_28
2025-03-06 06:29:35,535 - INFO - Total epochs: 15
2025-03-06 06:29:35,535 - INFO - Training batches per epoch: 607
2025-03-06 06:29:35,535 - INFO - Validation batches per epoch: 130
2025-03-06 06:29:35,535 - INFO - --------------------------------------------------------------------------------
2025-03-06 06:29:35,535 - INFO - Training model: efficientnet_b0_optuna_20250305_232525_trial_28_v1
2025-03-06 06:29:35,535 - INFO - Epoch 1/15
2025-03-06 06:29:35,535 - INFO - ----------------------------------------
2025-03-06 06:30:01,373 - INFO - [TRAIN] Epoch: 1/15 | Batch: 0/607 (0.2%) | Loss: 1.7747 | Batch time: 0.77s
2025-03-06 06:30:20,853 - INFO - [TRAIN] Epoch: 1/15 | Batch: 60/607 (10.0%) | Loss: nan | Batch time: 0.32s
2025-03-06 06:30:40,289 - INFO - [TRAIN] Epoch: 1/15 | Batch: 120/607 (19.9%) | Loss: nan | Batch time: 0.32s
2025-03-06 06:30:59,807 - INFO - [TRAIN] Epoch: 1/15 | Batch: 180/607 (29.8%) | Loss: nan | Batch time: 0.33s
2025-03-06 06:31:19,435 - INFO - [TRAIN] Epoch: 1/15 | Batch: 240/607 (39.7%) | Loss: nan | Batch time: 0.33s
2025-03-06 06:31:39,139 - INFO - [TRAIN] Epoch: 1/15 | Batch: 300/607 (49.6%) | Loss: nan | Batch time: 0.32s
2025-03-06 06:31:58,657 - INFO - [TRAIN] Epoch: 1/15 | Batch: 360/607 (59.5%) | Loss: nan | Batch time: 0.33s
2025-03-06 06:32:18,195 - INFO - [TRAIN] Epoch: 1/15 | Batch: 420/607 (69.4%) | Loss: nan | Batch time: 0.32s
2025-03-06 06:32:37,730 - INFO - [TRAIN] Epoch: 1/15 | Batch: 480/607 (79.2%) | Loss: nan | Batch time: 0.33s
2025-03-06 06:32:57,275 - INFO - [TRAIN] Epoch: 1/15 | Batch: 540/607 (89.1%) | Loss: nan | Batch time: 0.32s
2025-03-06 06:33:17,092 - INFO - [TRAIN] Epoch: 1/15 | Batch: 600/607 (99.0%) | Loss: nan | Batch time: 0.33s
2025-03-06 06:33:18,906 - INFO - [TRAIN] Epoch: 1/15 | Batch: 606/607 (100.0%) | Loss: nan | Batch time: 0.16s
2025-03-06 06:33:18,907 - ERROR - Error in trial 28: ReduceLROnPlateau.step() missing 1 required positional argument: 'metrics'
