2025-03-06 05:26:18,215 - INFO - --------------------------------------------------------------------------------
2025-03-06 05:26:18,215 - INFO - Starting training: efficientnet_b0_optuna_20250305_232525_trial_15
2025-03-06 05:26:18,215 - INFO - Total epochs: 15
2025-03-06 05:26:18,215 - INFO - Training batches per epoch: 607
2025-03-06 05:26:18,215 - INFO - Validation batches per epoch: 130
2025-03-06 05:26:18,215 - INFO - --------------------------------------------------------------------------------
2025-03-06 05:26:18,215 - INFO - Training model: efficientnet_b0_optuna_20250305_232525_trial_15_v1
2025-03-06 05:26:18,215 - INFO - Epoch 1/15
2025-03-06 05:26:18,215 - INFO - ----------------------------------------
2025-03-06 05:26:44,219 - INFO - [TRAIN] Epoch: 1/15 | Batch: 0/607 (0.2%) | Loss: 1.7308 | Batch time: 0.63s
2025-03-06 05:27:03,678 - INFO - [TRAIN] Epoch: 1/15 | Batch: 60/607 (10.0%) | Loss: nan | Batch time: 0.32s
2025-03-06 05:27:23,153 - INFO - [TRAIN] Epoch: 1/15 | Batch: 120/607 (19.9%) | Loss: nan | Batch time: 0.32s
2025-03-06 05:27:42,755 - INFO - [TRAIN] Epoch: 1/15 | Batch: 180/607 (29.8%) | Loss: nan | Batch time: 0.33s
2025-03-06 05:28:02,702 - INFO - [TRAIN] Epoch: 1/15 | Batch: 240/607 (39.7%) | Loss: nan | Batch time: 0.34s
2025-03-06 05:28:22,579 - INFO - [TRAIN] Epoch: 1/15 | Batch: 300/607 (49.6%) | Loss: nan | Batch time: 0.32s
2025-03-06 05:28:42,248 - INFO - [TRAIN] Epoch: 1/15 | Batch: 360/607 (59.5%) | Loss: nan | Batch time: 0.33s
2025-03-06 05:29:01,918 - INFO - [TRAIN] Epoch: 1/15 | Batch: 420/607 (69.4%) | Loss: nan | Batch time: 0.33s
2025-03-06 05:29:21,594 - INFO - [TRAIN] Epoch: 1/15 | Batch: 480/607 (79.2%) | Loss: nan | Batch time: 0.33s
2025-03-06 05:29:41,286 - INFO - [TRAIN] Epoch: 1/15 | Batch: 540/607 (89.1%) | Loss: nan | Batch time: 0.33s
2025-03-06 05:30:01,255 - INFO - [TRAIN] Epoch: 1/15 | Batch: 600/607 (99.0%) | Loss: nan | Batch time: 0.33s
2025-03-06 05:30:03,091 - INFO - [TRAIN] Epoch: 1/15 | Batch: 606/607 (100.0%) | Loss: nan | Batch time: 0.16s
2025-03-06 05:30:03,091 - ERROR - Error in trial 15: ReduceLROnPlateau.step() missing 1 required positional argument: 'metrics'
