2025-03-05 23:25:28,797 - INFO - --------------------------------------------------------------------------------
2025-03-05 23:25:28,797 - INFO - Starting training: efficientnet_b0_optuna_20250305_232525_trial_0
2025-03-05 23:25:28,797 - INFO - Total epochs: 15
2025-03-05 23:25:28,797 - INFO - Training batches per epoch: 2426
2025-03-05 23:25:28,797 - INFO - Validation batches per epoch: 520
2025-03-05 23:25:28,797 - INFO - --------------------------------------------------------------------------------
2025-03-05 23:25:28,797 - INFO - Training model: efficientnet_b0_optuna_20250305_232525_trial_0_v1
2025-03-05 23:25:28,797 - INFO - Epoch 1/15
2025-03-05 23:25:28,798 - INFO - ----------------------------------------
2025-03-05 23:25:57,206 - INFO - [TRAIN] Epoch: 1/15 | Batch: 0/2426 (0.0%) | Loss: 1.0480 | Batch time: 1.73s
2025-03-05 23:26:20,099 - INFO - [TRAIN] Epoch: 1/15 | Batch: 242/2426 (10.0%) | Loss: 1.0488 | Batch time: 0.09s
2025-03-05 23:26:43,367 - INFO - [TRAIN] Epoch: 1/15 | Batch: 484/2426 (20.0%) | Loss: 0.5068 | Batch time: 0.10s
2025-03-05 23:27:06,869 - INFO - [TRAIN] Epoch: 1/15 | Batch: 726/2426 (30.0%) | Loss: 0.0557 | Batch time: 0.10s
2025-03-05 23:27:30,439 - INFO - [TRAIN] Epoch: 1/15 | Batch: 968/2426 (39.9%) | Loss: 0.1978 | Batch time: 0.10s
2025-03-05 23:27:54,438 - INFO - [TRAIN] Epoch: 1/15 | Batch: 1210/2426 (49.9%) | Loss: 0.0073 | Batch time: 0.10s
2025-03-05 23:28:17,983 - INFO - [TRAIN] Epoch: 1/15 | Batch: 1452/2426 (59.9%) | Loss: 0.0609 | Batch time: 0.09s
2025-03-05 23:28:41,549 - INFO - [TRAIN] Epoch: 1/15 | Batch: 1694/2426 (69.9%) | Loss: 0.0871 | Batch time: 0.09s
2025-03-05 23:29:05,155 - INFO - [TRAIN] Epoch: 1/15 | Batch: 1936/2426 (79.8%) | Loss: 0.0658 | Batch time: 0.10s
2025-03-05 23:29:29,059 - INFO - [TRAIN] Epoch: 1/15 | Batch: 2178/2426 (89.8%) | Loss: 0.0972 | Batch time: 0.09s
2025-03-05 23:29:52,418 - INFO - [TRAIN] Epoch: 1/15 | Batch: 2420/2426 (99.8%) | Loss: 0.0052 | Batch time: 0.09s
2025-03-05 23:29:53,493 - INFO - [TRAIN] Epoch: 1/15 | Batch: 2425/2426 (100.0%) | Loss: 0.2540 | Batch time: 0.69s
2025-03-05 23:30:18,989 - INFO - [VAL] Epoch: 1/15 | Batch: 0/520 (0.2%) | Loss: 0.0087 | Batch time: 0.10s
2025-03-05 23:30:19,888 - INFO - [VAL] Epoch: 1/15 | Batch: 52/520 (10.2%) | Loss: 0.0207 | Batch time: 0.02s
2025-03-05 23:30:20,793 - INFO - [VAL] Epoch: 1/15 | Batch: 104/520 (20.2%) | Loss: 0.0111 | Batch time: 0.02s
2025-03-05 23:30:21,693 - INFO - [VAL] Epoch: 1/15 | Batch: 156/520 (30.2%) | Loss: 0.0074 | Batch time: 0.02s
2025-03-05 23:30:22,610 - INFO - [VAL] Epoch: 1/15 | Batch: 208/520 (40.2%) | Loss: 0.0025 | Batch time: 0.02s
2025-03-05 23:30:23,515 - INFO - [VAL] Epoch: 1/15 | Batch: 260/520 (50.2%) | Loss: 0.3581 | Batch time: 0.02s
2025-03-05 23:30:24,412 - INFO - [VAL] Epoch: 1/15 | Batch: 312/520 (60.2%) | Loss: 0.0051 | Batch time: 0.02s
2025-03-05 23:30:25,324 - INFO - [VAL] Epoch: 1/15 | Batch: 364/520 (70.2%) | Loss: 0.0465 | Batch time: 0.02s
2025-03-05 23:30:26,236 - INFO - [VAL] Epoch: 1/15 | Batch: 416/520 (80.2%) | Loss: 0.0192 | Batch time: 0.02s
2025-03-05 23:30:27,147 - INFO - [VAL] Epoch: 1/15 | Batch: 468/520 (90.2%) | Loss: 0.0049 | Batch time: 0.02s
2025-03-05 23:30:28,074 - INFO - [VAL] Epoch: 1/15 | Batch: 519/520 (100.0%) | Loss: 0.0076 | Batch time: 0.07s
2025-03-05 23:30:28,481 - INFO - Checkpoint saved: efficientnet_b0_optuna_20250305_232525_trial_0_v1_best.pth (Epoch 1)
2025-03-05 23:30:28,486 - INFO - --------------------------------------------------------------------------------
2025-03-05 23:30:28,487 - INFO - Epoch 1/15 completed in 299.69s
2025-03-05 23:30:28,487 - INFO - Training   - Loss: 0.1987, Accuracy: 0.5304, F1: 0.5214
2025-03-05 23:30:28,487 - INFO - Validation - Loss: 0.0289, Accuracy: 0.7113, F1: 0.7242
2025-03-05 23:30:28,487 - INFO - --------------------------------------------------------------------------------
2025-03-05 23:30:28,487 - INFO - Epoch 2/15
2025-03-05 23:30:28,487 - INFO - ----------------------------------------
2025-03-05 23:30:28,882 - INFO - [TRAIN] Epoch: 2/15 | Batch: 0/2426 (0.0%) | Loss: 0.0258 | Batch time: 0.27s
2025-03-05 23:30:51,749 - INFO - [TRAIN] Epoch: 2/15 | Batch: 242/2426 (10.0%) | Loss: 0.0274 | Batch time: 0.09s
2025-03-05 23:31:15,329 - INFO - [TRAIN] Epoch: 2/15 | Batch: 484/2426 (20.0%) | Loss: 0.0819 | Batch time: 0.09s
2025-03-05 23:31:38,916 - INFO - [TRAIN] Epoch: 2/15 | Batch: 726/2426 (30.0%) | Loss: 0.0529 | Batch time: 0.10s
2025-03-05 23:32:02,188 - INFO - [TRAIN] Epoch: 2/15 | Batch: 968/2426 (39.9%) | Loss: 0.0264 | Batch time: 0.09s
2025-03-05 23:32:25,497 - INFO - [TRAIN] Epoch: 2/15 | Batch: 1210/2426 (49.9%) | Loss: 0.0031 | Batch time: 0.10s
2025-03-05 23:32:48,671 - INFO - [TRAIN] Epoch: 2/15 | Batch: 1452/2426 (59.9%) | Loss: 0.0300 | Batch time: 0.09s
2025-03-05 23:33:11,842 - INFO - [TRAIN] Epoch: 2/15 | Batch: 1694/2426 (69.9%) | Loss: 0.0434 | Batch time: 0.09s
2025-03-05 23:33:34,600 - INFO - [TRAIN] Epoch: 2/15 | Batch: 1936/2426 (79.8%) | Loss: 0.0401 | Batch time: 0.09s
2025-03-05 23:33:57,432 - INFO - [TRAIN] Epoch: 2/15 | Batch: 2178/2426 (89.8%) | Loss: 0.0725 | Batch time: 0.10s
2025-03-05 23:34:20,292 - INFO - [TRAIN] Epoch: 2/15 | Batch: 2420/2426 (99.8%) | Loss: 0.0128 | Batch time: 0.09s
2025-03-05 23:34:20,747 - INFO - [TRAIN] Epoch: 2/15 | Batch: 2425/2426 (100.0%) | Loss: 0.0126 | Batch time: 0.08s
2025-03-05 23:34:20,826 - INFO - [VAL] Epoch: 2/15 | Batch: 0/520 (0.2%) | Loss: 0.0019 | Batch time: 0.02s
2025-03-05 23:34:21,753 - INFO - [VAL] Epoch: 2/15 | Batch: 52/520 (10.2%) | Loss: 0.0065 | Batch time: 0.02s
2025-03-05 23:34:22,673 - INFO - [VAL] Epoch: 2/15 | Batch: 104/520 (20.2%) | Loss: 0.0125 | Batch time: 0.02s
2025-03-05 23:34:23,583 - INFO - [VAL] Epoch: 2/15 | Batch: 156/520 (30.2%) | Loss: 0.0504 | Batch time: 0.02s
2025-03-05 23:34:24,486 - INFO - [VAL] Epoch: 2/15 | Batch: 208/520 (40.2%) | Loss: 0.0010 | Batch time: 0.02s
2025-03-05 23:34:25,394 - INFO - [VAL] Epoch: 2/15 | Batch: 260/520 (50.2%) | Loss: 0.1413 | Batch time: 0.02s
2025-03-05 23:34:26,300 - INFO - [VAL] Epoch: 2/15 | Batch: 312/520 (60.2%) | Loss: 0.0013 | Batch time: 0.02s
2025-03-05 23:34:27,214 - INFO - [VAL] Epoch: 2/15 | Batch: 364/520 (70.2%) | Loss: 0.0021 | Batch time: 0.02s
2025-03-05 23:34:28,134 - INFO - [VAL] Epoch: 2/15 | Batch: 416/520 (80.2%) | Loss: 0.0028 | Batch time: 0.02s
2025-03-05 23:34:29,097 - INFO - [VAL] Epoch: 2/15 | Batch: 468/520 (90.2%) | Loss: 0.0049 | Batch time: 0.02s
2025-03-05 23:34:29,974 - INFO - [VAL] Epoch: 2/15 | Batch: 519/520 (100.0%) | Loss: 0.0005 | Batch time: 0.01s
2025-03-05 23:34:30,252 - INFO - Checkpoint saved: efficientnet_b0_optuna_20250305_232525_trial_0_v1_best.pth (Epoch 2)
2025-03-05 23:34:30,256 - INFO - --------------------------------------------------------------------------------
2025-03-05 23:34:30,256 - INFO - Epoch 2/15 completed in 241.77s
2025-03-05 23:34:30,256 - INFO - Training   - Loss: 0.0834, Accuracy: 0.6583, F1: 0.6572
2025-03-05 23:34:30,256 - INFO - Validation - Loss: 0.0193, Accuracy: 0.8139, F1: 0.8199
2025-03-05 23:34:30,256 - INFO - Validation F1 improved from 0.7242 to 0.8199
2025-03-05 23:34:30,256 - INFO - --------------------------------------------------------------------------------
2025-03-05 23:34:30,256 - INFO - Epoch 3/15
2025-03-05 23:34:30,256 - INFO - ----------------------------------------
2025-03-05 23:34:30,573 - INFO - [TRAIN] Epoch: 3/15 | Batch: 0/2426 (0.0%) | Loss: 0.0667 | Batch time: 0.19s
2025-03-05 23:34:53,507 - INFO - [TRAIN] Epoch: 3/15 | Batch: 242/2426 (10.0%) | Loss: 0.1810 | Batch time: 0.09s
2025-03-05 23:35:16,320 - INFO - [TRAIN] Epoch: 3/15 | Batch: 484/2426 (20.0%) | Loss: 0.0187 | Batch time: 0.09s
2025-03-05 23:35:38,964 - INFO - [TRAIN] Epoch: 3/15 | Batch: 726/2426 (30.0%) | Loss: 0.0133 | Batch time: 0.09s
2025-03-05 23:36:01,605 - INFO - [TRAIN] Epoch: 3/15 | Batch: 968/2426 (39.9%) | Loss: 0.0162 | Batch time: 0.09s
2025-03-05 23:36:24,327 - INFO - [TRAIN] Epoch: 3/15 | Batch: 1210/2426 (49.9%) | Loss: 0.1715 | Batch time: 0.09s
2025-03-05 23:36:46,987 - INFO - [TRAIN] Epoch: 3/15 | Batch: 1452/2426 (59.9%) | Loss: 0.1773 | Batch time: 0.09s
2025-03-05 23:37:09,627 - INFO - [TRAIN] Epoch: 3/15 | Batch: 1694/2426 (69.9%) | Loss: 0.0116 | Batch time: 0.09s
2025-03-05 23:37:32,313 - INFO - [TRAIN] Epoch: 3/15 | Batch: 1936/2426 (79.8%) | Loss: 0.0045 | Batch time: 0.09s
2025-03-05 23:37:54,967 - INFO - [TRAIN] Epoch: 3/15 | Batch: 2178/2426 (89.8%) | Loss: 0.1082 | Batch time: 0.09s
2025-03-05 23:38:17,770 - INFO - [TRAIN] Epoch: 3/15 | Batch: 2420/2426 (99.8%) | Loss: 0.0162 | Batch time: 0.09s
2025-03-05 23:38:18,224 - INFO - [TRAIN] Epoch: 3/15 | Batch: 2425/2426 (100.0%) | Loss: 0.0209 | Batch time: 0.08s
2025-03-05 23:38:18,316 - INFO - [VAL] Epoch: 3/15 | Batch: 0/520 (0.2%) | Loss: 0.0003 | Batch time: 0.03s
2025-03-05 23:38:19,253 - INFO - [VAL] Epoch: 3/15 | Batch: 52/520 (10.2%) | Loss: 0.0166 | Batch time: 0.02s
2025-03-05 23:38:20,166 - INFO - [VAL] Epoch: 3/15 | Batch: 104/520 (20.2%) | Loss: 0.0047 | Batch time: 0.02s
2025-03-05 23:38:21,071 - INFO - [VAL] Epoch: 3/15 | Batch: 156/520 (30.2%) | Loss: 0.0138 | Batch time: 0.02s
2025-03-05 23:38:21,968 - INFO - [VAL] Epoch: 3/15 | Batch: 208/520 (40.2%) | Loss: 0.0005 | Batch time: 0.02s
2025-03-05 23:38:22,867 - INFO - [VAL] Epoch: 3/15 | Batch: 260/520 (50.2%) | Loss: 0.0367 | Batch time: 0.02s
2025-03-05 23:38:23,761 - INFO - [VAL] Epoch: 3/15 | Batch: 312/520 (60.2%) | Loss: 0.0013 | Batch time: 0.02s
2025-03-05 23:38:24,660 - INFO - [VAL] Epoch: 3/15 | Batch: 364/520 (70.2%) | Loss: 0.0005 | Batch time: 0.02s
2025-03-05 23:38:25,556 - INFO - [VAL] Epoch: 3/15 | Batch: 416/520 (80.2%) | Loss: 0.0020 | Batch time: 0.02s
2025-03-05 23:38:26,458 - INFO - [VAL] Epoch: 3/15 | Batch: 468/520 (90.2%) | Loss: 0.0003 | Batch time: 0.02s
2025-03-05 23:38:27,321 - INFO - [VAL] Epoch: 3/15 | Batch: 519/520 (100.0%) | Loss: 0.0008 | Batch time: 0.01s
2025-03-05 23:38:27,606 - INFO - Checkpoint saved: efficientnet_b0_optuna_20250305_232525_trial_0_v1_best.pth (Epoch 3)
2025-03-05 23:38:27,612 - INFO - --------------------------------------------------------------------------------
2025-03-05 23:38:27,612 - INFO - Epoch 3/15 completed in 237.36s
2025-03-05 23:38:27,612 - INFO - Training   - Loss: 0.0656, Accuracy: 0.7034, F1: 0.7058
2025-03-05 23:38:27,612 - INFO - Validation - Loss: 0.0128, Accuracy: 0.8515, F1: 0.8626
2025-03-05 23:38:27,612 - INFO - Validation F1 improved from 0.8199 to 0.8626
2025-03-05 23:38:27,612 - INFO - --------------------------------------------------------------------------------
2025-03-05 23:38:27,612 - INFO - Epoch 4/15
2025-03-05 23:38:27,612 - INFO - ----------------------------------------
2025-03-05 23:38:27,990 - INFO - [TRAIN] Epoch: 4/15 | Batch: 0/2426 (0.0%) | Loss: 0.0119 | Batch time: 0.25s
2025-03-05 23:38:51,178 - INFO - [TRAIN] Epoch: 4/15 | Batch: 242/2426 (10.0%) | Loss: 0.0596 | Batch time: 0.10s
2025-03-05 23:39:14,228 - INFO - [TRAIN] Epoch: 4/15 | Batch: 484/2426 (20.0%) | Loss: 0.0308 | Batch time: 0.10s
2025-03-05 23:39:37,250 - INFO - [TRAIN] Epoch: 4/15 | Batch: 726/2426 (30.0%) | Loss: 0.1663 | Batch time: 0.09s
2025-03-05 23:40:00,225 - INFO - [TRAIN] Epoch: 4/15 | Batch: 968/2426 (39.9%) | Loss: 0.0161 | Batch time: 0.09s
2025-03-05 23:40:23,208 - INFO - [TRAIN] Epoch: 4/15 | Batch: 1210/2426 (49.9%) | Loss: 0.1535 | Batch time: 0.09s
2025-03-05 23:40:46,151 - INFO - [TRAIN] Epoch: 4/15 | Batch: 1452/2426 (59.9%) | Loss: 0.0047 | Batch time: 0.09s
2025-03-05 23:41:08,945 - INFO - [TRAIN] Epoch: 4/15 | Batch: 1694/2426 (69.9%) | Loss: 0.1226 | Batch time: 0.09s
2025-03-05 23:41:31,991 - INFO - [TRAIN] Epoch: 4/15 | Batch: 1936/2426 (79.8%) | Loss: 0.0200 | Batch time: 0.09s
2025-03-05 23:41:55,052 - INFO - [TRAIN] Epoch: 4/15 | Batch: 2178/2426 (89.8%) | Loss: 0.0032 | Batch time: 0.09s
2025-03-05 23:42:18,187 - INFO - [TRAIN] Epoch: 4/15 | Batch: 2420/2426 (99.8%) | Loss: 0.3496 | Batch time: 0.09s
2025-03-05 23:42:18,649 - INFO - [TRAIN] Epoch: 4/15 | Batch: 2425/2426 (100.0%) | Loss: 0.0603 | Batch time: 0.08s
2025-03-05 23:42:18,734 - INFO - [VAL] Epoch: 4/15 | Batch: 0/520 (0.2%) | Loss: 0.0012 | Batch time: 0.03s
2025-03-05 23:42:19,674 - INFO - [VAL] Epoch: 4/15 | Batch: 52/520 (10.2%) | Loss: 0.0005 | Batch time: 0.02s
2025-03-05 23:42:20,611 - INFO - [VAL] Epoch: 4/15 | Batch: 104/520 (20.2%) | Loss: 0.0001 | Batch time: 0.02s
2025-03-05 23:42:21,527 - INFO - [VAL] Epoch: 4/15 | Batch: 156/520 (30.2%) | Loss: 0.0010 | Batch time: 0.02s
2025-03-05 23:42:22,448 - INFO - [VAL] Epoch: 4/15 | Batch: 208/520 (40.2%) | Loss: 0.0024 | Batch time: 0.02s
2025-03-05 23:42:23,382 - INFO - [VAL] Epoch: 4/15 | Batch: 260/520 (50.2%) | Loss: 0.0151 | Batch time: 0.02s
2025-03-05 23:42:24,313 - INFO - [VAL] Epoch: 4/15 | Batch: 312/520 (60.2%) | Loss: 0.0005 | Batch time: 0.02s
2025-03-05 23:42:25,236 - INFO - [VAL] Epoch: 4/15 | Batch: 364/520 (70.2%) | Loss: 0.0024 | Batch time: 0.02s
2025-03-05 23:42:26,153 - INFO - [VAL] Epoch: 4/15 | Batch: 416/520 (80.2%) | Loss: 0.0002 | Batch time: 0.02s
2025-03-05 23:42:27,080 - INFO - [VAL] Epoch: 4/15 | Batch: 468/520 (90.2%) | Loss: 0.0051 | Batch time: 0.02s
2025-03-05 23:42:27,960 - INFO - [VAL] Epoch: 4/15 | Batch: 519/520 (100.0%) | Loss: 0.0000 | Batch time: 0.01s
2025-03-05 23:42:28,258 - INFO - Checkpoint saved: efficientnet_b0_optuna_20250305_232525_trial_0_v1_best.pth (Epoch 4)
2025-03-05 23:42:28,264 - INFO - --------------------------------------------------------------------------------
2025-03-05 23:42:28,264 - INFO - Epoch 4/15 completed in 240.65s
2025-03-05 23:42:28,264 - INFO - Training   - Loss: 0.0653, Accuracy: 0.7155, F1: 0.7189
2025-03-05 23:42:28,264 - INFO - Validation - Loss: 0.0123, Accuracy: 0.8751, F1: 0.8829
2025-03-05 23:42:28,264 - INFO - Validation F1 improved from 0.8626 to 0.8829
2025-03-05 23:42:28,264 - INFO - --------------------------------------------------------------------------------
2025-03-05 23:42:28,264 - INFO - Epoch 5/15
2025-03-05 23:42:28,264 - INFO - ----------------------------------------
2025-03-05 23:42:28,659 - INFO - [TRAIN] Epoch: 5/15 | Batch: 0/2426 (0.0%) | Loss: 0.1606 | Batch time: 0.23s
2025-03-05 23:42:51,889 - INFO - [TRAIN] Epoch: 5/15 | Batch: 242/2426 (10.0%) | Loss: 0.1530 | Batch time: 0.10s
2025-03-05 23:43:15,000 - INFO - [TRAIN] Epoch: 5/15 | Batch: 484/2426 (20.0%) | Loss: 0.0202 | Batch time: 0.11s
2025-03-05 23:43:38,130 - INFO - [TRAIN] Epoch: 5/15 | Batch: 726/2426 (30.0%) | Loss: 0.0576 | Batch time: 0.09s
2025-03-05 23:44:01,413 - INFO - [TRAIN] Epoch: 5/15 | Batch: 968/2426 (39.9%) | Loss: 0.0136 | Batch time: 0.10s
2025-03-05 23:44:24,527 - INFO - [TRAIN] Epoch: 5/15 | Batch: 1210/2426 (49.9%) | Loss: 0.0007 | Batch time: 0.09s
2025-03-05 23:44:47,797 - INFO - [TRAIN] Epoch: 5/15 | Batch: 1452/2426 (59.9%) | Loss: 0.0208 | Batch time: 0.10s
2025-03-05 23:45:10,994 - INFO - [TRAIN] Epoch: 5/15 | Batch: 1694/2426 (69.9%) | Loss: 0.0159 | Batch time: 0.10s
2025-03-05 23:45:34,137 - INFO - [TRAIN] Epoch: 5/15 | Batch: 1936/2426 (79.8%) | Loss: 0.0323 | Batch time: 0.09s
2025-03-05 23:45:57,268 - INFO - [TRAIN] Epoch: 5/15 | Batch: 2178/2426 (89.8%) | Loss: 0.0031 | Batch time: 0.09s
2025-03-05 23:46:20,435 - INFO - [TRAIN] Epoch: 5/15 | Batch: 2420/2426 (99.8%) | Loss: 0.0107 | Batch time: 0.10s
2025-03-05 23:46:20,908 - INFO - [TRAIN] Epoch: 5/15 | Batch: 2425/2426 (100.0%) | Loss: 0.0077 | Batch time: 0.08s
2025-03-05 23:46:20,994 - INFO - [VAL] Epoch: 5/15 | Batch: 0/520 (0.2%) | Loss: 0.0003 | Batch time: 0.02s
2025-03-05 23:46:21,942 - INFO - [VAL] Epoch: 5/15 | Batch: 52/520 (10.2%) | Loss: 0.0016 | Batch time: 0.02s
2025-03-05 23:46:22,862 - INFO - [VAL] Epoch: 5/15 | Batch: 104/520 (20.2%) | Loss: 0.0105 | Batch time: 0.02s
2025-03-05 23:46:23,773 - INFO - [VAL] Epoch: 5/15 | Batch: 156/520 (30.2%) | Loss: 0.0035 | Batch time: 0.02s
2025-03-05 23:46:24,688 - INFO - [VAL] Epoch: 5/15 | Batch: 208/520 (40.2%) | Loss: 0.0048 | Batch time: 0.02s
2025-03-05 23:46:25,601 - INFO - [VAL] Epoch: 5/15 | Batch: 260/520 (50.2%) | Loss: 0.0223 | Batch time: 0.02s
2025-03-05 23:46:26,517 - INFO - [VAL] Epoch: 5/15 | Batch: 312/520 (60.2%) | Loss: 0.0003 | Batch time: 0.02s
2025-03-05 23:46:27,430 - INFO - [VAL] Epoch: 5/15 | Batch: 364/520 (70.2%) | Loss: 0.0034 | Batch time: 0.02s
2025-03-05 23:46:28,352 - INFO - [VAL] Epoch: 5/15 | Batch: 416/520 (80.2%) | Loss: 0.0012 | Batch time: 0.02s
2025-03-05 23:46:29,294 - INFO - [VAL] Epoch: 5/15 | Batch: 468/520 (90.2%) | Loss: 0.0003 | Batch time: 0.02s
2025-03-05 23:46:30,176 - INFO - [VAL] Epoch: 5/15 | Batch: 519/520 (100.0%) | Loss: 0.0001 | Batch time: 0.01s
2025-03-05 23:46:30,186 - INFO - --------------------------------------------------------------------------------
2025-03-05 23:46:30,187 - INFO - Epoch 5/15 completed in 241.92s
2025-03-05 23:46:30,187 - INFO - Training   - Loss: 0.0559, Accuracy: 0.7410, F1: 0.7463
2025-03-05 23:46:30,187 - INFO - Validation - Loss: 0.0101, Accuracy: 0.8751, F1: 0.8782
2025-03-05 23:46:30,187 - INFO - --------------------------------------------------------------------------------
2025-03-05 23:46:30,389 - INFO - Checkpoint saved: checkpoint_epoch_5.pth (Epoch 5)
2025-03-05 23:46:30,390 - INFO - Epoch 6/15
2025-03-05 23:46:30,390 - INFO - ----------------------------------------
2025-03-05 23:46:30,703 - INFO - [TRAIN] Epoch: 6/15 | Batch: 0/2426 (0.0%) | Loss: 0.0031 | Batch time: 0.18s
2025-03-05 23:46:53,763 - INFO - [TRAIN] Epoch: 6/15 | Batch: 242/2426 (10.0%) | Loss: 0.0285 | Batch time: 0.10s
2025-03-05 23:47:16,771 - INFO - [TRAIN] Epoch: 6/15 | Batch: 484/2426 (20.0%) | Loss: 0.0359 | Batch time: 0.10s
2025-03-05 23:47:39,755 - INFO - [TRAIN] Epoch: 6/15 | Batch: 726/2426 (30.0%) | Loss: 0.0032 | Batch time: 0.10s
2025-03-05 23:48:02,670 - INFO - [TRAIN] Epoch: 6/15 | Batch: 968/2426 (39.9%) | Loss: 0.1270 | Batch time: 0.09s
2025-03-05 23:48:25,525 - INFO - [TRAIN] Epoch: 6/15 | Batch: 1210/2426 (49.9%) | Loss: 0.0013 | Batch time: 0.09s
2025-03-05 23:48:48,595 - INFO - [TRAIN] Epoch: 6/15 | Batch: 1452/2426 (59.9%) | Loss: 0.0397 | Batch time: 0.09s
2025-03-05 23:49:11,458 - INFO - [TRAIN] Epoch: 6/15 | Batch: 1694/2426 (69.9%) | Loss: 0.0578 | Batch time: 0.09s
2025-03-05 23:49:34,251 - INFO - [TRAIN] Epoch: 6/15 | Batch: 1936/2426 (79.8%) | Loss: 0.0894 | Batch time: 0.09s
2025-03-05 23:49:57,022 - INFO - [TRAIN] Epoch: 6/15 | Batch: 2178/2426 (89.8%) | Loss: 0.0259 | Batch time: 0.09s
2025-03-05 23:50:19,776 - INFO - [TRAIN] Epoch: 6/15 | Batch: 2420/2426 (99.8%) | Loss: 0.0045 | Batch time: 0.10s
2025-03-05 23:50:20,238 - INFO - [TRAIN] Epoch: 6/15 | Batch: 2425/2426 (100.0%) | Loss: 0.0705 | Batch time: 0.08s
2025-03-05 23:50:20,320 - INFO - [VAL] Epoch: 6/15 | Batch: 0/520 (0.2%) | Loss: 0.0003 | Batch time: 0.03s
2025-03-05 23:50:21,284 - INFO - [VAL] Epoch: 6/15 | Batch: 52/520 (10.2%) | Loss: 0.0020 | Batch time: 0.02s
2025-03-05 23:50:22,195 - INFO - [VAL] Epoch: 6/15 | Batch: 104/520 (20.2%) | Loss: 0.0402 | Batch time: 0.02s
2025-03-05 23:50:23,093 - INFO - [VAL] Epoch: 6/15 | Batch: 156/520 (30.2%) | Loss: 0.0031 | Batch time: 0.02s
2025-03-05 23:50:23,993 - INFO - [VAL] Epoch: 6/15 | Batch: 208/520 (40.2%) | Loss: 0.0022 | Batch time: 0.02s
2025-03-05 23:50:24,926 - INFO - [VAL] Epoch: 6/15 | Batch: 260/520 (50.2%) | Loss: 0.0358 | Batch time: 0.02s
2025-03-05 23:50:25,844 - INFO - [VAL] Epoch: 6/15 | Batch: 312/520 (60.2%) | Loss: 0.0002 | Batch time: 0.02s
2025-03-05 23:50:26,744 - INFO - [VAL] Epoch: 6/15 | Batch: 364/520 (70.2%) | Loss: 0.0008 | Batch time: 0.02s
2025-03-05 23:50:27,643 - INFO - [VAL] Epoch: 6/15 | Batch: 416/520 (80.2%) | Loss: 0.0040 | Batch time: 0.02s
2025-03-05 23:50:28,545 - INFO - [VAL] Epoch: 6/15 | Batch: 468/520 (90.2%) | Loss: 0.0228 | Batch time: 0.02s
2025-03-05 23:50:29,412 - INFO - [VAL] Epoch: 6/15 | Batch: 519/520 (100.0%) | Loss: 0.0004 | Batch time: 0.01s
2025-03-05 23:50:29,423 - INFO - --------------------------------------------------------------------------------
2025-03-05 23:50:29,423 - INFO - Epoch 6/15 completed in 239.03s
2025-03-05 23:50:29,423 - INFO - Training   - Loss: 0.0495, Accuracy: 0.7510, F1: 0.7553
2025-03-05 23:50:29,423 - INFO - Validation - Loss: 0.0099, Accuracy: 0.8685, F1: 0.8784
2025-03-05 23:50:29,423 - INFO - --------------------------------------------------------------------------------
2025-03-05 23:50:29,423 - INFO - Epoch 7/15
2025-03-05 23:50:29,423 - INFO - ----------------------------------------
2025-03-05 23:50:29,740 - INFO - [TRAIN] Epoch: 7/15 | Batch: 0/2426 (0.0%) | Loss: 0.0238 | Batch time: 0.16s
2025-03-05 23:50:52,604 - INFO - [TRAIN] Epoch: 7/15 | Batch: 242/2426 (10.0%) | Loss: 0.0543 | Batch time: 0.09s
2025-03-05 23:51:15,660 - INFO - [TRAIN] Epoch: 7/15 | Batch: 484/2426 (20.0%) | Loss: 0.0099 | Batch time: 0.09s
2025-03-05 23:51:38,616 - INFO - [TRAIN] Epoch: 7/15 | Batch: 726/2426 (30.0%) | Loss: 0.0300 | Batch time: 0.09s
2025-03-05 23:52:01,661 - INFO - [TRAIN] Epoch: 7/15 | Batch: 968/2426 (39.9%) | Loss: 0.0072 | Batch time: 0.10s
2025-03-05 23:52:24,532 - INFO - [TRAIN] Epoch: 7/15 | Batch: 1210/2426 (49.9%) | Loss: 0.0747 | Batch time: 0.10s
2025-03-05 23:52:47,473 - INFO - [TRAIN] Epoch: 7/15 | Batch: 1452/2426 (59.9%) | Loss: 0.0100 | Batch time: 0.09s
2025-03-05 23:53:10,394 - INFO - [TRAIN] Epoch: 7/15 | Batch: 1694/2426 (69.9%) | Loss: 0.0085 | Batch time: 0.09s
2025-03-05 23:53:33,273 - INFO - [TRAIN] Epoch: 7/15 | Batch: 1936/2426 (79.8%) | Loss: 0.0088 | Batch time: 0.10s
2025-03-05 23:53:56,333 - INFO - [TRAIN] Epoch: 7/15 | Batch: 2178/2426 (89.8%) | Loss: 0.0482 | Batch time: 0.10s
2025-03-05 23:54:19,228 - INFO - [TRAIN] Epoch: 7/15 | Batch: 2420/2426 (99.8%) | Loss: 0.0341 | Batch time: 0.09s
2025-03-05 23:54:19,683 - INFO - [TRAIN] Epoch: 7/15 | Batch: 2425/2426 (100.0%) | Loss: 0.0704 | Batch time: 0.08s
2025-03-05 23:54:19,765 - INFO - [VAL] Epoch: 7/15 | Batch: 0/520 (0.2%) | Loss: 0.0022 | Batch time: 0.03s
2025-03-05 23:54:20,683 - INFO - [VAL] Epoch: 7/15 | Batch: 52/520 (10.2%) | Loss: 0.0021 | Batch time: 0.02s
2025-03-05 23:54:21,607 - INFO - [VAL] Epoch: 7/15 | Batch: 104/520 (20.2%) | Loss: 0.0001 | Batch time: 0.02s
2025-03-05 23:54:22,523 - INFO - [VAL] Epoch: 7/15 | Batch: 156/520 (30.2%) | Loss: 0.0033 | Batch time: 0.02s
2025-03-05 23:54:23,436 - INFO - [VAL] Epoch: 7/15 | Batch: 208/520 (40.2%) | Loss: 0.0005 | Batch time: 0.02s
2025-03-05 23:54:24,357 - INFO - [VAL] Epoch: 7/15 | Batch: 260/520 (50.2%) | Loss: 0.0011 | Batch time: 0.02s
2025-03-05 23:54:25,287 - INFO - [VAL] Epoch: 7/15 | Batch: 312/520 (60.2%) | Loss: 0.0012 | Batch time: 0.02s
2025-03-05 23:54:26,201 - INFO - [VAL] Epoch: 7/15 | Batch: 364/520 (70.2%) | Loss: 0.0081 | Batch time: 0.02s
2025-03-05 23:54:27,111 - INFO - [VAL] Epoch: 7/15 | Batch: 416/520 (80.2%) | Loss: 0.0008 | Batch time: 0.02s
2025-03-05 23:54:28,028 - INFO - [VAL] Epoch: 7/15 | Batch: 468/520 (90.2%) | Loss: 0.0000 | Batch time: 0.02s
2025-03-05 23:54:28,905 - INFO - [VAL] Epoch: 7/15 | Batch: 519/520 (100.0%) | Loss: 0.0124 | Batch time: 0.01s
2025-03-05 23:54:29,185 - INFO - Checkpoint saved: efficientnet_b0_optuna_20250305_232525_trial_0_v1_best.pth (Epoch 7)
2025-03-05 23:54:29,193 - INFO - --------------------------------------------------------------------------------
2025-03-05 23:54:29,193 - INFO - Epoch 7/15 completed in 239.77s
2025-03-05 23:54:29,193 - INFO - Training   - Loss: 0.0518, Accuracy: 0.7533, F1: 0.7587
2025-03-05 23:54:29,193 - INFO - Validation - Loss: 0.0065, Accuracy: 0.9138, F1: 0.9184
2025-03-05 23:54:29,193 - INFO - Validation F1 improved from 0.8829 to 0.9184
2025-03-05 23:54:29,193 - INFO - --------------------------------------------------------------------------------
2025-03-05 23:54:29,193 - INFO - Epoch 8/15
2025-03-05 23:54:29,193 - INFO - ----------------------------------------
2025-03-05 23:54:29,587 - INFO - [TRAIN] Epoch: 8/15 | Batch: 0/2426 (0.0%) | Loss: 0.0219 | Batch time: 0.27s
2025-03-05 23:54:52,427 - INFO - [TRAIN] Epoch: 8/15 | Batch: 242/2426 (10.0%) | Loss: 0.0191 | Batch time: 0.09s
2025-03-05 23:55:15,214 - INFO - [TRAIN] Epoch: 8/15 | Batch: 484/2426 (20.0%) | Loss: 0.0531 | Batch time: 0.09s
2025-03-05 23:55:38,477 - INFO - [TRAIN] Epoch: 8/15 | Batch: 726/2426 (30.0%) | Loss: 0.0702 | Batch time: 0.09s
2025-03-05 23:56:01,594 - INFO - [TRAIN] Epoch: 8/15 | Batch: 968/2426 (39.9%) | Loss: 0.0052 | Batch time: 0.10s
2025-03-05 23:56:24,739 - INFO - [TRAIN] Epoch: 8/15 | Batch: 1210/2426 (49.9%) | Loss: 0.0013 | Batch time: 0.10s
2025-03-05 23:56:47,775 - INFO - [TRAIN] Epoch: 8/15 | Batch: 1452/2426 (59.9%) | Loss: 0.0008 | Batch time: 0.09s
2025-03-05 23:57:10,748 - INFO - [TRAIN] Epoch: 8/15 | Batch: 1694/2426 (69.9%) | Loss: 0.0010 | Batch time: 0.09s
2025-03-05 23:57:33,797 - INFO - [TRAIN] Epoch: 8/15 | Batch: 1936/2426 (79.8%) | Loss: 0.3495 | Batch time: 0.10s
2025-03-05 23:57:56,802 - INFO - [TRAIN] Epoch: 8/15 | Batch: 2178/2426 (89.8%) | Loss: 0.3651 | Batch time: 0.09s
2025-03-05 23:58:19,841 - INFO - [TRAIN] Epoch: 8/15 | Batch: 2420/2426 (99.8%) | Loss: 0.0088 | Batch time: 0.09s
2025-03-05 23:58:20,298 - INFO - [TRAIN] Epoch: 8/15 | Batch: 2425/2426 (100.0%) | Loss: 0.0003 | Batch time: 0.08s
2025-03-05 23:58:20,377 - INFO - [VAL] Epoch: 8/15 | Batch: 0/520 (0.2%) | Loss: 0.0010 | Batch time: 0.02s
2025-03-05 23:58:21,296 - INFO - [VAL] Epoch: 8/15 | Batch: 52/520 (10.2%) | Loss: 0.0003 | Batch time: 0.02s
2025-03-05 23:58:22,228 - INFO - [VAL] Epoch: 8/15 | Batch: 104/520 (20.2%) | Loss: 0.0000 | Batch time: 0.02s
2025-03-05 23:58:23,209 - INFO - [VAL] Epoch: 8/15 | Batch: 156/520 (30.2%) | Loss: 0.0041 | Batch time: 0.02s
2025-03-05 23:58:24,164 - INFO - [VAL] Epoch: 8/15 | Batch: 208/520 (40.2%) | Loss: 0.0012 | Batch time: 0.02s
2025-03-05 23:58:25,107 - INFO - [VAL] Epoch: 8/15 | Batch: 260/520 (50.2%) | Loss: 0.0107 | Batch time: 0.02s
2025-03-05 23:58:26,019 - INFO - [VAL] Epoch: 8/15 | Batch: 312/520 (60.2%) | Loss: 0.0001 | Batch time: 0.02s
2025-03-05 23:58:26,928 - INFO - [VAL] Epoch: 8/15 | Batch: 364/520 (70.2%) | Loss: 0.0008 | Batch time: 0.02s
2025-03-05 23:58:27,838 - INFO - [VAL] Epoch: 8/15 | Batch: 416/520 (80.2%) | Loss: 0.0014 | Batch time: 0.02s
2025-03-05 23:58:28,747 - INFO - [VAL] Epoch: 8/15 | Batch: 468/520 (90.2%) | Loss: 0.0000 | Batch time: 0.02s
2025-03-05 23:58:29,623 - INFO - [VAL] Epoch: 8/15 | Batch: 519/520 (100.0%) | Loss: 0.0005 | Batch time: 0.01s
2025-03-05 23:58:29,927 - INFO - Checkpoint saved: efficientnet_b0_optuna_20250305_232525_trial_0_v1_best.pth (Epoch 8)
2025-03-05 23:58:29,931 - INFO - --------------------------------------------------------------------------------
2025-03-05 23:58:29,931 - INFO - Epoch 8/15 completed in 240.74s
2025-03-05 23:58:29,931 - INFO - Training   - Loss: 0.0436, Accuracy: 0.7744, F1: 0.7786
2025-03-05 23:58:29,931 - INFO - Validation - Loss: 0.0092, Accuracy: 0.9168, F1: 0.9210
2025-03-05 23:58:29,931 - INFO - Validation F1 improved from 0.9184 to 0.9210
2025-03-05 23:58:29,931 - INFO - --------------------------------------------------------------------------------
2025-03-05 23:58:29,931 - INFO - Epoch 9/15
2025-03-05 23:58:29,931 - INFO - ----------------------------------------
2025-03-05 23:58:30,286 - INFO - [TRAIN] Epoch: 9/15 | Batch: 0/2426 (0.0%) | Loss: 0.0187 | Batch time: 0.20s
2025-03-05 23:58:53,320 - INFO - [TRAIN] Epoch: 9/15 | Batch: 242/2426 (10.0%) | Loss: 0.0038 | Batch time: 0.09s
2025-03-05 23:59:16,262 - INFO - [TRAIN] Epoch: 9/15 | Batch: 484/2426 (20.0%) | Loss: 0.4147 | Batch time: 0.10s
2025-03-05 23:59:39,266 - INFO - [TRAIN] Epoch: 9/15 | Batch: 726/2426 (30.0%) | Loss: 0.0428 | Batch time: 0.09s
2025-03-06 00:00:02,186 - INFO - [TRAIN] Epoch: 9/15 | Batch: 968/2426 (39.9%) | Loss: 0.0202 | Batch time: 0.09s
2025-03-06 00:00:25,295 - INFO - [TRAIN] Epoch: 9/15 | Batch: 1210/2426 (49.9%) | Loss: 0.0151 | Batch time: 0.10s
2025-03-06 00:00:48,324 - INFO - [TRAIN] Epoch: 9/15 | Batch: 1452/2426 (59.9%) | Loss: 0.0112 | Batch time: 0.09s
2025-03-06 00:01:11,345 - INFO - [TRAIN] Epoch: 9/15 | Batch: 1694/2426 (69.9%) | Loss: 0.0399 | Batch time: 0.10s
2025-03-06 00:01:34,395 - INFO - [TRAIN] Epoch: 9/15 | Batch: 1936/2426 (79.8%) | Loss: 0.0597 | Batch time: 0.09s
2025-03-06 00:01:57,468 - INFO - [TRAIN] Epoch: 9/15 | Batch: 2178/2426 (89.8%) | Loss: 0.0074 | Batch time: 0.09s
2025-03-06 00:02:20,303 - INFO - [TRAIN] Epoch: 9/15 | Batch: 2420/2426 (99.8%) | Loss: 0.0031 | Batch time: 0.09s
2025-03-06 00:02:20,758 - INFO - [TRAIN] Epoch: 9/15 | Batch: 2425/2426 (100.0%) | Loss: 0.0544 | Batch time: 0.08s
2025-03-06 00:02:20,842 - INFO - [VAL] Epoch: 9/15 | Batch: 0/520 (0.2%) | Loss: 0.0019 | Batch time: 0.02s
2025-03-06 00:02:21,768 - INFO - [VAL] Epoch: 9/15 | Batch: 52/520 (10.2%) | Loss: 0.0009 | Batch time: 0.02s
2025-03-06 00:02:22,699 - INFO - [VAL] Epoch: 9/15 | Batch: 104/520 (20.2%) | Loss: 0.0001 | Batch time: 0.02s
2025-03-06 00:02:23,608 - INFO - [VAL] Epoch: 9/15 | Batch: 156/520 (30.2%) | Loss: 0.0065 | Batch time: 0.02s
2025-03-06 00:02:24,523 - INFO - [VAL] Epoch: 9/15 | Batch: 208/520 (40.2%) | Loss: 0.0009 | Batch time: 0.02s
2025-03-06 00:02:25,429 - INFO - [VAL] Epoch: 9/15 | Batch: 260/520 (50.2%) | Loss: 0.0082 | Batch time: 0.02s
2025-03-06 00:02:26,345 - INFO - [VAL] Epoch: 9/15 | Batch: 312/520 (60.2%) | Loss: 0.0001 | Batch time: 0.02s
2025-03-06 00:02:27,259 - INFO - [VAL] Epoch: 9/15 | Batch: 364/520 (70.2%) | Loss: 0.0001 | Batch time: 0.02s
2025-03-06 00:02:28,170 - INFO - [VAL] Epoch: 9/15 | Batch: 416/520 (80.2%) | Loss: 0.0050 | Batch time: 0.02s
2025-03-06 00:02:29,080 - INFO - [VAL] Epoch: 9/15 | Batch: 468/520 (90.2%) | Loss: 0.0005 | Batch time: 0.02s
2025-03-06 00:02:29,944 - INFO - [VAL] Epoch: 9/15 | Batch: 519/520 (100.0%) | Loss: 0.0000 | Batch time: 0.01s
2025-03-06 00:02:30,242 - INFO - Checkpoint saved: efficientnet_b0_optuna_20250305_232525_trial_0_v1_best.pth (Epoch 9)
2025-03-06 00:02:30,246 - INFO - --------------------------------------------------------------------------------
2025-03-06 00:02:30,246 - INFO - Epoch 9/15 completed in 240.31s
2025-03-06 00:02:30,246 - INFO - Training   - Loss: 0.0456, Accuracy: 0.7759, F1: 0.7797
2025-03-06 00:02:30,246 - INFO - Validation - Loss: 0.0065, Accuracy: 0.9241, F1: 0.9265
2025-03-06 00:02:30,246 - INFO - Validation F1 improved from 0.9210 to 0.9265
2025-03-06 00:02:30,246 - INFO - --------------------------------------------------------------------------------
2025-03-06 00:02:30,246 - INFO - Epoch 10/15
2025-03-06 00:02:30,246 - INFO - ----------------------------------------
2025-03-06 00:02:30,580 - INFO - [TRAIN] Epoch: 10/15 | Batch: 0/2426 (0.0%) | Loss: 0.0116 | Batch time: 0.20s
2025-03-06 00:02:53,532 - INFO - [TRAIN] Epoch: 10/15 | Batch: 242/2426 (10.0%) | Loss: 0.0210 | Batch time: 0.10s
2025-03-06 00:03:16,532 - INFO - [TRAIN] Epoch: 10/15 | Batch: 484/2426 (20.0%) | Loss: 0.0006 | Batch time: 0.09s
2025-03-06 00:03:39,410 - INFO - [TRAIN] Epoch: 10/15 | Batch: 726/2426 (30.0%) | Loss: 0.0264 | Batch time: 0.09s
2025-03-06 00:04:02,357 - INFO - [TRAIN] Epoch: 10/15 | Batch: 968/2426 (39.9%) | Loss: 0.0176 | Batch time: 0.09s
2025-03-06 00:04:25,284 - INFO - [TRAIN] Epoch: 10/15 | Batch: 1210/2426 (49.9%) | Loss: 0.0285 | Batch time: 0.09s
2025-03-06 00:04:48,149 - INFO - [TRAIN] Epoch: 10/15 | Batch: 1452/2426 (59.9%) | Loss: 0.0293 | Batch time: 0.10s
2025-03-06 00:05:11,081 - INFO - [TRAIN] Epoch: 10/15 | Batch: 1694/2426 (69.9%) | Loss: 0.0109 | Batch time: 0.09s
2025-03-06 00:05:34,000 - INFO - [TRAIN] Epoch: 10/15 | Batch: 1936/2426 (79.8%) | Loss: 0.0065 | Batch time: 0.09s
2025-03-06 00:05:57,084 - INFO - [TRAIN] Epoch: 10/15 | Batch: 2178/2426 (89.8%) | Loss: 0.0058 | Batch time: 0.09s
2025-03-06 00:06:20,061 - INFO - [TRAIN] Epoch: 10/15 | Batch: 2420/2426 (99.8%) | Loss: 0.0031 | Batch time: 0.10s
2025-03-06 00:06:20,530 - INFO - [TRAIN] Epoch: 10/15 | Batch: 2425/2426 (100.0%) | Loss: 0.0604 | Batch time: 0.08s
2025-03-06 00:06:20,671 - INFO - [VAL] Epoch: 10/15 | Batch: 0/520 (0.2%) | Loss: 0.0003 | Batch time: 0.07s
2025-03-06 00:06:21,600 - INFO - [VAL] Epoch: 10/15 | Batch: 52/520 (10.2%) | Loss: 0.0041 | Batch time: 0.02s
2025-03-06 00:06:22,546 - INFO - [VAL] Epoch: 10/15 | Batch: 104/520 (20.2%) | Loss: 0.0001 | Batch time: 0.02s
2025-03-06 00:06:23,463 - INFO - [VAL] Epoch: 10/15 | Batch: 156/520 (30.2%) | Loss: 0.0015 | Batch time: 0.02s
2025-03-06 00:06:24,376 - INFO - [VAL] Epoch: 10/15 | Batch: 208/520 (40.2%) | Loss: 0.0015 | Batch time: 0.02s
2025-03-06 00:06:25,286 - INFO - [VAL] Epoch: 10/15 | Batch: 260/520 (50.2%) | Loss: 0.0326 | Batch time: 0.02s
2025-03-06 00:06:26,190 - INFO - [VAL] Epoch: 10/15 | Batch: 312/520 (60.2%) | Loss: 0.0001 | Batch time: 0.02s
2025-03-06 00:06:27,104 - INFO - [VAL] Epoch: 10/15 | Batch: 364/520 (70.2%) | Loss: 0.0006 | Batch time: 0.02s
2025-03-06 00:06:28,022 - INFO - [VAL] Epoch: 10/15 | Batch: 416/520 (80.2%) | Loss: 0.0009 | Batch time: 0.02s
2025-03-06 00:06:28,930 - INFO - [VAL] Epoch: 10/15 | Batch: 468/520 (90.2%) | Loss: 0.0019 | Batch time: 0.02s
2025-03-06 00:06:29,803 - INFO - [VAL] Epoch: 10/15 | Batch: 519/520 (100.0%) | Loss: 0.0008 | Batch time: 0.01s
2025-03-06 00:06:29,813 - INFO - --------------------------------------------------------------------------------
2025-03-06 00:06:29,813 - INFO - Epoch 10/15 completed in 239.57s
2025-03-06 00:06:29,813 - INFO - Training   - Loss: 0.0398, Accuracy: 0.7803, F1: 0.7844
2025-03-06 00:06:29,813 - INFO - Validation - Loss: 0.0068, Accuracy: 0.9146, F1: 0.9190
2025-03-06 00:06:29,814 - INFO - --------------------------------------------------------------------------------
2025-03-06 00:06:30,028 - INFO - Checkpoint saved: checkpoint_epoch_10.pth (Epoch 10)
2025-03-06 00:06:30,028 - INFO - Epoch 11/15
2025-03-06 00:06:30,028 - INFO - ----------------------------------------
2025-03-06 00:06:30,365 - INFO - [TRAIN] Epoch: 11/15 | Batch: 0/2426 (0.0%) | Loss: 0.0306 | Batch time: 0.22s
2025-03-06 00:06:53,309 - INFO - [TRAIN] Epoch: 11/15 | Batch: 242/2426 (10.0%) | Loss: 0.0051 | Batch time: 0.09s
2025-03-06 00:07:16,047 - INFO - [TRAIN] Epoch: 11/15 | Batch: 484/2426 (20.0%) | Loss: 0.1553 | Batch time: 0.09s
2025-03-06 00:07:38,953 - INFO - [TRAIN] Epoch: 11/15 | Batch: 726/2426 (30.0%) | Loss: 0.0164 | Batch time: 0.09s
2025-03-06 00:08:01,852 - INFO - [TRAIN] Epoch: 11/15 | Batch: 968/2426 (39.9%) | Loss: 0.0038 | Batch time: 0.09s
2025-03-06 00:08:24,723 - INFO - [TRAIN] Epoch: 11/15 | Batch: 1210/2426 (49.9%) | Loss: 0.0263 | Batch time: 0.10s
2025-03-06 00:08:47,686 - INFO - [TRAIN] Epoch: 11/15 | Batch: 1452/2426 (59.9%) | Loss: 0.0392 | Batch time: 0.09s
2025-03-06 00:09:10,733 - INFO - [TRAIN] Epoch: 11/15 | Batch: 1694/2426 (69.9%) | Loss: 0.0116 | Batch time: 0.09s
2025-03-06 00:09:33,590 - INFO - [TRAIN] Epoch: 11/15 | Batch: 1936/2426 (79.8%) | Loss: 0.0337 | Batch time: 0.09s
2025-03-06 00:09:56,367 - INFO - [TRAIN] Epoch: 11/15 | Batch: 2178/2426 (89.8%) | Loss: 0.0001 | Batch time: 0.09s
2025-03-06 00:10:19,123 - INFO - [TRAIN] Epoch: 11/15 | Batch: 2420/2426 (99.8%) | Loss: 0.0180 | Batch time: 0.09s
2025-03-06 00:10:19,579 - INFO - [TRAIN] Epoch: 11/15 | Batch: 2425/2426 (100.0%) | Loss: 0.0176 | Batch time: 0.08s
2025-03-06 00:10:19,663 - INFO - [VAL] Epoch: 11/15 | Batch: 0/520 (0.2%) | Loss: 0.0000 | Batch time: 0.02s
2025-03-06 00:10:20,635 - INFO - [VAL] Epoch: 11/15 | Batch: 52/520 (10.2%) | Loss: 0.0014 | Batch time: 0.02s
2025-03-06 00:10:21,558 - INFO - [VAL] Epoch: 11/15 | Batch: 104/520 (20.2%) | Loss: 0.0000 | Batch time: 0.02s
2025-03-06 00:10:22,485 - INFO - [VAL] Epoch: 11/15 | Batch: 156/520 (30.2%) | Loss: 0.0063 | Batch time: 0.02s
2025-03-06 00:10:23,394 - INFO - [VAL] Epoch: 11/15 | Batch: 208/520 (40.2%) | Loss: 0.0020 | Batch time: 0.02s
2025-03-06 00:10:24,302 - INFO - [VAL] Epoch: 11/15 | Batch: 260/520 (50.2%) | Loss: 0.0042 | Batch time: 0.02s
2025-03-06 00:10:25,215 - INFO - [VAL] Epoch: 11/15 | Batch: 312/520 (60.2%) | Loss: 0.0006 | Batch time: 0.02s
2025-03-06 00:10:26,125 - INFO - [VAL] Epoch: 11/15 | Batch: 364/520 (70.2%) | Loss: 0.0001 | Batch time: 0.02s
2025-03-06 00:10:27,028 - INFO - [VAL] Epoch: 11/15 | Batch: 416/520 (80.2%) | Loss: 0.0005 | Batch time: 0.02s
2025-03-06 00:10:27,941 - INFO - [VAL] Epoch: 11/15 | Batch: 468/520 (90.2%) | Loss: 0.0012 | Batch time: 0.02s
2025-03-06 00:10:28,818 - INFO - [VAL] Epoch: 11/15 | Batch: 519/520 (100.0%) | Loss: 0.0003 | Batch time: 0.01s
2025-03-06 00:10:28,829 - INFO - --------------------------------------------------------------------------------
2025-03-06 00:10:28,829 - INFO - Epoch 11/15 completed in 238.80s
2025-03-06 00:10:28,829 - INFO - Training   - Loss: 0.0415, Accuracy: 0.7860, F1: 0.7941
2025-03-06 00:10:28,829 - INFO - Validation - Loss: 0.0034, Accuracy: 0.9074, F1: 0.9140
2025-03-06 00:10:28,829 - INFO - --------------------------------------------------------------------------------
2025-03-06 00:10:28,829 - INFO - Epoch 12/15
2025-03-06 00:10:28,829 - INFO - ----------------------------------------
2025-03-06 00:10:29,169 - INFO - [TRAIN] Epoch: 12/15 | Batch: 0/2426 (0.0%) | Loss: 0.0175 | Batch time: 0.18s
2025-03-06 00:10:52,188 - INFO - [TRAIN] Epoch: 12/15 | Batch: 242/2426 (10.0%) | Loss: 0.0028 | Batch time: 0.10s
2025-03-06 00:11:14,941 - INFO - [TRAIN] Epoch: 12/15 | Batch: 484/2426 (20.0%) | Loss: 0.0041 | Batch time: 0.10s
2025-03-06 00:11:37,760 - INFO - [TRAIN] Epoch: 12/15 | Batch: 726/2426 (30.0%) | Loss: 0.0011 | Batch time: 0.09s
2025-03-06 00:12:00,499 - INFO - [TRAIN] Epoch: 12/15 | Batch: 968/2426 (39.9%) | Loss: 0.0448 | Batch time: 0.09s
2025-03-06 00:12:23,350 - INFO - [TRAIN] Epoch: 12/15 | Batch: 1210/2426 (49.9%) | Loss: 0.0330 | Batch time: 0.09s
2025-03-06 00:12:46,132 - INFO - [TRAIN] Epoch: 12/15 | Batch: 1452/2426 (59.9%) | Loss: 0.1386 | Batch time: 0.09s
2025-03-06 00:13:09,670 - INFO - [TRAIN] Epoch: 12/15 | Batch: 1694/2426 (69.9%) | Loss: 0.0153 | Batch time: 0.10s
2025-03-06 00:13:33,205 - INFO - [TRAIN] Epoch: 12/15 | Batch: 1936/2426 (79.8%) | Loss: 0.0628 | Batch time: 0.10s
2025-03-06 00:13:56,135 - INFO - [TRAIN] Epoch: 12/15 | Batch: 2178/2426 (89.8%) | Loss: 0.0020 | Batch time: 0.09s
2025-03-06 00:14:18,901 - INFO - [TRAIN] Epoch: 12/15 | Batch: 2420/2426 (99.8%) | Loss: 0.0034 | Batch time: 0.09s
2025-03-06 00:14:19,365 - INFO - [TRAIN] Epoch: 12/15 | Batch: 2425/2426 (100.0%) | Loss: 0.1528 | Batch time: 0.08s
2025-03-06 00:14:19,459 - INFO - [VAL] Epoch: 12/15 | Batch: 0/520 (0.2%) | Loss: 0.0010 | Batch time: 0.03s
2025-03-06 00:14:20,374 - INFO - [VAL] Epoch: 12/15 | Batch: 52/520 (10.2%) | Loss: 0.0006 | Batch time: 0.02s
2025-03-06 00:14:21,305 - INFO - [VAL] Epoch: 12/15 | Batch: 104/520 (20.2%) | Loss: 0.0007 | Batch time: 0.02s
2025-03-06 00:14:22,212 - INFO - [VAL] Epoch: 12/15 | Batch: 156/520 (30.2%) | Loss: 0.0063 | Batch time: 0.02s
2025-03-06 00:14:23,119 - INFO - [VAL] Epoch: 12/15 | Batch: 208/520 (40.2%) | Loss: 0.0000 | Batch time: 0.02s
2025-03-06 00:14:24,022 - INFO - [VAL] Epoch: 12/15 | Batch: 260/520 (50.2%) | Loss: 0.0061 | Batch time: 0.02s
2025-03-06 00:14:24,928 - INFO - [VAL] Epoch: 12/15 | Batch: 312/520 (60.2%) | Loss: 0.0005 | Batch time: 0.02s
2025-03-06 00:14:25,856 - INFO - [VAL] Epoch: 12/15 | Batch: 364/520 (70.2%) | Loss: 0.0002 | Batch time: 0.02s
2025-03-06 00:14:26,769 - INFO - [VAL] Epoch: 12/15 | Batch: 416/520 (80.2%) | Loss: 0.0002 | Batch time: 0.02s
2025-03-06 00:14:27,687 - INFO - [VAL] Epoch: 12/15 | Batch: 468/520 (90.2%) | Loss: 0.0001 | Batch time: 0.02s
2025-03-06 00:14:28,595 - INFO - [VAL] Epoch: 12/15 | Batch: 519/520 (100.0%) | Loss: 0.0006 | Batch time: 0.01s
2025-03-06 00:14:28,882 - INFO - Checkpoint saved: efficientnet_b0_optuna_20250305_232525_trial_0_v1_best.pth (Epoch 12)
2025-03-06 00:14:28,889 - INFO - --------------------------------------------------------------------------------
2025-03-06 00:14:28,889 - INFO - Epoch 12/15 completed in 240.06s
2025-03-06 00:14:28,889 - INFO - Training   - Loss: 0.0362, Accuracy: 0.7983, F1: 0.8041
2025-03-06 00:14:28,889 - INFO - Validation - Loss: 0.0042, Accuracy: 0.9246, F1: 0.9272
2025-03-06 00:14:28,889 - INFO - Validation F1 improved from 0.9265 to 0.9272
2025-03-06 00:14:28,889 - INFO - --------------------------------------------------------------------------------
2025-03-06 00:14:28,889 - INFO - Epoch 13/15
2025-03-06 00:14:28,889 - INFO - ----------------------------------------
2025-03-06 00:14:29,320 - INFO - [TRAIN] Epoch: 13/15 | Batch: 0/2426 (0.0%) | Loss: 0.0032 | Batch time: 0.31s
2025-03-06 00:14:52,244 - INFO - [TRAIN] Epoch: 13/15 | Batch: 242/2426 (10.0%) | Loss: 0.0019 | Batch time: 0.09s
2025-03-06 00:15:14,992 - INFO - [TRAIN] Epoch: 13/15 | Batch: 484/2426 (20.0%) | Loss: 0.0044 | Batch time: 0.09s
2025-03-06 00:15:38,039 - INFO - [TRAIN] Epoch: 13/15 | Batch: 726/2426 (30.0%) | Loss: 0.0207 | Batch time: 0.10s
2025-03-06 00:16:01,016 - INFO - [TRAIN] Epoch: 13/15 | Batch: 968/2426 (39.9%) | Loss: 0.0889 | Batch time: 0.09s
2025-03-06 00:16:24,124 - INFO - [TRAIN] Epoch: 13/15 | Batch: 1210/2426 (49.9%) | Loss: 0.0076 | Batch time: 0.09s
2025-03-06 00:16:47,197 - INFO - [TRAIN] Epoch: 13/15 | Batch: 1452/2426 (59.9%) | Loss: 0.0005 | Batch time: 0.09s
2025-03-06 00:17:09,999 - INFO - [TRAIN] Epoch: 13/15 | Batch: 1694/2426 (69.9%) | Loss: 0.0112 | Batch time: 0.09s
2025-03-06 00:17:32,890 - INFO - [TRAIN] Epoch: 13/15 | Batch: 1936/2426 (79.8%) | Loss: 0.0031 | Batch time: 0.10s
2025-03-06 00:17:55,661 - INFO - [TRAIN] Epoch: 13/15 | Batch: 2178/2426 (89.8%) | Loss: 0.0504 | Batch time: 0.09s
2025-03-06 00:18:18,337 - INFO - [TRAIN] Epoch: 13/15 | Batch: 2420/2426 (99.8%) | Loss: 0.0131 | Batch time: 0.09s
2025-03-06 00:18:18,794 - INFO - [TRAIN] Epoch: 13/15 | Batch: 2425/2426 (100.0%) | Loss: 0.0439 | Batch time: 0.08s
2025-03-06 00:18:18,879 - INFO - [VAL] Epoch: 13/15 | Batch: 0/520 (0.2%) | Loss: 0.0002 | Batch time: 0.03s
2025-03-06 00:18:19,840 - INFO - [VAL] Epoch: 13/15 | Batch: 52/520 (10.2%) | Loss: 0.0002 | Batch time: 0.02s
2025-03-06 00:18:20,762 - INFO - [VAL] Epoch: 13/15 | Batch: 104/520 (20.2%) | Loss: 0.0012 | Batch time: 0.02s
2025-03-06 00:18:21,658 - INFO - [VAL] Epoch: 13/15 | Batch: 156/520 (30.2%) | Loss: 0.0105 | Batch time: 0.02s
2025-03-06 00:18:22,554 - INFO - [VAL] Epoch: 13/15 | Batch: 208/520 (40.2%) | Loss: 0.0001 | Batch time: 0.02s
2025-03-06 00:18:23,456 - INFO - [VAL] Epoch: 13/15 | Batch: 260/520 (50.2%) | Loss: 0.0038 | Batch time: 0.02s
2025-03-06 00:18:24,351 - INFO - [VAL] Epoch: 13/15 | Batch: 312/520 (60.2%) | Loss: 0.0000 | Batch time: 0.02s
2025-03-06 00:18:25,246 - INFO - [VAL] Epoch: 13/15 | Batch: 364/520 (70.2%) | Loss: 0.0002 | Batch time: 0.02s
2025-03-06 00:18:26,143 - INFO - [VAL] Epoch: 13/15 | Batch: 416/520 (80.2%) | Loss: 0.0019 | Batch time: 0.02s
2025-03-06 00:18:27,046 - INFO - [VAL] Epoch: 13/15 | Batch: 468/520 (90.2%) | Loss: 0.0005 | Batch time: 0.02s
2025-03-06 00:18:27,933 - INFO - [VAL] Epoch: 13/15 | Batch: 519/520 (100.0%) | Loss: 0.0000 | Batch time: 0.01s
2025-03-06 00:18:27,943 - INFO - --------------------------------------------------------------------------------
2025-03-06 00:18:27,943 - INFO - Epoch 13/15 completed in 239.05s
2025-03-06 00:18:27,943 - INFO - Training   - Loss: 0.0354, Accuracy: 0.8008, F1: 0.8066
2025-03-06 00:18:27,943 - INFO - Validation - Loss: 0.0043, Accuracy: 0.9172, F1: 0.9216
2025-03-06 00:18:27,943 - INFO - --------------------------------------------------------------------------------
2025-03-06 00:18:27,943 - INFO - Epoch 14/15
2025-03-06 00:18:27,943 - INFO - ----------------------------------------
2025-03-06 00:18:28,278 - INFO - [TRAIN] Epoch: 14/15 | Batch: 0/2426 (0.0%) | Loss: 0.0042 | Batch time: 0.21s
2025-03-06 00:18:51,154 - INFO - [TRAIN] Epoch: 14/15 | Batch: 242/2426 (10.0%) | Loss: 0.1162 | Batch time: 0.09s
2025-03-06 00:19:13,744 - INFO - [TRAIN] Epoch: 14/15 | Batch: 484/2426 (20.0%) | Loss: 0.0774 | Batch time: 0.09s
2025-03-06 00:19:36,325 - INFO - [TRAIN] Epoch: 14/15 | Batch: 726/2426 (30.0%) | Loss: 0.0026 | Batch time: 0.09s
2025-03-06 00:19:58,933 - INFO - [TRAIN] Epoch: 14/15 | Batch: 968/2426 (39.9%) | Loss: 0.0013 | Batch time: 0.09s
2025-03-06 00:20:21,524 - INFO - [TRAIN] Epoch: 14/15 | Batch: 1210/2426 (49.9%) | Loss: 0.0023 | Batch time: 0.09s
2025-03-06 00:20:44,135 - INFO - [TRAIN] Epoch: 14/15 | Batch: 1452/2426 (59.9%) | Loss: 0.0817 | Batch time: 0.09s
2025-03-06 00:21:06,756 - INFO - [TRAIN] Epoch: 14/15 | Batch: 1694/2426 (69.9%) | Loss: 0.0014 | Batch time: 0.09s
2025-03-06 00:21:29,410 - INFO - [TRAIN] Epoch: 14/15 | Batch: 1936/2426 (79.8%) | Loss: 0.0031 | Batch time: 0.09s
2025-03-06 00:21:52,036 - INFO - [TRAIN] Epoch: 14/15 | Batch: 2178/2426 (89.8%) | Loss: 0.0036 | Batch time: 0.09s
2025-03-06 00:22:14,643 - INFO - [TRAIN] Epoch: 14/15 | Batch: 2420/2426 (99.8%) | Loss: 0.0077 | Batch time: 0.09s
2025-03-06 00:22:15,099 - INFO - [TRAIN] Epoch: 14/15 | Batch: 2425/2426 (100.0%) | Loss: 0.0124 | Batch time: 0.08s
2025-03-06 00:22:15,176 - INFO - [VAL] Epoch: 14/15 | Batch: 0/520 (0.2%) | Loss: 0.0003 | Batch time: 0.03s
2025-03-06 00:22:16,089 - INFO - [VAL] Epoch: 14/15 | Batch: 52/520 (10.2%) | Loss: 0.0009 | Batch time: 0.02s
2025-03-06 00:22:17,001 - INFO - [VAL] Epoch: 14/15 | Batch: 104/520 (20.2%) | Loss: 0.0001 | Batch time: 0.02s
2025-03-06 00:22:17,892 - INFO - [VAL] Epoch: 14/15 | Batch: 156/520 (30.2%) | Loss: 0.0051 | Batch time: 0.02s
2025-03-06 00:22:18,786 - INFO - [VAL] Epoch: 14/15 | Batch: 208/520 (40.2%) | Loss: 0.0001 | Batch time: 0.02s
2025-03-06 00:22:19,681 - INFO - [VAL] Epoch: 14/15 | Batch: 260/520 (50.2%) | Loss: 0.0029 | Batch time: 0.02s
2025-03-06 00:22:20,575 - INFO - [VAL] Epoch: 14/15 | Batch: 312/520 (60.2%) | Loss: 0.0003 | Batch time: 0.02s
2025-03-06 00:22:21,468 - INFO - [VAL] Epoch: 14/15 | Batch: 364/520 (70.2%) | Loss: 0.0002 | Batch time: 0.02s
2025-03-06 00:22:22,364 - INFO - [VAL] Epoch: 14/15 | Batch: 416/520 (80.2%) | Loss: 0.0001 | Batch time: 0.02s
2025-03-06 00:22:23,266 - INFO - [VAL] Epoch: 14/15 | Batch: 468/520 (90.2%) | Loss: 0.0224 | Batch time: 0.02s
2025-03-06 00:22:24,143 - INFO - [VAL] Epoch: 14/15 | Batch: 519/520 (100.0%) | Loss: 0.0003 | Batch time: 0.01s
2025-03-06 00:22:24,440 - INFO - Checkpoint saved: efficientnet_b0_optuna_20250305_232525_trial_0_v1_best.pth (Epoch 14)
2025-03-06 00:22:24,444 - INFO - --------------------------------------------------------------------------------
2025-03-06 00:22:24,444 - INFO - Epoch 14/15 completed in 236.50s
2025-03-06 00:22:24,444 - INFO - Training   - Loss: 0.0347, Accuracy: 0.8080, F1: 0.8119
2025-03-06 00:22:24,444 - INFO - Validation - Loss: 0.0043, Accuracy: 0.9322, F1: 0.9362
2025-03-06 00:22:24,444 - INFO - Validation F1 improved from 0.9272 to 0.9362
2025-03-06 00:22:24,444 - INFO - --------------------------------------------------------------------------------
2025-03-06 00:22:24,444 - INFO - Epoch 15/15
2025-03-06 00:22:24,444 - INFO - ----------------------------------------
2025-03-06 00:22:24,801 - INFO - [TRAIN] Epoch: 15/15 | Batch: 0/2426 (0.0%) | Loss: 0.0023 | Batch time: 0.21s
2025-03-06 00:22:47,438 - INFO - [TRAIN] Epoch: 15/15 | Batch: 242/2426 (10.0%) | Loss: 0.0098 | Batch time: 0.09s
2025-03-06 00:23:09,998 - INFO - [TRAIN] Epoch: 15/15 | Batch: 484/2426 (20.0%) | Loss: 0.0022 | Batch time: 0.09s
2025-03-06 00:23:32,573 - INFO - [TRAIN] Epoch: 15/15 | Batch: 726/2426 (30.0%) | Loss: 0.0832 | Batch time: 0.10s
2025-03-06 00:23:55,187 - INFO - [TRAIN] Epoch: 15/15 | Batch: 968/2426 (39.9%) | Loss: 0.0034 | Batch time: 0.09s
2025-03-06 00:24:18,019 - INFO - [TRAIN] Epoch: 15/15 | Batch: 1210/2426 (49.9%) | Loss: 0.0128 | Batch time: 0.09s
2025-03-06 00:24:40,659 - INFO - [TRAIN] Epoch: 15/15 | Batch: 1452/2426 (59.9%) | Loss: 0.0007 | Batch time: 0.09s
2025-03-06 00:25:03,325 - INFO - [TRAIN] Epoch: 15/15 | Batch: 1694/2426 (69.9%) | Loss: 0.0106 | Batch time: 0.09s
2025-03-06 00:25:25,923 - INFO - [TRAIN] Epoch: 15/15 | Batch: 1936/2426 (79.8%) | Loss: 0.0036 | Batch time: 0.09s
2025-03-06 00:25:48,529 - INFO - [TRAIN] Epoch: 15/15 | Batch: 2178/2426 (89.8%) | Loss: 0.0050 | Batch time: 0.09s
2025-03-06 00:26:11,509 - INFO - [TRAIN] Epoch: 15/15 | Batch: 2420/2426 (99.8%) | Loss: 0.0200 | Batch time: 0.10s
2025-03-06 00:26:11,994 - INFO - [TRAIN] Epoch: 15/15 | Batch: 2425/2426 (100.0%) | Loss: 0.0030 | Batch time: 0.09s
2025-03-06 00:26:12,124 - INFO - [VAL] Epoch: 15/15 | Batch: 0/520 (0.2%) | Loss: 0.0000 | Batch time: 0.03s
2025-03-06 00:26:13,138 - INFO - [VAL] Epoch: 15/15 | Batch: 52/520 (10.2%) | Loss: 0.0008 | Batch time: 0.02s
2025-03-06 00:26:14,045 - INFO - [VAL] Epoch: 15/15 | Batch: 104/520 (20.2%) | Loss: 0.0087 | Batch time: 0.02s
2025-03-06 00:26:14,942 - INFO - [VAL] Epoch: 15/15 | Batch: 156/520 (30.2%) | Loss: 0.0109 | Batch time: 0.02s
2025-03-06 00:26:15,869 - INFO - [VAL] Epoch: 15/15 | Batch: 208/520 (40.2%) | Loss: 0.0006 | Batch time: 0.02s
2025-03-06 00:26:16,770 - INFO - [VAL] Epoch: 15/15 | Batch: 260/520 (50.2%) | Loss: 0.0188 | Batch time: 0.02s
2025-03-06 00:26:17,666 - INFO - [VAL] Epoch: 15/15 | Batch: 312/520 (60.2%) | Loss: 0.0005 | Batch time: 0.02s
2025-03-06 00:26:18,572 - INFO - [VAL] Epoch: 15/15 | Batch: 364/520 (70.2%) | Loss: 0.0075 | Batch time: 0.02s
2025-03-06 00:26:19,463 - INFO - [VAL] Epoch: 15/15 | Batch: 416/520 (80.2%) | Loss: 0.0005 | Batch time: 0.02s
2025-03-06 00:26:20,371 - INFO - [VAL] Epoch: 15/15 | Batch: 468/520 (90.2%) | Loss: 0.0016 | Batch time: 0.02s
2025-03-06 00:26:21,256 - INFO - [VAL] Epoch: 15/15 | Batch: 519/520 (100.0%) | Loss: 0.0000 | Batch time: 0.01s
2025-03-06 00:26:21,266 - INFO - --------------------------------------------------------------------------------
2025-03-06 00:26:21,266 - INFO - Epoch 15/15 completed in 236.82s
2025-03-06 00:26:21,266 - INFO - Training   - Loss: 0.0344, Accuracy: 0.8133, F1: 0.8181
2025-03-06 00:26:21,266 - INFO - Validation - Loss: 0.0070, Accuracy: 0.9267, F1: 0.9329
2025-03-06 00:26:21,266 - INFO - --------------------------------------------------------------------------------
2025-03-06 00:26:21,442 - INFO - Checkpoint saved: checkpoint_epoch_15.pth (Epoch 15)
2025-03-06 00:26:21,442 - INFO - --------------------------------------------------------------------------------
2025-03-06 00:26:21,442 - INFO - Training completed in 1h 0m 52.64s
2025-03-06 00:26:21,442 - INFO - Best validation F1: 0.9362 (Epoch 14)
2025-03-06 00:26:21,442 - INFO - --------------------------------------------------------------------------------
2025-03-06 00:26:21,658 - INFO - Trial 0 completed with best val F1: 0.9362
