2025-03-06 05:36:28,795 - INFO - --------------------------------------------------------------------------------
2025-03-06 05:36:28,795 - INFO - Starting training: efficientnet_b0_optuna_20250305_232525_trial_17
2025-03-06 05:36:28,795 - INFO - Total epochs: 15
2025-03-06 05:36:28,795 - INFO - Training batches per epoch: 607
2025-03-06 05:36:28,795 - INFO - Validation batches per epoch: 130
2025-03-06 05:36:28,795 - INFO - --------------------------------------------------------------------------------
2025-03-06 05:36:28,795 - INFO - Training model: efficientnet_b0_optuna_20250305_232525_trial_17_v1
2025-03-06 05:36:28,795 - INFO - Epoch 1/15
2025-03-06 05:36:28,795 - INFO - ----------------------------------------
2025-03-06 05:36:54,757 - INFO - [TRAIN] Epoch: 1/15 | Batch: 0/607 (0.2%) | Loss: 1.8017 | Batch time: 0.65s
2025-03-06 05:37:14,031 - INFO - [TRAIN] Epoch: 1/15 | Batch: 60/607 (10.0%) | Loss: nan | Batch time: 0.32s
2025-03-06 05:37:33,271 - INFO - [TRAIN] Epoch: 1/15 | Batch: 120/607 (19.9%) | Loss: nan | Batch time: 0.33s
2025-03-06 05:37:52,632 - INFO - [TRAIN] Epoch: 1/15 | Batch: 180/607 (29.8%) | Loss: nan | Batch time: 0.33s
2025-03-06 05:38:12,223 - INFO - [TRAIN] Epoch: 1/15 | Batch: 240/607 (39.7%) | Loss: nan | Batch time: 0.33s
2025-03-06 05:38:31,882 - INFO - [TRAIN] Epoch: 1/15 | Batch: 300/607 (49.6%) | Loss: nan | Batch time: 0.32s
2025-03-06 05:38:51,374 - INFO - [TRAIN] Epoch: 1/15 | Batch: 360/607 (59.5%) | Loss: nan | Batch time: 0.32s
2025-03-06 05:39:10,867 - INFO - [TRAIN] Epoch: 1/15 | Batch: 420/607 (69.4%) | Loss: nan | Batch time: 0.32s
2025-03-06 05:39:30,362 - INFO - [TRAIN] Epoch: 1/15 | Batch: 480/607 (79.2%) | Loss: nan | Batch time: 0.32s
2025-03-06 05:39:49,876 - INFO - [TRAIN] Epoch: 1/15 | Batch: 540/607 (89.1%) | Loss: nan | Batch time: 0.32s
2025-03-06 05:40:09,619 - INFO - [TRAIN] Epoch: 1/15 | Batch: 600/607 (99.0%) | Loss: nan | Batch time: 0.33s
2025-03-06 05:40:11,430 - INFO - [TRAIN] Epoch: 1/15 | Batch: 606/607 (100.0%) | Loss: nan | Batch time: 0.16s
2025-03-06 05:40:11,431 - ERROR - Error in trial 17: ReduceLROnPlateau.step() missing 1 required positional argument: 'metrics'
