2025-03-06 06:00:29,026 - INFO - --------------------------------------------------------------------------------
2025-03-06 06:00:29,026 - INFO - Starting training: efficientnet_b0_optuna_20250305_232525_trial_22
2025-03-06 06:00:29,026 - INFO - Total epochs: 15
2025-03-06 06:00:29,026 - INFO - Training batches per epoch: 607
2025-03-06 06:00:29,026 - INFO - Validation batches per epoch: 130
2025-03-06 06:00:29,026 - INFO - --------------------------------------------------------------------------------
2025-03-06 06:00:29,026 - INFO - Training model: efficientnet_b0_optuna_20250305_232525_trial_22_v1
2025-03-06 06:00:29,026 - INFO - Epoch 1/15
2025-03-06 06:00:29,026 - INFO - ----------------------------------------
2025-03-06 06:00:54,599 - INFO - [TRAIN] Epoch: 1/15 | Batch: 0/607 (0.2%) | Loss: 1.8037 | Batch time: 0.65s
2025-03-06 06:01:13,940 - INFO - [TRAIN] Epoch: 1/15 | Batch: 60/607 (10.0%) | Loss: nan | Batch time: 0.32s
2025-03-06 06:01:33,237 - INFO - [TRAIN] Epoch: 1/15 | Batch: 120/607 (19.9%) | Loss: nan | Batch time: 0.32s
2025-03-06 06:01:52,657 - INFO - [TRAIN] Epoch: 1/15 | Batch: 180/607 (29.8%) | Loss: nan | Batch time: 0.33s
2025-03-06 06:02:12,291 - INFO - [TRAIN] Epoch: 1/15 | Batch: 240/607 (39.7%) | Loss: nan | Batch time: 0.34s
2025-03-06 06:02:31,964 - INFO - [TRAIN] Epoch: 1/15 | Batch: 300/607 (49.6%) | Loss: nan | Batch time: 0.33s
2025-03-06 06:02:51,473 - INFO - [TRAIN] Epoch: 1/15 | Batch: 360/607 (59.5%) | Loss: nan | Batch time: 0.32s
2025-03-06 06:03:10,988 - INFO - [TRAIN] Epoch: 1/15 | Batch: 420/607 (69.4%) | Loss: nan | Batch time: 0.32s
2025-03-06 06:03:30,512 - INFO - [TRAIN] Epoch: 1/15 | Batch: 480/607 (79.2%) | Loss: nan | Batch time: 0.32s
2025-03-06 06:03:50,037 - INFO - [TRAIN] Epoch: 1/15 | Batch: 540/607 (89.1%) | Loss: nan | Batch time: 0.33s
2025-03-06 06:04:09,795 - INFO - [TRAIN] Epoch: 1/15 | Batch: 600/607 (99.0%) | Loss: nan | Batch time: 0.33s
2025-03-06 06:04:11,608 - INFO - [TRAIN] Epoch: 1/15 | Batch: 606/607 (100.0%) | Loss: nan | Batch time: 0.16s
2025-03-06 06:04:11,608 - ERROR - Error in trial 22: ReduceLROnPlateau.step() missing 1 required positional argument: 'metrics'
