2025-03-04 01:59:46,274 - INFO - --------------------------------------------------------------------------------
2025-03-04 01:59:46,274 - INFO - Starting evaluation: resnet18 v1 (best)
2025-03-04 01:59:46,274 - INFO - Model path: models/resnet18_v1/models/resnet18_v1_best.pth
2025-03-04 01:59:46,274 - INFO - Dataset size: 20638 images
2025-03-04 01:59:46,274 - INFO - --------------------------------------------------------------------------------
2025-03-04 01:59:46,274 - INFO - Looking for model at models/resnet18_v1/models/resnet18_v1_best.pth...
2025-03-04 01:59:46,521 - INFO - Model loaded successfully
2025-03-04 01:59:46,521 - INFO - Starting model evaluation...
2025-03-04 02:01:56,397 - INFO - Evaluation complete
2025-03-04 02:01:56,398 - INFO - --------------------------------------------------------------------------------
2025-03-04 02:01:56,398 - INFO - Evaluation Results:
2025-03-04 02:01:56,398 - INFO - Accuracy: 0.8271
2025-03-04 02:01:56,398 - INFO - Precision: 0.8469
2025-03-04 02:01:56,398 - INFO - Recall: 0.8271
2025-03-04 02:01:56,399 - INFO - F1 Score: 0.8316
2025-03-04 02:01:56,399 - INFO - --------------------------------------------------------------------------------
2025-03-04 02:01:56,578 - INFO - Metrics visualization saved to reports/evaluations/resnet18_v1/logs/resnet18_v1_evaluation_metrics.png
2025-03-04 02:01:56,578 - INFO - Confusion Matrix:
2025-03-04 02:01:56,578 - INFO - Tomato_healthy: [1518    0    0    0   27    1    0    6    2   18    2    1    5    2
    9]
2025-03-04 02:01:56,578 - INFO - Potato___Early_blight: [  3 864   4   6   2  37   0   0  48   0  18   3  15   0   0]
2025-03-04 02:01:56,578 - INFO - Tomato__Tomato_YellowLeaf__Curl_Virus: [   0    0 2827   12    8    1   17  113   33  109    8   51   27    2
    0]
2025-03-04 02:01:56,579 - INFO - Tomato_Early_blight: [  3   4   6 506 124   4  64  14  84  35  17  34 105   0   0]
2025-03-04 02:01:56,579 - INFO - Tomato__Target_Spot: [  82    0    1    8 1092    0   13   41   34   44   35   26   18    7
    3]
2025-03-04 02:01:56,579 - INFO - Potato___Late_blight: [  3   9   0  12   8 863   3  15   2   0   9   4  47   1  24]
2025-03-04 02:01:56,579 - INFO - Tomato_Leaf_Mold: [  3   0   4   6   8   0 783  23  14  69   7  10  23   2   0]
2025-03-04 02:01:56,579 - INFO - Tomato_Spider_mites_Two_spotted_spider_mite: [  61    0    3    2  115    2    4 1205    9  243    7    2   14    8
    1]
2025-03-04 02:01:56,579 - INFO - Tomato_Septoria_leaf_spot: [  10    5    2   16   46    0  113    4 1325  108   22   67   52    0
    1]
2025-03-04 02:01:56,579 - INFO - Tomato__Tomato_mosaic_virus: [  3   0   1   0   1   0  16   3   6 342   0   0   1   0   0]
2025-03-04 02:01:56,579 - INFO - Pepper__bell___Bacterial_spot: [  1   2   6   6   1   1   4   5  15   5 886   3  12  48   2]
2025-03-04 02:01:56,580 - INFO - Tomato_Bacterial_spot: [   0    0   10   33   30    0    8    6   84   12   30 1852   58    4
    0]
2025-03-04 02:01:56,580 - INFO - Tomato_Late_blight: [  20    0   13   44   48   57  108   40   34   45    9   23 1466    2
    0]
2025-03-04 02:01:56,580 - INFO - Pepper__bell___healthy: [   4    0    2    0    2    3    0    3    2    1   35    0   11 1402
   13]
2025-03-04 02:01:56,580 - INFO - Potato___healthy: [  3   0   0   0   1   1   0   3   0   0   2   0   0   3 139]
2025-03-04 02:01:56,581 - INFO - --------------------------------------------------------------------------------
2025-03-04 02:01:56,582 - INFO - Metrics saved to reports/evaluations/resnet18_v1/metrics.csv
2025-03-04 02:01:56,583 - INFO - Evaluation summary saved to reports/evaluations/resnet18_v1/evaluation_summary.json
2025-03-04 02:01:56,583 - INFO - Generating visualizations...
2025-03-04 02:01:56,599 - INFO - Found model type in checkpoint: resnet18
2025-03-04 02:07:53,279 - INFO - Visualizations saved to reports/evaluations/resnet18_v1/visualizations
2025-03-04 02:07:53,281 - INFO - --------------------------------------------------------------------------------
2025-03-04 02:07:53,281 - INFO - Evaluation of resnet18 v1 (best) completed successfully
2025-03-04 02:07:53,281 - INFO - F1 Score: 0.8316
2025-03-04 02:07:53,281 - INFO - --------------------------------------------------------------------------------
