2025-03-04 01:44:08,957 - INFO - --------------------------------------------------------------------------------
2025-03-04 01:44:08,957 - INFO - Starting evaluation: mobilenet v3 (best)
2025-03-04 01:44:08,957 - INFO - Model path: models/mobilenet_v3_small_v1/models/mobilenet_v3_small_v1_best.pth
2025-03-04 01:44:08,957 - INFO - Dataset size: 20638 images
2025-03-04 01:44:08,957 - INFO - --------------------------------------------------------------------------------
2025-03-04 01:44:08,957 - INFO - Looking for model at models/mobilenet_v3_small_v1/models/mobilenet_v3_small_v1_best.pth...
2025-03-04 01:44:09,249 - INFO - Model loaded successfully
2025-03-04 01:44:09,249 - INFO - Starting model evaluation...
2025-03-04 01:46:11,607 - INFO - Evaluation complete
2025-03-04 01:46:11,607 - INFO - --------------------------------------------------------------------------------
2025-03-04 01:46:11,607 - INFO - Evaluation Results:
2025-03-04 01:46:11,607 - INFO - Accuracy: 0.8964
2025-03-04 01:46:11,607 - INFO - Precision: 0.9024
2025-03-04 01:46:11,607 - INFO - Recall: 0.8964
2025-03-04 01:46:11,607 - INFO - F1 Score: 0.8971
2025-03-04 01:46:11,607 - INFO - --------------------------------------------------------------------------------
2025-03-04 01:46:11,784 - INFO - Metrics visualization saved to reports/evaluations/mobilenet_v3/logs/mobilenet_v3_evaluation_metrics.png
2025-03-04 01:46:11,785 - INFO - Confusion Matrix:
2025-03-04 01:46:11,785 - INFO - Tomato_healthy: [1267    0    0    2  217    0    5   72    3    6    0    0    5    7
    7]
2025-03-04 01:46:11,785 - INFO - Potato___Early_blight: [  0 983   0   4   0   5   0   0   2   0   3   1   0   0   2]
2025-03-04 01:46:11,785 - INFO - Tomato__Tomato_YellowLeaf__Curl_Virus: [   1    0 3049    3    2    0    4   46   20   15    4   57    6    0
    1]
2025-03-04 01:46:11,785 - INFO - Tomato_Early_blight: [  0   2   2 747  47   3  28  19  47  28  10  18  47   2   0]
2025-03-04 01:46:11,785 - INFO - Tomato__Target_Spot: [   2    0    0    7 1189    0   15  130   22    9    6   13    4    4
    3]
2025-03-04 01:46:11,785 - INFO - Potato___Late_blight: [  0   5   1   6   3 884   1  10   0   0   2   0  42   4  42]
2025-03-04 01:46:11,785 - INFO - Tomato_Leaf_Mold: [  0   0   6   7   1   0 828  34   9  47   0   5  15   0   0]
2025-03-04 01:46:11,785 - INFO - Tomato_Spider_mites_Two_spotted_spider_mite: [   0    0    2    3   35    1    3 1599    3   28    0    0    2    0
    0]
2025-03-04 01:46:11,785 - INFO - Tomato_Septoria_leaf_spot: [   1   11    3   17   15    0   52   12 1504   12    7   61   74    1
    1]
2025-03-04 01:46:11,785 - INFO - Tomato__Tomato_mosaic_virus: [  0   0   0   0   0   0   4   3   0 366   0   0   0   0   0]
2025-03-04 01:46:11,786 - INFO - Pepper__bell___Bacterial_spot: [  0   0   4   2   0   1   1   1   6   0 954   0   2  26   0]
2025-03-04 01:46:11,786 - INFO - Tomato_Bacterial_spot: [   0    0    3   42   70    0    5    2  100    1    5 1847   50    2
    0]
2025-03-04 01:46:11,786 - INFO - Tomato_Late_blight: [  10    0   10   68   13   22   38   24   17    1    4   26 1672    4
    0]
2025-03-04 01:46:11,786 - INFO - Pepper__bell___healthy: [   0    0    1    0    2    0    0    0    0    0    7    0    0 1465
    3]
2025-03-04 01:46:11,786 - INFO - Potato___healthy: [  0   0   0   0   1   2   0   1   0   0   0   0   0   3 145]
2025-03-04 01:46:11,786 - INFO - --------------------------------------------------------------------------------
2025-03-04 01:46:11,787 - INFO - Metrics saved to reports/evaluations/mobilenet_v3/metrics.csv
2025-03-04 01:46:11,787 - INFO - Evaluation summary saved to reports/evaluations/mobilenet_v3/evaluation_summary.json
2025-03-04 01:46:11,787 - INFO - Generating visualizations...
2025-03-04 01:46:11,813 - INFO - Found model type in checkpoint: mobilenet_v3_small
2025-03-04 01:52:05,386 - INFO - Visualizations saved to reports/evaluations/mobilenet_v3/visualizations
2025-03-04 01:52:05,388 - INFO - --------------------------------------------------------------------------------
2025-03-04 01:52:05,388 - INFO - Evaluation of mobilenet v3 (best) completed successfully
2025-03-04 01:52:05,388 - INFO - F1 Score: 0.8971
2025-03-04 01:52:05,388 - INFO - --------------------------------------------------------------------------------
