2025-03-06 03:48:28,876 - INFO - --------------------------------------------------------------------------------
2025-03-06 03:48:28,876 - INFO - Starting training: efficientnet_b0_optuna_20250305_232525_trial_10
2025-03-06 03:48:28,876 - INFO - Total epochs: 15
2025-03-06 03:48:28,876 - INFO - Training batches per epoch: 2426
2025-03-06 03:48:28,876 - INFO - Validation batches per epoch: 520
2025-03-06 03:48:28,876 - INFO - --------------------------------------------------------------------------------
2025-03-06 03:48:28,876 - INFO - Training model: efficientnet_b0_optuna_20250305_232525_trial_10_v1
2025-03-06 03:48:28,876 - INFO - Epoch 1/15
2025-03-06 03:48:28,876 - INFO - ----------------------------------------
2025-03-06 03:48:54,199 - INFO - [TRAIN] Epoch: 1/15 | Batch: 0/2426 (0.0%) | Loss: 1.7053 | Batch time: 0.22s
2025-03-06 03:49:16,654 - INFO - [TRAIN] Epoch: 1/15 | Batch: 242/2426 (10.0%) | Loss: 0.9317 | Batch time: 0.09s
2025-03-06 03:49:39,147 - INFO - [TRAIN] Epoch: 1/15 | Batch: 484/2426 (20.0%) | Loss: 0.0538 | Batch time: 0.09s
2025-03-06 03:50:01,835 - INFO - [TRAIN] Epoch: 1/15 | Batch: 726/2426 (30.0%) | Loss: 0.7585 | Batch time: 0.10s
2025-03-06 03:50:24,869 - INFO - [TRAIN] Epoch: 1/15 | Batch: 968/2426 (39.9%) | Loss: 0.1284 | Batch time: 0.09s
2025-03-06 03:50:47,628 - INFO - [TRAIN] Epoch: 1/15 | Batch: 1210/2426 (49.9%) | Loss: 0.1670 | Batch time: 0.09s
2025-03-06 03:51:10,332 - INFO - [TRAIN] Epoch: 1/15 | Batch: 1452/2426 (59.9%) | Loss: 0.0422 | Batch time: 0.09s
2025-03-06 03:51:33,009 - INFO - [TRAIN] Epoch: 1/15 | Batch: 1694/2426 (69.9%) | Loss: 0.3332 | Batch time: 0.09s
2025-03-06 03:51:55,700 - INFO - [TRAIN] Epoch: 1/15 | Batch: 1936/2426 (79.8%) | Loss: 0.0433 | Batch time: 0.09s
2025-03-06 03:52:18,365 - INFO - [TRAIN] Epoch: 1/15 | Batch: 2178/2426 (89.8%) | Loss: 0.0667 | Batch time: 0.09s
2025-03-06 03:52:40,986 - INFO - [TRAIN] Epoch: 1/15 | Batch: 2420/2426 (99.8%) | Loss: 0.1600 | Batch time: 0.09s
2025-03-06 03:52:41,443 - INFO - [TRAIN] Epoch: 1/15 | Batch: 2425/2426 (100.0%) | Loss: 0.1575 | Batch time: 0.08s
2025-03-06 03:52:41,443 - ERROR - Error in trial 10: ReduceLROnPlateau.step() missing 1 required positional argument: 'metrics'
