2025-03-06 05:21:12,603 - INFO - --------------------------------------------------------------------------------
2025-03-06 05:21:12,603 - INFO - Starting training: efficientnet_b0_optuna_20250305_232525_trial_14
2025-03-06 05:21:12,603 - INFO - Total epochs: 15
2025-03-06 05:21:12,603 - INFO - Training batches per epoch: 607
2025-03-06 05:21:12,603 - INFO - Validation batches per epoch: 130
2025-03-06 05:21:12,603 - INFO - --------------------------------------------------------------------------------
2025-03-06 05:21:12,603 - INFO - Training model: efficientnet_b0_optuna_20250305_232525_trial_14_v1
2025-03-06 05:21:12,603 - INFO - Epoch 1/15
2025-03-06 05:21:12,603 - INFO - ----------------------------------------
2025-03-06 05:21:39,145 - INFO - [TRAIN] Epoch: 1/15 | Batch: 0/607 (0.2%) | Loss: 1.9977 | Batch time: 1.61s
2025-03-06 05:21:58,406 - INFO - [TRAIN] Epoch: 1/15 | Batch: 60/607 (10.0%) | Loss: 2.2424 | Batch time: 0.33s
2025-03-06 05:22:17,821 - INFO - [TRAIN] Epoch: 1/15 | Batch: 120/607 (19.9%) | Loss: 1.9263 | Batch time: 0.32s
2025-03-06 05:22:37,404 - INFO - [TRAIN] Epoch: 1/15 | Batch: 180/607 (29.8%) | Loss: 1.8669 | Batch time: 0.33s
2025-03-06 05:22:57,484 - INFO - [TRAIN] Epoch: 1/15 | Batch: 240/607 (39.7%) | Loss: 1.6165 | Batch time: 0.34s
2025-03-06 05:23:17,328 - INFO - [TRAIN] Epoch: 1/15 | Batch: 300/607 (49.6%) | Loss: 1.6880 | Batch time: 0.33s
2025-03-06 05:23:37,064 - INFO - [TRAIN] Epoch: 1/15 | Batch: 360/607 (59.5%) | Loss: 1.7128 | Batch time: 0.33s
2025-03-06 05:23:56,757 - INFO - [TRAIN] Epoch: 1/15 | Batch: 420/607 (69.4%) | Loss: 1.9246 | Batch time: 0.32s
2025-03-06 05:24:16,416 - INFO - [TRAIN] Epoch: 1/15 | Batch: 480/607 (79.2%) | Loss: 1.9883 | Batch time: 0.33s
2025-03-06 05:24:36,098 - INFO - [TRAIN] Epoch: 1/15 | Batch: 540/607 (89.1%) | Loss: 2.0840 | Batch time: 0.33s
2025-03-06 05:24:56,017 - INFO - [TRAIN] Epoch: 1/15 | Batch: 600/607 (99.0%) | Loss: 1.4118 | Batch time: 0.33s
2025-03-06 05:24:57,830 - INFO - [TRAIN] Epoch: 1/15 | Batch: 606/607 (100.0%) | Loss: 1.1496 | Batch time: 0.16s
2025-03-06 05:24:57,830 - ERROR - Error in trial 14: ReduceLROnPlateau.step() missing 1 required positional argument: 'metrics'
