2025-03-06 06:15:39,761 - INFO - --------------------------------------------------------------------------------
2025-03-06 06:15:39,761 - INFO - Starting training: efficientnet_b0_optuna_20250305_232525_trial_25
2025-03-06 06:15:39,761 - INFO - Total epochs: 15
2025-03-06 06:15:39,761 - INFO - Training batches per epoch: 607
2025-03-06 06:15:39,761 - INFO - Validation batches per epoch: 130
2025-03-06 06:15:39,761 - INFO - --------------------------------------------------------------------------------
2025-03-06 06:15:39,761 - INFO - Training model: efficientnet_b0_optuna_20250305_232525_trial_25_v1
2025-03-06 06:15:39,761 - INFO - Epoch 1/15
2025-03-06 06:15:39,761 - INFO - ----------------------------------------
2025-03-06 06:16:06,487 - INFO - [TRAIN] Epoch: 1/15 | Batch: 0/607 (0.2%) | Loss: 2.0174 | Batch time: 0.67s
2025-03-06 06:16:25,949 - INFO - [TRAIN] Epoch: 1/15 | Batch: 60/607 (10.0%) | Loss: nan | Batch time: 0.32s
2025-03-06 06:16:45,241 - INFO - [TRAIN] Epoch: 1/15 | Batch: 120/607 (19.9%) | Loss: nan | Batch time: 0.32s
2025-03-06 06:17:04,623 - INFO - [TRAIN] Epoch: 1/15 | Batch: 180/607 (29.8%) | Loss: nan | Batch time: 0.33s
2025-03-06 06:17:24,256 - INFO - [TRAIN] Epoch: 1/15 | Batch: 240/607 (39.7%) | Loss: nan | Batch time: 0.33s
2025-03-06 06:17:43,908 - INFO - [TRAIN] Epoch: 1/15 | Batch: 300/607 (49.6%) | Loss: nan | Batch time: 0.33s
2025-03-06 06:18:03,401 - INFO - [TRAIN] Epoch: 1/15 | Batch: 360/607 (59.5%) | Loss: nan | Batch time: 0.32s
2025-03-06 06:18:22,898 - INFO - [TRAIN] Epoch: 1/15 | Batch: 420/607 (69.4%) | Loss: nan | Batch time: 0.32s
2025-03-06 06:18:42,412 - INFO - [TRAIN] Epoch: 1/15 | Batch: 480/607 (79.2%) | Loss: nan | Batch time: 0.33s
2025-03-06 06:19:01,920 - INFO - [TRAIN] Epoch: 1/15 | Batch: 540/607 (89.1%) | Loss: nan | Batch time: 0.33s
2025-03-06 06:19:21,685 - INFO - [TRAIN] Epoch: 1/15 | Batch: 600/607 (99.0%) | Loss: nan | Batch time: 0.33s
2025-03-06 06:19:23,515 - INFO - [TRAIN] Epoch: 1/15 | Batch: 606/607 (100.0%) | Loss: nan | Batch time: 0.16s
2025-03-06 06:19:23,515 - ERROR - Error in trial 25: ReduceLROnPlateau.step() missing 1 required positional argument: 'metrics'
