2025-03-04 01:52:05,389 - INFO - --------------------------------------------------------------------------------
2025-03-04 01:52:05,389 - INFO - Starting evaluation: mobilenet v2 (best)
2025-03-04 01:52:05,389 - INFO - Model path: models/mobilenet_v2_v1/models/mobilenet_v2_v1_best.pth
2025-03-04 01:52:05,389 - INFO - Dataset size: 20638 images
2025-03-04 01:52:05,389 - INFO - --------------------------------------------------------------------------------
2025-03-04 01:52:05,390 - INFO - Looking for model at models/mobilenet_v2_v1/models/mobilenet_v2_v1_best.pth...
2025-03-04 01:52:06,041 - INFO - Model loaded successfully
2025-03-04 01:52:06,041 - INFO - Starting model evaluation...
2025-03-04 01:54:14,085 - INFO - Evaluation complete
2025-03-04 01:54:14,086 - INFO - --------------------------------------------------------------------------------
2025-03-04 01:54:14,086 - INFO - Evaluation Results:
2025-03-04 01:54:14,086 - INFO - Accuracy: 0.8806
2025-03-04 01:54:14,086 - INFO - Precision: 0.8831
2025-03-04 01:54:14,086 - INFO - Recall: 0.8806
2025-03-04 01:54:14,086 - INFO - F1 Score: 0.8800
2025-03-04 01:54:14,086 - INFO - --------------------------------------------------------------------------------
2025-03-04 01:54:14,262 - INFO - Metrics visualization saved to reports/evaluations/mobilenet_v2/logs/mobilenet_v2_evaluation_metrics.png
2025-03-04 01:54:14,262 - INFO - Confusion Matrix:
2025-03-04 01:54:14,262 - INFO - Tomato_healthy: [1484    0    1    1   41    2    0    1    0    2    1    4   10   43
    1]
2025-03-04 01:54:14,262 - INFO - Potato___Early_blight: [  0 958   0   2   2   9   0   0  11   0   7   1   9   1   0]
2025-03-04 01:54:14,262 - INFO - Tomato__Tomato_YellowLeaf__Curl_Virus: [   2    0 2962    2    1    0   12   42   11   12    6  114   36    8
    0]
2025-03-04 01:54:14,262 - INFO - Tomato_Early_blight: [  7   4   2 670  41   4  14  14  82   6  18  27 106   5   0]
2025-03-04 01:54:14,262 - INFO - Tomato__Target_Spot: [  89    1    0   26 1069    4    1   43   31   11   15   68   20   26
    0]
2025-03-04 01:54:14,262 - INFO - Potato___Late_blight: [  0   4   0   4   2 915   0   2   1   0   4   7  38   5  18]
2025-03-04 01:54:14,262 - INFO - Tomato_Leaf_Mold: [  4   0   1   9   5   1 786  23  16  51   1  14  34   5   2]
2025-03-04 01:54:14,262 - INFO - Tomato_Spider_mites_Two_spotted_spider_mite: [  84    0    6    7  104    1    3 1317    5   36    1   22   41   45
    4]
2025-03-04 01:54:14,262 - INFO - Tomato_Septoria_leaf_spot: [   1   12    1   20   14    1   25    0 1569   26    7   50   44    0
    1]
2025-03-04 01:54:14,262 - INFO - Tomato__Tomato_mosaic_virus: [  0   0   0   5   0   0  22   0  17 326   0   0   3   0   0]
2025-03-04 01:54:14,263 - INFO - Pepper__bell___Bacterial_spot: [  0   0   0   1   0   0   0   0   5   0 943   1   3  44   0]
2025-03-04 01:54:14,263 - INFO - Tomato_Bacterial_spot: [   0    0    0   23    7    1    1    0   93    1   11 1951   35    4
    0]
2025-03-04 01:54:14,263 - INFO - Tomato_Late_blight: [  17    0    7   32   11   71   41   18   15    2   12   31 1623   24
    5]
2025-03-04 01:54:14,263 - INFO - Pepper__bell___healthy: [   0    0    0    0    1    1    0    1    0    0    8    0    1 1465
    1]
2025-03-04 01:54:14,263 - INFO - Potato___healthy: [  0   0   0   0   1   6   0   1   0   0   0   0   0   8 136]
2025-03-04 01:54:14,263 - INFO - --------------------------------------------------------------------------------
2025-03-04 01:54:14,264 - INFO - Metrics saved to reports/evaluations/mobilenet_v2/metrics.csv
2025-03-04 01:54:14,264 - INFO - Evaluation summary saved to reports/evaluations/mobilenet_v2/evaluation_summary.json
2025-03-04 01:54:14,264 - INFO - Generating visualizations...
2025-03-04 01:54:14,279 - INFO - Found model type in checkpoint: mobilenet
2025-03-04 01:59:46,270 - INFO - Visualizations saved to reports/evaluations/mobilenet_v2/visualizations
2025-03-04 01:59:46,273 - INFO - --------------------------------------------------------------------------------
2025-03-04 01:59:46,273 - INFO - Evaluation of mobilenet v2 (best) completed successfully
2025-03-04 01:59:46,273 - INFO - F1 Score: 0.8800
2025-03-04 01:59:46,273 - INFO - --------------------------------------------------------------------------------
