2025-03-03 19:12:29,682 - INFO - --------------------------------------------------------------------------------
2025-03-03 19:12:29,682 - INFO - Starting evaluation: efficientnet_b3 v1 (best)
2025-03-03 19:12:29,682 - INFO - Model path: models/efficientnet_b3_v1/models/efficientnet_b3_v1_best.pth
2025-03-03 19:12:29,682 - INFO - Dataset size: 20638 images
2025-03-03 19:12:29,682 - INFO - --------------------------------------------------------------------------------
2025-03-03 19:12:29,682 - INFO - Looking for model at models/efficientnet_b3_v1/models/efficientnet_b3_v1_best.pth...
2025-03-03 19:12:30,146 - INFO - Model loaded successfully
2025-03-03 19:12:30,146 - INFO - Starting model evaluation...
2025-03-03 19:14:40,950 - INFO - Evaluation complete
2025-03-03 19:14:40,951 - INFO - --------------------------------------------------------------------------------
2025-03-03 19:14:40,951 - INFO - Evaluation Results:
2025-03-03 19:14:40,951 - INFO - Accuracy: 0.8230
2025-03-03 19:14:40,951 - INFO - Precision: 0.8337
2025-03-03 19:14:40,951 - INFO - Recall: 0.8230
2025-03-03 19:14:40,951 - INFO - F1 Score: 0.8238
2025-03-03 19:14:40,951 - INFO - --------------------------------------------------------------------------------
2025-03-03 19:14:41,284 - INFO - Metrics visualization saved to reports/evaluations/efficientnet_b3_v1/logs/efficientnet_b3_v1_evaluation_metrics.png
2025-03-03 19:14:41,284 - INFO - Confusion Matrix:
2025-03-03 19:14:41,284 - INFO - Tomato_healthy: [1347    9    0   10   69    8    7   36    4    3    8   19   13   31
   27]
2025-03-03 19:14:41,285 - INFO - Potato___Early_blight: [  5 856   0   1   3  27   0   1  20   0  31   3   6   7  40]
2025-03-03 19:14:41,285 - INFO - Tomato__Tomato_YellowLeaf__Curl_Virus: [   3    0 2813   14    6    0   19  129    9   59   23  108   20    5
    0]
2025-03-03 19:14:41,285 - INFO - Tomato_Early_blight: [ 14   6   2 597  76   2  43  24  70   7  12  75  68   2   2]
2025-03-03 19:14:41,285 - INFO - Tomato__Target_Spot: [102   3   3  34 925   9  21 145  29   6  25  49  24  19  10]
2025-03-03 19:14:41,285 - INFO - Potato___Late_blight: [  0  17   1   2   3 815   4   3   1   0   6   1  40  16  91]
2025-03-03 19:14:41,285 - INFO - Tomato_Leaf_Mold: [  1   0   6  17   7   0 839  10  16  14   2  23  12   1   4]
2025-03-03 19:14:41,285 - INFO - Tomato_Spider_mites_Two_spotted_spider_mite: [  38    1    4   18  123    4   26 1323   15   69    8   15    8   16
    8]
2025-03-03 19:14:41,285 - INFO - Tomato_Septoria_leaf_spot: [  24   22    1   27   38    2  150   25 1239   41   26  123   43    5
    5]
2025-03-03 19:14:41,285 - INFO - Tomato__Tomato_mosaic_virus: [  3   0   1   7   2   0  23  12   7 312   0   2   4   0   0]
2025-03-03 19:14:41,286 - INFO - Pepper__bell___Bacterial_spot: [  0   0   0   1   0   0   3   1   3   0 940   1   2  46   0]
2025-03-03 19:14:41,286 - INFO - Tomato_Bacterial_spot: [   2    0    2   11   24    0    0    3   45    1    8 1994   33    4
    0]
2025-03-03 19:14:41,286 - INFO - Tomato_Late_blight: [  23    3    7   65   32   58  139   17   29    3   17   68 1432   11
    5]
2025-03-03 19:14:41,286 - INFO - Pepper__bell___healthy: [   0    0    1    0    2    0    1    3    0    0   55    1    0 1411
    4]
2025-03-03 19:14:41,286 - INFO - Potato___healthy: [  0   1   0   0   0   1   0   0   0   0   0   0   0   7 143]
2025-03-03 19:14:41,286 - INFO - --------------------------------------------------------------------------------
2025-03-03 19:14:41,290 - INFO - Metrics saved to reports/evaluations/efficientnet_b3_v1/metrics.csv
2025-03-03 19:14:41,290 - INFO - Evaluation summary saved to reports/evaluations/efficientnet_b3_v1/evaluation_summary.json
2025-03-03 19:14:41,290 - INFO - Generating visualizations...
2025-03-03 19:14:41,336 - INFO - Found model type in checkpoint: efficientnet_b3
2025-03-03 19:18:01,791 - INFO - Visualizations saved to reports/evaluations/efficientnet_b3_v1/visualizations
2025-03-03 19:18:01,792 - INFO - --------------------------------------------------------------------------------
2025-03-03 19:18:01,792 - INFO - Evaluation of efficientnet_b3 v1 (best) completed successfully
2025-03-03 19:18:01,792 - INFO - F1 Score: 0.8238
2025-03-03 19:18:01,792 - INFO - --------------------------------------------------------------------------------
